<?xml version="1.0" encoding="UTF-8"?>
<coverage generated="1724366262366" clover="3.2.0">
  <project timestamp="1724366262366" name="All files">
    <metrics statements="403" coveredstatements="370" conditionals="62" coveredconditionals="49" methods="271" coveredmethods="137" elements="736" coveredelements="556" complexity="0" loc="403" ncloc="403" packages="107" files="135" classes="135"/>
    <package name="DiffClosedCardsPage">
      <metrics statements="5" coveredstatements="5" conditionals="0" coveredconditionals="0" methods="4" coveredmethods="1"/>
      <file name="DiffClosedCardsPage.jsx" path="/home/whoami/frontend/commerce-projects/df_boilerplate/src/DiffClosedCardsPage/DiffClosedCardsPage.jsx">
        <metrics statements="2" coveredstatements="2" conditionals="0" coveredconditionals="0" methods="1" coveredmethods="1"/>
        <line num="15" count="1" type="stmt"/>
        <line num="16" count="4" type="stmt"/>
      </file>
      <file name="data.js" path="/home/whoami/frontend/commerce-projects/df_boilerplate/src/DiffClosedCardsPage/data.js">
        <metrics statements="3" coveredstatements="3" conditionals="0" coveredconditionals="0" methods="3" coveredmethods="0"/>
        <line num="1" count="1" type="stmt"/>
        <line num="19" count="1" type="stmt"/>
        <line num="334" count="1" type="stmt"/>
      </file>
    </package>
    <package name="DiffOpenedCardsPage">
      <metrics statements="5" coveredstatements="5" conditionals="0" coveredconditionals="0" methods="4" coveredmethods="1"/>
      <file name="DiffOpenedCardsPage.jsx" path="/home/whoami/frontend/commerce-projects/df_boilerplate/src/DiffOpenedCardsPage/DiffOpenedCardsPage.jsx">
        <metrics statements="2" coveredstatements="2" conditionals="0" coveredconditionals="0" methods="1" coveredmethods="1"/>
        <line num="14" count="1" type="stmt"/>
        <line num="15" count="4" type="stmt"/>
      </file>
      <file name="data.js" path="/home/whoami/frontend/commerce-projects/df_boilerplate/src/DiffOpenedCardsPage/data.js">
        <metrics statements="3" coveredstatements="3" conditionals="0" coveredconditionals="0" methods="3" coveredmethods="0"/>
        <line num="1" count="1" type="stmt"/>
        <line num="19" count="1" type="stmt"/>
        <line num="334" count="1" type="stmt"/>
      </file>
    </package>
    <package name="HomePage">
      <metrics statements="3" coveredstatements="3" conditionals="0" coveredconditionals="0" methods="4" coveredmethods="1"/>
      <file name="HomePage.jsx" path="/home/whoami/frontend/commerce-projects/df_boilerplate/src/HomePage/HomePage.jsx">
        <metrics statements="2" coveredstatements="2" conditionals="0" coveredconditionals="0" methods="1" coveredmethods="1"/>
        <line num="7" count="1" type="stmt"/>
        <line num="8" count="4" type="stmt"/>
      </file>
      <file name="data.js" path="/home/whoami/frontend/commerce-projects/df_boilerplate/src/HomePage/data.js">
        <metrics statements="1" coveredstatements="1" conditionals="0" coveredconditionals="0" methods="3" coveredmethods="0"/>
        <line num="1" count="1" type="stmt"/>
      </file>
    </package>
    <package name="OrderListPreviewPage">
      <metrics statements="5" coveredstatements="5" conditionals="0" coveredconditionals="0" methods="4" coveredmethods="1"/>
      <file name="OrderListPreviewPage.jsx" path="/home/whoami/frontend/commerce-projects/df_boilerplate/src/OrderListPreviewPage/OrderListPreviewPage.jsx">
        <metrics statements="2" coveredstatements="2" conditionals="0" coveredconditionals="0" methods="1" coveredmethods="1"/>
        <line num="14" count="1" type="stmt"/>
        <line num="15" count="4" type="stmt"/>
      </file>
      <file name="data.js" path="/home/whoami/frontend/commerce-projects/df_boilerplate/src/OrderListPreviewPage/data.js">
        <metrics statements="3" coveredstatements="3" conditionals="0" coveredconditionals="0" methods="3" coveredmethods="0"/>
        <line num="1" count="1" type="stmt"/>
        <line num="19" count="1" type="stmt"/>
        <line num="334" count="1" type="stmt"/>
      </file>
    </package>
    <package name="OrderPage">
      <metrics statements="6" coveredstatements="6" conditionals="0" coveredconditionals="0" methods="4" coveredmethods="1"/>
      <file name="OrderPage.jsx" path="/home/whoami/frontend/commerce-projects/df_boilerplate/src/OrderPage/OrderPage.jsx">
        <metrics statements="3" coveredstatements="3" conditionals="0" coveredconditionals="0" methods="1" coveredmethods="1"/>
        <line num="12" count="1" type="stmt"/>
        <line num="13" count="4" type="stmt"/>
        <line num="53" count="4" type="stmt"/>
      </file>
      <file name="data.jsx" path="/home/whoami/frontend/commerce-projects/df_boilerplate/src/OrderPage/data.jsx">
        <metrics statements="3" coveredstatements="3" conditionals="0" coveredconditionals="0" methods="3" coveredmethods="0"/>
        <line num="4" count="1" type="stmt"/>
        <line num="22" count="1" type="stmt"/>
        <line num="49" count="1" type="stmt"/>
      </file>
    </package>
    <package name="OrdersFilterClosedPage">
      <metrics statements="5" coveredstatements="5" conditionals="0" coveredconditionals="0" methods="4" coveredmethods="1"/>
      <file name="OrdersFilterClosedPage.jsx" path="/home/whoami/frontend/commerce-projects/df_boilerplate/src/OrdersFilterClosedPage/OrdersFilterClosedPage.jsx">
        <metrics statements="2" coveredstatements="2" conditionals="0" coveredconditionals="0" methods="1" coveredmethods="1"/>
        <line num="11" count="1" type="stmt"/>
        <line num="12" count="4" type="stmt"/>
      </file>
      <file name="data.js" path="/home/whoami/frontend/commerce-projects/df_boilerplate/src/OrdersFilterClosedPage/data.js">
        <metrics statements="3" coveredstatements="3" conditionals="0" coveredconditionals="0" methods="3" coveredmethods="0"/>
        <line num="1" count="1" type="stmt"/>
        <line num="19" count="1" type="stmt"/>
        <line num="166" count="1" type="stmt"/>
      </file>
    </package>
    <package name="OrdersFilterOpenedPage">
      <metrics statements="4" coveredstatements="4" conditionals="0" coveredconditionals="0" methods="4" coveredmethods="1"/>
      <file name="OrdersFilterOpenedPage.jsx" path="/home/whoami/frontend/commerce-projects/df_boilerplate/src/OrdersFilterOpenedPage/OrdersFilterOpenedPage.jsx">
        <metrics statements="2" coveredstatements="2" conditionals="0" coveredconditionals="0" methods="1" coveredmethods="1"/>
        <line num="9" count="1" type="stmt"/>
        <line num="10" count="4" type="stmt"/>
      </file>
      <file name="data.js" path="/home/whoami/frontend/commerce-projects/df_boilerplate/src/OrdersFilterOpenedPage/data.js">
        <metrics statements="2" coveredstatements="2" conditionals="0" coveredconditionals="0" methods="3" coveredmethods="0"/>
        <line num="1" count="1" type="stmt"/>
        <line num="19" count="1" type="stmt"/>
      </file>
    </package>
    <package name="TimeWidgetsPage">
      <metrics statements="3" coveredstatements="3" conditionals="0" coveredconditionals="0" methods="4" coveredmethods="1"/>
      <file name="TimeWidgetsPage.jsx" path="/home/whoami/frontend/commerce-projects/df_boilerplate/src/TimeWidgetsPage/TimeWidgetsPage.jsx">
        <metrics statements="2" coveredstatements="2" conditionals="0" coveredconditionals="0" methods="1" coveredmethods="1"/>
        <line num="8" count="1" type="stmt"/>
        <line num="9" count="4" type="stmt"/>
      </file>
      <file name="data.js" path="/home/whoami/frontend/commerce-projects/df_boilerplate/src/TimeWidgetsPage/data.js">
        <metrics statements="1" coveredstatements="1" conditionals="0" coveredconditionals="0" methods="3" coveredmethods="0"/>
        <line num="1" count="1" type="stmt"/>
      </file>
    </package>
    <package name="WelcomePages.WelcomePage1">
      <metrics statements="6" coveredstatements="3" conditionals="0" coveredconditionals="0" methods="6" coveredmethods="1"/>
      <file name="WelcomePage1.jsx" path="/home/whoami/frontend/commerce-projects/df_boilerplate/src/WelcomePages/WelcomePage1/WelcomePage1.jsx">
        <metrics statements="2" coveredstatements="2" conditionals="0" coveredconditionals="0" methods="3" coveredmethods="1"/>
        <line num="14" count="1" type="stmt"/>
        <line num="17" count="4" type="stmt"/>
      </file>
      <file name="data.js" path="/home/whoami/frontend/commerce-projects/df_boilerplate/src/WelcomePages/WelcomePage1/data.js">
        <metrics statements="4" coveredstatements="1" conditionals="0" coveredconditionals="0" methods="3" coveredmethods="0"/>
        <line num="2" count="1" type="stmt"/>
        <line num="6" count="0" type="stmt"/>
        <line num="11" count="0" type="stmt"/>
        <line num="16" count="0" type="stmt"/>
      </file>
    </package>
    <package name="WelcomePages.WelcomePage2">
      <metrics statements="6" coveredstatements="3" conditionals="0" coveredconditionals="0" methods="16" coveredmethods="1"/>
      <file name="WelcomePage2.jsx" path="/home/whoami/frontend/commerce-projects/df_boilerplate/src/WelcomePages/WelcomePage2/WelcomePage2.jsx">
        <metrics statements="2" coveredstatements="2" conditionals="0" coveredconditionals="0" methods="13" coveredmethods="1"/>
        <line num="15" count="1" type="stmt"/>
        <line num="18" count="4" type="stmt"/>
      </file>
      <file name="data.js" path="/home/whoami/frontend/commerce-projects/df_boilerplate/src/WelcomePages/WelcomePage2/data.js">
        <metrics statements="4" coveredstatements="1" conditionals="0" coveredconditionals="0" methods="3" coveredmethods="0"/>
        <line num="3" count="1" type="stmt"/>
        <line num="7" count="0" type="stmt"/>
        <line num="12" count="0" type="stmt"/>
        <line num="17" count="0" type="stmt"/>
      </file>
    </package>
    <package name="WelcomePages.WelcomePage3">
      <metrics statements="6" coveredstatements="3" conditionals="0" coveredconditionals="0" methods="16" coveredmethods="1"/>
      <file name="WelcomePage3.jsx" path="/home/whoami/frontend/commerce-projects/df_boilerplate/src/WelcomePages/WelcomePage3/WelcomePage3.jsx">
        <metrics statements="2" coveredstatements="2" conditionals="0" coveredconditionals="0" methods="13" coveredmethods="1"/>
        <line num="15" count="1" type="stmt"/>
        <line num="18" count="4" type="stmt"/>
      </file>
      <file name="data.js" path="/home/whoami/frontend/commerce-projects/df_boilerplate/src/WelcomePages/WelcomePage3/data.js">
        <metrics statements="4" coveredstatements="1" conditionals="0" coveredconditionals="0" methods="3" coveredmethods="0"/>
        <line num="3" count="1" type="stmt"/>
        <line num="7" count="0" type="stmt"/>
        <line num="12" count="0" type="stmt"/>
        <line num="17" count="0" type="stmt"/>
      </file>
    </package>
    <package name="WelcomePages.WelcomePage4">
      <metrics statements="6" coveredstatements="3" conditionals="0" coveredconditionals="0" methods="14" coveredmethods="1"/>
      <file name="WelcomePage4.jsx" path="/home/whoami/frontend/commerce-projects/df_boilerplate/src/WelcomePages/WelcomePage4/WelcomePage4.jsx">
        <metrics statements="2" coveredstatements="2" conditionals="0" coveredconditionals="0" methods="11" coveredmethods="1"/>
        <line num="14" count="1" type="stmt"/>
        <line num="17" count="4" type="stmt"/>
      </file>
      <file name="data.js" path="/home/whoami/frontend/commerce-projects/df_boilerplate/src/WelcomePages/WelcomePage4/data.js">
        <metrics statements="4" coveredstatements="1" conditionals="0" coveredconditionals="0" methods="3" coveredmethods="0"/>
        <line num="3" count="1" type="stmt"/>
        <line num="7" count="0" type="stmt"/>
        <line num="12" count="0" type="stmt"/>
        <line num="17" count="0" type="stmt"/>
      </file>
    </package>
    <package name="WelcomePages.WelcomePage5">
      <metrics statements="6" coveredstatements="3" conditionals="0" coveredconditionals="0" methods="8" coveredmethods="1"/>
      <file name="WelcomePage5.jsx" path="/home/whoami/frontend/commerce-projects/df_boilerplate/src/WelcomePages/WelcomePage5/WelcomePage5.jsx">
        <metrics statements="2" coveredstatements="2" conditionals="0" coveredconditionals="0" methods="5" coveredmethods="1"/>
        <line num="15" count="1" type="stmt"/>
        <line num="16" count="4" type="stmt"/>
      </file>
      <file name="data.js" path="/home/whoami/frontend/commerce-projects/df_boilerplate/src/WelcomePages/WelcomePage5/data.js">
        <metrics statements="4" coveredstatements="1" conditionals="0" coveredconditionals="0" methods="3" coveredmethods="0"/>
        <line num="3" count="1" type="stmt"/>
        <line num="7" count="0" type="stmt"/>
        <line num="12" count="0" type="stmt"/>
        <line num="17" count="0" type="stmt"/>
      </file>
    </package>
    <package name="WelcomePages.WelcomePage6">
      <metrics statements="6" coveredstatements="3" conditionals="0" coveredconditionals="0" methods="16" coveredmethods="1"/>
      <file name="WelcomePage6.jsx" path="/home/whoami/frontend/commerce-projects/df_boilerplate/src/WelcomePages/WelcomePage6/WelcomePage6.jsx">
        <metrics statements="2" coveredstatements="2" conditionals="0" coveredconditionals="0" methods="13" coveredmethods="1"/>
        <line num="15" count="1" type="stmt"/>
        <line num="16" count="4" type="stmt"/>
      </file>
      <file name="data.js" path="/home/whoami/frontend/commerce-projects/df_boilerplate/src/WelcomePages/WelcomePage6/data.js">
        <metrics statements="4" coveredstatements="1" conditionals="0" coveredconditionals="0" methods="3" coveredmethods="0"/>
        <line num="3" count="1" type="stmt"/>
        <line num="7" count="0" type="stmt"/>
        <line num="12" count="0" type="stmt"/>
        <line num="17" count="0" type="stmt"/>
      </file>
    </package>
    <package name="WelcomePages.WelcomePage7">
      <metrics statements="6" coveredstatements="3" conditionals="0" coveredconditionals="0" methods="16" coveredmethods="1"/>
      <file name="WelcomePage7.jsx" path="/home/whoami/frontend/commerce-projects/df_boilerplate/src/WelcomePages/WelcomePage7/WelcomePage7.jsx">
        <metrics statements="2" coveredstatements="2" conditionals="0" coveredconditionals="0" methods="13" coveredmethods="1"/>
        <line num="15" count="1" type="stmt"/>
        <line num="16" count="4" type="stmt"/>
      </file>
      <file name="data.js" path="/home/whoami/frontend/commerce-projects/df_boilerplate/src/WelcomePages/WelcomePage7/data.js">
        <metrics statements="4" coveredstatements="1" conditionals="0" coveredconditionals="0" methods="3" coveredmethods="0"/>
        <line num="3" count="1" type="stmt"/>
        <line num="7" count="0" type="stmt"/>
        <line num="12" count="0" type="stmt"/>
        <line num="17" count="0" type="stmt"/>
      </file>
    </package>
    <package name="WelcomePages.WelcomePage8">
      <metrics statements="6" coveredstatements="3" conditionals="0" coveredconditionals="0" methods="14" coveredmethods="1"/>
      <file name="WelcomePage8.jsx" path="/home/whoami/frontend/commerce-projects/df_boilerplate/src/WelcomePages/WelcomePage8/WelcomePage8.jsx">
        <metrics statements="2" coveredstatements="2" conditionals="0" coveredconditionals="0" methods="11" coveredmethods="1"/>
        <line num="14" count="1" type="stmt"/>
        <line num="15" count="4" type="stmt"/>
      </file>
      <file name="data.js" path="/home/whoami/frontend/commerce-projects/df_boilerplate/src/WelcomePages/WelcomePage8/data.js">
        <metrics statements="4" coveredstatements="1" conditionals="0" coveredconditionals="0" methods="3" coveredmethods="0"/>
        <line num="3" count="1" type="stmt"/>
        <line num="7" count="0" type="stmt"/>
        <line num="12" count="0" type="stmt"/>
        <line num="17" count="0" type="stmt"/>
      </file>
    </package>
    <package name="lib.components.FiltersSearchList">
      <metrics statements="2" coveredstatements="2" conditionals="0" coveredconditionals="0" methods="1" coveredmethods="1"/>
      <file name="FiltersSearchList.jsx" path="/home/whoami/frontend/commerce-projects/df_boilerplate/src/lib/components/FiltersSearchList/FiltersSearchList.jsx">
        <metrics statements="2" coveredstatements="2" conditionals="0" coveredconditionals="0" methods="1" coveredmethods="1"/>
        <line num="12" count="1" type="stmt"/>
        <line num="15" count="4" type="stmt"/>
      </file>
    </package>
    <package name="lib.components.FiltersSearchList.FiltersSearchListContainer">
      <metrics statements="3" coveredstatements="3" conditionals="0" coveredconditionals="0" methods="1" coveredmethods="1"/>
      <file name="FiltersSearchListContainer.jsx" path="/home/whoami/frontend/commerce-projects/df_boilerplate/src/lib/components/FiltersSearchList/FiltersSearchListContainer/FiltersSearchListContainer.jsx">
        <metrics statements="3" coveredstatements="3" conditionals="0" coveredconditionals="0" methods="1" coveredmethods="1"/>
        <line num="7" count="1" type="stmt"/>
        <line num="15" count="1" type="stmt"/>
        <line num="18" count="4" type="stmt"/>
      </file>
    </package>
    <package name="lib.components.FiltersSearchList.FiltersSearchListItem">
      <metrics statements="2" coveredstatements="2" conditionals="6" coveredconditionals="6" methods="1" coveredmethods="1"/>
      <file name="FiltersSearchListItem.jsx" path="/home/whoami/frontend/commerce-projects/df_boilerplate/src/lib/components/FiltersSearchList/FiltersSearchListItem/FiltersSearchListItem.jsx">
        <metrics statements="2" coveredstatements="2" conditionals="6" coveredconditionals="6" methods="1" coveredmethods="1"/>
        <line num="14" count="1" type="stmt"/>
        <line num="17" count="17" type="stmt"/>
      </file>
    </package>
    <package name="lib.components.FiltersSearchList.FiltersSearchListItem.FiltersSearchListItemGrids">
      <metrics statements="3" coveredstatements="3" conditionals="0" coveredconditionals="0" methods="1" coveredmethods="1"/>
      <file name="FiltersSearchListItemGrids.jsx" path="/home/whoami/frontend/commerce-projects/df_boilerplate/src/lib/components/FiltersSearchList/FiltersSearchListItem/FiltersSearchListItemGrids/FiltersSearchListItemGrids.jsx">
        <metrics statements="3" coveredstatements="3" conditionals="0" coveredconditionals="0" methods="1" coveredmethods="1"/>
        <line num="12" count="1" type="stmt"/>
        <line num="21" count="1" type="stmt"/>
        <line num="24" count="12" type="stmt"/>
      </file>
    </package>
    <package name="lib.components.FiltersSearchList.FiltersSearchListItem.FiltersSearchListItemMobile">
      <metrics statements="3" coveredstatements="3" conditionals="6" coveredconditionals="4" methods="2" coveredmethods="2"/>
      <file name="FiltersSearchListItemMobile.jsx" path="/home/whoami/frontend/commerce-projects/df_boilerplate/src/lib/components/FiltersSearchList/FiltersSearchListItem/FiltersSearchListItemMobile/FiltersSearchListItemMobile.jsx">
        <metrics statements="3" coveredstatements="3" conditionals="6" coveredconditionals="4" methods="2" coveredmethods="2"/>
        <line num="14" count="1" type="stmt"/>
        <line num="17" count="15" type="stmt"/>
        <line num="28" count="10" type="stmt"/>
      </file>
    </package>
    <package name="lib.components.FiltersSearchList.FiltersSearchListItem.FiltersSearchListItemMobile.FiltersSearchListItemMobileInfoStatus">
      <metrics statements="7" coveredstatements="7" conditionals="0" coveredconditionals="0" methods="2" coveredmethods="2"/>
      <file name="FiltersSearchListItemMobileInfoStatus.jsx" path="/home/whoami/frontend/commerce-projects/df_boilerplate/src/lib/components/FiltersSearchList/FiltersSearchListItem/FiltersSearchListItemMobile/FiltersSearchListItemMobileInfoStatus/FiltersSearchListItemMobileInfoStatus.jsx">
        <metrics statements="7" coveredstatements="7" conditionals="0" coveredconditionals="0" methods="2" coveredmethods="2"/>
        <line num="10" count="4" type="stmt"/>
        <line num="13" count="484" type="stmt"/>
        <line num="15" count="484" type="stmt"/>
        <line num="16" count="426" type="stmt"/>
        <line num="17" count="426" type="stmt"/>
        <line num="18" count="426" type="stmt"/>
        <line num="20" count="484" type="stmt"/>
      </file>
    </package>
    <package name="lib.components.FiltersSearchList.FiltersSearchListItem.FiltersSearchListItemUsersInfo">
      <metrics statements="3" coveredstatements="3" conditionals="2" coveredconditionals="2" methods="2" coveredmethods="2"/>
      <file name="FiltersSearchListItemUsersInfo.jsx" path="/home/whoami/frontend/commerce-projects/df_boilerplate/src/lib/components/FiltersSearchList/FiltersSearchListItem/FiltersSearchListItemUsersInfo/FiltersSearchListItemUsersInfo.jsx">
        <metrics statements="3" coveredstatements="3" conditionals="2" coveredconditionals="2" methods="2" coveredmethods="2"/>
        <line num="14" count="4" type="stmt"/>
        <line num="17" count="157" type="stmt"/>
        <line num="21" count="393" type="stmt"/>
      </file>
    </package>
    <package name="lib.components.FiltersSearchList.FiltersSearchListItem.FiltersSearchListItemUsersInfo.FiltersSearchListItemUsersInfoMobile">
      <metrics statements="3" coveredstatements="3" conditionals="2" coveredconditionals="2" methods="2" coveredmethods="2"/>
      <file name="FiltersSearchListItemUsersInfoMobile.jsx" path="/home/whoami/frontend/commerce-projects/df_boilerplate/src/lib/components/FiltersSearchList/FiltersSearchListItem/FiltersSearchListItemUsersInfo/FiltersSearchListItemUsersInfoMobile/FiltersSearchListItemUsersInfoMobile.jsx">
        <metrics statements="3" coveredstatements="3" conditionals="2" coveredconditionals="2" methods="2" coveredmethods="2"/>
        <line num="13" count="4" type="stmt"/>
        <line num="16" count="157" type="stmt"/>
        <line num="19" count="393" type="stmt"/>
      </file>
    </package>
    <package name="lib.components.FiltersSearchList.FiltersSearchListItem.FiltersSearchListItemUsersInfo.FiltersSearchListItemUsersInfoStatus">
      <metrics statements="5" coveredstatements="5" conditionals="0" coveredconditionals="0" methods="2" coveredmethods="2"/>
      <file name="FiltersSearchListItemUsersInfoStatus.jsx" path="/home/whoami/frontend/commerce-projects/df_boilerplate/src/lib/components/FiltersSearchList/FiltersSearchListItem/FiltersSearchListItemUsersInfo/FiltersSearchListItemUsersInfoStatus/FiltersSearchListItemUsersInfoStatus.jsx">
        <metrics statements="5" coveredstatements="5" conditionals="0" coveredconditionals="0" methods="2" coveredmethods="2"/>
        <line num="11" count="4" type="stmt"/>
        <line num="14" count="510" type="stmt"/>
        <line num="16" count="510" type="stmt"/>
        <line num="17" count="510" type="stmt"/>
        <line num="20" count="510" type="stmt"/>
      </file>
    </package>
    <package name="lib.components.FiltersSearchList.FiltersSearchListMobile">
      <metrics statements="11" coveredstatements="10" conditionals="0" coveredconditionals="0" methods="3" coveredmethods="2"/>
      <file name="FiltersSearchListMobile.jsx" path="/home/whoami/frontend/commerce-projects/df_boilerplate/src/lib/components/FiltersSearchList/FiltersSearchListMobile/FiltersSearchListMobile.jsx">
        <metrics statements="10" coveredstatements="9" conditionals="0" coveredconditionals="0" methods="3" coveredmethods="2"/>
        <line num="9" count="1" type="stmt"/>
        <line num="10" count="4" type="stmt"/>
        <line num="11" count="4" type="stmt"/>
        <line num="12" count="4" type="stmt"/>
        <line num="14" count="4" type="stmt"/>
        <line num="15" count="4" type="stmt"/>
        <line num="16" count="4" type="stmt"/>
        <line num="18" count="4" type="stmt"/>
        <line num="27" count="20" type="stmt"/>
        <line num="34" count="0" type="stmt"/>
      </file>
      <file name="data.js" path="/home/whoami/frontend/commerce-projects/df_boilerplate/src/lib/components/FiltersSearchList/FiltersSearchListMobile/data.js">
        <metrics statements="1" coveredstatements="1" conditionals="0" coveredconditionals="0" methods="0" coveredmethods="0"/>
        <line num="1" count="1" type="stmt"/>
      </file>
    </package>
    <package name="lib.components.Footer">
      <metrics statements="2" coveredstatements="2" conditionals="0" coveredconditionals="0" methods="1" coveredmethods="1"/>
      <file name="Footer.jsx" path="/home/whoami/frontend/commerce-projects/df_boilerplate/src/lib/components/Footer/Footer.jsx">
        <metrics statements="2" coveredstatements="2" conditionals="0" coveredconditionals="0" methods="1" coveredmethods="1"/>
        <line num="6" count="2" type="stmt"/>
        <line num="7" count="8" type="stmt"/>
      </file>
    </package>
    <package name="lib.components.Layout">
      <metrics statements="7" coveredstatements="7" conditionals="0" coveredconditionals="0" methods="1" coveredmethods="1"/>
      <file name="Layout.jsx" path="/home/whoami/frontend/commerce-projects/df_boilerplate/src/lib/components/Layout/Layout.jsx">
        <metrics statements="2" coveredstatements="2" conditionals="0" coveredconditionals="0" methods="1" coveredmethods="1"/>
        <line num="17" count="8" type="stmt"/>
        <line num="24" count="32" type="stmt"/>
      </file>
      <file name="Layout.styles.js" path="/home/whoami/frontend/commerce-projects/df_boilerplate/src/lib/components/Layout/Layout.styles.js">
        <metrics statements="5" coveredstatements="5" conditionals="0" coveredconditionals="0" methods="0" coveredmethods="0"/>
        <line num="4" count="8" type="stmt"/>
        <line num="6" count="8" type="stmt"/>
        <line num="10" count="8" type="stmt"/>
        <line num="15" count="8" type="stmt"/>
        <line num="19" count="8" type="stmt"/>
      </file>
    </package>
    <package name="lib.components.Layout.HomeHeader">
      <metrics statements="10" coveredstatements="8" conditionals="4" coveredconditionals="2" methods="3" coveredmethods="2"/>
      <file name="HomeHeader.jsx" path="/home/whoami/frontend/commerce-projects/df_boilerplate/src/lib/components/Layout/HomeHeader/HomeHeader.jsx">
        <metrics statements="10" coveredstatements="8" conditionals="4" coveredconditionals="2" methods="3" coveredmethods="2"/>
        <line num="12" count="8" type="stmt"/>
        <line num="22" count="8" type="stmt"/>
        <line num="27" count="32" type="stmt"/>
        <line num="29" count="32" type="stmt"/>
        <line num="30" count="32" type="cond" truecount="2" falsecount="0"/>
        <line num="31" count="4" type="stmt"/>
        <line num="35" count="32" type="stmt"/>
        <line num="36" count="0" type="cond" truecount="0" falsecount="2"/>
        <line num="37" count="0" type="stmt"/>
        <line num="40" count="32" type="stmt"/>
      </file>
    </package>
    <package name="lib.components.Layout.HomeHeader.BurgerMenu">
      <metrics statements="2" coveredstatements="2" conditionals="0" coveredconditionals="0" methods="1" coveredmethods="1"/>
      <file name="BurgerMenu.jsx" path="/home/whoami/frontend/commerce-projects/df_boilerplate/src/lib/components/Layout/HomeHeader/BurgerMenu/BurgerMenu.jsx">
        <metrics statements="2" coveredstatements="2" conditionals="0" coveredconditionals="0" methods="1" coveredmethods="1"/>
        <line num="7" count="8" type="stmt"/>
        <line num="8" count="8" type="stmt"/>
      </file>
    </package>
    <package name="lib.components.Layout.HomeHeader.HomeHeaderMobile">
      <metrics statements="4" coveredstatements="4" conditionals="0" coveredconditionals="0" methods="1" coveredmethods="1"/>
      <file name="HomeHeaderMobile.jsx" path="/home/whoami/frontend/commerce-projects/df_boilerplate/src/lib/components/Layout/HomeHeader/HomeHeaderMobile/HomeHeaderMobile.jsx">
        <metrics statements="2" coveredstatements="2" conditionals="0" coveredconditionals="0" methods="1" coveredmethods="1"/>
        <line num="15" count="8" type="stmt"/>
        <line num="18" count="32" type="stmt"/>
      </file>
      <file name="HomeHeaderMobile.styles.js" path="/home/whoami/frontend/commerce-projects/df_boilerplate/src/lib/components/Layout/HomeHeader/HomeHeaderMobile/HomeHeaderMobile.styles.js">
        <metrics statements="2" coveredstatements="2" conditionals="0" coveredconditionals="0" methods="0" coveredmethods="0"/>
        <line num="4" count="8" type="stmt"/>
        <line num="6" count="8" type="stmt"/>
      </file>
    </package>
    <package name="lib.components.Layout.HomeHeader.Logo">
      <metrics statements="2" coveredstatements="2" conditionals="0" coveredconditionals="0" methods="1" coveredmethods="1"/>
      <file name="Logo.jsx" path="/home/whoami/frontend/commerce-projects/df_boilerplate/src/lib/components/Layout/HomeHeader/Logo/Logo.jsx">
        <metrics statements="2" coveredstatements="2" conditionals="0" coveredconditionals="0" methods="1" coveredmethods="1"/>
        <line num="10" count="8" type="stmt"/>
        <line num="11" count="24" type="stmt"/>
      </file>
    </package>
    <package name="lib.components.Layout.HomeSidebar">
      <metrics statements="16" coveredstatements="14" conditionals="4" coveredconditionals="3" methods="5" coveredmethods="3"/>
      <file name="HomeSidebar.jsx" path="/home/whoami/frontend/commerce-projects/df_boilerplate/src/lib/components/Layout/HomeSidebar/HomeSidebar.jsx">
        <metrics statements="16" coveredstatements="14" conditionals="4" coveredconditionals="3" methods="5" coveredmethods="3"/>
        <line num="13" count="8" type="stmt"/>
        <line num="16" count="32" type="stmt"/>
        <line num="17" count="32" type="stmt"/>
        <line num="19" count="32" type="stmt"/>
        <line num="20" count="0" type="stmt"/>
        <line num="23" count="32" type="stmt"/>
        <line num="24" count="0" type="stmt"/>
        <line num="27" count="32" type="stmt"/>
        <line num="28" count="32" type="stmt"/>
        <line num="29" count="32" type="cond" truecount="2" falsecount="0"/>
        <line num="30" count="16" type="stmt"/>
        <line num="31" count="16" type="stmt"/>
        <line num="32" count="16" type="stmt"/>
        <line num="33" count="16" type="stmt"/>
        <line num="34" count="16" type="stmt"/>
        <line num="39" count="32" type="stmt"/>
      </file>
    </package>
    <package name="lib.components.Layout.HomeSidebar.HomeSidebarNavigation">
      <metrics statements="3" coveredstatements="3" conditionals="2" coveredconditionals="1" methods="2" coveredmethods="2"/>
      <file name="HomeSidebarNavigation.jsx" path="/home/whoami/frontend/commerce-projects/df_boilerplate/src/lib/components/Layout/HomeSidebar/HomeSidebarNavigation/HomeSidebarNavigation.jsx">
        <metrics statements="3" coveredstatements="3" conditionals="2" coveredconditionals="1" methods="2" coveredmethods="2"/>
        <line num="13" count="8" type="stmt"/>
        <line num="17" count="16" type="stmt"/>
        <line num="20" count="48" type="stmt"/>
      </file>
    </package>
    <package name="lib.components.OrderListPreview.Order">
      <metrics statements="2" coveredstatements="2" conditionals="0" coveredconditionals="0" methods="1" coveredmethods="1"/>
      <file name="Order.jsx" path="/home/whoami/frontend/commerce-projects/df_boilerplate/src/lib/components/OrderListPreview/Order/Order.jsx">
        <metrics statements="2" coveredstatements="2" conditionals="0" coveredconditionals="0" methods="1" coveredmethods="1"/>
        <line num="6" count="3" type="stmt"/>
        <line num="7" count="20" type="stmt"/>
      </file>
    </package>
    <package name="lib.components.OrderListPreview.OrderListContainer">
      <metrics statements="2" coveredstatements="2" conditionals="0" coveredconditionals="0" methods="1" coveredmethods="1"/>
      <file name="OrderListContainer.jsx" path="/home/whoami/frontend/commerce-projects/df_boilerplate/src/lib/components/OrderListPreview/OrderListContainer/OrderListContainer.jsx">
        <metrics statements="2" coveredstatements="2" conditionals="0" coveredconditionals="0" methods="1" coveredmethods="1"/>
        <line num="8" count="3" type="stmt"/>
        <line num="11" count="20" type="stmt"/>
      </file>
    </package>
    <package name="lib.components.OrderListPreview.OrderListContainer.OrderListItem">
      <metrics statements="2" coveredstatements="2" conditionals="4" coveredconditionals="4" methods="1" coveredmethods="1"/>
      <file name="OrderListItem.jsx" path="/home/whoami/frontend/commerce-projects/df_boilerplate/src/lib/components/OrderListPreview/OrderListContainer/OrderListItem/OrderListItem.jsx">
        <metrics statements="2" coveredstatements="2" conditionals="4" coveredconditionals="4" methods="1" coveredmethods="1"/>
        <line num="12" count="3" type="stmt"/>
        <line num="15" count="140" type="stmt"/>
      </file>
    </package>
    <package name="lib.components.OrderListPreview.OrderListPreviewContainer">
      <metrics statements="4" coveredstatements="4" conditionals="0" coveredconditionals="0" methods="2" coveredmethods="2"/>
      <file name="OrderListPreviewContainer.jsx" path="/home/whoami/frontend/commerce-projects/df_boilerplate/src/lib/components/OrderListPreview/OrderListPreviewContainer/OrderListPreviewContainer.jsx">
        <metrics statements="4" coveredstatements="4" conditionals="0" coveredconditionals="0" methods="2" coveredmethods="2"/>
        <line num="12" count="3" type="stmt"/>
        <line num="13" count="20" type="stmt"/>
        <line num="27" count="3" type="stmt"/>
        <line num="31" count="20" type="stmt"/>
      </file>
    </package>
    <package name="lib.components.OrderListPreview.OrderListPreviewGrids">
      <metrics statements="3" coveredstatements="3" conditionals="0" coveredconditionals="0" methods="2" coveredmethods="2"/>
      <file name="OrderListPreviewGrids.jsx" path="/home/whoami/frontend/commerce-projects/df_boilerplate/src/lib/components/OrderListPreview/OrderListPreviewGrids/OrderListPreviewGrids.jsx">
        <metrics statements="3" coveredstatements="3" conditionals="0" coveredconditionals="0" methods="2" coveredmethods="2"/>
        <line num="12" count="3" type="stmt"/>
        <line num="15" count="116" type="stmt"/>
        <line num="17" count="232" type="stmt"/>
      </file>
    </package>
    <package name="lib.components.OrderTabs">
      <metrics statements="3" coveredstatements="3" conditionals="0" coveredconditionals="0" methods="1" coveredmethods="1"/>
      <file name="OrderList.styles.js" path="/home/whoami/frontend/commerce-projects/df_boilerplate/src/lib/components/OrderTabs/OrderList.styles.js">
        <metrics statements="1" coveredstatements="1" conditionals="0" coveredconditionals="0" methods="0" coveredmethods="0"/>
        <line num="4" count="1" type="stmt"/>
      </file>
      <file name="OrderTabs.jsx" path="/home/whoami/frontend/commerce-projects/df_boilerplate/src/lib/components/OrderTabs/OrderTabs.jsx">
        <metrics statements="2" coveredstatements="2" conditionals="0" coveredconditionals="0" methods="1" coveredmethods="1"/>
        <line num="10" count="1" type="stmt"/>
        <line num="11" count="4" type="stmt"/>
      </file>
    </package>
    <package name="lib.components.OrderTabs.OrderContainer">
      <metrics statements="3" coveredstatements="3" conditionals="0" coveredconditionals="0" methods="1" coveredmethods="1"/>
      <file name="OrderContainer.jsx" path="/home/whoami/frontend/commerce-projects/df_boilerplate/src/lib/components/OrderTabs/OrderContainer/OrderContainer.jsx">
        <metrics statements="3" coveredstatements="3" conditionals="0" coveredconditionals="0" methods="1" coveredmethods="1"/>
        <line num="6" count="1" type="stmt"/>
        <line num="25" count="1" type="stmt"/>
        <line num="28" count="4" type="stmt"/>
      </file>
    </package>
    <package name="lib.components.OrderTabs.OrderPreview">
      <metrics statements="2" coveredstatements="2" conditionals="0" coveredconditionals="0" methods="1" coveredmethods="1"/>
      <file name="OrderPreview.jsx" path="/home/whoami/frontend/commerce-projects/df_boilerplate/src/lib/components/OrderTabs/OrderPreview/OrderPreview.jsx">
        <metrics statements="2" coveredstatements="2" conditionals="0" coveredconditionals="0" methods="1" coveredmethods="1"/>
        <line num="5" count="1" type="stmt"/>
        <line num="6" count="8" type="stmt"/>
      </file>
    </package>
    <package name="lib.components.OrderTabs.OrderVersion">
      <metrics statements="2" coveredstatements="2" conditionals="0" coveredconditionals="0" methods="1" coveredmethods="1"/>
      <file name="OrdersVersion.jsx" path="/home/whoami/frontend/commerce-projects/df_boilerplate/src/lib/components/OrderTabs/OrderVersion/OrdersVersion.jsx">
        <metrics statements="2" coveredstatements="2" conditionals="0" coveredconditionals="0" methods="1" coveredmethods="1"/>
        <line num="10" count="1" type="stmt"/>
        <line num="13" count="8" type="stmt"/>
      </file>
    </package>
    <package name="lib.components.OrdersFilter.OrdersFilterCardsContainer">
      <metrics statements="2" coveredstatements="2" conditionals="0" coveredconditionals="0" methods="1" coveredmethods="1"/>
      <file name="OrdersFilterCardsContainer.jsx" path="/home/whoami/frontend/commerce-projects/df_boilerplate/src/lib/components/OrdersFilter/OrdersFilterCardsContainer/OrdersFilterCardsContainer.jsx">
        <metrics statements="2" coveredstatements="2" conditionals="0" coveredconditionals="0" methods="1" coveredmethods="1"/>
        <line num="11" count="5" type="stmt"/>
        <line num="14" count="26" type="stmt"/>
      </file>
    </package>
    <package name="lib.components.OrdersFilter.OrdersFilterClosed">
      <metrics statements="9" coveredstatements="6" conditionals="8" coveredconditionals="6" methods="6" coveredmethods="3"/>
      <file name="OrdersFilterClosed.jsx" path="/home/whoami/frontend/commerce-projects/df_boilerplate/src/lib/components/OrdersFilter/OrdersFilterClosed/OrdersFilterClosed.jsx">
        <metrics statements="9" coveredstatements="6" conditionals="8" coveredconditionals="6" methods="6" coveredmethods="3"/>
        <line num="17" count="5" type="stmt"/>
        <line num="21" count="16" type="stmt"/>
        <line num="23" count="16" type="stmt"/>
        <line num="24" count="16" type="stmt"/>
        <line num="27" count="16" type="stmt"/>
        <line num="33" count="48" type="stmt"/>
        <line num="37" count="0" type="stmt"/>
        <line num="43" count="0" type="stmt"/>
        <line num="51" count="0" type="stmt"/>
      </file>
    </package>
    <package name="lib.components.OrdersFilter.OrdersFilterClosed.OrdersFilterClosedCards">
      <metrics statements="6" coveredstatements="6" conditionals="0" coveredconditionals="0" methods="2" coveredmethods="2"/>
      <file name="OrdersFilterClosedCards.jsx" path="/home/whoami/frontend/commerce-projects/df_boilerplate/src/lib/components/OrdersFilter/OrdersFilterClosed/OrdersFilterClosedCards/OrdersFilterClosedCards.jsx">
        <metrics statements="3" coveredstatements="3" conditionals="0" coveredconditionals="0" methods="2" coveredmethods="2"/>
        <line num="17" count="5" type="stmt"/>
        <line num="20" count="24" type="stmt"/>
        <line num="25" count="48" type="stmt"/>
      </file>
      <file name="OrdersFilterClosedCards.styles.js" path="/home/whoami/frontend/commerce-projects/df_boilerplate/src/lib/components/OrdersFilter/OrdersFilterClosed/OrdersFilterClosedCards/OrdersFilterClosedCards.styles.js">
        <metrics statements="3" coveredstatements="3" conditionals="0" coveredconditionals="0" methods="0" coveredmethods="0"/>
        <line num="4" count="5" type="stmt"/>
        <line num="11" count="5" type="stmt"/>
        <line num="20" count="5" type="stmt"/>
      </file>
    </package>
    <package name="lib.components.OrdersFilter.OrdersFilterOpened">
      <metrics statements="7" coveredstatements="7" conditionals="2" coveredconditionals="1" methods="2" coveredmethods="2"/>
      <file name="OrdersFilterOpened.jsx" path="/home/whoami/frontend/commerce-projects/df_boilerplate/src/lib/components/OrdersFilter/OrdersFilterOpened/OrdersFilterOpened.jsx">
        <metrics statements="5" coveredstatements="5" conditionals="2" coveredconditionals="1" methods="2" coveredmethods="2"/>
        <line num="14" count="2" type="stmt"/>
        <line num="24" count="2" type="stmt"/>
        <line num="28" count="18" type="stmt"/>
        <line num="30" count="18" type="stmt"/>
        <line num="41" count="36" type="stmt"/>
      </file>
      <file name="data.js" path="/home/whoami/frontend/commerce-projects/df_boilerplate/src/lib/components/OrdersFilter/OrdersFilterOpened/data.js">
        <metrics statements="2" coveredstatements="2" conditionals="0" coveredconditionals="0" methods="0" coveredmethods="0"/>
        <line num="1" count="2" type="stmt"/>
        <line num="27" count="2" type="stmt"/>
      </file>
    </package>
    <package name="lib.components.OrdersFilter.OrdersFilterOpened.OrdersFilterOpenedCards">
      <metrics statements="5" coveredstatements="5" conditionals="0" coveredconditionals="0" methods="2" coveredmethods="2"/>
      <file name="OrdersFilterOpenedCards.jsx" path="/home/whoami/frontend/commerce-projects/df_boilerplate/src/lib/components/OrdersFilter/OrdersFilterOpened/OrdersFilterOpenedCards/OrdersFilterOpenedCards.jsx">
        <metrics statements="3" coveredstatements="3" conditionals="0" coveredconditionals="0" methods="2" coveredmethods="2"/>
        <line num="16" count="5" type="stmt"/>
        <line num="19" count="36" type="stmt"/>
        <line num="23" count="72" type="stmt"/>
      </file>
      <file name="OrdersFilterOpenedCards.styles.js" path="/home/whoami/frontend/commerce-projects/df_boilerplate/src/lib/components/OrdersFilter/OrdersFilterOpened/OrdersFilterOpenedCards/OrdersFilterOpenedCards.styles.js">
        <metrics statements="2" coveredstatements="2" conditionals="0" coveredconditionals="0" methods="0" coveredmethods="0"/>
        <line num="4" count="5" type="stmt"/>
        <line num="8" count="5" type="stmt"/>
      </file>
    </package>
    <package name="lib.components.OrdersFilter.OrdersFilterOpened.OrdersFilterOpenedCards.OrdersFilterCardAddItemButton">
      <metrics statements="2" coveredstatements="2" conditionals="0" coveredconditionals="0" methods="1" coveredmethods="1"/>
      <file name="OrdersFilterCardAddItemButton.jsx" path="/home/whoami/frontend/commerce-projects/df_boilerplate/src/lib/components/OrdersFilter/OrdersFilterOpened/OrdersFilterOpenedCards/OrdersFilterCardAddItemButton/OrdersFilterCardAddItemButton.jsx">
        <metrics statements="2" coveredstatements="2" conditionals="0" coveredconditionals="0" methods="1" coveredmethods="1"/>
        <line num="7" count="5" type="stmt"/>
        <line num="8" count="36" type="stmt"/>
      </file>
    </package>
    <package name="lib.components.OrdersFilter.OrdersFilterOpened.OrdersFilterOpenedCards.OrdersFilterOpenedCardItem">
      <metrics statements="6" coveredstatements="6" conditionals="0" coveredconditionals="0" methods="2" coveredmethods="2"/>
      <file name="OrdersFilterOpenedCardItem.jsx" path="/home/whoami/frontend/commerce-projects/df_boilerplate/src/lib/components/OrdersFilter/OrdersFilterOpened/OrdersFilterOpenedCards/OrdersFilterOpenedCardItem/OrdersFilterOpenedCardItem.jsx">
        <metrics statements="5" coveredstatements="5" conditionals="0" coveredconditionals="0" methods="2" coveredmethods="2"/>
        <line num="11" count="5" type="stmt"/>
        <line num="14" count="72" type="stmt"/>
        <line num="16" count="72" type="stmt"/>
        <line num="17" count="54" type="stmt"/>
        <line num="20" count="72" type="stmt"/>
      </file>
      <file name="OrdersFilterOpenedCardItem.styles.js" path="/home/whoami/frontend/commerce-projects/df_boilerplate/src/lib/components/OrdersFilter/OrdersFilterOpened/OrdersFilterOpenedCards/OrdersFilterOpenedCardItem/OrdersFilterOpenedCardItem.styles.js">
        <metrics statements="1" coveredstatements="1" conditionals="0" coveredconditionals="0" methods="0" coveredmethods="0"/>
        <line num="3" count="5" type="stmt"/>
      </file>
    </package>
    <package name="lib.components.OrdersFilter.OrdersFilterOpened.OrdersFilterOpenedCards.OrdersFilterOpenedCardsAddButton">
      <metrics statements="4" coveredstatements="4" conditionals="0" coveredconditionals="0" methods="1" coveredmethods="1"/>
      <file name="OrdersFilterOpenedCardsAddButton.jsx" path="/home/whoami/frontend/commerce-projects/df_boilerplate/src/lib/components/OrdersFilter/OrdersFilterOpened/OrdersFilterOpenedCards/OrdersFilterOpenedCardsAddButton/OrdersFilterOpenedCardsAddButton.jsx">
        <metrics statements="2" coveredstatements="2" conditionals="0" coveredconditionals="0" methods="1" coveredmethods="1"/>
        <line num="12" count="2" type="stmt"/>
        <line num="13" count="18" type="stmt"/>
      </file>
      <file name="OrdersFilterOpenedCardsAddButton.styles.js" path="/home/whoami/frontend/commerce-projects/df_boilerplate/src/lib/components/OrdersFilter/OrdersFilterOpened/OrdersFilterOpenedCards/OrdersFilterOpenedCardsAddButton/OrdersFilterOpenedCardsAddButton.styles.js">
        <metrics statements="2" coveredstatements="2" conditionals="0" coveredconditionals="0" methods="0" coveredmethods="0"/>
        <line num="4" count="2" type="stmt"/>
        <line num="11" count="2" type="stmt"/>
      </file>
    </package>
    <package name="lib.components.OrdersFilter.OrdersFilterOpened.OrdersFilterOpenedMobile">
      <metrics statements="4" coveredstatements="4" conditionals="0" coveredconditionals="0" methods="2" coveredmethods="2"/>
      <file name="OrdersFilterOpenedMobile.jsx" path="/home/whoami/frontend/commerce-projects/df_boilerplate/src/lib/components/OrdersFilter/OrdersFilterOpened/OrdersFilterOpenedMobile/OrdersFilterOpenedMobile.jsx">
        <metrics statements="4" coveredstatements="4" conditionals="0" coveredconditionals="0" methods="2" coveredmethods="2"/>
        <line num="12" count="2" type="stmt"/>
        <line num="13" count="21" type="stmt"/>
        <line num="15" count="21" type="stmt"/>
        <line num="26" count="42" type="stmt"/>
      </file>
    </package>
    <package name="lib.components.StatusContainer">
      <metrics statements="8" coveredstatements="8" conditionals="6" coveredconditionals="6" methods="2" coveredmethods="2"/>
      <file name="StatusContainer.jsx" path="/home/whoami/frontend/commerce-projects/df_boilerplate/src/lib/components/StatusContainer/StatusContainer.jsx">
        <metrics statements="3" coveredstatements="3" conditionals="6" coveredconditionals="6" methods="2" coveredmethods="2"/>
        <line num="16" count="5" type="stmt"/>
        <line num="19" count="716" type="stmt"/>
        <line num="22" count="1162" type="stmt"/>
      </file>
      <file name="StatusContainer.styles.js" path="/home/whoami/frontend/commerce-projects/df_boilerplate/src/lib/components/StatusContainer/StatusContainer.styles.js">
        <metrics statements="5" coveredstatements="5" conditionals="0" coveredconditionals="0" methods="0" coveredmethods="0"/>
        <line num="4" count="5" type="stmt"/>
        <line num="12" count="5" type="stmt"/>
        <line num="19" count="5" type="stmt"/>
        <line num="27" count="5" type="stmt"/>
        <line num="33" count="5" type="stmt"/>
      </file>
    </package>
    <package name="lib.components.StatusContainer.StatusChanged">
      <metrics statements="2" coveredstatements="2" conditionals="2" coveredconditionals="2" methods="1" coveredmethods="1"/>
      <file name="StatusChanged.jsx" path="/home/whoami/frontend/commerce-projects/df_boilerplate/src/lib/components/StatusContainer/StatusChanged/StatusChanged.jsx">
        <metrics statements="2" coveredstatements="2" conditionals="2" coveredconditionals="2" methods="1" coveredmethods="1"/>
        <line num="13" count="5" type="stmt"/>
        <line num="17" count="183" type="stmt"/>
      </file>
    </package>
    <package name="lib.components.StatusContainer.StatusUnmodified">
      <metrics statements="2" coveredstatements="2" conditionals="2" coveredconditionals="2" methods="1" coveredmethods="1"/>
      <file name="StatusUnmodified.jsx" path="/home/whoami/frontend/commerce-projects/df_boilerplate/src/lib/components/StatusContainer/StatusUnmodified/StatusUnmodified.jsx">
        <metrics statements="2" coveredstatements="2" conditionals="2" coveredconditionals="2" methods="1" coveredmethods="1"/>
        <line num="13" count="5" type="stmt"/>
        <line num="17" count="223" type="stmt"/>
      </file>
    </package>
    <package name="lib.components.StatusContainer.StatusUpdated">
      <metrics statements="2" coveredstatements="2" conditionals="2" coveredconditionals="2" methods="1" coveredmethods="1"/>
      <file name="StatusUpdated.jsx" path="/home/whoami/frontend/commerce-projects/df_boilerplate/src/lib/components/StatusContainer/StatusUpdated/StatusUpdated.jsx">
        <metrics statements="2" coveredstatements="2" conditionals="2" coveredconditionals="2" methods="1" coveredmethods="1"/>
        <line num="19" count="5" type="stmt"/>
        <line num="23" count="756" type="stmt"/>
      </file>
    </package>
    <package name="lib.components.TimeWidgetsPanel">
      <metrics statements="3" coveredstatements="3" conditionals="0" coveredconditionals="0" methods="1" coveredmethods="1"/>
      <file name="TimeWidgetsPanel.jsx" path="/home/whoami/frontend/commerce-projects/df_boilerplate/src/lib/components/TimeWidgetsPanel/TimeWidgetsPanel.jsx">
        <metrics statements="3" coveredstatements="3" conditionals="0" coveredconditionals="0" methods="1" coveredmethods="1"/>
        <line num="19" count="1" type="stmt"/>
        <line num="26" count="1" type="stmt"/>
        <line num="27" count="4" type="stmt"/>
      </file>
    </package>
    <package name="lib.components.TimeWidgetsPanel.PersonWidget">
      <metrics statements="4" coveredstatements="4" conditionals="2" coveredconditionals="2" methods="1" coveredmethods="1"/>
      <file name="PersonWidget.jsx" path="/home/whoami/frontend/commerce-projects/df_boilerplate/src/lib/components/TimeWidgetsPanel/PersonWidget/PersonWidget.jsx">
        <metrics statements="4" coveredstatements="4" conditionals="2" coveredconditionals="2" methods="1" coveredmethods="1"/>
        <line num="12" count="1" type="stmt"/>
        <line num="16" count="7" type="stmt"/>
        <line num="17" count="7" type="stmt"/>
        <line num="21" count="7" type="stmt"/>
      </file>
    </package>
    <package name="lib.components.TimeWidgetsPanel.TextFieldWidget">
      <metrics statements="4" coveredstatements="4" conditionals="0" coveredconditionals="0" methods="1" coveredmethods="1"/>
      <file name="TextFieldWidget.jsx" path="/home/whoami/frontend/commerce-projects/df_boilerplate/src/lib/components/TimeWidgetsPanel/TextFieldWidget/TextFieldWidget.jsx">
        <metrics statements="4" coveredstatements="4" conditionals="0" coveredconditionals="0" methods="1" coveredmethods="1"/>
        <line num="11" count="1" type="stmt"/>
        <line num="12" count="1" type="stmt"/>
        <line num="21" count="1" type="stmt"/>
        <line num="24" count="13" type="stmt"/>
      </file>
    </package>
    <package name="lib.components.TimeWidgetsPanel.TimeWidgets1">
      <metrics statements="4" coveredstatements="4" conditionals="0" coveredconditionals="0" methods="2" coveredmethods="2"/>
      <file name="TimeWidgets1.jsx" path="/home/whoami/frontend/commerce-projects/df_boilerplate/src/lib/components/TimeWidgetsPanel/TimeWidgets1/TimeWidgets1.jsx">
        <metrics statements="4" coveredstatements="4" conditionals="0" coveredconditionals="0" methods="2" coveredmethods="2"/>
        <line num="11" count="1" type="stmt"/>
        <line num="14" count="4" type="stmt"/>
        <line num="15" count="4" type="stmt"/>
        <line num="36" count="12" type="stmt"/>
      </file>
    </package>
    <package name="lib.components.TimeWidgetsPanel.TimeWidgets1.TimeWidgets1SM">
      <metrics statements="4" coveredstatements="4" conditionals="0" coveredconditionals="0" methods="2" coveredmethods="2"/>
      <file name="TimeWidgets1SM.jsx" path="/home/whoami/frontend/commerce-projects/df_boilerplate/src/lib/components/TimeWidgetsPanel/TimeWidgets1/TimeWidgets1SM/TimeWidgets1SM.jsx">
        <metrics statements="4" coveredstatements="4" conditionals="0" coveredconditionals="0" methods="2" coveredmethods="2"/>
        <line num="11" count="1" type="stmt"/>
        <line num="14" count="4" type="stmt"/>
        <line num="16" count="4" type="stmt"/>
        <line num="30" count="12" type="stmt"/>
      </file>
    </package>
    <package name="lib.components.TimeWidgetsPanel.TimeWidgets2">
      <metrics statements="3" coveredstatements="3" conditionals="2" coveredconditionals="1" methods="1" coveredmethods="1"/>
      <file name="TimeWidgets2.jsx" path="/home/whoami/frontend/commerce-projects/df_boilerplate/src/lib/components/TimeWidgetsPanel/TimeWidgets2/TimeWidgets2.jsx">
        <metrics statements="3" coveredstatements="3" conditionals="2" coveredconditionals="1" methods="1" coveredmethods="1"/>
        <line num="17" count="1" type="stmt"/>
        <line num="20" count="4" type="stmt"/>
        <line num="21" count="4" type="stmt"/>
      </file>
    </package>
    <package name="lib.components.TimeWidgetsPanel.TimeWidgets2.TimeWidgets2MD">
      <metrics statements="3" coveredstatements="3" conditionals="2" coveredconditionals="1" methods="1" coveredmethods="1"/>
      <file name="TimeWidgets2MD.jsx" path="/home/whoami/frontend/commerce-projects/df_boilerplate/src/lib/components/TimeWidgetsPanel/TimeWidgets2/TimeWidgets2MD/TimeWidgets2MD.jsx">
        <metrics statements="3" coveredstatements="3" conditionals="2" coveredconditionals="1" methods="1" coveredmethods="1"/>
        <line num="15" count="1" type="stmt"/>
        <line num="18" count="4" type="stmt"/>
        <line num="20" count="4" type="stmt"/>
      </file>
    </package>
    <package name="lib.components.TimeWidgetsPanel.TimeWidgets2.TimeWidgets2SM">
      <metrics statements="4" coveredstatements="4" conditionals="2" coveredconditionals="1" methods="1" coveredmethods="1"/>
      <file name="TimeWidgets2SM.jsx" path="/home/whoami/frontend/commerce-projects/df_boilerplate/src/lib/components/TimeWidgetsPanel/TimeWidgets2/TimeWidgets2SM/TimeWidgets2SM.jsx">
        <metrics statements="4" coveredstatements="4" conditionals="2" coveredconditionals="1" methods="1" coveredmethods="1"/>
        <line num="9" count="1" type="stmt"/>
        <line num="10" count="4" type="stmt"/>
        <line num="11" count="4" type="stmt"/>
        <line num="13" count="4" type="stmt"/>
      </file>
    </package>
    <package name="lib.components.TimeWidgetsPanel.TimeWidgets3">
      <metrics statements="2" coveredstatements="2" conditionals="0" coveredconditionals="0" methods="1" coveredmethods="1"/>
      <file name="TimeWidgets3.jsx" path="/home/whoami/frontend/commerce-projects/df_boilerplate/src/lib/components/TimeWidgetsPanel/TimeWidgets3/TimeWidgets3.jsx">
        <metrics statements="2" coveredstatements="2" conditionals="0" coveredconditionals="0" methods="1" coveredmethods="1"/>
        <line num="10" count="1" type="stmt"/>
        <line num="13" count="4" type="stmt"/>
      </file>
    </package>
    <package name="lib.components.TimeWidgetsPanel.TimeWidgets4">
      <metrics statements="2" coveredstatements="2" conditionals="0" coveredconditionals="0" methods="1" coveredmethods="1"/>
      <file name="TimeWidgets4.jsx" path="/home/whoami/frontend/commerce-projects/df_boilerplate/src/lib/components/TimeWidgetsPanel/TimeWidgets4/TimeWidgets4.jsx">
        <metrics statements="2" coveredstatements="2" conditionals="0" coveredconditionals="0" methods="1" coveredmethods="1"/>
        <line num="14" count="1" type="stmt"/>
        <line num="17" count="4" type="stmt"/>
      </file>
    </package>
    <package name="lib.components.TimeWidgetsPanel.TimeWidgets4.TimeWidgets4SmToLg">
      <metrics statements="2" coveredstatements="2" conditionals="0" coveredconditionals="0" methods="1" coveredmethods="1"/>
      <file name="TimeWidgets4SmToLg.jsx" path="/home/whoami/frontend/commerce-projects/df_boilerplate/src/lib/components/TimeWidgetsPanel/TimeWidgets4/TimeWidgets4SmToLg/TimeWidgets4SmToLg.jsx">
        <metrics statements="2" coveredstatements="2" conditionals="0" coveredconditionals="0" methods="1" coveredmethods="1"/>
        <line num="12" count="1" type="stmt"/>
        <line num="15" count="4" type="stmt"/>
      </file>
    </package>
    <package name="lib.components.TimeWidgetsPanel.TimeWidgets5">
      <metrics statements="2" coveredstatements="2" conditionals="0" coveredconditionals="0" methods="1" coveredmethods="1"/>
      <file name="TimeWidgets5.jsx" path="/home/whoami/frontend/commerce-projects/df_boilerplate/src/lib/components/TimeWidgetsPanel/TimeWidgets5/TimeWidgets5.jsx">
        <metrics statements="2" coveredstatements="2" conditionals="0" coveredconditionals="0" methods="1" coveredmethods="1"/>
        <line num="14" count="1" type="stmt"/>
        <line num="17" count="4" type="stmt"/>
      </file>
    </package>
    <package name="lib.components.TimeWidgetsPanel.TimeWidgets5.TimeWidgets5SmToLG">
      <metrics statements="2" coveredstatements="2" conditionals="0" coveredconditionals="0" methods="1" coveredmethods="1"/>
      <file name="TimeWidgets5SmToLG.jsx" path="/home/whoami/frontend/commerce-projects/df_boilerplate/src/lib/components/TimeWidgetsPanel/TimeWidgets5/TimeWidgets5SmToLG/TimeWidgets5SmToLG.jsx">
        <metrics statements="2" coveredstatements="2" conditionals="0" coveredconditionals="0" methods="1" coveredmethods="1"/>
        <line num="13" count="1" type="stmt"/>
        <line num="16" count="4" type="stmt"/>
      </file>
    </package>
    <package name="lib.components.TimeWidgetsPanel.TimeWidgets6">
      <metrics statements="3" coveredstatements="3" conditionals="0" coveredconditionals="0" methods="1" coveredmethods="1"/>
      <file name="TimeWidgets6.jsx" path="/home/whoami/frontend/commerce-projects/df_boilerplate/src/lib/components/TimeWidgetsPanel/TimeWidgets6/TimeWidgets6.jsx">
        <metrics statements="3" coveredstatements="3" conditionals="0" coveredconditionals="0" methods="1" coveredmethods="1"/>
        <line num="10" count="1" type="stmt"/>
        <line num="18" count="1" type="stmt"/>
        <line num="21" count="4" type="stmt"/>
      </file>
    </package>
    <package name="lib.components.TimeWidgetsPanel.TimeWidgets6.TimeWidgets6SmToLg">
      <metrics statements="3" coveredstatements="3" conditionals="0" coveredconditionals="0" methods="1" coveredmethods="1"/>
      <file name="TimeWidgets6SmToLg.jsx" path="/home/whoami/frontend/commerce-projects/df_boilerplate/src/lib/components/TimeWidgetsPanel/TimeWidgets6/TimeWidgets6SmToLg/TimeWidgets6SmToLg.jsx">
        <metrics statements="3" coveredstatements="3" conditionals="0" coveredconditionals="0" methods="1" coveredmethods="1"/>
        <line num="9" count="1" type="stmt"/>
        <line num="17" count="1" type="stmt"/>
        <line num="20" count="4" type="stmt"/>
      </file>
    </package>
    <package name="lib.components.TimeWidgetsPanel.TimeWidgets7">
      <metrics statements="2" coveredstatements="2" conditionals="0" coveredconditionals="0" methods="1" coveredmethods="1"/>
      <file name="TimeWidgets7.jsx" path="/home/whoami/frontend/commerce-projects/df_boilerplate/src/lib/components/TimeWidgetsPanel/TimeWidgets7/TimeWidgets7.jsx">
        <metrics statements="2" coveredstatements="2" conditionals="0" coveredconditionals="0" methods="1" coveredmethods="1"/>
        <line num="17" count="1" type="stmt"/>
        <line num="20" count="4" type="stmt"/>
      </file>
    </package>
    <package name="lib.components.TimeWidgetsPanel.TimeWidgets7.TimeWidgets7LG">
      <metrics statements="2" coveredstatements="2" conditionals="0" coveredconditionals="0" methods="1" coveredmethods="1"/>
      <file name="TimeWidgets7LG.jsx" path="/home/whoami/frontend/commerce-projects/df_boilerplate/src/lib/components/TimeWidgetsPanel/TimeWidgets7/TimeWidgets7LG/TimeWidgets7LG.jsx">
        <metrics statements="2" coveredstatements="2" conditionals="0" coveredconditionals="0" methods="1" coveredmethods="1"/>
        <line num="13" count="1" type="stmt"/>
        <line num="16" count="4" type="stmt"/>
      </file>
    </package>
    <package name="lib.components.TimeWidgetsPanel.TimeWidgets7.TimeWidgets7MD">
      <metrics statements="2" coveredstatements="2" conditionals="0" coveredconditionals="0" methods="1" coveredmethods="1"/>
      <file name="TimeWidgets7MD.jsx" path="/home/whoami/frontend/commerce-projects/df_boilerplate/src/lib/components/TimeWidgetsPanel/TimeWidgets7/TimeWidgets7MD/TimeWidgets7MD.jsx">
        <metrics statements="2" coveredstatements="2" conditionals="0" coveredconditionals="0" methods="1" coveredmethods="1"/>
        <line num="14" count="1" type="stmt"/>
        <line num="17" count="4" type="stmt"/>
      </file>
    </package>
    <package name="lib.components.TimeWidgetsPanel.TimeWidgets7.TimeWidgets7SM">
      <metrics statements="2" coveredstatements="2" conditionals="0" coveredconditionals="0" methods="1" coveredmethods="1"/>
      <file name="TimeWidgets7SM.jsx" path="/home/whoami/frontend/commerce-projects/df_boilerplate/src/lib/components/TimeWidgetsPanel/TimeWidgets7/TimeWidgets7SM/TimeWidgets7SM.jsx">
        <metrics statements="2" coveredstatements="2" conditionals="0" coveredconditionals="0" methods="1" coveredmethods="1"/>
        <line num="14" count="1" type="stmt"/>
        <line num="17" count="4" type="stmt"/>
      </file>
    </package>
    <package name="lib.components.TimeWidgetsPanel.TimeWidgets7.TimeWidgets7XL">
      <metrics statements="2" coveredstatements="2" conditionals="0" coveredconditionals="0" methods="1" coveredmethods="1"/>
      <file name="TimeWidgets7XL.jsx" path="/home/whoami/frontend/commerce-projects/df_boilerplate/src/lib/components/TimeWidgetsPanel/TimeWidgets7/TimeWidgets7XL/TimeWidgets7XL.jsx">
        <metrics statements="2" coveredstatements="2" conditionals="0" coveredconditionals="0" methods="1" coveredmethods="1"/>
        <line num="12" count="1" type="stmt"/>
        <line num="15" count="4" type="stmt"/>
      </file>
    </package>
    <package name="lib.components.TimeWidgetsPanel.TimeWidgets8">
      <metrics statements="2" coveredstatements="2" conditionals="0" coveredconditionals="0" methods="1" coveredmethods="1"/>
      <file name="TimeWidgets8.jsx" path="/home/whoami/frontend/commerce-projects/df_boilerplate/src/lib/components/TimeWidgetsPanel/TimeWidgets8/TimeWidgets8.jsx">
        <metrics statements="2" coveredstatements="2" conditionals="0" coveredconditionals="0" methods="1" coveredmethods="1"/>
        <line num="16" count="1" type="stmt"/>
        <line num="19" count="3" type="stmt"/>
      </file>
    </package>
    <package name="lib.components.TimeWidgetsPanel.TimeWidgets8.TimeWidgets8LG">
      <metrics statements="2" coveredstatements="2" conditionals="0" coveredconditionals="0" methods="1" coveredmethods="1"/>
      <file name="TimeWidgets8LG.jsx" path="/home/whoami/frontend/commerce-projects/df_boilerplate/src/lib/components/TimeWidgetsPanel/TimeWidgets8/TimeWidgets8LG/TimeWidgets8LG.jsx">
        <metrics statements="2" coveredstatements="2" conditionals="0" coveredconditionals="0" methods="1" coveredmethods="1"/>
        <line num="14" count="1" type="stmt"/>
        <line num="17" count="3" type="stmt"/>
      </file>
    </package>
    <package name="lib.components.TimeWidgetsPanel.TimeWidgets8.TimeWidgets8MD">
      <metrics statements="2" coveredstatements="2" conditionals="0" coveredconditionals="0" methods="1" coveredmethods="1"/>
      <file name="TimeWidgets8MD.jsx" path="/home/whoami/frontend/commerce-projects/df_boilerplate/src/lib/components/TimeWidgetsPanel/TimeWidgets8/TimeWidgets8MD/TimeWidgets8MD.jsx">
        <metrics statements="2" coveredstatements="2" conditionals="0" coveredconditionals="0" methods="1" coveredmethods="1"/>
        <line num="14" count="1" type="stmt"/>
        <line num="17" count="3" type="stmt"/>
      </file>
    </package>
    <package name="lib.components.TimeWidgetsPanel.TimeWidgets8.TimeWidgets8SM">
      <metrics statements="2" coveredstatements="2" conditionals="0" coveredconditionals="0" methods="1" coveredmethods="1"/>
      <file name="TimeWidgets8SM.jsx" path="/home/whoami/frontend/commerce-projects/df_boilerplate/src/lib/components/TimeWidgetsPanel/TimeWidgets8/TimeWidgets8SM/TimeWidgets8SM.jsx">
        <metrics statements="2" coveredstatements="2" conditionals="0" coveredconditionals="0" methods="1" coveredmethods="1"/>
        <line num="14" count="1" type="stmt"/>
        <line num="17" count="3" type="stmt"/>
      </file>
    </package>
    <package name="lib.components.TimeWidgetsPanel.TimeWidgetsCustomClock">
      <metrics statements="3" coveredstatements="3" conditionals="0" coveredconditionals="0" methods="1" coveredmethods="1"/>
      <file name="TimeWidgetsCustomClock.jsx" path="/home/whoami/frontend/commerce-projects/df_boilerplate/src/lib/components/TimeWidgetsPanel/TimeWidgetsCustomClock/TimeWidgetsCustomClock.jsx">
        <metrics statements="3" coveredstatements="3" conditionals="0" coveredconditionals="0" methods="1" coveredmethods="1"/>
        <line num="7" count="1" type="stmt"/>
        <line num="19" count="1" type="stmt"/>
        <line num="20" count="25" type="stmt"/>
      </file>
    </package>
    <package name="lib.components.TimeWidgetsPanel.TimeWidgetsDateWithTimeBlock">
      <metrics statements="6" coveredstatements="6" conditionals="0" coveredconditionals="0" methods="3" coveredmethods="3"/>
      <file name="TimeWidgetsDateWithTimeBlock.jsx" path="/home/whoami/frontend/commerce-projects/df_boilerplate/src/lib/components/TimeWidgetsPanel/TimeWidgetsDateWithTimeBlock/TimeWidgetsDateWithTimeBlock.jsx">
        <metrics statements="6" coveredstatements="6" conditionals="0" coveredconditionals="0" methods="3" coveredmethods="3"/>
        <line num="10" count="1" type="stmt"/>
        <line num="13" count="46" type="stmt"/>
        <line num="14" count="46" type="stmt"/>
        <line num="15" count="46" type="stmt"/>
        <line num="19" count="138" type="stmt"/>
        <line num="33" count="138" type="stmt"/>
      </file>
    </package>
    <package name="lib.components.TimeWidgetsPanel.TimeWidgetsDaysPanel">
      <metrics statements="2" coveredstatements="2" conditionals="0" coveredconditionals="0" methods="1" coveredmethods="1"/>
      <file name="TimeWidgetsDaysPanel.jsx" path="/home/whoami/frontend/commerce-projects/df_boilerplate/src/lib/components/TimeWidgetsPanel/TimeWidgetsDaysPanel/TimeWidgetsDaysPanel.jsx">
        <metrics statements="2" coveredstatements="2" conditionals="0" coveredconditionals="0" methods="1" coveredmethods="1"/>
        <line num="6" count="1" type="stmt"/>
        <line num="7" count="2" type="stmt"/>
      </file>
    </package>
    <package name="lib.components.TimeWidgetsPanel.TimeWidgetsWeeksAndYearsPanel">
      <metrics statements="4" coveredstatements="4" conditionals="0" coveredconditionals="0" methods="1" coveredmethods="1"/>
      <file name="TimeWidgetsWeeksAndYearsPanel.jsx" path="/home/whoami/frontend/commerce-projects/df_boilerplate/src/lib/components/TimeWidgetsPanel/TimeWidgetsWeeksAndYearsPanel/TimeWidgetsWeeksAndYearsPanel.jsx">
        <metrics statements="4" coveredstatements="4" conditionals="0" coveredconditionals="0" methods="1" coveredmethods="1"/>
        <line num="7" count="1" type="stmt"/>
        <line num="11" count="1" type="stmt"/>
        <line num="15" count="1" type="stmt"/>
        <line num="16" count="30" type="stmt"/>
      </file>
    </package>
    <package name="lib.components.TimeWidgetsPanel.TimeWidgetsWithPerson">
      <metrics statements="2" coveredstatements="2" conditionals="0" coveredconditionals="0" methods="1" coveredmethods="1"/>
      <file name="TimeWidgetsWithPerson.jsx" path="/home/whoami/frontend/commerce-projects/df_boilerplate/src/lib/components/TimeWidgetsPanel/TimeWidgetsWithPerson/TimeWidgetsWithPerson.jsx">
        <metrics statements="2" coveredstatements="2" conditionals="0" coveredconditionals="0" methods="1" coveredmethods="1"/>
        <line num="20" count="1" type="stmt"/>
        <line num="25" count="4" type="stmt"/>
      </file>
    </package>
    <package name="lib.components.TimeWidgetsPanel.TimeWidgetsWithPerson.TimeWidgetsWithPersonLG">
      <metrics statements="2" coveredstatements="2" conditionals="0" coveredconditionals="0" methods="1" coveredmethods="1"/>
      <file name="TimeWidgetsWithPersonLG.jsx" path="/home/whoami/frontend/commerce-projects/df_boilerplate/src/lib/components/TimeWidgetsPanel/TimeWidgetsWithPerson/TimeWidgetsWithPersonLG/TimeWidgetsWithPersonLG.jsx">
        <metrics statements="2" coveredstatements="2" conditionals="0" coveredconditionals="0" methods="1" coveredmethods="1"/>
        <line num="17" count="1" type="stmt"/>
        <line num="22" count="4" type="stmt"/>
      </file>
    </package>
    <package name="lib.components.TimeWidgetsPanel.TimeWidgetsWithPerson.TimeWidgetsWithPersonMD">
      <metrics statements="2" coveredstatements="2" conditionals="0" coveredconditionals="0" methods="1" coveredmethods="1"/>
      <file name="TimeWidgetsWithPersonMD.jsx" path="/home/whoami/frontend/commerce-projects/df_boilerplate/src/lib/components/TimeWidgetsPanel/TimeWidgetsWithPerson/TimeWidgetsWithPersonMD/TimeWidgetsWithPersonMD.jsx">
        <metrics statements="2" coveredstatements="2" conditionals="0" coveredconditionals="0" methods="1" coveredmethods="1"/>
        <line num="17" count="1" type="stmt"/>
        <line num="22" count="4" type="stmt"/>
      </file>
    </package>
    <package name="lib.components.TimeWidgetsPanel.TimeWidgetsWithPerson.TimeWidgetsWithPersonSM">
      <metrics statements="2" coveredstatements="2" conditionals="0" coveredconditionals="0" methods="1" coveredmethods="1"/>
      <file name="TimeWidgetsWithPersonSM.jsx" path="/home/whoami/frontend/commerce-projects/df_boilerplate/src/lib/components/TimeWidgetsPanel/TimeWidgetsWithPerson/TimeWidgetsWithPersonSM/TimeWidgetsWithPersonSM.jsx">
        <metrics statements="2" coveredstatements="2" conditionals="0" coveredconditionals="0" methods="1" coveredmethods="1"/>
        <line num="17" count="1" type="stmt"/>
        <line num="22" count="4" type="stmt"/>
      </file>
    </package>
    <package name="lib.components.TimeWidgetsPanel.TimeWidgetsWithTextField1">
      <metrics statements="2" coveredstatements="2" conditionals="0" coveredconditionals="0" methods="1" coveredmethods="1"/>
      <file name="TimeWidgetsWithTextField1.jsx" path="/home/whoami/frontend/commerce-projects/df_boilerplate/src/lib/components/TimeWidgetsPanel/TimeWidgetsWithTextField1/TimeWidgetsWithTextField1.jsx">
        <metrics statements="2" coveredstatements="2" conditionals="0" coveredconditionals="0" methods="1" coveredmethods="1"/>
        <line num="18" count="1" type="stmt"/>
        <line num="21" count="4" type="stmt"/>
      </file>
    </package>
    <package name="lib.components.TimeWidgetsPanel.TimeWidgetsWithTextField1.TimeWidgetsWithTextField1LG">
      <metrics statements="2" coveredstatements="2" conditionals="0" coveredconditionals="0" methods="1" coveredmethods="1"/>
      <file name="TimeWidgetsWithTextField1LG.jsx" path="/home/whoami/frontend/commerce-projects/df_boilerplate/src/lib/components/TimeWidgetsPanel/TimeWidgetsWithTextField1/TimeWidgetsWithTextField1LG/TimeWidgetsWithTextField1LG.jsx">
        <metrics statements="2" coveredstatements="2" conditionals="0" coveredconditionals="0" methods="1" coveredmethods="1"/>
        <line num="15" count="1" type="stmt"/>
        <line num="18" count="4" type="stmt"/>
      </file>
    </package>
    <package name="lib.components.TimeWidgetsPanel.TimeWidgetsWithTextField1.TimeWidgetsWithTextField1MD">
      <metrics statements="2" coveredstatements="2" conditionals="0" coveredconditionals="0" methods="1" coveredmethods="1"/>
      <file name="TimeWidgetsWithTextField1MD.jsx" path="/home/whoami/frontend/commerce-projects/df_boilerplate/src/lib/components/TimeWidgetsPanel/TimeWidgetsWithTextField1/TimeWidgetsWithTextField1MD/TimeWidgetsWithTextField1MD.jsx">
        <metrics statements="2" coveredstatements="2" conditionals="0" coveredconditionals="0" methods="1" coveredmethods="1"/>
        <line num="15" count="1" type="stmt"/>
        <line num="18" count="4" type="stmt"/>
      </file>
    </package>
    <package name="lib.components.TimeWidgetsPanel.TimeWidgetsWithTextField1.TimeWidgetsWithTextField1SM">
      <metrics statements="2" coveredstatements="2" conditionals="0" coveredconditionals="0" methods="1" coveredmethods="1"/>
      <file name="TimeWidgetsWithTextField1SM.jsx" path="/home/whoami/frontend/commerce-projects/df_boilerplate/src/lib/components/TimeWidgetsPanel/TimeWidgetsWithTextField1/TimeWidgetsWithTextField1SM/TimeWidgetsWithTextField1SM.jsx">
        <metrics statements="2" coveredstatements="2" conditionals="0" coveredconditionals="0" methods="1" coveredmethods="1"/>
        <line num="15" count="1" type="stmt"/>
        <line num="18" count="4" type="stmt"/>
      </file>
    </package>
    <package name="lib.components.TimeWidgetsPanel.TimeWidgetsWithTextField2">
      <metrics statements="2" coveredstatements="2" conditionals="0" coveredconditionals="0" methods="1" coveredmethods="1"/>
      <file name="TimeWidgetsWithTextField2.jsx" path="/home/whoami/frontend/commerce-projects/df_boilerplate/src/lib/components/TimeWidgetsPanel/TimeWidgetsWithTextField2/TimeWidgetsWithTextField2.jsx">
        <metrics statements="2" coveredstatements="2" conditionals="0" coveredconditionals="0" methods="1" coveredmethods="1"/>
        <line num="18" count="1" type="stmt"/>
        <line num="21" count="4" type="stmt"/>
      </file>
    </package>
    <package name="lib.components.TimeWidgetsPanel.TimeWidgetsWithTextField2.TimeWidgetsWithTextField2LG">
      <metrics statements="2" coveredstatements="2" conditionals="0" coveredconditionals="0" methods="1" coveredmethods="1"/>
      <file name="TimeWidgetsWithTextField2LG.jsx" path="/home/whoami/frontend/commerce-projects/df_boilerplate/src/lib/components/TimeWidgetsPanel/TimeWidgetsWithTextField2/TimeWidgetsWithTextField2LG/TimeWidgetsWithTextField2LG.jsx">
        <metrics statements="2" coveredstatements="2" conditionals="0" coveredconditionals="0" methods="1" coveredmethods="1"/>
        <line num="15" count="1" type="stmt"/>
        <line num="18" count="4" type="stmt"/>
      </file>
    </package>
    <package name="lib.components.TimeWidgetsPanel.TimeWidgetsWithTextField2.TimeWidgetsWithTextField2MD">
      <metrics statements="2" coveredstatements="2" conditionals="0" coveredconditionals="0" methods="1" coveredmethods="1"/>
      <file name="TimeWidgetsWithTextField2MD.jsx" path="/home/whoami/frontend/commerce-projects/df_boilerplate/src/lib/components/TimeWidgetsPanel/TimeWidgetsWithTextField2/TimeWidgetsWithTextField2MD/TimeWidgetsWithTextField2MD.jsx">
        <metrics statements="2" coveredstatements="2" conditionals="0" coveredconditionals="0" methods="1" coveredmethods="1"/>
        <line num="15" count="1" type="stmt"/>
        <line num="18" count="4" type="stmt"/>
      </file>
    </package>
    <package name="lib.components.TimeWidgetsPanel.TimeWidgetsWithTextField2.TimeWidgetsWithTextField2SM">
      <metrics statements="2" coveredstatements="2" conditionals="0" coveredconditionals="0" methods="1" coveredmethods="1"/>
      <file name="TimeWidgetsWithTextField2SM.jsx" path="/home/whoami/frontend/commerce-projects/df_boilerplate/src/lib/components/TimeWidgetsPanel/TimeWidgetsWithTextField2/TimeWidgetsWithTextField2SM/TimeWidgetsWithTextField2SM.jsx">
        <metrics statements="2" coveredstatements="2" conditionals="0" coveredconditionals="0" methods="1" coveredmethods="1"/>
        <line num="15" count="1" type="stmt"/>
        <line num="18" count="4" type="stmt"/>
      </file>
    </package>
    <package name="lib.components.TimeWidgetsPanel.TimeWidgetsWithTextField3">
      <metrics statements="2" coveredstatements="2" conditionals="0" coveredconditionals="0" methods="1" coveredmethods="1"/>
      <file name="TimeWidgetsWithTextField3.jsx" path="/home/whoami/frontend/commerce-projects/df_boilerplate/src/lib/components/TimeWidgetsPanel/TimeWidgetsWithTextField3/TimeWidgetsWithTextField3.jsx">
        <metrics statements="2" coveredstatements="2" conditionals="0" coveredconditionals="0" methods="1" coveredmethods="1"/>
        <line num="15" count="1" type="stmt"/>
        <line num="18" count="4" type="stmt"/>
      </file>
    </package>
    <package name="lib.components.TimeWidgetsPanel.TimeWidgetsWithTextField3.TimeWidgetsWithTextField3LG">
      <metrics statements="2" coveredstatements="2" conditionals="0" coveredconditionals="0" methods="1" coveredmethods="1"/>
      <file name="TimeWidgetsWithTextField3LG.jsx" path="/home/whoami/frontend/commerce-projects/df_boilerplate/src/lib/components/TimeWidgetsPanel/TimeWidgetsWithTextField3/TimeWidgetsWithTextField3LG/TimeWidgetsWithTextField3LG.jsx">
        <metrics statements="2" coveredstatements="2" conditionals="0" coveredconditionals="0" methods="1" coveredmethods="1"/>
        <line num="13" count="1" type="stmt"/>
        <line num="16" count="4" type="stmt"/>
      </file>
    </package>
    <package name="lib.components.TimeWidgetsPanel.TimeWidgetsWithTextField3.TimeWidgetsWithTextField3MD">
      <metrics statements="2" coveredstatements="2" conditionals="0" coveredconditionals="0" methods="1" coveredmethods="1"/>
      <file name="TimeWidgetsWithTextField3MD.jsx" path="/home/whoami/frontend/commerce-projects/df_boilerplate/src/lib/components/TimeWidgetsPanel/TimeWidgetsWithTextField3/TimeWidgetsWithTextField3MD/TimeWidgetsWithTextField3MD.jsx">
        <metrics statements="2" coveredstatements="2" conditionals="0" coveredconditionals="0" methods="1" coveredmethods="1"/>
        <line num="13" count="1" type="stmt"/>
        <line num="16" count="4" type="stmt"/>
      </file>
    </package>
    <package name="lib.components.Welcome">
      <metrics statements="6" coveredstatements="6" conditionals="0" coveredconditionals="0" methods="2" coveredmethods="2"/>
      <file name="Welcome.jsx" path="/home/whoami/frontend/commerce-projects/df_boilerplate/src/lib/components/Welcome/Welcome.jsx">
        <metrics statements="6" coveredstatements="6" conditionals="0" coveredconditionals="0" methods="2" coveredmethods="2"/>
        <line num="6" count="8" type="stmt"/>
        <line num="12" count="8" type="stmt"/>
        <line num="23" count="8" type="stmt"/>
        <line num="24" count="32" type="stmt"/>
        <line num="26" count="32" type="stmt"/>
        <line num="33" count="96" type="stmt"/>
      </file>
    </package>
    <package name="lib.components.Welcome.FourImagesBg">
      <metrics statements="5" coveredstatements="4" conditionals="0" coveredconditionals="0" methods="2" coveredmethods="1"/>
      <file name="FourImagesBg.jsx" path="/home/whoami/frontend/commerce-projects/df_boilerplate/src/lib/components/Welcome/FourImagesBg/FourImagesBg.jsx">
        <metrics statements="3" coveredstatements="2" conditionals="0" coveredconditionals="0" methods="2" coveredmethods="1"/>
        <line num="12" count="4" type="stmt"/>
        <line num="16" count="16" type="stmt"/>
        <line num="19" count="0" type="stmt"/>
      </file>
      <file name="FourImagesBg.styles.js" path="/home/whoami/frontend/commerce-projects/df_boilerplate/src/lib/components/Welcome/FourImagesBg/FourImagesBg.styles.js">
        <metrics statements="2" coveredstatements="2" conditionals="0" coveredconditionals="0" methods="0" coveredmethods="0"/>
        <line num="3" count="4" type="stmt"/>
        <line num="8" count="4" type="stmt"/>
      </file>
    </package>
    <package name="lib.components.Welcome.SingleImageBg">
      <metrics statements="4" coveredstatements="4" conditionals="0" coveredconditionals="0" methods="1" coveredmethods="1"/>
      <file name="SingleImageBg.jsx" path="/home/whoami/frontend/commerce-projects/df_boilerplate/src/lib/components/Welcome/SingleImageBg/SingleImageBg.jsx">
        <metrics statements="2" coveredstatements="2" conditionals="0" coveredconditionals="0" methods="1" coveredmethods="1"/>
        <line num="11" count="4" type="stmt"/>
        <line num="15" count="16" type="stmt"/>
      </file>
      <file name="SingleImageBg.styles.js" path="/home/whoami/frontend/commerce-projects/df_boilerplate/src/lib/components/Welcome/SingleImageBg/SingleImageBg.styles.js">
        <metrics statements="2" coveredstatements="2" conditionals="0" coveredconditionals="0" methods="0" coveredmethods="0"/>
        <line num="3" count="4" type="stmt"/>
        <line num="8" count="4" type="stmt"/>
      </file>
    </package>
    <package name="lib.components.Welcome.WelcomeAuthButtons">
      <metrics statements="2" coveredstatements="2" conditionals="0" coveredconditionals="0" methods="1" coveredmethods="1"/>
      <file name="WelcomeAuthButtons.jsx" path="/home/whoami/frontend/commerce-projects/df_boilerplate/src/lib/components/Welcome/WelcomeAuthButtons/WelcomeAuthButtons.jsx">
        <metrics statements="2" coveredstatements="2" conditionals="0" coveredconditionals="0" methods="1" coveredmethods="1"/>
        <line num="9" count="8" type="stmt"/>
        <line num="12" count="27" type="stmt"/>
      </file>
    </package>
    <package name="lib.components.Welcome.WelcomeAuthButtons.WelcomeButton">
      <metrics statements="2" coveredstatements="2" conditionals="0" coveredconditionals="0" methods="1" coveredmethods="1"/>
      <file name="WelcomeButton.jsx" path="/home/whoami/frontend/commerce-projects/df_boilerplate/src/lib/components/Welcome/WelcomeAuthButtons/WelcomeButton/WelcomeButton.jsx">
        <metrics statements="2" coveredstatements="2" conditionals="0" coveredconditionals="0" methods="1" coveredmethods="1"/>
        <line num="11" count="8" type="stmt"/>
        <line num="15" count="166" type="stmt"/>
      </file>
    </package>
    <package name="lib.components.context.OrderListContext">
      <metrics statements="6" coveredstatements="6" conditionals="0" coveredconditionals="0" methods="3" coveredmethods="2"/>
      <file name="OrderListContext.jsx" path="/home/whoami/frontend/commerce-projects/df_boilerplate/src/lib/components/context/OrderListContext/OrderListContext.jsx">
        <metrics statements="6" coveredstatements="6" conditionals="0" coveredconditionals="0" methods="3" coveredmethods="2"/>
        <line num="14" count="5" type="stmt"/>
        <line num="21" count="5" type="stmt"/>
        <line num="24" count="16" type="stmt"/>
        <line num="26" count="16" type="stmt"/>
        <line num="27" count="16" type="stmt"/>
        <line num="31" count="16" type="stmt"/>
      </file>
    </package>
    <package name="lib.components.context.StatusContainerContext">
      <metrics statements="8" coveredstatements="8" conditionals="0" coveredconditionals="0" methods="5" coveredmethods="2"/>
      <file name="StatusContainerContext.jsx" path="/home/whoami/frontend/commerce-projects/df_boilerplate/src/lib/components/context/StatusContainerContext/StatusContainerContext.jsx">
        <metrics statements="8" coveredstatements="8" conditionals="0" coveredconditionals="0" methods="5" coveredmethods="2"/>
        <line num="18" count="5" type="stmt"/>
        <line num="27" count="5" type="stmt"/>
        <line num="30" count="1568" type="stmt"/>
        <line num="31" count="1568" type="stmt"/>
        <line num="32" count="1568" type="stmt"/>
        <line num="34" count="1568" type="stmt"/>
        <line num="35" count="1144" type="stmt"/>
        <line num="39" count="1568" type="stmt"/>
      </file>
    </package>
    <package name="lib.components.context.theme">
      <metrics statements="8" coveredstatements="8" conditionals="2" coveredconditionals="1" methods="4" coveredmethods="4"/>
      <file name="ThemeContext.jsx" path="/home/whoami/frontend/commerce-projects/df_boilerplate/src/lib/components/context/theme/ThemeContext.jsx">
        <metrics statements="8" coveredstatements="8" conditionals="2" coveredconditionals="1" methods="4" coveredmethods="4"/>
        <line num="14" count="9" type="stmt"/>
        <line num="19" count="9" type="stmt"/>
        <line num="22" count="6" type="stmt"/>
        <line num="26" count="6" type="stmt"/>
        <line num="27" count="6" type="stmt"/>
        <line num="30" count="6" type="stmt"/>
        <line num="31" count="6" type="stmt"/>
        <line num="35" count="6" type="stmt"/>
      </file>
    </package>
  </project>
</coverage>
