<?xml version="1.0" encoding="UTF-8"?>
<coverage generated="1729571709403" clover="3.2.0">
  <project timestamp="1729571709403" name="All files">
    <metrics statements="9" coveredstatements="9" conditionals="2" coveredconditionals="1" methods="5" coveredmethods="3" elements="16" coveredelements="13" complexity="0" loc="9" ncloc="9" packages="1" files="1" classes="1"/>
    <file name="ThemeContext.jsx" path="/home/whoami/frontend/commerce-projects/df_boilerplate/src/context/theme/ThemeContext.jsx">
      <metrics statements="9" coveredstatements="9" conditionals="2" coveredconditionals="1" methods="5" coveredmethods="3"/>
      <line num="16" count="1" type="stmt"/>
      <line num="23" count="1" type="stmt"/>
      <line num="24" count="6" type="stmt"/>
      <line num="28" count="6" type="stmt"/>
      <line num="29" count="6" type="stmt"/>
      <line num="32" count="6" type="stmt"/>
      <line num="34" count="6" type="stmt"/>
      <line num="35" count="6" type="stmt"/>
      <line num="39" count="6" type="stmt"/>
    </file>
  </project>
</coverage>
