{"/home/cyberghost/frontend/commerce-projects/df_boilerplate/src/components/Container/Container.jsx": {"path":"/home/cyberghost/frontend/commerce-projects/df_boilerplate/src/components/Container/Container.jsx","statementMap":{"0":{"start":{"line":12,"column":18},"end":{"line":20,"column":1}},"1":{"start":{"line":13,"column":1},"end":{"line":19,"column":16}}},"fnMap":{"0":{"name":"(anonymous_0)","decl":{"start":{"line":12,"column":18},"end":{"line":12,"column":19}},"loc":{"start":{"line":13,"column":1},"end":{"line":19,"column":16}},"line":13}},"branchMap":{},"s":{"0":8,"1":24},"f":{"0":24},"b":{},"_coverageSchema":"1a1c01bbd47fc00a2c39e90264f33305004495a9","hash":"0fad1ae4ed2c33ea261961949fe4e48ac87ee03e"}
,"/home/cyberghost/frontend/commerce-projects/df_boilerplate/src/components/Container/Container.styles.js": {"path":"/home/cyberghost/frontend/commerce-projects/df_boilerplate/src/components/Container/Container.styles.js","statementMap":{"0":{"start":{"line":4,"column":20},"end":{"line":4,"column":26}},"1":{"start":{"line":6,"column":28},"end":{"line":8,"column":1}},"2":{"start":{"line":10,"column":29},"end":{"line":13,"column":1}},"3":{"start":{"line":15,"column":40},"end":{"line":17,"column":1}},"4":{"start":{"line":19,"column":51},"end":{"line":27,"column":1}}},"fnMap":{},"branchMap":{},"s":{"0":8,"1":8,"2":8,"3":8,"4":8},"f":{},"b":{},"_coverageSchema":"1a1c01bbd47fc00a2c39e90264f33305004495a9","hash":"c0d65cee2cb3ed1300c48b69e8ab420fb9739696"}
,"/home/cyberghost/frontend/commerce-projects/df_boilerplate/src/components/Container/HomeHeader/HomeHeader.jsx": {"path":"/home/cyberghost/frontend/commerce-projects/df_boilerplate/src/components/Container/HomeHeader/HomeHeader.jsx","statementMap":{"0":{"start":{"line":12,"column":28},"end":{"line":14,"column":1}},"1":{"start":{"line":16,"column":19},"end":{"line":46,"column":1}},"2":{"start":{"line":17,"column":43},"end":{"line":17,"column":67}},"3":{"start":{"line":19,"column":18},"end":{"line":22,"column":2}},"4":{"start":{"line":20,"column":23},"end":{"line":20,"column":49}},"5":{"start":{"line":21,"column":2},"end":{"line":21,"column":32}},"6":{"start":{"line":24,"column":1},"end":{"line":45,"column":3}}},"fnMap":{"0":{"name":"(anonymous_0)","decl":{"start":{"line":16,"column":19},"end":{"line":16,"column":20}},"loc":{"start":{"line":16,"column":45},"end":{"line":46,"column":1}},"line":16},"1":{"name":"(anonymous_1)","decl":{"start":{"line":19,"column":18},"end":{"line":19,"column":19}},"loc":{"start":{"line":19,"column":40},"end":{"line":22,"column":2}},"line":19}},"branchMap":{"0":{"loc":{"start":{"line":20,"column":23},"end":{"line":20,"column":49}},"type":"cond-expr","locations":[{"start":{"line":20,"column":33},"end":{"line":20,"column":39}},{"start":{"line":20,"column":42},"end":{"line":20,"column":49}}],"line":20}},"s":{"0":8,"1":8,"2":24,"3":24,"4":0,"5":0,"6":24},"f":{"0":24,"1":0},"b":{"0":[0,0]},"_coverageSchema":"1a1c01bbd47fc00a2c39e90264f33305004495a9","hash":"e53ae9326eb03f4aabbd5660fc9a20839e3e234b"}
,"/home/cyberghost/frontend/commerce-projects/df_boilerplate/src/components/Container/HomeHeader/BurgerMenu/BurgerMenu.jsx": {"path":"/home/cyberghost/frontend/commerce-projects/df_boilerplate/src/components/Container/HomeHeader/BurgerMenu/BurgerMenu.jsx","statementMap":{"0":{"start":{"line":7,"column":19},"end":{"line":9,"column":1}},"1":{"start":{"line":8,"column":1},"end":{"line":8,"column":41}}},"fnMap":{"0":{"name":"(anonymous_0)","decl":{"start":{"line":7,"column":19},"end":{"line":7,"column":20}},"loc":{"start":{"line":8,"column":1},"end":{"line":8,"column":41}},"line":8}},"branchMap":{},"s":{"0":8,"1":8},"f":{"0":8},"b":{},"_coverageSchema":"1a1c01bbd47fc00a2c39e90264f33305004495a9","hash":"0638d8c35c6289738ef013c333adb889542428ac"}
,"/home/cyberghost/frontend/commerce-projects/df_boilerplate/src/components/Container/HomeHeader/HomeHeaderMobile/HomeHeaderMobile.jsx": {"path":"/home/cyberghost/frontend/commerce-projects/df_boilerplate/src/components/Container/HomeHeader/HomeHeaderMobile/HomeHeaderMobile.jsx","statementMap":{"0":{"start":{"line":11,"column":25},"end":{"line":25,"column":1}},"1":{"start":{"line":12,"column":1},"end":{"line":24,"column":18}}},"fnMap":{"0":{"name":"(anonymous_0)","decl":{"start":{"line":11,"column":25},"end":{"line":11,"column":26}},"loc":{"start":{"line":12,"column":1},"end":{"line":24,"column":18}},"line":12}},"branchMap":{},"s":{"0":8,"1":24},"f":{"0":24},"b":{},"_coverageSchema":"1a1c01bbd47fc00a2c39e90264f33305004495a9","hash":"a5cbfdbae9dcb09c430cfe4cbab55dfcbf0cbf8d"}
,"/home/cyberghost/frontend/commerce-projects/df_boilerplate/src/components/Container/HomeHeader/HomeHeaderMobile/HomeHeaderMobile.styles.js": {"path":"/home/cyberghost/frontend/commerce-projects/df_boilerplate/src/components/Container/HomeHeader/HomeHeaderMobile/HomeHeaderMobile.styles.js","statementMap":{"0":{"start":{"line":4,"column":19},"end":{"line":4,"column":25}},"1":{"start":{"line":6,"column":34},"end":{"line":8,"column":1}}},"fnMap":{},"branchMap":{},"s":{"0":8,"1":8},"f":{},"b":{},"_coverageSchema":"1a1c01bbd47fc00a2c39e90264f33305004495a9","hash":"324ce7d366eb3764553cb085295eabbfd77b50ef"}
,"/home/cyberghost/frontend/commerce-projects/df_boilerplate/src/components/Container/HomeHeader/Logo/Logo.jsx": {"path":"/home/cyberghost/frontend/commerce-projects/df_boilerplate/src/components/Container/HomeHeader/Logo/Logo.jsx","statementMap":{"0":{"start":{"line":6,"column":13},"end":{"line":13,"column":1}},"1":{"start":{"line":7,"column":1},"end":{"line":12,"column":7}}},"fnMap":{"0":{"name":"(anonymous_0)","decl":{"start":{"line":6,"column":13},"end":{"line":6,"column":14}},"loc":{"start":{"line":7,"column":1},"end":{"line":12,"column":7}},"line":7}},"branchMap":{},"s":{"0":8,"1":24},"f":{"0":24},"b":{},"_coverageSchema":"1a1c01bbd47fc00a2c39e90264f33305004495a9","hash":"0ad61c49cc730fbe10dcedb921aa854613530c68"}
,"/home/cyberghost/frontend/commerce-projects/df_boilerplate/src/components/Container/HomeSidebar/HomeSidebar.jsx": {"path":"/home/cyberghost/frontend/commerce-projects/df_boilerplate/src/components/Container/HomeSidebar/HomeSidebar.jsx","statementMap":{"0":{"start":{"line":9,"column":20},"end":{"line":45,"column":1}},"1":{"start":{"line":10,"column":53},"end":{"line":10,"column":67}},"2":{"start":{"line":11,"column":20},"end":{"line":11,"column":32}},"3":{"start":{"line":13,"column":25},"end":{"line":15,"column":2}},"4":{"start":{"line":14,"column":2},"end":{"line":14,"column":31}},"5":{"start":{"line":17,"column":26},"end":{"line":19,"column":2}},"6":{"start":{"line":18,"column":2},"end":{"line":18,"column":30}},"7":{"start":{"line":21,"column":1},"end":{"line":31,"column":8}},"8":{"start":{"line":22,"column":25},"end":{"line":22,"column":43}},"9":{"start":{"line":23,"column":2},"end":{"line":30,"column":3}},"10":{"start":{"line":24,"column":3},"end":{"line":24,"column":65}},"11":{"start":{"line":25,"column":3},"end":{"line":25,"column":67}},"12":{"start":{"line":26,"column":3},"end":{"line":29,"column":5}},"13":{"start":{"line":27,"column":4},"end":{"line":27,"column":69}},"14":{"start":{"line":28,"column":4},"end":{"line":28,"column":71}},"15":{"start":{"line":33,"column":1},"end":{"line":44,"column":3}}},"fnMap":{"0":{"name":"(anonymous_0)","decl":{"start":{"line":9,"column":20},"end":{"line":9,"column":21}},"loc":{"start":{"line":9,"column":46},"end":{"line":45,"column":1}},"line":9},"1":{"name":"(anonymous_1)","decl":{"start":{"line":13,"column":25},"end":{"line":13,"column":26}},"loc":{"start":{"line":13,"column":31},"end":{"line":15,"column":2}},"line":13},"2":{"name":"(anonymous_2)","decl":{"start":{"line":17,"column":26},"end":{"line":17,"column":27}},"loc":{"start":{"line":17,"column":32},"end":{"line":19,"column":2}},"line":17},"3":{"name":"(anonymous_3)","decl":{"start":{"line":21,"column":11},"end":{"line":21,"column":12}},"loc":{"start":{"line":21,"column":17},"end":{"line":31,"column":2}},"line":21},"4":{"name":"(anonymous_4)","decl":{"start":{"line":26,"column":10},"end":{"line":26,"column":11}},"loc":{"start":{"line":26,"column":16},"end":{"line":29,"column":4}},"line":26}},"branchMap":{"0":{"loc":{"start":{"line":23,"column":2},"end":{"line":30,"column":3}},"type":"if","locations":[{"start":{"line":23,"column":2},"end":{"line":30,"column":3}},{"start":{},"end":{}}],"line":23},"1":{"loc":{"start":{"line":37,"column":12},"end":{"line":37,"column":41}},"type":"cond-expr","locations":[{"start":{"line":37,"column":33},"end":{"line":37,"column":35}},{"start":{"line":37,"column":38},"end":{"line":37,"column":41}}],"line":37}},"s":{"0":8,"1":24,"2":24,"3":24,"4":0,"5":24,"6":0,"7":24,"8":24,"9":24,"10":16,"11":16,"12":16,"13":16,"14":16,"15":24},"f":{"0":24,"1":0,"2":0,"3":24,"4":16},"b":{"0":[16,8],"1":[24,0]},"_coverageSchema":"1a1c01bbd47fc00a2c39e90264f33305004495a9","hash":"4572c64d62c675bcea7482782a41f70b14fee9b2"}
,"/home/cyberghost/frontend/commerce-projects/df_boilerplate/src/components/Container/HomeSidebar/HomeSidebarNavigation/HomeSidebarNavigation.jsx": {"path":"/home/cyberghost/frontend/commerce-projects/df_boilerplate/src/components/Container/HomeSidebar/HomeSidebarNavigation/HomeSidebarNavigation.jsx","statementMap":{"0":{"start":{"line":14,"column":30},"end":{"line":36,"column":1}},"1":{"start":{"line":17,"column":1},"end":{"line":35,"column":7}},"2":{"start":{"line":20,"column":4},"end":{"line":32,"column":11}}},"fnMap":{"0":{"name":"(anonymous_0)","decl":{"start":{"line":14,"column":30},"end":{"line":14,"column":31}},"loc":{"start":{"line":17,"column":1},"end":{"line":35,"column":7}},"line":17},"1":{"name":"(anonymous_1)","decl":{"start":{"line":19,"column":26},"end":{"line":19,"column":27}},"loc":{"start":{"line":20,"column":4},"end":{"line":32,"column":11}},"line":20}},"branchMap":{"0":{"loc":{"start":{"line":28,"column":9},"end":{"line":28,"column":57}},"type":"binary-expr","locations":[{"start":{"line":28,"column":9},"end":{"line":28,"column":28}},{"start":{"line":28,"column":32},"end":{"line":28,"column":57}}],"line":28}},"s":{"0":8,"1":16,"2":48},"f":{"0":16,"1":48},"b":{"0":[48,0]},"_coverageSchema":"1a1c01bbd47fc00a2c39e90264f33305004495a9","hash":"f308290047d337f938db606dce5ed01a76a76acc"}
,"/home/cyberghost/frontend/commerce-projects/df_boilerplate/src/components/Container/HomeSidebar/HomeSidebarNavigation/home.sidebar.routes.js": {"path":"/home/cyberghost/frontend/commerce-projects/df_boilerplate/src/components/Container/HomeSidebar/HomeSidebarNavigation/home.sidebar.routes.js","statementMap":{"0":{"start":{"line":15,"column":55},"end":{"line":34,"column":1}}},"fnMap":{},"branchMap":{},"s":{"0":8},"f":{},"b":{},"_coverageSchema":"1a1c01bbd47fc00a2c39e90264f33305004495a9","hash":"a1d4bc16ea0c6ebf053c2cd3c1e61cec823e0cee"}
,"/home/cyberghost/frontend/commerce-projects/df_boilerplate/src/components/FiltersCardsContainer/FiltersCardsContainer.jsx": {"path":"/home/cyberghost/frontend/commerce-projects/df_boilerplate/src/components/FiltersCardsContainer/FiltersCardsContainer.jsx","statementMap":{"0":{"start":{"line":11,"column":30},"end":{"line":38,"column":1}},"1":{"start":{"line":14,"column":1},"end":{"line":37,"column":4}}},"fnMap":{"0":{"name":"(anonymous_0)","decl":{"start":{"line":11,"column":30},"end":{"line":11,"column":31}},"loc":{"start":{"line":14,"column":1},"end":{"line":37,"column":4}},"line":14}},"branchMap":{},"s":{"0":5,"1":26},"f":{"0":26},"b":{},"_coverageSchema":"1a1c01bbd47fc00a2c39e90264f33305004495a9","hash":"007423b06dc95f1dd4cdefd84b1048f132128b1e"}
,"/home/cyberghost/frontend/commerce-projects/df_boilerplate/src/components/FiltersClosedList/FiltersClosedList.jsx": {"path":"/home/cyberghost/frontend/commerce-projects/df_boilerplate/src/components/FiltersClosedList/FiltersClosedList.jsx","statementMap":{"0":{"start":{"line":13,"column":26},"end":{"line":50,"column":1}},"1":{"start":{"line":14,"column":45},"end":{"line":16,"column":2}},"2":{"start":{"line":18,"column":1},"end":{"line":49,"column":3}},"3":{"start":{"line":24,"column":7},"end":{"line":24,"column":61}},"4":{"start":{"line":28,"column":7},"end":{"line":28,"column":64}},"5":{"start":{"line":34,"column":22},"end":{"line":34,"column":54}},"6":{"start":{"line":42,"column":22},"end":{"line":42,"column":54}}},"fnMap":{"0":{"name":"(anonymous_0)","decl":{"start":{"line":13,"column":26},"end":{"line":13,"column":27}},"loc":{"start":{"line":13,"column":52},"end":{"line":50,"column":1}},"line":13},"1":{"name":"(anonymous_1)","decl":{"start":{"line":23,"column":28},"end":{"line":23,"column":29}},"loc":{"start":{"line":24,"column":7},"end":{"line":24,"column":61}},"line":24},"2":{"name":"(anonymous_2)","decl":{"start":{"line":27,"column":28},"end":{"line":27,"column":29}},"loc":{"start":{"line":28,"column":7},"end":{"line":28,"column":64}},"line":28},"3":{"name":"(anonymous_3)","decl":{"start":{"line":34,"column":16},"end":{"line":34,"column":17}},"loc":{"start":{"line":34,"column":22},"end":{"line":34,"column":54}},"line":34},"4":{"name":"(anonymous_4)","decl":{"start":{"line":42,"column":16},"end":{"line":42,"column":17}},"loc":{"start":{"line":42,"column":22},"end":{"line":42,"column":54}},"line":42}},"branchMap":{"0":{"loc":{"start":{"line":22,"column":6},"end":{"line":25,"column":8}},"type":"binary-expr","locations":[{"start":{"line":22,"column":6},"end":{"line":22,"column":20}},{"start":{"line":23,"column":6},"end":{"line":25,"column":8}}],"line":22},"1":{"loc":{"start":{"line":26,"column":6},"end":{"line":29,"column":8}},"type":"binary-expr","locations":[{"start":{"line":26,"column":6},"end":{"line":26,"column":19}},{"start":{"line":27,"column":6},"end":{"line":29,"column":8}}],"line":26},"2":{"loc":{"start":{"line":30,"column":6},"end":{"line":37,"column":6}},"type":"binary-expr","locations":[{"start":{"line":30,"column":6},"end":{"line":30,"column":19}},{"start":{"line":31,"column":6},"end":{"line":36,"column":8}}],"line":30},"3":{"loc":{"start":{"line":38,"column":6},"end":{"line":45,"column":6}},"type":"binary-expr","locations":[{"start":{"line":38,"column":6},"end":{"line":38,"column":20}},{"start":{"line":39,"column":6},"end":{"line":44,"column":8}}],"line":38}},"s":{"0":3,"1":12,"2":12,"3":36,"4":0,"5":0,"6":0},"f":{"0":12,"1":36,"2":0,"3":0,"4":0},"b":{"0":[12,12],"1":[12,0],"2":[12,0],"3":[12,12]},"_coverageSchema":"1a1c01bbd47fc00a2c39e90264f33305004495a9","hash":"350623fdcc6124d37f25b7ead2402709ef87b16d"}
,"/home/cyberghost/frontend/commerce-projects/df_boilerplate/src/components/FiltersClosedList/FiltersClosedCards/FiltersClosedCards.jsx": {"path":"/home/cyberghost/frontend/commerce-projects/df_boilerplate/src/components/FiltersClosedList/FiltersClosedCards/FiltersClosedCards.jsx","statementMap":{"0":{"start":{"line":16,"column":27},"end":{"line":38,"column":1}},"1":{"start":{"line":19,"column":1},"end":{"line":37,"column":11}},"2":{"start":{"line":24,"column":5},"end":{"line":26,"column":25}}},"fnMap":{"0":{"name":"(anonymous_0)","decl":{"start":{"line":16,"column":27},"end":{"line":16,"column":28}},"loc":{"start":{"line":19,"column":1},"end":{"line":37,"column":11}},"line":19},"1":{"name":"(anonymous_1)","decl":{"start":{"line":23,"column":25},"end":{"line":23,"column":26}},"loc":{"start":{"line":24,"column":5},"end":{"line":26,"column":25}},"line":24}},"branchMap":{},"s":{"0":3,"1":24,"2":48},"f":{"0":24,"1":48},"b":{},"_coverageSchema":"1a1c01bbd47fc00a2c39e90264f33305004495a9","hash":"2420013a538c90a25952e1cf44f90c3d74abb9ed"}
,"/home/cyberghost/frontend/commerce-projects/df_boilerplate/src/components/FiltersClosedList/FiltersClosedCards/FiltersClosedCards.styles.js": {"path":"/home/cyberghost/frontend/commerce-projects/df_boilerplate/src/components/FiltersClosedList/FiltersClosedCards/FiltersClosedCards.styles.js","statementMap":{"0":{"start":{"line":4,"column":33},"end":{"line":9,"column":1}},"1":{"start":{"line":11,"column":37},"end":{"line":17,"column":1}},"2":{"start":{"line":19,"column":30},"end":{"line":23,"column":1}}},"fnMap":{},"branchMap":{},"s":{"0":3,"1":3,"2":3},"f":{},"b":{},"_coverageSchema":"1a1c01bbd47fc00a2c39e90264f33305004495a9","hash":"00a8c34179b17772d840a80e3ce933e7a5986613"}
,"/home/cyberghost/frontend/commerce-projects/df_boilerplate/src/components/FiltersOpened/FiltersOpened.jsx": {"path":"/home/cyberghost/frontend/commerce-projects/df_boilerplate/src/components/FiltersOpened/FiltersOpened.jsx","statementMap":{"0":{"start":{"line":13,"column":28},"end":{"line":16,"column":1}},"1":{"start":{"line":18,"column":22},"end":{"line":40,"column":1}},"2":{"start":{"line":19,"column":43},"end":{"line":19,"column":65}},"3":{"start":{"line":21,"column":1},"end":{"line":39,"column":3}},"4":{"start":{"line":31,"column":7},"end":{"line":31,"column":68}}},"fnMap":{"0":{"name":"(anonymous_0)","decl":{"start":{"line":18,"column":22},"end":{"line":18,"column":23}},"loc":{"start":{"line":18,"column":48},"end":{"line":40,"column":1}},"line":18},"1":{"name":"(anonymous_1)","decl":{"start":{"line":30,"column":25},"end":{"line":30,"column":26}},"loc":{"start":{"line":31,"column":7},"end":{"line":31,"column":68}},"line":31}},"branchMap":{},"s":{"0":2,"1":2,"2":15,"3":15,"4":30},"f":{"0":15,"1":30},"b":{},"_coverageSchema":"1a1c01bbd47fc00a2c39e90264f33305004495a9","hash":"dbd8d021592c5657b292b3ac6889e301491ffeff"}
,"/home/cyberghost/frontend/commerce-projects/df_boilerplate/src/components/FiltersOpened/FiltersOpenedCards/FiltersOpenedCards.jsx": {"path":"/home/cyberghost/frontend/commerce-projects/df_boilerplate/src/components/FiltersOpened/FiltersOpenedCards/FiltersOpenedCards.jsx","statementMap":{"0":{"start":{"line":13,"column":27},"end":{"line":30,"column":1}},"1":{"start":{"line":16,"column":1},"end":{"line":29,"column":17}},"2":{"start":{"line":20,"column":5},"end":{"line":24,"column":25}}},"fnMap":{"0":{"name":"(anonymous_0)","decl":{"start":{"line":13,"column":27},"end":{"line":13,"column":28}},"loc":{"start":{"line":16,"column":1},"end":{"line":29,"column":17}},"line":16},"1":{"name":"(anonymous_1)","decl":{"start":{"line":19,"column":18},"end":{"line":19,"column":19}},"loc":{"start":{"line":20,"column":5},"end":{"line":24,"column":25}},"line":20}},"branchMap":{},"s":{"0":5,"1":36,"2":72},"f":{"0":36,"1":72},"b":{},"_coverageSchema":"1a1c01bbd47fc00a2c39e90264f33305004495a9","hash":"139e9c04185090ae0d58ce1d6089f78caab4f375"}
,"/home/cyberghost/frontend/commerce-projects/df_boilerplate/src/components/FiltersOpened/FiltersOpenedCards/FiltersOpenedCards.styles.js": {"path":"/home/cyberghost/frontend/commerce-projects/df_boilerplate/src/components/FiltersOpened/FiltersOpenedCards/FiltersOpenedCards.styles.js","statementMap":{"0":{"start":{"line":4,"column":33},"end":{"line":9,"column":1}},"1":{"start":{"line":11,"column":29},"end":{"line":17,"column":1}}},"fnMap":{},"branchMap":{},"s":{"0":5,"1":5},"f":{},"b":{},"_coverageSchema":"1a1c01bbd47fc00a2c39e90264f33305004495a9","hash":"fae62dd782b8b9d6e23e82087b5c12dd1a2178e8"}
,"/home/cyberghost/frontend/commerce-projects/df_boilerplate/src/components/FiltersOpened/FiltersOpenedCards/FiltersCardAddItemButton/FiltersCardAddItemButton.jsx": {"path":"/home/cyberghost/frontend/commerce-projects/df_boilerplate/src/components/FiltersOpened/FiltersOpenedCards/FiltersCardAddItemButton/FiltersCardAddItemButton.jsx","statementMap":{"0":{"start":{"line":7,"column":33},"end":{"line":9,"column":1}},"1":{"start":{"line":8,"column":1},"end":{"line":8,"column":41}}},"fnMap":{"0":{"name":"(anonymous_0)","decl":{"start":{"line":7,"column":33},"end":{"line":7,"column":34}},"loc":{"start":{"line":8,"column":1},"end":{"line":8,"column":41}},"line":8}},"branchMap":{},"s":{"0":5,"1":36},"f":{"0":36},"b":{},"_coverageSchema":"1a1c01bbd47fc00a2c39e90264f33305004495a9","hash":"335cf663f92715e7c440b8d89dc9532729ae59d6"}
,"/home/cyberghost/frontend/commerce-projects/df_boilerplate/src/components/FiltersOpened/FiltersOpenedCards/FiltersOpenedCardItem/FiltersOpenedCardItem.jsx": {"path":"/home/cyberghost/frontend/commerce-projects/df_boilerplate/src/components/FiltersOpened/FiltersOpenedCards/FiltersOpenedCardItem/FiltersOpenedCardItem.jsx","statementMap":{"0":{"start":{"line":11,"column":30},"end":{"line":21,"column":1}},"1":{"start":{"line":14,"column":23},"end":{"line":14,"column":48}},"2":{"start":{"line":16,"column":1},"end":{"line":18,"column":30}},"3":{"start":{"line":17,"column":2},"end":{"line":17,"column":25}},"4":{"start":{"line":20,"column":1},"end":{"line":20,"column":51}}},"fnMap":{"0":{"name":"(anonymous_0)","decl":{"start":{"line":11,"column":30},"end":{"line":11,"column":31}},"loc":{"start":{"line":13,"column":47},"end":{"line":21,"column":1}},"line":13},"1":{"name":"(anonymous_1)","decl":{"start":{"line":16,"column":11},"end":{"line":16,"column":12}},"loc":{"start":{"line":16,"column":17},"end":{"line":18,"column":2}},"line":16}},"branchMap":{},"s":{"0":5,"1":72,"2":72,"3":54,"4":72},"f":{"0":72,"1":54},"b":{},"_coverageSchema":"1a1c01bbd47fc00a2c39e90264f33305004495a9","hash":"5d543d3ff526be654bee427c8ba5e157e20ee254"}
,"/home/cyberghost/frontend/commerce-projects/df_boilerplate/src/components/FiltersOpened/FiltersOpenedCards/FiltersOpenedCardItem/FiltersOpenedCardItem.styles.js": {"path":"/home/cyberghost/frontend/commerce-projects/df_boilerplate/src/components/FiltersOpened/FiltersOpenedCards/FiltersOpenedCardItem/FiltersOpenedCardItem.styles.js","statementMap":{"0":{"start":{"line":3,"column":29},"end":{"line":6,"column":1}}},"fnMap":{},"branchMap":{},"s":{"0":5},"f":{},"b":{},"_coverageSchema":"1a1c01bbd47fc00a2c39e90264f33305004495a9","hash":"d74d1fade011f54521b388ac7f5be7db8175da1c"}
,"/home/cyberghost/frontend/commerce-projects/df_boilerplate/src/components/FiltersOpened/FiltersOpenedCards/FiltersOpenedCardsAddButton/FiltersOpenedCardsAddButton.jsx": {"path":"/home/cyberghost/frontend/commerce-projects/df_boilerplate/src/components/FiltersOpened/FiltersOpenedCards/FiltersOpenedCardsAddButton/FiltersOpenedCardsAddButton.jsx","statementMap":{"0":{"start":{"line":12,"column":36},"end":{"line":29,"column":1}},"1":{"start":{"line":13,"column":1},"end":{"line":28,"column":4}}},"fnMap":{"0":{"name":"(anonymous_0)","decl":{"start":{"line":12,"column":36},"end":{"line":12,"column":37}},"loc":{"start":{"line":13,"column":1},"end":{"line":28,"column":4}},"line":13}},"branchMap":{},"s":{"0":2,"1":18},"f":{"0":18},"b":{},"_coverageSchema":"1a1c01bbd47fc00a2c39e90264f33305004495a9","hash":"08d5495ee7640a63ea92af30ef449dd8f328335c"}
,"/home/cyberghost/frontend/commerce-projects/df_boilerplate/src/components/FiltersOpened/FiltersOpenedCards/FiltersOpenedCardsAddButton/FiltersOpenedCardsAddButton.styles.js": {"path":"/home/cyberghost/frontend/commerce-projects/df_boilerplate/src/components/FiltersOpened/FiltersOpenedCards/FiltersOpenedCardsAddButton/FiltersOpenedCardsAddButton.styles.js","statementMap":{"0":{"start":{"line":4,"column":42},"end":{"line":9,"column":1}},"1":{"start":{"line":11,"column":43},"end":{"line":20,"column":1}}},"fnMap":{},"branchMap":{},"s":{"0":2,"1":2},"f":{},"b":{},"_coverageSchema":"1a1c01bbd47fc00a2c39e90264f33305004495a9","hash":"c79b872c1227240ae4bfd398c7ff11d1799c1adc"}
,"/home/cyberghost/frontend/commerce-projects/df_boilerplate/src/components/FiltersOpened/FiltersOpenedMobile/FiltersOpenedMobile.jsx": {"path":"/home/cyberghost/frontend/commerce-projects/df_boilerplate/src/components/FiltersOpened/FiltersOpenedMobile/FiltersOpenedMobile.jsx","statementMap":{"0":{"start":{"line":12,"column":28},"end":{"line":34,"column":1}},"1":{"start":{"line":13,"column":43},"end":{"line":13,"column":65}},"2":{"start":{"line":15,"column":1},"end":{"line":33,"column":3}},"3":{"start":{"line":26,"column":7},"end":{"line":26,"column":68}}},"fnMap":{"0":{"name":"(anonymous_0)","decl":{"start":{"line":12,"column":28},"end":{"line":12,"column":29}},"loc":{"start":{"line":12,"column":54},"end":{"line":34,"column":1}},"line":12},"1":{"name":"(anonymous_1)","decl":{"start":{"line":25,"column":25},"end":{"line":25,"column":26}},"loc":{"start":{"line":26,"column":7},"end":{"line":26,"column":68}},"line":26}},"branchMap":{},"s":{"0":2,"1":18,"2":18,"3":36},"f":{"0":18,"1":36},"b":{},"_coverageSchema":"1a1c01bbd47fc00a2c39e90264f33305004495a9","hash":"09681991f2f176c8709b1fd17b5bbd00ff597ece"}
,"/home/cyberghost/frontend/commerce-projects/df_boilerplate/src/components/FiltersSearch/FiltersSearch.jsx": {"path":"/home/cyberghost/frontend/commerce-projects/df_boilerplate/src/components/FiltersSearch/FiltersSearch.jsx","statementMap":{"0":{"start":{"line":10,"column":22},"end":{"line":54,"column":1}},"1":{"start":{"line":11,"column":39},"end":{"line":11,"column":50}},"2":{"start":{"line":12,"column":20},"end":{"line":12,"column":41}},"3":{"start":{"line":14,"column":20},"end":{"line":14,"column":41}},"4":{"start":{"line":15,"column":18},"end":{"line":15,"column":32}},"5":{"start":{"line":16,"column":22},"end":{"line":16,"column":64}},"6":{"start":{"line":18,"column":1},"end":{"line":53,"column":3}},"7":{"start":{"line":37,"column":7},"end":{"line":37,"column":70}},"8":{"start":{"line":46,"column":27},"end":{"line":46,"column":47}}},"fnMap":{"0":{"name":"(anonymous_0)","decl":{"start":{"line":10,"column":22},"end":{"line":10,"column":23}},"loc":{"start":{"line":10,"column":48},"end":{"line":54,"column":1}},"line":10},"1":{"name":"(anonymous_1)","decl":{"start":{"line":36,"column":24},"end":{"line":36,"column":25}},"loc":{"start":{"line":37,"column":7},"end":{"line":37,"column":70}},"line":37},"2":{"name":"(anonymous_2)","decl":{"start":{"line":46,"column":17},"end":{"line":46,"column":18}},"loc":{"start":{"line":46,"column":27},"end":{"line":46,"column":47}},"line":46}},"branchMap":{},"s":{"0":4,"1":8,"2":8,"3":8,"4":8,"5":8,"6":8,"7":40,"8":0},"f":{"0":8,"1":40,"2":0},"b":{},"_coverageSchema":"1a1c01bbd47fc00a2c39e90264f33305004495a9","hash":"b7af54331d2fa64167dffca0406c70878411a03d"}
,"/home/cyberghost/frontend/commerce-projects/df_boilerplate/src/components/FiltersSearch/FiltersSearchListItem/FiltersSearchListItem.jsx": {"path":"/home/cyberghost/frontend/commerce-projects/df_boilerplate/src/components/FiltersSearch/FiltersSearchListItem/FiltersSearchListItem.jsx","statementMap":{"0":{"start":{"line":14,"column":30},"end":{"line":28,"column":1}},"1":{"start":{"line":17,"column":1},"end":{"line":27,"column":4}}},"fnMap":{"0":{"name":"(anonymous_0)","decl":{"start":{"line":14,"column":30},"end":{"line":14,"column":31}},"loc":{"start":{"line":17,"column":1},"end":{"line":27,"column":4}},"line":17}},"branchMap":{},"s":{"0":4,"1":40},"f":{"0":40},"b":{},"_coverageSchema":"1a1c01bbd47fc00a2c39e90264f33305004495a9","hash":"c6ed29f17779021acacb6792d535c505a72d89cd"}
,"/home/cyberghost/frontend/commerce-projects/df_boilerplate/src/components/FiltersSearch/FiltersSearchListItem/FiltersSearchListItemGrids/FiltersSearchListItemGrids.jsx": {"path":"/home/cyberghost/frontend/commerce-projects/df_boilerplate/src/components/FiltersSearch/FiltersSearchListItem/FiltersSearchListItemGrids/FiltersSearchListItemGrids.jsx","statementMap":{"0":{"start":{"line":8,"column":18},"end":{"line":15,"column":1}},"1":{"start":{"line":17,"column":35},"end":{"line":52,"column":1}},"2":{"start":{"line":18,"column":1},"end":{"line":51,"column":4}}},"fnMap":{"0":{"name":"(anonymous_0)","decl":{"start":{"line":17,"column":35},"end":{"line":17,"column":36}},"loc":{"start":{"line":18,"column":1},"end":{"line":51,"column":4}},"line":18}},"branchMap":{},"s":{"0":4,"1":4,"2":10},"f":{"0":10},"b":{},"_coverageSchema":"1a1c01bbd47fc00a2c39e90264f33305004495a9","hash":"ab23868969f7af5bf5b835cb68558d5dce9d938d"}
,"/home/cyberghost/frontend/commerce-projects/df_boilerplate/src/components/FiltersSearch/FiltersSearchListItem/FiltersSearchListItemMobile/FiltersSearchListItemMobile.jsx": {"path":"/home/cyberghost/frontend/commerce-projects/df_boilerplate/src/components/FiltersSearch/FiltersSearchListItem/FiltersSearchListItemMobile/FiltersSearchListItemMobile.jsx","statementMap":{"0":{"start":{"line":14,"column":36},"end":{"line":43,"column":1}},"1":{"start":{"line":17,"column":1},"end":{"line":42,"column":14}},"2":{"start":{"line":28,"column":5},"end":{"line":35,"column":11}}},"fnMap":{"0":{"name":"(anonymous_0)","decl":{"start":{"line":14,"column":36},"end":{"line":14,"column":37}},"loc":{"start":{"line":17,"column":1},"end":{"line":42,"column":14}},"line":17},"1":{"name":"(anonymous_1)","decl":{"start":{"line":27,"column":29},"end":{"line":27,"column":30}},"loc":{"start":{"line":28,"column":5},"end":{"line":35,"column":11}},"line":28}},"branchMap":{},"s":{"0":4,"1":40,"2":640},"f":{"0":40,"1":640},"b":{},"_coverageSchema":"1a1c01bbd47fc00a2c39e90264f33305004495a9","hash":"12c6a7a1b1f77ab7105a131ee707d78eb74770a4"}
,"/home/cyberghost/frontend/commerce-projects/df_boilerplate/src/components/FiltersSearch/FiltersSearchListItem/FiltersSearchListItemMobile/FiltersSearchListItemMobileInfoStatus/FiltersSearchListItemMobileInfoStatus.jsx": {"path":"/home/cyberghost/frontend/commerce-projects/df_boilerplate/src/components/FiltersSearch/FiltersSearchListItem/FiltersSearchListItemMobile/FiltersSearchListItemMobileInfoStatus/FiltersSearchListItemMobileInfoStatus.jsx","statementMap":{"0":{"start":{"line":10,"column":46},"end":{"line":21,"column":1}},"1":{"start":{"line":13,"column":44},"end":{"line":13,"column":69}},"2":{"start":{"line":15,"column":1},"end":{"line":19,"column":76}},"3":{"start":{"line":16,"column":2},"end":{"line":16,"column":25}},"4":{"start":{"line":17,"column":2},"end":{"line":17,"column":27}},"5":{"start":{"line":18,"column":2},"end":{"line":18,"column":21}},"6":{"start":{"line":20,"column":1},"end":{"line":20,"column":59}}},"fnMap":{"0":{"name":"(anonymous_0)","decl":{"start":{"line":10,"column":46},"end":{"line":10,"column":47}},"loc":{"start":{"line":12,"column":66},"end":{"line":21,"column":1}},"line":12},"1":{"name":"(anonymous_1)","decl":{"start":{"line":15,"column":11},"end":{"line":15,"column":12}},"loc":{"start":{"line":15,"column":17},"end":{"line":19,"column":2}},"line":15}},"branchMap":{},"s":{"0":4,"1":2560,"2":2560,"3":1760,"4":1760,"5":1760,"6":2560},"f":{"0":2560,"1":1760},"b":{},"_coverageSchema":"1a1c01bbd47fc00a2c39e90264f33305004495a9","hash":"3613f178e551f151cd0fb7f7a13346b9a5504421"}
,"/home/cyberghost/frontend/commerce-projects/df_boilerplate/src/components/FiltersSearch/FiltersSearchListItem/FiltersSearchListItemUsersInfo/FiltersSearchListItemUsersInfo.jsx": {"path":"/home/cyberghost/frontend/commerce-projects/df_boilerplate/src/components/FiltersSearch/FiltersSearchListItem/FiltersSearchListItemUsersInfo/FiltersSearchListItemUsersInfo.jsx","statementMap":{"0":{"start":{"line":14,"column":39},"end":{"line":31,"column":1}},"1":{"start":{"line":17,"column":1},"end":{"line":30,"column":4}},"2":{"start":{"line":21,"column":5},"end":{"line":25,"column":11}}},"fnMap":{"0":{"name":"(anonymous_0)","decl":{"start":{"line":14,"column":39},"end":{"line":14,"column":40}},"loc":{"start":{"line":17,"column":1},"end":{"line":30,"column":4}},"line":17},"1":{"name":"(anonymous_1)","decl":{"start":{"line":20,"column":25},"end":{"line":20,"column":26}},"loc":{"start":{"line":21,"column":5},"end":{"line":25,"column":11}},"line":21}},"branchMap":{},"s":{"0":4,"1":40,"2":120},"f":{"0":40,"1":120},"b":{},"_coverageSchema":"1a1c01bbd47fc00a2c39e90264f33305004495a9","hash":"9b9d8bf9d8bd39bc84da2f8a242ab5e1ea1765da"}
,"/home/cyberghost/frontend/commerce-projects/df_boilerplate/src/components/FiltersSearch/FiltersSearchListItem/FiltersSearchListItemUsersInfo/FiltersSearchListItemUsersInfoMobile/FiltersSearchListItemUsersInfoMobile.jsx": {"path":"/home/cyberghost/frontend/commerce-projects/df_boilerplate/src/components/FiltersSearch/FiltersSearchListItem/FiltersSearchListItemUsersInfo/FiltersSearchListItemUsersInfoMobile/FiltersSearchListItemUsersInfoMobile.jsx","statementMap":{"0":{"start":{"line":13,"column":45},"end":{"line":27,"column":1}},"1":{"start":{"line":16,"column":1},"end":{"line":26,"column":14}},"2":{"start":{"line":19,"column":4},"end":{"line":23,"column":10}}},"fnMap":{"0":{"name":"(anonymous_0)","decl":{"start":{"line":13,"column":45},"end":{"line":13,"column":46}},"loc":{"start":{"line":16,"column":1},"end":{"line":26,"column":14}},"line":16},"1":{"name":"(anonymous_1)","decl":{"start":{"line":18,"column":24},"end":{"line":18,"column":25}},"loc":{"start":{"line":19,"column":4},"end":{"line":23,"column":10}},"line":19}},"branchMap":{},"s":{"0":4,"1":40,"2":120},"f":{"0":40,"1":120},"b":{},"_coverageSchema":"1a1c01bbd47fc00a2c39e90264f33305004495a9","hash":"37db3ce05f198f13d25d240db44243d31d32a17f"}
,"/home/cyberghost/frontend/commerce-projects/df_boilerplate/src/components/FiltersSearch/FiltersSearchListItem/FiltersSearchListItemUsersInfo/FiltersSearchListItemUsersInfoStatus/FiltersSearchListItemUsersInfoStatus.jsx": {"path":"/home/cyberghost/frontend/commerce-projects/df_boilerplate/src/components/FiltersSearch/FiltersSearchListItem/FiltersSearchListItemUsersInfo/FiltersSearchListItemUsersInfoStatus/FiltersSearchListItemUsersInfoStatus.jsx","statementMap":{"0":{"start":{"line":11,"column":45},"end":{"line":29,"column":1}},"1":{"start":{"line":14,"column":23},"end":{"line":14,"column":48}},"2":{"start":{"line":16,"column":1},"end":{"line":18,"column":30}},"3":{"start":{"line":17,"column":2},"end":{"line":17,"column":25}},"4":{"start":{"line":20,"column":1},"end":{"line":28,"column":3}}},"fnMap":{"0":{"name":"(anonymous_0)","decl":{"start":{"line":11,"column":45},"end":{"line":11,"column":46}},"loc":{"start":{"line":13,"column":65},"end":{"line":29,"column":1}},"line":13},"1":{"name":"(anonymous_1)","decl":{"start":{"line":16,"column":11},"end":{"line":16,"column":12}},"loc":{"start":{"line":16,"column":17},"end":{"line":18,"column":2}},"line":16}},"branchMap":{},"s":{"0":4,"1":192,"2":192,"3":192,"4":192},"f":{"0":192,"1":192},"b":{},"_coverageSchema":"1a1c01bbd47fc00a2c39e90264f33305004495a9","hash":"62db9ddd0ede1e3f2f1537e4c71fabefa7082143"}
,"/home/cyberghost/frontend/commerce-projects/df_boilerplate/src/components/FiltersSearch/FiltersSearchListMobile/FiltersSearchListMobile.jsx": {"path":"/home/cyberghost/frontend/commerce-projects/df_boilerplate/src/components/FiltersSearch/FiltersSearchListMobile/FiltersSearchListMobile.jsx","statementMap":{"0":{"start":{"line":9,"column":32},"end":{"line":41,"column":1}},"1":{"start":{"line":10,"column":39},"end":{"line":10,"column":50}},"2":{"start":{"line":11,"column":20},"end":{"line":11,"column":41}},"3":{"start":{"line":12,"column":22},"end":{"line":12,"column":23}},"4":{"start":{"line":14,"column":20},"end":{"line":14,"column":52}},"5":{"start":{"line":15,"column":18},"end":{"line":15,"column":43}},"6":{"start":{"line":16,"column":22},"end":{"line":16,"column":64}},"7":{"start":{"line":18,"column":1},"end":{"line":40,"column":3}},"8":{"start":{"line":27,"column":5},"end":{"line":27,"column":68}},"9":{"start":{"line":35,"column":26},"end":{"line":35,"column":46}}},"fnMap":{"0":{"name":"(anonymous_0)","decl":{"start":{"line":9,"column":32},"end":{"line":9,"column":33}},"loc":{"start":{"line":9,"column":58},"end":{"line":41,"column":1}},"line":9},"1":{"name":"(anonymous_1)","decl":{"start":{"line":26,"column":22},"end":{"line":26,"column":23}},"loc":{"start":{"line":27,"column":5},"end":{"line":27,"column":68}},"line":27},"2":{"name":"(anonymous_2)","decl":{"start":{"line":35,"column":16},"end":{"line":35,"column":17}},"loc":{"start":{"line":35,"column":26},"end":{"line":35,"column":46}},"line":35}},"branchMap":{},"s":{"0":4,"1":8,"2":8,"3":8,"4":8,"5":8,"6":8,"7":8,"8":40,"9":0},"f":{"0":8,"1":40,"2":0},"b":{},"_coverageSchema":"1a1c01bbd47fc00a2c39e90264f33305004495a9","hash":"cc3f66b39f6f62470bbcf19cff45f1a2a434384d"}
,"/home/cyberghost/frontend/commerce-projects/df_boilerplate/src/components/FiltersSearchWithPreview/FiltersSearchWithPreview.jsx": {"path":"/home/cyberghost/frontend/commerce-projects/df_boilerplate/src/components/FiltersSearchWithPreview/FiltersSearchWithPreview.jsx","statementMap":{"0":{"start":{"line":10,"column":33},"end":{"line":29,"column":1}},"1":{"start":{"line":11,"column":1},"end":{"line":28,"column":4}}},"fnMap":{"0":{"name":"(anonymous_0)","decl":{"start":{"line":10,"column":33},"end":{"line":10,"column":34}},"loc":{"start":{"line":11,"column":1},"end":{"line":28,"column":4}},"line":11}},"branchMap":{},"s":{"0":3,"1":15},"f":{"0":15},"b":{},"_coverageSchema":"1a1c01bbd47fc00a2c39e90264f33305004495a9","hash":"0a092ecbe47e3dba8b491e6c288b7649d55152e7"}
,"/home/cyberghost/frontend/commerce-projects/df_boilerplate/src/components/FiltersSearchWithPreview/FiltersSearchListWithPreviewMobile/FiltersSearchListWithPreviewMobile.jsx": {"path":"/home/cyberghost/frontend/commerce-projects/df_boilerplate/src/components/FiltersSearchWithPreview/FiltersSearchListWithPreviewMobile/FiltersSearchListWithPreviewMobile.jsx","statementMap":{"0":{"start":{"line":7,"column":43},"end":{"line":11,"column":1}},"1":{"start":{"line":8,"column":1},"end":{"line":10,"column":14}}},"fnMap":{"0":{"name":"(anonymous_0)","decl":{"start":{"line":7,"column":43},"end":{"line":7,"column":44}},"loc":{"start":{"line":8,"column":1},"end":{"line":10,"column":14}},"line":8}},"branchMap":{},"s":{"0":3,"1":15},"f":{"0":15},"b":{},"_coverageSchema":"1a1c01bbd47fc00a2c39e90264f33305004495a9","hash":"286909878122e8e4110bc7ec4626a19f902b8c0e"}
,"/home/cyberghost/frontend/commerce-projects/df_boilerplate/src/components/FiltersSearchWithPreview/FiltersSearchWithPreviewGrids/FiltersSearchWithPreviewGrids.jsx": {"path":"/home/cyberghost/frontend/commerce-projects/df_boilerplate/src/components/FiltersSearchWithPreview/FiltersSearchWithPreviewGrids/FiltersSearchWithPreviewGrids.jsx","statementMap":{"0":{"start":{"line":11,"column":38},"end":{"line":21,"column":1}},"1":{"start":{"line":14,"column":1},"end":{"line":20,"column":4}},"2":{"start":{"line":16,"column":3},"end":{"line":18,"column":9}}},"fnMap":{"0":{"name":"(anonymous_0)","decl":{"start":{"line":11,"column":38},"end":{"line":11,"column":39}},"loc":{"start":{"line":14,"column":1},"end":{"line":20,"column":4}},"line":14},"1":{"name":"(anonymous_1)","decl":{"start":{"line":15,"column":16},"end":{"line":15,"column":17}},"loc":{"start":{"line":16,"column":3},"end":{"line":18,"column":9}},"line":16}},"branchMap":{},"s":{"0":3,"1":10,"2":50},"f":{"0":10,"1":50},"b":{},"_coverageSchema":"1a1c01bbd47fc00a2c39e90264f33305004495a9","hash":"14ce304b41f5f8cb22a8100f2faa797cc42255dd"}
,"/home/cyberghost/frontend/commerce-projects/df_boilerplate/src/components/FiltersSearchWithPreview/FiltersSearchWithPreviewGrids/FiltersSearchWithPreviewGridsItem/FiltersSearchWithPreviewGridsItem.jsx": {"path":"/home/cyberghost/frontend/commerce-projects/df_boilerplate/src/components/FiltersSearchWithPreview/FiltersSearchWithPreviewGrids/FiltersSearchWithPreviewGridsItem/FiltersSearchWithPreviewGridsItem.jsx","statementMap":{"0":{"start":{"line":12,"column":42},"end":{"line":24,"column":1}},"1":{"start":{"line":15,"column":1},"end":{"line":23,"column":4}},"2":{"start":{"line":17,"column":3},"end":{"line":21,"column":9}}},"fnMap":{"0":{"name":"(anonymous_0)","decl":{"start":{"line":12,"column":42},"end":{"line":12,"column":43}},"loc":{"start":{"line":15,"column":1},"end":{"line":23,"column":4}},"line":15},"1":{"name":"(anonymous_1)","decl":{"start":{"line":16,"column":27},"end":{"line":16,"column":28}},"loc":{"start":{"line":17,"column":3},"end":{"line":21,"column":9}},"line":17}},"branchMap":{},"s":{"0":3,"1":50,"2":800},"f":{"0":50,"1":800},"b":{},"_coverageSchema":"1a1c01bbd47fc00a2c39e90264f33305004495a9","hash":"ec363369407f3a72060afe4efd787a2f5a26ddef"}
,"/home/cyberghost/frontend/commerce-projects/df_boilerplate/src/components/FiltersSearchWithPreview/FiltersSearchWithPreviewLeft/FiltersSearchWithPreviewLeft.jsx": {"path":"/home/cyberghost/frontend/commerce-projects/df_boilerplate/src/components/FiltersSearchWithPreview/FiltersSearchWithPreviewLeft/FiltersSearchWithPreviewLeft.jsx","statementMap":{"0":{"start":{"line":8,"column":37},"end":{"line":44,"column":1}},"1":{"start":{"line":9,"column":39},"end":{"line":9,"column":50}},"2":{"start":{"line":10,"column":20},"end":{"line":10,"column":41}},"3":{"start":{"line":11,"column":22},"end":{"line":11,"column":23}},"4":{"start":{"line":12,"column":20},"end":{"line":12,"column":52}},"5":{"start":{"line":13,"column":18},"end":{"line":13,"column":43}},"6":{"start":{"line":14,"column":22},"end":{"line":14,"column":64}},"7":{"start":{"line":16,"column":1},"end":{"line":43,"column":3}},"8":{"start":{"line":39,"column":25},"end":{"line":39,"column":45}}},"fnMap":{"0":{"name":"(anonymous_0)","decl":{"start":{"line":8,"column":37},"end":{"line":8,"column":38}},"loc":{"start":{"line":8,"column":63},"end":{"line":44,"column":1}},"line":8},"1":{"name":"(anonymous_1)","decl":{"start":{"line":39,"column":15},"end":{"line":39,"column":16}},"loc":{"start":{"line":39,"column":25},"end":{"line":39,"column":45}},"line":39}},"branchMap":{},"s":{"0":3,"1":10,"2":10,"3":10,"4":10,"5":10,"6":10,"7":10,"8":0},"f":{"0":10,"1":0},"b":{},"_coverageSchema":"1a1c01bbd47fc00a2c39e90264f33305004495a9","hash":"9628b454bf146b41267582781aaa6c4ffb90a58f"}
,"/home/cyberghost/frontend/commerce-projects/df_boilerplate/src/components/FiltersSearchWithPreview/FiltersSearchWithPreviewRight/FiltersSearchWithPreviewRight.jsx": {"path":"/home/cyberghost/frontend/commerce-projects/df_boilerplate/src/components/FiltersSearchWithPreview/FiltersSearchWithPreviewRight/FiltersSearchWithPreviewRight.jsx","statementMap":{"0":{"start":{"line":6,"column":38},"end":{"line":19,"column":1}},"1":{"start":{"line":7,"column":1},"end":{"line":18,"column":8}}},"fnMap":{"0":{"name":"(anonymous_0)","decl":{"start":{"line":6,"column":38},"end":{"line":6,"column":39}},"loc":{"start":{"line":7,"column":1},"end":{"line":18,"column":8}},"line":7}},"branchMap":{},"s":{"0":3,"1":10},"f":{"0":10},"b":{},"_coverageSchema":"1a1c01bbd47fc00a2c39e90264f33305004495a9","hash":"d4a8fe403ad538c08e5422ce22eade483bfa7219"}
,"/home/cyberghost/frontend/commerce-projects/df_boilerplate/src/components/OrdersList/OrdersList.jsx": {"path":"/home/cyberghost/frontend/commerce-projects/df_boilerplate/src/components/OrdersList/OrdersList.jsx","statementMap":{"0":{"start":{"line":7,"column":19},"end":{"line":9,"column":1}},"1":{"start":{"line":8,"column":1},"end":{"line":8,"column":39}}},"fnMap":{"0":{"name":"(anonymous_0)","decl":{"start":{"line":7,"column":19},"end":{"line":7,"column":20}},"loc":{"start":{"line":8,"column":1},"end":{"line":8,"column":39}},"line":8}},"branchMap":{},"s":{"0":1,"1":3},"f":{"0":3},"b":{},"_coverageSchema":"1a1c01bbd47fc00a2c39e90264f33305004495a9","hash":"70d96bde8d5434b9f4abad0308dd498bdbe1a359"}
,"/home/cyberghost/frontend/commerce-projects/df_boilerplate/src/components/OrdersList/OrdersList.styles.js": {"path":"/home/cyberghost/frontend/commerce-projects/df_boilerplate/src/components/OrdersList/OrdersList.styles.js","statementMap":{"0":{"start":{"line":4,"column":31},"end":{"line":6,"column":1}},"1":{"start":{"line":8,"column":26},"end":{"line":21,"column":1}}},"fnMap":{},"branchMap":{},"s":{"0":1,"1":1},"f":{},"b":{},"_coverageSchema":"1a1c01bbd47fc00a2c39e90264f33305004495a9","hash":"52ae7cc69746e1ea4199294ef9f4aa39191f3b8f"}
,"/home/cyberghost/frontend/commerce-projects/df_boilerplate/src/components/OrdersList/OrdersDiffHistory/OrdersDiffHistory.jsx": {"path":"/home/cyberghost/frontend/commerce-projects/df_boilerplate/src/components/OrdersList/OrdersDiffHistory/OrdersDiffHistory.jsx","statementMap":{"0":{"start":{"line":9,"column":26},"end":{"line":32,"column":1}},"1":{"start":{"line":10,"column":1},"end":{"line":31,"column":4}}},"fnMap":{"0":{"name":"(anonymous_0)","decl":{"start":{"line":9,"column":26},"end":{"line":9,"column":27}},"loc":{"start":{"line":10,"column":1},"end":{"line":31,"column":4}},"line":10}},"branchMap":{},"s":{"0":1,"1":0},"f":{"0":0},"b":{},"_coverageSchema":"1a1c01bbd47fc00a2c39e90264f33305004495a9","hash":"0b39aa4ba278e7162803287e2be8bff59af8b095"}
,"/home/cyberghost/frontend/commerce-projects/df_boilerplate/src/components/OrdersList/OrdersDiffHistory/OrdersDiffHistoryLeft/OrdersDiffHistoryLeft.jsx": {"path":"/home/cyberghost/frontend/commerce-projects/df_boilerplate/src/components/OrdersList/OrdersDiffHistory/OrdersDiffHistoryLeft/OrdersDiffHistoryLeft.jsx","statementMap":{"0":{"start":{"line":7,"column":30},"end":{"line":38,"column":1}},"1":{"start":{"line":8,"column":1},"end":{"line":37,"column":7}}},"fnMap":{"0":{"name":"(anonymous_0)","decl":{"start":{"line":7,"column":30},"end":{"line":7,"column":31}},"loc":{"start":{"line":8,"column":1},"end":{"line":37,"column":7}},"line":8}},"branchMap":{},"s":{"0":1,"1":0},"f":{"0":0},"b":{},"_coverageSchema":"1a1c01bbd47fc00a2c39e90264f33305004495a9","hash":"7820c343c36a13c6bccc97aaffe4cbf2b3db482f"}
,"/home/cyberghost/frontend/commerce-projects/df_boilerplate/src/components/OrdersList/OrdersDiffHistory/OrdersDiffHistoryRight/OrdersDiffHistoryRight.jsx": {"path":"/home/cyberghost/frontend/commerce-projects/df_boilerplate/src/components/OrdersList/OrdersDiffHistory/OrdersDiffHistoryRight/OrdersDiffHistoryRight.jsx","statementMap":{"0":{"start":{"line":7,"column":31},"end":{"line":38,"column":1}},"1":{"start":{"line":8,"column":1},"end":{"line":37,"column":7}}},"fnMap":{"0":{"name":"(anonymous_0)","decl":{"start":{"line":7,"column":31},"end":{"line":7,"column":32}},"loc":{"start":{"line":8,"column":1},"end":{"line":37,"column":7}},"line":8}},"branchMap":{},"s":{"0":1,"1":0},"f":{"0":0},"b":{},"_coverageSchema":"1a1c01bbd47fc00a2c39e90264f33305004495a9","hash":"84d12f8b1f199c8a2a821bab29e213008d90db10"}
,"/home/cyberghost/frontend/commerce-projects/df_boilerplate/src/components/OrdersList/OrdersListTabsItems/OrdersListTabsItems.js": {"path":"/home/cyberghost/frontend/commerce-projects/df_boilerplate/src/components/OrdersList/OrdersListTabsItems/OrdersListTabsItems.js","statementMap":{"0":{"start":{"line":5,"column":31},"end":{"line":56,"column":1}}},"fnMap":{},"branchMap":{},"s":{"0":1},"f":{},"b":{},"_coverageSchema":"1a1c01bbd47fc00a2c39e90264f33305004495a9","hash":"0ddbd73095b9b8979e035d3a7ce06648938e4a31"}
,"/home/cyberghost/frontend/commerce-projects/df_boilerplate/src/components/StatusContainer/StatusContainer.jsx": {"path":"/home/cyberghost/frontend/commerce-projects/df_boilerplate/src/components/StatusContainer/StatusContainer.jsx","statementMap":{"0":{"start":{"line":16,"column":24},"end":{"line":36,"column":1}},"1":{"start":{"line":19,"column":1},"end":{"line":35,"column":18}},"2":{"start":{"line":22,"column":4},"end":{"line":32,"column":10}}},"fnMap":{"0":{"name":"(anonymous_0)","decl":{"start":{"line":16,"column":24},"end":{"line":16,"column":25}},"loc":{"start":{"line":19,"column":1},"end":{"line":35,"column":18}},"line":19},"1":{"name":"(anonymous_1)","decl":{"start":{"line":21,"column":4},"end":{"line":21,"column":5}},"loc":{"start":{"line":22,"column":4},"end":{"line":32,"column":10}},"line":22}},"branchMap":{"0":{"loc":{"start":{"line":23,"column":6},"end":{"line":25,"column":6}},"type":"binary-expr","locations":[{"start":{"line":23,"column":6},"end":{"line":23,"column":29}},{"start":{"line":24,"column":6},"end":{"line":24,"column":71}}],"line":23},"1":{"loc":{"start":{"line":26,"column":6},"end":{"line":28,"column":6}},"type":"binary-expr","locations":[{"start":{"line":26,"column":6},"end":{"line":26,"column":26}},{"start":{"line":27,"column":6},"end":{"line":27,"column":59}}],"line":26},"2":{"loc":{"start":{"line":29,"column":6},"end":{"line":31,"column":6}},"type":"binary-expr","locations":[{"start":{"line":29,"column":6},"end":{"line":29,"column":26}},{"start":{"line":30,"column":6},"end":{"line":30,"column":65}}],"line":29}},"s":{"0":5,"1":1552,"2":2904},"f":{"0":1552,"1":2904},"b":{"0":[2904,328],"1":[2904,242],"2":[2904,2334]},"_coverageSchema":"1a1c01bbd47fc00a2c39e90264f33305004495a9","hash":"45d4a2c7dfbeaf9fbca3c5c034c1e3bb37f945bf"}
,"/home/cyberghost/frontend/commerce-projects/df_boilerplate/src/components/StatusContainer/StatusContainer.styles.js": {"path":"/home/cyberghost/frontend/commerce-projects/df_boilerplate/src/components/StatusContainer/StatusContainer.styles.js","statementMap":{"0":{"start":{"line":4,"column":35},"end":{"line":10,"column":1}},"1":{"start":{"line":12,"column":32},"end":{"line":17,"column":1}},"2":{"start":{"line":19,"column":32},"end":{"line":25,"column":1}},"3":{"start":{"line":27,"column":39},"end":{"line":31,"column":1}},"4":{"start":{"line":33,"column":39},"end":{"line":37,"column":1}}},"fnMap":{},"branchMap":{},"s":{"0":5,"1":5,"2":5,"3":5,"4":5},"f":{},"b":{},"_coverageSchema":"1a1c01bbd47fc00a2c39e90264f33305004495a9","hash":"68ca034c6d3a995e69cf0ed32c6be707517b5fab"}
,"/home/cyberghost/frontend/commerce-projects/df_boilerplate/src/components/StatusContainer/StatusChanged/StatusChanged.jsx": {"path":"/home/cyberghost/frontend/commerce-projects/df_boilerplate/src/components/StatusContainer/StatusChanged/StatusChanged.jsx","statementMap":{"0":{"start":{"line":13,"column":22},"end":{"line":65,"column":1}},"1":{"start":{"line":17,"column":1},"end":{"line":64,"column":20}}},"fnMap":{"0":{"name":"(anonymous_0)","decl":{"start":{"line":13,"column":22},"end":{"line":13,"column":23}},"loc":{"start":{"line":17,"column":1},"end":{"line":64,"column":20}},"line":17}},"branchMap":{"0":{"loc":{"start":{"line":18,"column":3},"end":{"line":38,"column":3}},"type":"binary-expr","locations":[{"start":{"line":18,"column":3},"end":{"line":18,"column":7}},{"start":{"line":19,"column":3},"end":{"line":37,"column":10}}],"line":18}},"s":{"0":5,"1":242},"f":{"0":242},"b":{"0":[242,160]},"_coverageSchema":"1a1c01bbd47fc00a2c39e90264f33305004495a9","hash":"8d4d5fc3355c17b16350f8b6cb3d8a7d4cc6104e"}
,"/home/cyberghost/frontend/commerce-projects/df_boilerplate/src/components/StatusContainer/StatusUnmodified/StatusUnmodified.jsx": {"path":"/home/cyberghost/frontend/commerce-projects/df_boilerplate/src/components/StatusContainer/StatusUnmodified/StatusUnmodified.jsx","statementMap":{"0":{"start":{"line":13,"column":25},"end":{"line":51,"column":1}},"1":{"start":{"line":17,"column":1},"end":{"line":50,"column":23}}},"fnMap":{"0":{"name":"(anonymous_0)","decl":{"start":{"line":13,"column":25},"end":{"line":13,"column":26}},"loc":{"start":{"line":17,"column":1},"end":{"line":50,"column":23}},"line":17}},"branchMap":{"0":{"loc":{"start":{"line":33,"column":4},"end":{"line":39,"column":4}},"type":"binary-expr","locations":[{"start":{"line":33,"column":4},"end":{"line":33,"column":15}},{"start":{"line":34,"column":4},"end":{"line":38,"column":6}}],"line":33}},"s":{"0":5,"1":328},"f":{"0":328},"b":{"0":[328,320]},"_coverageSchema":"1a1c01bbd47fc00a2c39e90264f33305004495a9","hash":"e663f9e10ab1ecd2ca95ce844da50af56e5bf18b"}
,"/home/cyberghost/frontend/commerce-projects/df_boilerplate/src/components/StatusContainer/StatusUpdated/StatusUpdated.jsx": {"path":"/home/cyberghost/frontend/commerce-projects/df_boilerplate/src/components/StatusContainer/StatusUpdated/StatusUpdated.jsx","statementMap":{"0":{"start":{"line":19,"column":22},"end":{"line":67,"column":1}},"1":{"start":{"line":23,"column":1},"end":{"line":66,"column":20}}},"fnMap":{"0":{"name":"(anonymous_0)","decl":{"start":{"line":19,"column":22},"end":{"line":19,"column":23}},"loc":{"start":{"line":23,"column":1},"end":{"line":66,"column":20}},"line":23}},"branchMap":{"0":{"loc":{"start":{"line":49,"column":4},"end":{"line":55,"column":4}},"type":"binary-expr","locations":[{"start":{"line":49,"column":4},"end":{"line":49,"column":15}},{"start":{"line":50,"column":4},"end":{"line":54,"column":6}}],"line":49}},"s":{"0":5,"1":2334},"f":{"0":2334},"b":{"0":[2334,720]},"_coverageSchema":"1a1c01bbd47fc00a2c39e90264f33305004495a9","hash":"540958878414f6c26e65842d7184d3472af0871b"}
,"/home/cyberghost/frontend/commerce-projects/df_boilerplate/src/components/TimeWidgetsPanel/TimeWidgetsPanel.jsx": {"path":"/home/cyberghost/frontend/commerce-projects/df_boilerplate/src/components/TimeWidgetsPanel/TimeWidgetsPanel.jsx","statementMap":{"0":{"start":{"line":19,"column":18},"end":{"line":24,"column":1}},"1":{"start":{"line":26,"column":25},"end":{"line":52,"column":1}},"2":{"start":{"line":27,"column":1},"end":{"line":51,"column":13}}},"fnMap":{"0":{"name":"(anonymous_0)","decl":{"start":{"line":26,"column":25},"end":{"line":26,"column":26}},"loc":{"start":{"line":27,"column":1},"end":{"line":51,"column":13}},"line":27}},"branchMap":{},"s":{"0":1,"1":1,"2":3},"f":{"0":3},"b":{},"_coverageSchema":"1a1c01bbd47fc00a2c39e90264f33305004495a9","hash":"f755756e34e5691ff1d6519198f8e790ae147f2f"}
,"/home/cyberghost/frontend/commerce-projects/df_boilerplate/src/components/TimeWidgetsPanel/PersonWidget/PersonWidget.jsx": {"path":"/home/cyberghost/frontend/commerce-projects/df_boilerplate/src/components/TimeWidgetsPanel/PersonWidget/PersonWidget.jsx","statementMap":{"0":{"start":{"line":12,"column":21},"end":{"line":73,"column":1}},"1":{"start":{"line":16,"column":18},"end":{"line":16,"column":28}},"2":{"start":{"line":17,"column":18},"end":{"line":19,"column":3}},"3":{"start":{"line":21,"column":1},"end":{"line":72,"column":3}}},"fnMap":{"0":{"name":"(anonymous_0)","decl":{"start":{"line":12,"column":21},"end":{"line":12,"column":22}},"loc":{"start":{"line":15,"column":46},"end":{"line":73,"column":1}},"line":15}},"branchMap":{"0":{"loc":{"start":{"line":33,"column":9},"end":{"line":33,"column":42}},"type":"binary-expr","locations":[{"start":{"line":33,"column":9},"end":{"line":33,"column":17}},{"start":{"line":33,"column":21},"end":{"line":33,"column":42}}],"line":33}},"s":{"0":1,"1":6,"2":6,"3":6},"f":{"0":6},"b":{"0":[6,2]},"_coverageSchema":"1a1c01bbd47fc00a2c39e90264f33305004495a9","hash":"0a624d482973a76cbe32c675df8c0d99d6a22754"}
,"/home/cyberghost/frontend/commerce-projects/df_boilerplate/src/components/TimeWidgetsPanel/TextFieldWidget/TextFieldWidget.jsx": {"path":"/home/cyberghost/frontend/commerce-projects/df_boilerplate/src/components/TimeWidgetsPanel/TextFieldWidget/TextFieldWidget.jsx","statementMap":{"0":{"start":{"line":11,"column":22},"end":{"line":11,"column":32}},"1":{"start":{"line":12,"column":24},"end":{"line":19,"column":1}},"2":{"start":{"line":21,"column":24},"end":{"line":34,"column":1}},"3":{"start":{"line":24,"column":1},"end":{"line":33,"column":7}}},"fnMap":{"0":{"name":"(anonymous_0)","decl":{"start":{"line":21,"column":24},"end":{"line":21,"column":25}},"loc":{"start":{"line":24,"column":1},"end":{"line":33,"column":7}},"line":24}},"branchMap":{},"s":{"0":1,"1":1,"2":1,"3":12},"f":{"0":12},"b":{},"_coverageSchema":"1a1c01bbd47fc00a2c39e90264f33305004495a9","hash":"8a48fe056ad987befdffd2ab2d21904ee10af2d3"}
,"/home/cyberghost/frontend/commerce-projects/df_boilerplate/src/components/TimeWidgetsPanel/TimeWidgets1/TimeWidgets1.jsx": {"path":"/home/cyberghost/frontend/commerce-projects/df_boilerplate/src/components/TimeWidgetsPanel/TimeWidgets1/TimeWidgets1.jsx","statementMap":{"0":{"start":{"line":11,"column":23},"end":{"line":62,"column":1}},"1":{"start":{"line":12,"column":18},"end":{"line":12,"column":28}},"2":{"start":{"line":13,"column":1},"end":{"line":61,"column":3}},"3":{"start":{"line":34,"column":7},"end":{"line":34,"column":36}}},"fnMap":{"0":{"name":"(anonymous_0)","decl":{"start":{"line":11,"column":23},"end":{"line":11,"column":24}},"loc":{"start":{"line":11,"column":77},"end":{"line":62,"column":1}},"line":11},"1":{"name":"(anonymous_1)","decl":{"start":{"line":32,"column":27},"end":{"line":32,"column":28}},"loc":{"start":{"line":34,"column":7},"end":{"line":34,"column":36}},"line":34}},"branchMap":{},"s":{"0":1,"1":3,"2":3,"3":9},"f":{"0":3,"1":9},"b":{},"_coverageSchema":"1a1c01bbd47fc00a2c39e90264f33305004495a9","hash":"b58b51ded6ce9d96a2093b7030e6ca30d1f17619"}
,"/home/cyberghost/frontend/commerce-projects/df_boilerplate/src/components/TimeWidgetsPanel/TimeWidgets1/TimeWidgets1SM/TimeWidgets1SM.jsx": {"path":"/home/cyberghost/frontend/commerce-projects/df_boilerplate/src/components/TimeWidgetsPanel/TimeWidgets1/TimeWidgets1SM/TimeWidgets1SM.jsx","statementMap":{"0":{"start":{"line":11,"column":23},"end":{"line":55,"column":1}},"1":{"start":{"line":12,"column":18},"end":{"line":12,"column":28}},"2":{"start":{"line":14,"column":1},"end":{"line":54,"column":3}},"3":{"start":{"line":28,"column":6},"end":{"line":28,"column":35}}},"fnMap":{"0":{"name":"(anonymous_0)","decl":{"start":{"line":11,"column":23},"end":{"line":11,"column":24}},"loc":{"start":{"line":11,"column":79},"end":{"line":55,"column":1}},"line":11},"1":{"name":"(anonymous_1)","decl":{"start":{"line":26,"column":26},"end":{"line":26,"column":27}},"loc":{"start":{"line":28,"column":6},"end":{"line":28,"column":35}},"line":28}},"branchMap":{},"s":{"0":1,"1":3,"2":3,"3":9},"f":{"0":3,"1":9},"b":{},"_coverageSchema":"1a1c01bbd47fc00a2c39e90264f33305004495a9","hash":"e2277b3d15f538e83b7811ff77aeca1f72cbc934"}
,"/home/cyberghost/frontend/commerce-projects/df_boilerplate/src/components/TimeWidgetsPanel/TimeWidgets2/TimeWidgets2.jsx": {"path":"/home/cyberghost/frontend/commerce-projects/df_boilerplate/src/components/TimeWidgetsPanel/TimeWidgets2/TimeWidgets2.jsx","statementMap":{"0":{"start":{"line":17,"column":21},"end":{"line":42,"column":1}},"1":{"start":{"line":18,"column":28},"end":{"line":18,"column":43}},"2":{"start":{"line":19,"column":1},"end":{"line":41,"column":3}}},"fnMap":{"0":{"name":"(anonymous_0)","decl":{"start":{"line":17,"column":21},"end":{"line":17,"column":22}},"loc":{"start":{"line":17,"column":79},"end":{"line":42,"column":1}},"line":17}},"branchMap":{"0":{"loc":{"start":{"line":27,"column":9},"end":{"line":31,"column":9}},"type":"cond-expr","locations":[{"start":{"line":28,"column":9},"end":{"line":28,"column":42}},{"start":{"line":30,"column":9},"end":{"line":30,"column":33}}],"line":27}},"s":{"0":1,"1":3,"2":3},"f":{"0":3},"b":{"0":[0,3]},"_coverageSchema":"1a1c01bbd47fc00a2c39e90264f33305004495a9","hash":"b83ab1ff8d2cf192abe90cf51d6d733a967495a2"}
,"/home/cyberghost/frontend/commerce-projects/df_boilerplate/src/components/TimeWidgetsPanel/TimeWidgets2/TimeWidgets2MD/TimeWidgets2MD.jsx": {"path":"/home/cyberghost/frontend/commerce-projects/df_boilerplate/src/components/TimeWidgetsPanel/TimeWidgets2/TimeWidgets2MD/TimeWidgets2MD.jsx","statementMap":{"0":{"start":{"line":15,"column":23},"end":{"line":47,"column":1}},"1":{"start":{"line":18,"column":28},"end":{"line":18,"column":43}},"2":{"start":{"line":20,"column":1},"end":{"line":46,"column":3}}},"fnMap":{"0":{"name":"(anonymous_0)","decl":{"start":{"line":15,"column":23},"end":{"line":15,"column":24}},"loc":{"start":{"line":17,"column":48},"end":{"line":47,"column":1}},"line":17}},"branchMap":{"0":{"loc":{"start":{"line":35,"column":8},"end":{"line":39,"column":8}},"type":"cond-expr","locations":[{"start":{"line":36,"column":8},"end":{"line":36,"column":41}},{"start":{"line":38,"column":8},"end":{"line":38,"column":32}}],"line":35}},"s":{"0":1,"1":3,"2":3},"f":{"0":3},"b":{"0":[0,3]},"_coverageSchema":"1a1c01bbd47fc00a2c39e90264f33305004495a9","hash":"926224f0ba203be3f66adda8c3729260596aa6bc"}
,"/home/cyberghost/frontend/commerce-projects/df_boilerplate/src/components/TimeWidgetsPanel/TimeWidgets2/TimeWidgets2SM/TimeWidgets2SM.jsx": {"path":"/home/cyberghost/frontend/commerce-projects/df_boilerplate/src/components/TimeWidgetsPanel/TimeWidgets2/TimeWidgets2SM/TimeWidgets2SM.jsx","statementMap":{"0":{"start":{"line":9,"column":23},"end":{"line":96,"column":1}},"1":{"start":{"line":10,"column":18},"end":{"line":10,"column":28}},"2":{"start":{"line":11,"column":28},"end":{"line":11,"column":43}},"3":{"start":{"line":13,"column":1},"end":{"line":95,"column":3}}},"fnMap":{"0":{"name":"(anonymous_0)","decl":{"start":{"line":9,"column":23},"end":{"line":9,"column":24}},"loc":{"start":{"line":9,"column":49},"end":{"line":96,"column":1}},"line":9}},"branchMap":{"0":{"loc":{"start":{"line":79,"column":8},"end":{"line":88,"column":8}},"type":"cond-expr","locations":[{"start":{"line":80,"column":8},"end":{"line":80,"column":41}},{"start":{"line":82,"column":8},"end":{"line":87,"column":10}}],"line":79}},"s":{"0":1,"1":3,"2":3,"3":3},"f":{"0":3},"b":{"0":[0,3]},"_coverageSchema":"1a1c01bbd47fc00a2c39e90264f33305004495a9","hash":"70b025cea1604af85fa597136c658b4b93188ac8"}
,"/home/cyberghost/frontend/commerce-projects/df_boilerplate/src/components/TimeWidgetsPanel/TimeWidgets3/TimeWidgets3.jsx": {"path":"/home/cyberghost/frontend/commerce-projects/df_boilerplate/src/components/TimeWidgetsPanel/TimeWidgets3/TimeWidgets3.jsx","statementMap":{"0":{"start":{"line":10,"column":21},"end":{"line":14,"column":1}},"1":{"start":{"line":11,"column":1},"end":{"line":13,"column":7}}},"fnMap":{"0":{"name":"(anonymous_0)","decl":{"start":{"line":10,"column":21},"end":{"line":10,"column":22}},"loc":{"start":{"line":11,"column":1},"end":{"line":13,"column":7}},"line":11}},"branchMap":{},"s":{"0":1,"1":3},"f":{"0":3},"b":{},"_coverageSchema":"1a1c01bbd47fc00a2c39e90264f33305004495a9","hash":"f266edd67aca37b84a31c4896b01abd86a4c0349"}
,"/home/cyberghost/frontend/commerce-projects/df_boilerplate/src/components/TimeWidgetsPanel/TimeWidgets4/TimeWidgets4.jsx": {"path":"/home/cyberghost/frontend/commerce-projects/df_boilerplate/src/components/TimeWidgetsPanel/TimeWidgets4/TimeWidgets4.jsx","statementMap":{"0":{"start":{"line":14,"column":21},"end":{"line":44,"column":1}},"1":{"start":{"line":15,"column":1},"end":{"line":43,"column":4}}},"fnMap":{"0":{"name":"(anonymous_0)","decl":{"start":{"line":14,"column":21},"end":{"line":14,"column":22}},"loc":{"start":{"line":15,"column":1},"end":{"line":43,"column":4}},"line":15}},"branchMap":{},"s":{"0":1,"1":3},"f":{"0":3},"b":{},"_coverageSchema":"1a1c01bbd47fc00a2c39e90264f33305004495a9","hash":"f7c08adb09b71f34f8bab9e9277f3c985109e208"}
,"/home/cyberghost/frontend/commerce-projects/df_boilerplate/src/components/TimeWidgetsPanel/TimeWidgets4/TimeWidgets4SmToLg/TimeWidgets4SmToLg.jsx": {"path":"/home/cyberghost/frontend/commerce-projects/df_boilerplate/src/components/TimeWidgetsPanel/TimeWidgets4/TimeWidgets4SmToLg/TimeWidgets4SmToLg.jsx","statementMap":{"0":{"start":{"line":12,"column":27},"end":{"line":45,"column":1}},"1":{"start":{"line":15,"column":1},"end":{"line":44,"column":14}}},"fnMap":{"0":{"name":"(anonymous_0)","decl":{"start":{"line":12,"column":27},"end":{"line":12,"column":28}},"loc":{"start":{"line":15,"column":1},"end":{"line":44,"column":14}},"line":15}},"branchMap":{},"s":{"0":1,"1":3},"f":{"0":3},"b":{},"_coverageSchema":"1a1c01bbd47fc00a2c39e90264f33305004495a9","hash":"050043e30280304d9ac0f4356ba6188e25be44bd"}
,"/home/cyberghost/frontend/commerce-projects/df_boilerplate/src/components/TimeWidgetsPanel/TimeWidgets5/TimeWidgets5.jsx": {"path":"/home/cyberghost/frontend/commerce-projects/df_boilerplate/src/components/TimeWidgetsPanel/TimeWidgets5/TimeWidgets5.jsx","statementMap":{"0":{"start":{"line":14,"column":21},"end":{"line":49,"column":1}},"1":{"start":{"line":15,"column":1},"end":{"line":48,"column":4}}},"fnMap":{"0":{"name":"(anonymous_0)","decl":{"start":{"line":14,"column":21},"end":{"line":14,"column":22}},"loc":{"start":{"line":15,"column":1},"end":{"line":48,"column":4}},"line":15}},"branchMap":{},"s":{"0":1,"1":3},"f":{"0":3},"b":{},"_coverageSchema":"1a1c01bbd47fc00a2c39e90264f33305004495a9","hash":"f94ee57cfa2428e43a4b47c8780b9d98cff63a2d"}
,"/home/cyberghost/frontend/commerce-projects/df_boilerplate/src/components/TimeWidgetsPanel/TimeWidgets5/TimeWidgets5SmToLG/TimeWidgets5SmToLG.jsx": {"path":"/home/cyberghost/frontend/commerce-projects/df_boilerplate/src/components/TimeWidgetsPanel/TimeWidgets5/TimeWidgets5SmToLG/TimeWidgets5SmToLG.jsx","statementMap":{"0":{"start":{"line":13,"column":27},"end":{"line":43,"column":1}},"1":{"start":{"line":16,"column":1},"end":{"line":42,"column":14}}},"fnMap":{"0":{"name":"(anonymous_0)","decl":{"start":{"line":13,"column":27},"end":{"line":13,"column":28}},"loc":{"start":{"line":16,"column":1},"end":{"line":42,"column":14}},"line":16}},"branchMap":{},"s":{"0":1,"1":3},"f":{"0":3},"b":{},"_coverageSchema":"1a1c01bbd47fc00a2c39e90264f33305004495a9","hash":"9b4f9588b298ed577f0416db4e916e42498aec4c"}
,"/home/cyberghost/frontend/commerce-projects/df_boilerplate/src/components/TimeWidgetsPanel/TimeWidgets6/TimeWidgets6.jsx": {"path":"/home/cyberghost/frontend/commerce-projects/df_boilerplate/src/components/TimeWidgetsPanel/TimeWidgets6/TimeWidgets6.jsx","statementMap":{"0":{"start":{"line":10,"column":23},"end":{"line":12,"column":1}},"1":{"start":{"line":18,"column":21},"end":{"line":66,"column":1}},"2":{"start":{"line":19,"column":1},"end":{"line":65,"column":4}}},"fnMap":{"0":{"name":"(anonymous_0)","decl":{"start":{"line":18,"column":21},"end":{"line":18,"column":22}},"loc":{"start":{"line":19,"column":1},"end":{"line":65,"column":4}},"line":19}},"branchMap":{},"s":{"0":1,"1":1,"2":3},"f":{"0":3},"b":{},"_coverageSchema":"1a1c01bbd47fc00a2c39e90264f33305004495a9","hash":"4445ac879428e7fb607eb3fbcb0f7a71e4f9c7a2"}
,"/home/cyberghost/frontend/commerce-projects/df_boilerplate/src/components/TimeWidgetsPanel/TimeWidgets6/TimeWidgets6SmToLg/TimeWidgets6SmToLg.jsx": {"path":"/home/cyberghost/frontend/commerce-projects/df_boilerplate/src/components/TimeWidgetsPanel/TimeWidgets6/TimeWidgets6SmToLg/TimeWidgets6SmToLg.jsx","statementMap":{"0":{"start":{"line":9,"column":23},"end":{"line":11,"column":1}},"1":{"start":{"line":17,"column":27},"end":{"line":64,"column":1}},"2":{"start":{"line":20,"column":1},"end":{"line":63,"column":14}}},"fnMap":{"0":{"name":"(anonymous_0)","decl":{"start":{"line":17,"column":27},"end":{"line":17,"column":28}},"loc":{"start":{"line":20,"column":1},"end":{"line":63,"column":14}},"line":20}},"branchMap":{},"s":{"0":1,"1":1,"2":3},"f":{"0":3},"b":{},"_coverageSchema":"1a1c01bbd47fc00a2c39e90264f33305004495a9","hash":"9e0e00f85188b59059369becb9eaa23ed3a78886"}
,"/home/cyberghost/frontend/commerce-projects/df_boilerplate/src/components/TimeWidgetsPanel/TimeWidgets7/TimeWidgets7.jsx": {"path":"/home/cyberghost/frontend/commerce-projects/df_boilerplate/src/components/TimeWidgetsPanel/TimeWidgets7/TimeWidgets7.jsx","statementMap":{"0":{"start":{"line":17,"column":21},"end":{"line":62,"column":1}},"1":{"start":{"line":18,"column":1},"end":{"line":61,"column":4}}},"fnMap":{"0":{"name":"(anonymous_0)","decl":{"start":{"line":17,"column":21},"end":{"line":17,"column":22}},"loc":{"start":{"line":18,"column":1},"end":{"line":61,"column":4}},"line":18}},"branchMap":{},"s":{"0":1,"1":3},"f":{"0":3},"b":{},"_coverageSchema":"1a1c01bbd47fc00a2c39e90264f33305004495a9","hash":"1b65b7a1e7f7ecdb97df4f5b80fa9ee9a1f36fbd"}
,"/home/cyberghost/frontend/commerce-projects/df_boilerplate/src/components/TimeWidgetsPanel/TimeWidgets7/TimeWidgets7LG/TimeWidgets7LG.jsx": {"path":"/home/cyberghost/frontend/commerce-projects/df_boilerplate/src/components/TimeWidgetsPanel/TimeWidgets7/TimeWidgets7LG/TimeWidgets7LG.jsx","statementMap":{"0":{"start":{"line":13,"column":22},"end":{"line":58,"column":1}},"1":{"start":{"line":16,"column":1},"end":{"line":57,"column":14}}},"fnMap":{"0":{"name":"(anonymous_0)","decl":{"start":{"line":13,"column":22},"end":{"line":13,"column":23}},"loc":{"start":{"line":16,"column":1},"end":{"line":57,"column":14}},"line":16}},"branchMap":{},"s":{"0":1,"1":3},"f":{"0":3},"b":{},"_coverageSchema":"1a1c01bbd47fc00a2c39e90264f33305004495a9","hash":"05acab86063b72535fdbfa55502f676b272c989b"}
,"/home/cyberghost/frontend/commerce-projects/df_boilerplate/src/components/TimeWidgetsPanel/TimeWidgets7/TimeWidgets7MD/TimeWidgets7MD.jsx": {"path":"/home/cyberghost/frontend/commerce-projects/df_boilerplate/src/components/TimeWidgetsPanel/TimeWidgets7/TimeWidgets7MD/TimeWidgets7MD.jsx","statementMap":{"0":{"start":{"line":14,"column":23},"end":{"line":37,"column":1}},"1":{"start":{"line":17,"column":1},"end":{"line":36,"column":14}}},"fnMap":{"0":{"name":"(anonymous_0)","decl":{"start":{"line":14,"column":23},"end":{"line":14,"column":24}},"loc":{"start":{"line":17,"column":1},"end":{"line":36,"column":14}},"line":17}},"branchMap":{},"s":{"0":1,"1":3},"f":{"0":3},"b":{},"_coverageSchema":"1a1c01bbd47fc00a2c39e90264f33305004495a9","hash":"b2c4719ed6c93d7fdff8cd95f1c75298398aba90"}
,"/home/cyberghost/frontend/commerce-projects/df_boilerplate/src/components/TimeWidgetsPanel/TimeWidgets7/TimeWidgets7SM/TimeWidgets7SM.jsx": {"path":"/home/cyberghost/frontend/commerce-projects/df_boilerplate/src/components/TimeWidgetsPanel/TimeWidgets7/TimeWidgets7SM/TimeWidgets7SM.jsx","statementMap":{"0":{"start":{"line":14,"column":23},"end":{"line":40,"column":1}},"1":{"start":{"line":17,"column":1},"end":{"line":39,"column":14}}},"fnMap":{"0":{"name":"(anonymous_0)","decl":{"start":{"line":14,"column":23},"end":{"line":14,"column":24}},"loc":{"start":{"line":17,"column":1},"end":{"line":39,"column":14}},"line":17}},"branchMap":{},"s":{"0":1,"1":3},"f":{"0":3},"b":{},"_coverageSchema":"1a1c01bbd47fc00a2c39e90264f33305004495a9","hash":"ae29915af55f7c4b28c97fb4c67c09fe588c0503"}
,"/home/cyberghost/frontend/commerce-projects/df_boilerplate/src/components/TimeWidgetsPanel/TimeWidgets7/TimeWidgets7XL/TimeWidgets7XL.jsx": {"path":"/home/cyberghost/frontend/commerce-projects/df_boilerplate/src/components/TimeWidgetsPanel/TimeWidgets7/TimeWidgets7XL/TimeWidgets7XL.jsx","statementMap":{"0":{"start":{"line":12,"column":23},"end":{"line":53,"column":1}},"1":{"start":{"line":15,"column":1},"end":{"line":52,"column":14}}},"fnMap":{"0":{"name":"(anonymous_0)","decl":{"start":{"line":12,"column":23},"end":{"line":12,"column":24}},"loc":{"start":{"line":15,"column":1},"end":{"line":52,"column":14}},"line":15}},"branchMap":{},"s":{"0":1,"1":3},"f":{"0":3},"b":{},"_coverageSchema":"1a1c01bbd47fc00a2c39e90264f33305004495a9","hash":"d220eb8d25eb5c51986688d8d1bba25f8912e24a"}
,"/home/cyberghost/frontend/commerce-projects/df_boilerplate/src/components/TimeWidgetsPanel/TimeWidgets8/TimeWidgets8.jsx": {"path":"/home/cyberghost/frontend/commerce-projects/df_boilerplate/src/components/TimeWidgetsPanel/TimeWidgets8/TimeWidgets8.jsx","statementMap":{"0":{"start":{"line":16,"column":21},"end":{"line":54,"column":1}},"1":{"start":{"line":17,"column":1},"end":{"line":53,"column":4}}},"fnMap":{"0":{"name":"(anonymous_0)","decl":{"start":{"line":16,"column":21},"end":{"line":16,"column":22}},"loc":{"start":{"line":17,"column":1},"end":{"line":53,"column":4}},"line":17}},"branchMap":{},"s":{"0":1,"1":3},"f":{"0":3},"b":{},"_coverageSchema":"1a1c01bbd47fc00a2c39e90264f33305004495a9","hash":"1a0915c6ca69b779dad68b3c6fb5503377cdcd2f"}
,"/home/cyberghost/frontend/commerce-projects/df_boilerplate/src/components/TimeWidgetsPanel/TimeWidgets8/TimeWidgets8LG/TimeWidgets8LG.jsx": {"path":"/home/cyberghost/frontend/commerce-projects/df_boilerplate/src/components/TimeWidgetsPanel/TimeWidgets8/TimeWidgets8LG/TimeWidgets8LG.jsx","statementMap":{"0":{"start":{"line":14,"column":23},"end":{"line":49,"column":1}},"1":{"start":{"line":17,"column":1},"end":{"line":48,"column":14}}},"fnMap":{"0":{"name":"(anonymous_0)","decl":{"start":{"line":14,"column":23},"end":{"line":14,"column":24}},"loc":{"start":{"line":17,"column":1},"end":{"line":48,"column":14}},"line":17}},"branchMap":{},"s":{"0":1,"1":3},"f":{"0":3},"b":{},"_coverageSchema":"1a1c01bbd47fc00a2c39e90264f33305004495a9","hash":"c27d67ff9697a8630b134cdeaa06466634364b55"}
,"/home/cyberghost/frontend/commerce-projects/df_boilerplate/src/components/TimeWidgetsPanel/TimeWidgets8/TimeWidgets8MD/TimeWidgets8MD.jsx": {"path":"/home/cyberghost/frontend/commerce-projects/df_boilerplate/src/components/TimeWidgetsPanel/TimeWidgets8/TimeWidgets8MD/TimeWidgets8MD.jsx","statementMap":{"0":{"start":{"line":14,"column":23},"end":{"line":36,"column":1}},"1":{"start":{"line":17,"column":1},"end":{"line":35,"column":14}}},"fnMap":{"0":{"name":"(anonymous_0)","decl":{"start":{"line":14,"column":23},"end":{"line":14,"column":24}},"loc":{"start":{"line":17,"column":1},"end":{"line":35,"column":14}},"line":17}},"branchMap":{},"s":{"0":1,"1":3},"f":{"0":3},"b":{},"_coverageSchema":"1a1c01bbd47fc00a2c39e90264f33305004495a9","hash":"4bda604a0e7d4b44d6c350421197a9bb25835438"}
,"/home/cyberghost/frontend/commerce-projects/df_boilerplate/src/components/TimeWidgetsPanel/TimeWidgets8/TimeWidgets8SM/TimeWidgets8SM.jsx": {"path":"/home/cyberghost/frontend/commerce-projects/df_boilerplate/src/components/TimeWidgetsPanel/TimeWidgets8/TimeWidgets8SM/TimeWidgets8SM.jsx","statementMap":{"0":{"start":{"line":14,"column":23},"end":{"line":38,"column":1}},"1":{"start":{"line":17,"column":1},"end":{"line":37,"column":14}}},"fnMap":{"0":{"name":"(anonymous_0)","decl":{"start":{"line":14,"column":23},"end":{"line":14,"column":24}},"loc":{"start":{"line":17,"column":1},"end":{"line":37,"column":14}},"line":17}},"branchMap":{},"s":{"0":1,"1":3},"f":{"0":3},"b":{},"_coverageSchema":"1a1c01bbd47fc00a2c39e90264f33305004495a9","hash":"2102c2638adc5bb3b18876065d775c81ddcfefd0"}
,"/home/cyberghost/frontend/commerce-projects/df_boilerplate/src/components/TimeWidgetsPanel/TimeWidgetsCustomClock/TimeWidgetsCustomClock.jsx": {"path":"/home/cyberghost/frontend/commerce-projects/df_boilerplate/src/components/TimeWidgetsPanel/TimeWidgetsCustomClock/TimeWidgetsCustomClock.jsx","statementMap":{"0":{"start":{"line":7,"column":23},"end":{"line":17,"column":1}},"1":{"start":{"line":19,"column":31},"end":{"line":28,"column":1}},"2":{"start":{"line":20,"column":1},"end":{"line":27,"column":3}}},"fnMap":{"0":{"name":"(anonymous_0)","decl":{"start":{"line":19,"column":31},"end":{"line":19,"column":32}},"loc":{"start":{"line":20,"column":1},"end":{"line":27,"column":3}},"line":20}},"branchMap":{},"s":{"0":1,"1":1,"2":25},"f":{"0":25},"b":{},"_coverageSchema":"1a1c01bbd47fc00a2c39e90264f33305004495a9","hash":"c62d06cfe7c13e8e0e77dff434875b432068bb2c"}
,"/home/cyberghost/frontend/commerce-projects/df_boilerplate/src/components/TimeWidgetsPanel/TimeWidgetsDateWithTimeBlock/TimeWidgetsDateWithTimeBlock.jsx": {"path":"/home/cyberghost/frontend/commerce-projects/df_boilerplate/src/components/TimeWidgetsPanel/TimeWidgetsDateWithTimeBlock/TimeWidgetsDateWithTimeBlock.jsx","statementMap":{"0":{"start":{"line":10,"column":37},"end":{"line":47,"column":1}},"1":{"start":{"line":13,"column":18},"end":{"line":13,"column":28}},"2":{"start":{"line":14,"column":24},"end":{"line":14,"column":32}},"3":{"start":{"line":15,"column":1},"end":{"line":46,"column":3}},"4":{"start":{"line":19,"column":5},"end":{"line":28,"column":12}},"5":{"start":{"line":33,"column":5},"end":{"line":42,"column":12}}},"fnMap":{"0":{"name":"(anonymous_0)","decl":{"start":{"line":10,"column":37},"end":{"line":10,"column":38}},"loc":{"start":{"line":12,"column":62},"end":{"line":47,"column":1}},"line":12},"1":{"name":"(anonymous_1)","decl":{"start":{"line":18,"column":25},"end":{"line":18,"column":26}},"loc":{"start":{"line":19,"column":5},"end":{"line":28,"column":12}},"line":19},"2":{"name":"(anonymous_2)","decl":{"start":{"line":32,"column":25},"end":{"line":32,"column":26}},"loc":{"start":{"line":33,"column":5},"end":{"line":42,"column":12}},"line":33}},"branchMap":{},"s":{"0":1,"1":45,"2":45,"3":45,"4":135,"5":135},"f":{"0":45,"1":135,"2":135},"b":{},"_coverageSchema":"1a1c01bbd47fc00a2c39e90264f33305004495a9","hash":"49d0a6c47bc1c2d999ea67a0c9f9fa89f3ec421a"}
,"/home/cyberghost/frontend/commerce-projects/df_boilerplate/src/components/TimeWidgetsPanel/TimeWidgetsDaysPanel/TimeWidgetsDaysPanel.jsx": {"path":"/home/cyberghost/frontend/commerce-projects/df_boilerplate/src/components/TimeWidgetsPanel/TimeWidgetsDaysPanel/TimeWidgetsDaysPanel.jsx","statementMap":{"0":{"start":{"line":6,"column":29},"end":{"line":13,"column":1}},"1":{"start":{"line":7,"column":1},"end":{"line":12,"column":3}}},"fnMap":{"0":{"name":"(anonymous_0)","decl":{"start":{"line":6,"column":29},"end":{"line":6,"column":30}},"loc":{"start":{"line":7,"column":1},"end":{"line":12,"column":3}},"line":7}},"branchMap":{},"s":{"0":1,"1":2},"f":{"0":2},"b":{},"_coverageSchema":"1a1c01bbd47fc00a2c39e90264f33305004495a9","hash":"d91afb1e069be9dfd3656b09c0fe53ad65590bc7"}
,"/home/cyberghost/frontend/commerce-projects/df_boilerplate/src/components/TimeWidgetsPanel/TimeWidgetsWeeksAndYearsPanel/TimeWidgetsWeeksAndYearsPanel.jsx": {"path":"/home/cyberghost/frontend/commerce-projects/df_boilerplate/src/components/TimeWidgetsPanel/TimeWidgetsWeeksAndYearsPanel/TimeWidgetsWeeksAndYearsPanel.jsx","statementMap":{"0":{"start":{"line":7,"column":23},"end":{"line":9,"column":1}},"1":{"start":{"line":11,"column":23},"end":{"line":13,"column":1}},"2":{"start":{"line":15,"column":38},"end":{"line":32,"column":1}},"3":{"start":{"line":16,"column":1},"end":{"line":31,"column":7}}},"fnMap":{"0":{"name":"(anonymous_0)","decl":{"start":{"line":15,"column":38},"end":{"line":15,"column":39}},"loc":{"start":{"line":16,"column":1},"end":{"line":31,"column":7}},"line":16}},"branchMap":{},"s":{"0":1,"1":1,"2":1,"3":30},"f":{"0":30},"b":{},"_coverageSchema":"1a1c01bbd47fc00a2c39e90264f33305004495a9","hash":"5e705bb052c10c65aef1b75601c33a68114a8ff8"}
,"/home/cyberghost/frontend/commerce-projects/df_boilerplate/src/components/TimeWidgetsPanel/TimeWidgetsWithPerson/TimeWidgetsWithPerson.jsx": {"path":"/home/cyberghost/frontend/commerce-projects/df_boilerplate/src/components/TimeWidgetsPanel/TimeWidgetsWithPerson/TimeWidgetsWithPerson.jsx","statementMap":{"0":{"start":{"line":20,"column":30},"end":{"line":58,"column":1}},"1":{"start":{"line":25,"column":1},"end":{"line":57,"column":4}}},"fnMap":{"0":{"name":"(anonymous_0)","decl":{"start":{"line":20,"column":30},"end":{"line":20,"column":31}},"loc":{"start":{"line":25,"column":1},"end":{"line":57,"column":4}},"line":25}},"branchMap":{},"s":{"0":1,"1":3},"f":{"0":3},"b":{},"_coverageSchema":"1a1c01bbd47fc00a2c39e90264f33305004495a9","hash":"4d2932eab993d5f412b9c62843883de22d28ea7d"}
,"/home/cyberghost/frontend/commerce-projects/df_boilerplate/src/components/TimeWidgetsPanel/TimeWidgetsWithPerson/TimeWidgetsWithPersonLG/TimeWidgetsWithPersonLG.jsx": {"path":"/home/cyberghost/frontend/commerce-projects/df_boilerplate/src/components/TimeWidgetsPanel/TimeWidgetsWithPerson/TimeWidgetsWithPersonLG/TimeWidgetsWithPersonLG.jsx","statementMap":{"0":{"start":{"line":17,"column":32},"end":{"line":40,"column":1}},"1":{"start":{"line":22,"column":1},"end":{"line":39,"column":14}}},"fnMap":{"0":{"name":"(anonymous_0)","decl":{"start":{"line":17,"column":32},"end":{"line":17,"column":33}},"loc":{"start":{"line":22,"column":1},"end":{"line":39,"column":14}},"line":22}},"branchMap":{},"s":{"0":1,"1":3},"f":{"0":3},"b":{},"_coverageSchema":"1a1c01bbd47fc00a2c39e90264f33305004495a9","hash":"3c33e1b60b402f39c3dcf4d3c259ca8f6c13cc8f"}
,"/home/cyberghost/frontend/commerce-projects/df_boilerplate/src/components/TimeWidgetsPanel/TimeWidgetsWithPerson/TimeWidgetsWithPersonMD/TimeWidgetsWithPersonMD.jsx": {"path":"/home/cyberghost/frontend/commerce-projects/df_boilerplate/src/components/TimeWidgetsPanel/TimeWidgetsWithPerson/TimeWidgetsWithPersonMD/TimeWidgetsWithPersonMD.jsx","statementMap":{"0":{"start":{"line":17,"column":32},"end":{"line":51,"column":1}},"1":{"start":{"line":22,"column":1},"end":{"line":50,"column":14}}},"fnMap":{"0":{"name":"(anonymous_0)","decl":{"start":{"line":17,"column":32},"end":{"line":17,"column":33}},"loc":{"start":{"line":22,"column":1},"end":{"line":50,"column":14}},"line":22}},"branchMap":{},"s":{"0":1,"1":3},"f":{"0":3},"b":{},"_coverageSchema":"1a1c01bbd47fc00a2c39e90264f33305004495a9","hash":"182bfcd8cf529bdfee084d2dbb1ba1ffcb5b4b60"}
[...]
,"/home/cyberghost/frontend/commerce-projects/df_boilerplate/src/components/Welcome/SingleImageBg/SingleImageBg.styles.js": {"path":"/home/cyberghost/frontend/commerce-projects/df_boilerplate/src/components/Welcome/SingleImageBg/SingleImageBg.styles.js","statementMap":{"0":{"start":{"line":3,"column":33},"end":{"line":6,"column":1}},"1":{"start":{"line":8,"column":21},"end":{"line":14,"column":1}}},"fnMap":{},"branchMap":{},"s":{"0":4,"1":4},"f":{},"b":{},"_coverageSchema":"1a1c01bbd47fc00a2c39e90264f33305004495a9","hash":"b26d4f47a3f45b2686837c37c30deb71ed0e1902"}
,"/home/cyberghost/frontend/commerce-projects/df_boilerplate/src/components/Welcome/WelcomeAuthButtons/WelcomeAuthButtons.jsx": {"path":"/home/cyberghost/frontend/commerce-projects/df_boilerplate/src/components/Welcome/WelcomeAuthButtons/WelcomeAuthButtons.jsx","statementMap":{"0":{"start":{"line":9,"column":27},"end":{"line":15,"column":1}},"1":{"start":{"line":12,"column":1},"end":{"line":14,"column":8}}},"fnMap":{"0":{"name":"(anonymous_0)","decl":{"start":{"line":9,"column":27},"end":{"line":9,"column":28}},"loc":{"start":{"line":12,"column":1},"end":{"line":14,"column":8}},"line":12}},"branchMap":{},"s":{"0":8,"1":24},"f":{"0":24},"b":{},"_coverageSchema":"1a1c01bbd47fc00a2c39e90264f33305004495a9","hash":"0da96807fbeef9eb14509fe5ae96efe6287c5be6"}
,"/home/cyberghost/frontend/commerce-projects/df_boilerplate/src/context/FiltersClosedListContext/FiltersClosedListContext.jsx": {"path":"/home/cyberghost/frontend/commerce-projects/df_boilerplate/src/context/FiltersClosedListContext/FiltersClosedListContext.jsx","statementMap":{"0":{"start":{"line":15,"column":1},"end":{"line":18,"column":3}},"1":{"start":{"line":20,"column":41},"end":{"line":35,"column":1}},"2":{"start":{"line":23,"column":43},"end":{"line":23,"column":58}},"3":{"start":{"line":25,"column":15},"end":{"line":28,"column":2}},"4":{"start":{"line":26,"column":9},"end":{"line":26,"column":44}},"5":{"start":{"line":30,"column":1},"end":{"line":34,"column":3}}},"fnMap":{"0":{"name":"(anonymous_0)","decl":{"start":{"line":17,"column":20},"end":{"line":17,"column":21}},"loc":{"start":{"line":17,"column":26},"end":{"line":17,"column":28}},"line":17},"1":{"name":"(anonymous_1)","decl":{"start":{"line":20,"column":41},"end":{"line":20,"column":42}},"loc":{"start":{"line":22,"column":54},"end":{"line":35,"column":1}},"line":22},"2":{"name":"(anonymous_2)","decl":{"start":{"line":26,"column":2},"end":{"line":26,"column":3}},"loc":{"start":{"line":26,"column":9},"end":{"line":26,"column":44}},"line":26}},"branchMap":{},"s":{"0":3,"1":3,"2":9,"3":9,"4":9,"5":9},"f":{"0":0,"1":9,"2":9},"b":{},"_coverageSchema":"1a1c01bbd47fc00a2c39e90264f33305004495a9","hash":"af6fa7459a8c3260576771240abac09a0e891727"}
,"/home/cyberghost/frontend/commerce-projects/df_boilerplate/src/context/StatusContainerContext/StatusContainerContext.jsx": {"path":"/home/cyberghost/frontend/commerce-projects/df_boilerplate/src/context/StatusContainerContext/StatusContainerContext.jsx","statementMap":{"0":{"start":{"line":18,"column":1},"end":{"line":25,"column":3}},"1":{"start":{"line":27,"column":30},"end":{"line":42,"column":1}},"2":{"start":{"line":30,"column":29},"end":{"line":30,"column":48}},"3":{"start":{"line":31,"column":31},"end":{"line":31,"column":42}},"4":{"start":{"line":32,"column":25},"end":{"line":32,"column":37}},"5":{"start":{"line":34,"column":1},"end":{"line":41,"column":3}}},"fnMap":{"0":{"name":"(anonymous_0)","decl":{"start":{"line":20,"column":13},"end":{"line":20,"column":14}},"loc":{"start":{"line":20,"column":19},"end":{"line":20,"column":21}},"line":20},"1":{"name":"(anonymous_1)","decl":{"start":{"line":22,"column":14},"end":{"line":22,"column":15}},"loc":{"start":{"line":22,"column":20},"end":{"line":22,"column":22}},"line":22},"2":{"name":"(anonymous_2)","decl":{"start":{"line":24,"column":11},"end":{"line":24,"column":12}},"loc":{"start":{"line":24,"column":17},"end":{"line":24,"column":19}},"line":24},"3":{"name":"(anonymous_3)","decl":{"start":{"line":27,"column":30},"end":{"line":27,"column":31}},"loc":{"start":{"line":29,"column":43},"end":{"line":42,"column":1}},"line":29}},"branchMap":{},"s":{"0":5,"1":5,"2":3474,"3":3474,"4":3474,"5":3474},"f":{"0":0,"1":0,"2":0,"3":3474},"b":{},"_coverageSchema":"1a1c01bbd47fc00a2c39e90264f33305004495a9","hash":"4054d7ea3fa738ca6eed69f7c3ed4dccff48eab1"}
,"/home/cyberghost/frontend/commerce-projects/df_boilerplate/src/context/theme/ThemeContext.jsx": {"path":"/home/cyberghost/frontend/commerce-projects/df_boilerplate/src/context/theme/ThemeContext.jsx","statementMap":{"0":{"start":{"line":14,"column":58},"end":{"line":17,"column":2}},"1":{"start":{"line":19,"column":29},"end":{"line":35,"column":1}},"2":{"start":{"line":22,"column":41},"end":{"line":24,"column":2}},"3":{"start":{"line":25,"column":14},"end":{"line":28,"column":2}},"4":{"start":{"line":26,"column":9},"end":{"line":26,"column":42}},"5":{"start":{"line":30,"column":1},"end":{"line":32,"column":20}},"6":{"start":{"line":31,"column":2},"end":{"line":31,"column":46}},"7":{"start":{"line":34,"column":1},"end":{"line":34,"column":79}}},"fnMap":{"0":{"name":"(anonymous_0)","decl":{"start":{"line":16,"column":18},"end":{"line":16,"column":19}},"loc":{"start":{"line":16,"column":24},"end":{"line":16,"column":26}},"line":16},"1":{"name":"(anonymous_1)","decl":{"start":{"line":19,"column":29},"end":{"line":19,"column":30}},"loc":{"start":{"line":21,"column":42},"end":{"line":35,"column":1}},"line":21},"2":{"name":"(anonymous_2)","decl":{"start":{"line":26,"column":2},"end":{"line":26,"column":3}},"loc":{"start":{"line":26,"column":9},"end":{"line":26,"column":42}},"line":26},"3":{"name":"(anonymous_3)","decl":{"start":{"line":30,"column":11},"end":{"line":30,"column":12}},"loc":{"start":{"line":30,"column":17},"end":{"line":32,"column":2}},"line":30}},"branchMap":{"0":{"loc":{"start":{"line":23,"column":2},"end":{"line":23,"column":42}},"type":"binary-expr","locations":[{"start":{"line":23,"column":2},"end":{"line":23,"column":31}},{"start":{"line":23,"column":35},"end":{"line":23,"column":42}}],"line":23}},"s":{"0":8,"1":8,"2":0,"3":0,"4":0,"5":0,"6":0,"7":0},"f":{"0":0,"1":0,"2":0,"3":0},"b":{"0":[0,0]},"_coverageSchema":"1a1c01bbd47fc00a2c39e90264f33305004495a9","hash":"10ca959e633463962dcc714c48fe6222f50361a0"}
,"/home/cyberghost/frontend/commerce-projects/df_boilerplate/src/data/filters.cards.data.js": {"path":"/home/cyberghost/frontend/commerce-projects/df_boilerplate/src/data/filters.cards.data.js","statementMap":{"0":{"start":{"line":1,"column":33},"end":{"line":25,"column":1}},"1":{"start":{"line":27,"column":28},"end":{"line":113,"column":1}},"2":{"start":{"line":115,"column":34},"end":{"line":139,"column":1}}},"fnMap":{},"branchMap":{},"s":{"0":5,"1":5,"2":5},"f":{},"b":{},"_coverageSchema":"1a1c01bbd47fc00a2c39e90264f33305004495a9","hash":"5c7c7e082716a4ff4bdf6f6799b6a5e119fe5f48"}
,"/home/cyberghost/frontend/commerce-projects/df_boilerplate/src/data/orders.list.data.js": {"path":"/home/cyberghost/frontend/commerce-projects/df_boilerplate/src/data/orders.list.data.js","statementMap":{"0":{"start":{"line":1,"column":26},"end":{"line":18,"column":1}}},"fnMap":{},"branchMap":{},"s":{"0":1},"f":{},"b":{},"_coverageSchema":"1a1c01bbd47fc00a2c39e90264f33305004495a9","hash":"7ef8c6284b36bef3dde54f553ba6bc43599b3afb"}
,"/home/cyberghost/frontend/commerce-projects/df_boilerplate/src/data/search.list.data.js": {"path":"/home/cyberghost/frontend/commerce-projects/df_boilerplate/src/data/search.list.data.js","statementMap":{"0":{"start":{"line":1,"column":30},"end":{"line":2624,"column":1}}},"fnMap":{},"branchMap":{},"s":{"0":4},"f":{},"b":{},"_coverageSchema":"1a1c01bbd47fc00a2c39e90264f33305004495a9","hash":"2873a2ea34802640ccc83aeb972bc0194af94381"}
,"/home/cyberghost/frontend/commerce-projects/df_boilerplate/src/templates/DiffClosedCardsPage/DiffClosedCardsPage.jsx": {"path":"/home/cyberghost/frontend/commerce-projects/df_boilerplate/src/templates/DiffClosedCardsPage/DiffClosedCardsPage.jsx","statementMap":{"0":{"start":{"line":11,"column":42},"end":{"line":13,"column":1}},"1":{"start":{"line":15,"column":28},"end":{"line":49,"column":1}},"2":{"start":{"line":16,"column":1},"end":{"line":48,"column":29}}},"fnMap":{"0":{"name":"(anonymous_0)","decl":{"start":{"line":15,"column":28},"end":{"line":15,"column":29}},"loc":{"start":{"line":16,"column":1},"end":{"line":48,"column":29}},"line":16}},"branchMap":{},"s":{"0":1,"1":1,"2":3},"f":{"0":3},"b":{},"_coverageSchema":"1a1c01bbd47fc00a2c39e90264f33305004495a9","hash":"9445f02000b92e03c4684e55b644f42d77ba2045"}
,"/home/cyberghost/frontend/commerce-projects/df_boilerplate/src/templates/DiffOpenedCardsPage/DiffOpenedCardsPage.jsx": {"path":"/home/cyberghost/frontend/commerce-projects/df_boilerplate/src/templates/DiffOpenedCardsPage/DiffOpenedCardsPage.jsx","statementMap":{"0":{"start":{"line":10,"column":42},"end":{"line":12,"column":1}},"1":{"start":{"line":14,"column":28},"end":{"line":46,"column":1}},"2":{"start":{"line":15,"column":1},"end":{"line":45,"column":13}}},"fnMap":{"0":{"name":"(anonymous_0)","decl":{"start":{"line":14,"column":28},"end":{"line":14,"column":29}},"loc":{"start":{"line":15,"column":1},"end":{"line":45,"column":13}},"line":15}},"branchMap":{},"s":{"0":1,"1":1,"2":3},"f":{"0":3},"b":{},"_coverageSchema":"1a1c01bbd47fc00a2c39e90264f33305004495a9","hash":"d5def506ae9ed1d122f6e6d0fae6cfe2448fef32"}
,"/home/cyberghost/frontend/commerce-projects/df_boilerplate/src/templates/FiltersClosedPage/FiltersClosedPage.jsx": {"path":"/home/cyberghost/frontend/commerce-projects/df_boilerplate/src/templates/FiltersClosedPage/FiltersClosedPage.jsx","statementMap":{"0":{"start":{"line":10,"column":31},"end":{"line":12,"column":1}},"1":{"start":{"line":14,"column":26},"end":{"line":23,"column":1}},"2":{"start":{"line":15,"column":1},"end":{"line":22,"column":29}}},"fnMap":{"0":{"name":"(anonymous_0)","decl":{"start":{"line":14,"column":26},"end":{"line":14,"column":27}},"loc":{"start":{"line":15,"column":1},"end":{"line":22,"column":29}},"line":15}},"branchMap":{},"s":{"0":1,"1":1,"2":3},"f":{"0":3},"b":{},"_coverageSchema":"1a1c01bbd47fc00a2c39e90264f33305004495a9","hash":"e9bf902fd9693d029af61767a5b655e8fe286b17"}
,"/home/cyberghost/frontend/commerce-projects/df_boilerplate/src/templates/FiltersClosedPreviewPage/FiltersClosedPreviewPage.jsx": {"path":"/home/cyberghost/frontend/commerce-projects/df_boilerplate/src/templates/FiltersClosedPreviewPage/FiltersClosedPreviewPage.jsx","statementMap":{"0":{"start":{"line":10,"column":42},"end":{"line":15,"column":1}},"1":{"start":{"line":16,"column":33},"end":{"line":25,"column":1}},"2":{"start":{"line":17,"column":1},"end":{"line":24,"column":29}}},"fnMap":{"0":{"name":"(anonymous_0)","decl":{"start":{"line":16,"column":33},"end":{"line":16,"column":34}},"loc":{"start":{"line":17,"column":1},"end":{"line":24,"column":29}},"line":17}},"branchMap":{},"s":{"0":1,"1":1,"2":3},"f":{"0":3},"b":{},"_coverageSchema":"1a1c01bbd47fc00a2c39e90264f33305004495a9","hash":"8f44473b8201143a04350aaa5311e9e9d40d4269"}
,"/home/cyberghost/frontend/commerce-projects/df_boilerplate/src/templates/FiltersOpenedPage/FiltersOpenedPage.jsx": {"path":"/home/cyberghost/frontend/commerce-projects/df_boilerplate/src/templates/FiltersOpenedPage/FiltersOpenedPage.jsx","statementMap":{"0":{"start":{"line":7,"column":26},"end":{"line":11,"column":1}},"1":{"start":{"line":8,"column":1},"end":{"line":10,"column":13}}},"fnMap":{"0":{"name":"(anonymous_0)","decl":{"start":{"line":7,"column":26},"end":{"line":7,"column":27}},"loc":{"start":{"line":8,"column":1},"end":{"line":10,"column":13}},"line":8}},"branchMap":{},"s":{"0":1,"1":3},"f":{"0":3},"b":{},"_coverageSchema":"1a1c01bbd47fc00a2c39e90264f33305004495a9","hash":"8ae435cde4ead6df0e50bca871d4e361c1d83508"}
,"/home/cyberghost/frontend/commerce-projects/df_boilerplate/src/templates/HomePage/HomePage.jsx": {"path":"/home/cyberghost/frontend/commerce-projects/df_boilerplate/src/templates/HomePage/HomePage.jsx","statementMap":{"0":{"start":{"line":6,"column":17},"end":{"line":10,"column":1}},"1":{"start":{"line":7,"column":1},"end":{"line":9,"column":13}}},"fnMap":{"0":{"name":"(anonymous_0)","decl":{"start":{"line":6,"column":17},"end":{"line":6,"column":18}},"loc":{"start":{"line":7,"column":1},"end":{"line":9,"column":13}},"line":7}},"branchMap":{},"s":{"0":1,"1":3},"f":{"0":3},"b":{},"_coverageSchema":"1a1c01bbd47fc00a2c39e90264f33305004495a9","hash":"ee81228d244231cd6898075044c5a8084b52158d"}
,"/home/cyberghost/frontend/commerce-projects/df_boilerplate/src/templates/OrderPage/OrderPage.jsx": {"path":"/home/cyberghost/frontend/commerce-projects/df_boilerplate/src/templates/OrderPage/OrderPage.jsx","statementMap":{"0":{"start":{"line":7,"column":18},"end":{"line":11,"column":1}},"1":{"start":{"line":8,"column":1},"end":{"line":10,"column":13}}},"fnMap":{"0":{"name":"(anonymous_0)","decl":{"start":{"line":7,"column":18},"end":{"line":7,"column":19}},"loc":{"start":{"line":8,"column":1},"end":{"line":10,"column":13}},"line":8}},"branchMap":{},"s":{"0":1,"1":3},"f":{"0":3},"b":{},"_coverageSchema":"1a1c01bbd47fc00a2c39e90264f33305004495a9","hash":"fd5fe7b553c217fb1fc5728a5346f39339a82c3c"}
,"/home/cyberghost/frontend/commerce-projects/df_boilerplate/src/templates/TimeWidgetsPage/TimeWidgetsPage.jsx": {"path":"/home/cyberghost/frontend/commerce-projects/df_boilerplate/src/templates/TimeWidgetsPage/TimeWidgetsPage.jsx","statementMap":{"0":{"start":{"line":7,"column":24},"end":{"line":11,"column":1}},"1":{"start":{"line":8,"column":1},"end":{"line":10,"column":13}}},"fnMap":{"0":{"name":"(anonymous_0)","decl":{"start":{"line":7,"column":24},"end":{"line":7,"column":25}},"loc":{"start":{"line":8,"column":1},"end":{"line":10,"column":13}},"line":8}},"branchMap":{},"s":{"0":1,"1":3},"f":{"0":3},"b":{},"_coverageSchema":"1a1c01bbd47fc00a2c39e90264f33305004495a9","hash":"41f324ce0f903bbf18ade165984cc157c5bf0b90"}
,"/home/cyberghost/frontend/commerce-projects/df_boilerplate/src/templates/WelcomePage1/WelcomePage1.jsx": {"path":"/home/cyberghost/frontend/commerce-projects/df_boilerplate/src/templates/WelcomePage1/WelcomePage1.jsx","statementMap":{"0":{"start":{"line":10,"column":21},"end":{"line":21,"column":1}},"1":{"start":{"line":11,"column":1},"end":{"line":20,"column":16}}},"fnMap":{"0":{"name":"(anonymous_0)","decl":{"start":{"line":10,"column":21},"end":{"line":10,"column":22}},"loc":{"start":{"line":11,"column":1},"end":{"line":20,"column":16}},"line":11}},"branchMap":{},"s":{"0":1,"1":3},"f":{"0":3},"b":{},"_coverageSchema":"1a1c01bbd47fc00a2c39e90264f33305004495a9","hash":"8726fba04c0cee408c07223af0e0bb1a01fbf4b0"}
,"/home/cyberghost/frontend/commerce-projects/df_boilerplate/src/templates/WelcomePage2/WelcomePage2.jsx": {"path":"/home/cyberghost/frontend/commerce-projects/df_boilerplate/src/templates/WelcomePage2/WelcomePage2.jsx","statementMap":{"0":{"start":{"line":9,"column":21},"end":{"line":46,"column":1}},"1":{"start":{"line":10,"column":1},"end":{"line":45,"column":16}}},"fnMap":{"0":{"name":"(anonymous_0)","decl":{"start":{"line":9,"column":21},"end":{"line":9,"column":22}},"loc":{"start":{"line":10,"column":1},"end":{"line":45,"column":16}},"line":10}},"branchMap":{},"s":{"0":1,"1":3},"f":{"0":3},"b":{},"_coverageSchema":"1a1c01bbd47fc00a2c39e90264f33305004495a9","hash":"1a7058a3bed85ab670a1cea531d67bd69fe03b79"}
,"/home/cyberghost/frontend/commerce-projects/df_boilerplate/src/templates/WelcomePage3/WelcomePage3.jsx": {"path":"/home/cyberghost/frontend/commerce-projects/df_boilerplate/src/templates/WelcomePage3/WelcomePage3.jsx","statementMap":{"0":{"start":{"line":11,"column":21},"end":{"line":48,"column":1}},"1":{"start":{"line":12,"column":1},"end":{"line":47,"column":16}}},"fnMap":{"0":{"name":"(anonymous_0)","decl":{"start":{"line":11,"column":21},"end":{"line":11,"column":22}},"loc":{"start":{"line":12,"column":1},"end":{"line":47,"column":16}},"line":12}},"branchMap":{},"s":{"0":1,"1":3},"f":{"0":3},"b":{},"_coverageSchema":"1a1c01bbd47fc00a2c39e90264f33305004495a9","hash":"2a9f6c6d9c9b025e7ed36c4085bb6ce866646a61"}
,"/home/cyberghost/frontend/commerce-projects/df_boilerplate/src/templates/WelcomePage4/WelcomePage4.jsx": {"path":"/home/cyberghost/frontend/commerce-projects/df_boilerplate/src/templates/WelcomePage4/WelcomePage4.jsx","statementMap":{"0":{"start":{"line":10,"column":21},"end":{"line":37,"column":1}},"1":{"start":{"line":11,"column":1},"end":{"line":36,"column":16}}},"fnMap":{"0":{"name":"(anonymous_0)","decl":{"start":{"line":10,"column":21},"end":{"line":10,"column":22}},"loc":{"start":{"line":11,"column":1},"end":{"line":36,"column":16}},"line":11}},"branchMap":{},"s":{"0":1,"1":3},"f":{"0":3},"b":{},"_coverageSchema":"1a1c01bbd47fc00a2c39e90264f33305004495a9","hash":"7763b40414a47981b08492f5b6a6126a3641e402"}
,"/home/cyberghost/frontend/commerce-projects/df_boilerplate/src/templates/WelcomePage5/WelcomePage5.jsx": {"path":"/home/cyberghost/frontend/commerce-projects/df_boilerplate/src/templates/WelcomePage5/WelcomePage5.jsx","statementMap":{"0":{"start":{"line":11,"column":21},"end":{"line":32,"column":1}},"1":{"start":{"line":12,"column":1},"end":{"line":31,"column":17}}},"fnMap":{"0":{"name":"(anonymous_0)","decl":{"start":{"line":11,"column":21},"end":{"line":11,"column":22}},"loc":{"start":{"line":12,"column":1},"end":{"line":31,"column":17}},"line":12}},"branchMap":{},"s":{"0":1,"1":3},"f":{"0":3},"b":{},"_coverageSchema":"1a1c01bbd47fc00a2c39e90264f33305004495a9","hash":"bad5e44fbe89acfeae2273fd24657b6f82682d3b"}
,"/home/cyberghost/frontend/commerce-projects/df_boilerplate/src/templates/WelcomePage6/WelcomePage6.jsx": {"path":"/home/cyberghost/frontend/commerce-projects/df_boilerplate/src/templates/WelcomePage6/WelcomePage6.jsx","statementMap":{"0":{"start":{"line":11,"column":21},"end":{"line":48,"column":1}},"1":{"start":{"line":12,"column":1},"end":{"line":47,"column":17}}},"fnMap":{"0":{"name":"(anonymous_0)","decl":{"start":{"line":11,"column":21},"end":{"line":11,"column":22}},"loc":{"start":{"line":12,"column":1},"end":{"line":47,"column":17}},"line":12}},"branchMap":{},"s":{"0":1,"1":3},"f":{"0":3},"b":{},"_coverageSchema":"1a1c01bbd47fc00a2c39e90264f33305004495a9","hash":"7a0f5236707c7d47b22d6761792f72edb9de4536"}
,"/home/cyberghost/frontend/commerce-projects/df_boilerplate/src/templates/WelcomePage7/WelcomePage7.jsx": {"path":"/home/cyberghost/frontend/commerce-projects/df_boilerplate/src/templates/WelcomePage7/WelcomePage7.jsx","statementMap":{"0":{"start":{"line":11,"column":21},"end":{"line":48,"column":1}},"1":{"start":{"line":12,"column":1},"end":{"line":47,"column":17}}},"fnMap":{"0":{"name":"(anonymous_0)","decl":{"start":{"line":11,"column":21},"end":{"line":11,"column":22}},"loc":{"start":{"line":12,"column":1},"end":{"line":47,"column":17}},"line":12}},"branchMap":{},"s":{"0":1,"1":3},"f":{"0":3},"b":{},"_coverageSchema":"1a1c01bbd47fc00a2c39e90264f33305004495a9","hash":"2099d04196925d7217f0382bc03404e06a1e9dd1"}
,"/home/cyberghost/frontend/commerce-projects/df_boilerplate/src/templates/WelcomePage8/WelcomePage8.jsx": {"path":"/home/cyberghost/frontend/commerce-projects/df_boilerplate/src/templates/WelcomePage8/WelcomePage8.jsx","statementMap":{"0":{"start":{"line":10,"column":21},"end":{"line":37,"column":1}},"1":{"start":{"line":11,"column":1},"end":{"line":36,"column":17}}},"fnMap":{"0":{"name":"(anonymous_0)","decl":{"start":{"line":10,"column":21},"end":{"line":10,"column":22}},"loc":{"start":{"line":11,"column":1},"end":{"line":36,"column":17}},"line":11}},"branchMap":{},"s":{"0":1,"1":3},"f":{"0":3},"b":{},"_coverageSchema":"1a1c01bbd47fc00a2c39e90264f33305004495a9","hash":"4c4adb754322cc93f7a1dcf614b217fba84af91c"}
}
