{"/home/whoami/frontend/commerce-projects/df_boilerplate/src/lib/components/Container/Container.jsx": {"path":"/home/whoami/frontend/commerce-projects/df_boilerplate/src/lib/components/Container/Container.jsx","statementMap":{"0":{"start":{"line":17,"column":25},"end":{"line":31,"column":1}},"1":{"start":{"line":24,"column":1},"end":{"line":30,"column":16}}},"fnMap":{"0":{"name":"(anonymous_0)","decl":{"start":{"line":17,"column":25},"end":{"line":17,"column":26}},"loc":{"start":{"line":24,"column":1},"end":{"line":30,"column":16}},"line":24}},"branchMap":{},"s":{"0":8,"1":32},"f":{"0":32},"b":{},"_coverageSchema":"1a1c01bbd47fc00a2c39e90264f33305004495a9","hash":"721e34ea9698ede2f64bd7576c98d8b4721511f8"}
,"/home/whoami/frontend/commerce-projects/df_boilerplate/src/lib/components/Container/Container.styles.js": {"path":"/home/whoami/frontend/commerce-projects/df_boilerplate/src/lib/components/Container/Container.styles.js","statementMap":{"0":{"start":{"line":4,"column":20},"end":{"line":4,"column":26}},"1":{"start":{"line":6,"column":28},"end":{"line":8,"column":1}},"2":{"start":{"line":10,"column":29},"end":{"line":13,"column":1}},"3":{"start":{"line":15,"column":40},"end":{"line":17,"column":1}},"4":{"start":{"line":19,"column":51},"end":{"line":27,"column":1}}},"fnMap":{},"branchMap":{},"s":{"0":8,"1":8,"2":8,"3":8,"4":8},"f":{},"b":{},"_coverageSchema":"1a1c01bbd47fc00a2c39e90264f33305004495a9","hash":"bb173a68f24a6e990c35ea42c0bccb5364aadb58"}
,"/home/whoami/frontend/commerce-projects/df_boilerplate/src/lib/components/Container/buttons.js": {"path":"/home/whoami/frontend/commerce-projects/df_boilerplate/src/lib/components/Container/buttons.js","statementMap":{"0":{"start":{"line":1,"column":23},"end":{"line":14,"column":1}}},"fnMap":{"0":{"name":"(anonymous_0)","decl":{"start":{"line":4,"column":11},"end":{"line":4,"column":12}},"loc":{"start":{"line":4,"column":17},"end":{"line":4,"column":19}},"line":4},"1":{"name":"(anonymous_1)","decl":{"start":{"line":8,"column":11},"end":{"line":8,"column":12}},"loc":{"start":{"line":8,"column":17},"end":{"line":8,"column":19}},"line":8},"2":{"name":"(anonymous_2)","decl":{"start":{"line":12,"column":11},"end":{"line":12,"column":12}},"loc":{"start":{"line":12,"column":17},"end":{"line":12,"column":19}},"line":12}},"branchMap":{},"s":{"0":7},"f":{"0":0,"1":0,"2":0},"b":{},"_coverageSchema":"1a1c01bbd47fc00a2c39e90264f33305004495a9","hash":"dbba8d4ae917ae7749973ccc49fe365e5f817dba"}
,"/home/whoami/frontend/commerce-projects/df_boilerplate/src/lib/components/Container/HomeHeader/HomeHeader.jsx": {"path":"/home/whoami/frontend/commerce-projects/df_boilerplate/src/lib/components/Container/HomeHeader/HomeHeader.jsx","statementMap":{"0":{"start":{"line":12,"column":28},"end":{"line":14,"column":1}},"1":{"start":{"line":22,"column":19},"end":{"line":64,"column":1}},"2":{"start":{"line":27,"column":43},"end":{"line":27,"column":67}},"3":{"start":{"line":29,"column":1},"end":{"line":33,"column":30}},"4":{"start":{"line":30,"column":2},"end":{"line":32,"column":3}},"5":{"start":{"line":31,"column":3},"end":{"line":31,"column":26}},"6":{"start":{"line":35,"column":18},"end":{"line":38,"column":2}},"7":{"start":{"line":36,"column":23},"end":{"line":36,"column":49}},"8":{"start":{"line":37,"column":2},"end":{"line":37,"column":32}},"9":{"start":{"line":40,"column":1},"end":{"line":63,"column":3}}},"fnMap":{"0":{"name":"(anonymous_0)","decl":{"start":{"line":22,"column":19},"end":{"line":22,"column":20}},"loc":{"start":{"line":26,"column":44},"end":{"line":64,"column":1}},"line":26},"1":{"name":"(anonymous_1)","decl":{"start":{"line":29,"column":11},"end":{"line":29,"column":12}},"loc":{"start":{"line":29,"column":17},"end":{"line":33,"column":2}},"line":29},"2":{"name":"(anonymous_2)","decl":{"start":{"line":35,"column":18},"end":{"line":35,"column":19}},"loc":{"start":{"line":35,"column":40},"end":{"line":38,"column":2}},"line":35}},"branchMap":{"0":{"loc":{"start":{"line":30,"column":2},"end":{"line":32,"column":3}},"type":"if","locations":[{"start":{"line":30,"column":2},"end":{"line":32,"column":3}},{"start":{},"end":{}}],"line":30},"1":{"loc":{"start":{"line":36,"column":23},"end":{"line":36,"column":49}},"type":"cond-expr","locations":[{"start":{"line":36,"column":33},"end":{"line":36,"column":39}},{"start":{"line":36,"column":42},"end":{"line":36,"column":49}}],"line":36}},"s":{"0":8,"1":8,"2":32,"3":32,"4":32,"5":4,"6":32,"7":0,"8":0,"9":32},"f":{"0":32,"1":32,"2":0},"b":{"0":[4,28],"1":[0,0]},"_coverageSchema":"1a1c01bbd47fc00a2c39e90264f33305004495a9","hash":"1716666f1190c76be196309c59d05c01b8f88c48"}
,"/home/whoami/frontend/commerce-projects/df_boilerplate/src/lib/components/Container/HomeHeader/BurgerMenu/BurgerMenu.jsx": {"path":"/home/whoami/frontend/commerce-projects/df_boilerplate/src/lib/components/Container/HomeHeader/BurgerMenu/BurgerMenu.jsx","statementMap":{"0":{"start":{"line":7,"column":19},"end":{"line":9,"column":1}},"1":{"start":{"line":8,"column":1},"end":{"line":8,"column":41}}},"fnMap":{"0":{"name":"(anonymous_0)","decl":{"start":{"line":7,"column":19},"end":{"line":7,"column":20}},"loc":{"start":{"line":8,"column":1},"end":{"line":8,"column":41}},"line":8}},"branchMap":{},"s":{"0":8,"1":8},"f":{"0":8},"b":{},"_coverageSchema":"1a1c01bbd47fc00a2c39e90264f33305004495a9","hash":"420a0ad33a10f5052f6aee58bca142c28568ee83"}
,"/home/whoami/frontend/commerce-projects/df_boilerplate/src/lib/components/Container/HomeHeader/HomeHeaderMobile/HomeHeaderMobile.jsx": {"path":"/home/whoami/frontend/commerce-projects/df_boilerplate/src/lib/components/Container/HomeHeader/HomeHeaderMobile/HomeHeaderMobile.jsx","statementMap":{"0":{"start":{"line":15,"column":25},"end":{"line":29,"column":1}},"1":{"start":{"line":16,"column":1},"end":{"line":28,"column":18}}},"fnMap":{"0":{"name":"(anonymous_0)","decl":{"start":{"line":15,"column":25},"end":{"line":15,"column":26}},"loc":{"start":{"line":16,"column":1},"end":{"line":28,"column":18}},"line":16}},"branchMap":{},"s":{"0":8,"1":32},"f":{"0":32},"b":{},"_coverageSchema":"1a1c01bbd47fc00a2c39e90264f33305004495a9","hash":"7acd110def7369151f0e9964c908c01d2d269821"}
,"/home/whoami/frontend/commerce-projects/df_boilerplate/src/lib/components/Container/HomeHeader/HomeHeaderMobile/HomeHeaderMobile.styles.js": {"path":"/home/whoami/frontend/commerce-projects/df_boilerplate/src/lib/components/Container/HomeHeader/HomeHeaderMobile/HomeHeaderMobile.styles.js","statementMap":{"0":{"start":{"line":4,"column":19},"end":{"line":4,"column":25}},"1":{"start":{"line":6,"column":34},"end":{"line":8,"column":1}}},"fnMap":{},"branchMap":{},"s":{"0":8,"1":8},"f":{},"b":{},"_coverageSchema":"1a1c01bbd47fc00a2c39e90264f33305004495a9","hash":"910e5fb5d6ebfcece01fe93aa5b9411490e00302"}
,"/home/whoami/frontend/commerce-projects/df_boilerplate/src/lib/components/Container/HomeHeader/Logo/Logo.jsx": {"path":"/home/whoami/frontend/commerce-projects/df_boilerplate/src/lib/components/Container/HomeHeader/Logo/Logo.jsx","statementMap":{"0":{"start":{"line":10,"column":13},"end":{"line":17,"column":1}},"1":{"start":{"line":11,"column":1},"end":{"line":16,"column":7}}},"fnMap":{"0":{"name":"(anonymous_0)","decl":{"start":{"line":10,"column":13},"end":{"line":10,"column":14}},"loc":{"start":{"line":11,"column":1},"end":{"line":16,"column":7}},"line":11}},"branchMap":{},"s":{"0":8,"1":24},"f":{"0":24},"b":{},"_coverageSchema":"1a1c01bbd47fc00a2c39e90264f33305004495a9","hash":"efc22ef3b8b5ce356cf1c2c69c6064fec7463f1d"}
,"/home/whoami/frontend/commerce-projects/df_boilerplate/src/lib/components/Container/HomeSidebar/HomeSidebar.jsx": {"path":"/home/whoami/frontend/commerce-projects/df_boilerplate/src/lib/components/Container/HomeSidebar/HomeSidebar.jsx","statementMap":{"0":{"start":{"line":13,"column":20},"end":{"line":52,"column":1}},"1":{"start":{"line":14,"column":53},"end":{"line":14,"column":67}},"2":{"start":{"line":15,"column":20},"end":{"line":15,"column":32}},"3":{"start":{"line":17,"column":25},"end":{"line":19,"column":2}},"4":{"start":{"line":18,"column":2},"end":{"line":18,"column":31}},"5":{"start":{"line":21,"column":26},"end":{"line":23,"column":2}},"6":{"start":{"line":22,"column":2},"end":{"line":22,"column":30}},"7":{"start":{"line":25,"column":1},"end":{"line":35,"column":8}},"8":{"start":{"line":26,"column":25},"end":{"line":26,"column":43}},"9":{"start":{"line":27,"column":2},"end":{"line":34,"column":3}},"10":{"start":{"line":28,"column":3},"end":{"line":28,"column":65}},"11":{"start":{"line":29,"column":3},"end":{"line":29,"column":67}},"12":{"start":{"line":30,"column":3},"end":{"line":33,"column":5}},"13":{"start":{"line":31,"column":4},"end":{"line":31,"column":69}},"14":{"start":{"line":32,"column":4},"end":{"line":32,"column":71}},"15":{"start":{"line":37,"column":1},"end":{"line":51,"column":3}}},"fnMap":{"0":{"name":"(anonymous_0)","decl":{"start":{"line":13,"column":20},"end":{"line":13,"column":21}},"loc":{"start":{"line":13,"column":76},"end":{"line":52,"column":1}},"line":13},"1":{"name":"(anonymous_1)","decl":{"start":{"line":17,"column":25},"end":{"line":17,"column":26}},"loc":{"start":{"line":17,"column":31},"end":{"line":19,"column":2}},"line":17},"2":{"name":"(anonymous_2)","decl":{"start":{"line":21,"column":26},"end":{"line":21,"column":27}},"loc":{"start":{"line":21,"column":32},"end":{"line":23,"column":2}},"line":21},"3":{"name":"(anonymous_3)","decl":{"start":{"line":25,"column":11},"end":{"line":25,"column":12}},"loc":{"start":{"line":25,"column":17},"end":{"line":35,"column":2}},"line":25},"4":{"name":"(anonymous_4)","decl":{"start":{"line":30,"column":10},"end":{"line":30,"column":11}},"loc":{"start":{"line":30,"column":16},"end":{"line":33,"column":4}},"line":30}},"branchMap":{"0":{"loc":{"start":{"line":27,"column":2},"end":{"line":34,"column":3}},"type":"if","locations":[{"start":{"line":27,"column":2},"end":{"line":34,"column":3}},{"start":{},"end":{}}],"line":27},"1":{"loc":{"start":{"line":41,"column":12},"end":{"line":41,"column":41}},"type":"cond-expr","locations":[{"start":{"line":41,"column":33},"end":{"line":41,"column":35}},{"start":{"line":41,"column":38},"end":{"line":41,"column":41}}],"line":41}},"s":{"0":8,"1":32,"2":32,"3":32,"4":0,"5":32,"6":0,"7":32,"8":32,"9":32,"10":16,"11":16,"12":16,"13":16,"14":16,"15":32},"f":{"0":32,"1":0,"2":0,"3":32,"4":16},"b":{"0":[16,16],"1":[32,0]},"_coverageSchema":"1a1c01bbd47fc00a2c39e90264f33305004495a9","hash":"854c30fddf9094aa11143f6c243e1ed07164492b"}
,"/home/whoami/frontend/commerce-projects/df_boilerplate/src/lib/components/Container/HomeSidebar/HomeSidebarNavigation/HomeSidebarNavigation.jsx": {"path":"/home/whoami/frontend/commerce-projects/df_boilerplate/src/lib/components/Container/HomeSidebar/HomeSidebarNavigation/HomeSidebarNavigation.jsx","statementMap":{"0":{"start":{"line":13,"column":30},"end":{"line":35,"column":1}},"1":{"start":{"line":17,"column":1},"end":{"line":34,"column":7}},"2":{"start":{"line":21,"column":4},"end":{"line":31,"column":42}}},"fnMap":{"0":{"name":"(anonymous_0)","decl":{"start":{"line":13,"column":30},"end":{"line":13,"column":31}},"loc":{"start":{"line":17,"column":1},"end":{"line":34,"column":7}},"line":17},"1":{"name":"(anonymous_1)","decl":{"start":{"line":19,"column":16},"end":{"line":19,"column":17}},"loc":{"start":{"line":21,"column":4},"end":{"line":31,"column":42}},"line":21}},"branchMap":{"0":{"loc":{"start":{"line":28,"column":8},"end":{"line":28,"column":58}},"type":"binary-expr","locations":[{"start":{"line":28,"column":8},"end":{"line":28,"column":27}},{"start":{"line":28,"column":31},"end":{"line":28,"column":58}}],"line":28}},"s":{"0":8,"1":16,"2":48},"f":{"0":16,"1":48},"b":{"0":[48,0]},"_coverageSchema":"1a1c01bbd47fc00a2c39e90264f33305004495a9","hash":"ef98012c0218368ecf9e8b7d702cd4d8417b636f"}
,"/home/whoami/frontend/commerce-projects/df_boilerplate/src/lib/components/FiltersCardsContainer/FiltersCardsContainer.jsx": {"path":"/home/whoami/frontend/commerce-projects/df_boilerplate/src/lib/components/FiltersCardsContainer/FiltersCardsContainer.jsx","statementMap":{"0":{"start":{"line":11,"column":30},"end":{"line":38,"column":1}},"1":{"start":{"line":14,"column":1},"end":{"line":37,"column":4}}},"fnMap":{"0":{"name":"(anonymous_0)","decl":{"start":{"line":11,"column":30},"end":{"line":11,"column":31}},"loc":{"start":{"line":14,"column":1},"end":{"line":37,"column":4}},"line":14}},"branchMap":{},"s":{"0":5,"1":26},"f":{"0":26},"b":{},"_coverageSchema":"1a1c01bbd47fc00a2c39e90264f33305004495a9","hash":"7544868724df463fda2a167e23f747d12bfe60cf"}
,"/home/whoami/frontend/commerce-projects/df_boilerplate/src/lib/components/FiltersClosed/FiltersClosed.jsx": {"path":"/home/whoami/frontend/commerce-projects/df_boilerplate/src/lib/components/FiltersClosed/FiltersClosed.jsx","statementMap":{"0":{"start":{"line":17,"column":22},"end":{"line":61,"column":1}},"1":{"start":{"line":21,"column":45},"end":{"line":23,"column":2}},"2":{"start":{"line":25,"column":1},"end":{"line":27,"column":32}},"3":{"start":{"line":26,"column":2},"end":{"line":26,"column":27}},"4":{"start":{"line":29,"column":1},"end":{"line":60,"column":3}},"5":{"start":{"line":35,"column":7},"end":{"line":35,"column":61}},"6":{"start":{"line":39,"column":7},"end":{"line":39,"column":64}},"7":{"start":{"line":45,"column":22},"end":{"line":45,"column":54}},"8":{"start":{"line":53,"column":22},"end":{"line":53,"column":54}}},"fnMap":{"0":{"name":"(anonymous_0)","decl":{"start":{"line":17,"column":22},"end":{"line":17,"column":23}},"loc":{"start":{"line":20,"column":47},"end":{"line":61,"column":1}},"line":20},"1":{"name":"(anonymous_1)","decl":{"start":{"line":25,"column":11},"end":{"line":25,"column":12}},"loc":{"start":{"line":25,"column":17},"end":{"line":27,"column":2}},"line":25},"2":{"name":"(anonymous_2)","decl":{"start":{"line":34,"column":22},"end":{"line":34,"column":23}},"loc":{"start":{"line":35,"column":7},"end":{"line":35,"column":61}},"line":35},"3":{"name":"(anonymous_3)","decl":{"start":{"line":38,"column":22},"end":{"line":38,"column":23}},"loc":{"start":{"line":39,"column":7},"end":{"line":39,"column":64}},"line":39},"4":{"name":"(anonymous_4)","decl":{"start":{"line":45,"column":16},"end":{"line":45,"column":17}},"loc":{"start":{"line":45,"column":22},"end":{"line":45,"column":54}},"line":45},"5":{"name":"(anonymous_5)","decl":{"start":{"line":53,"column":16},"end":{"line":53,"column":17}},"loc":{"start":{"line":53,"column":22},"end":{"line":53,"column":54}},"line":53}},"branchMap":{"0":{"loc":{"start":{"line":33,"column":6},"end":{"line":36,"column":8}},"type":"binary-expr","locations":[{"start":{"line":33,"column":6},"end":{"line":33,"column":20}},{"start":{"line":34,"column":6},"end":{"line":36,"column":8}}],"line":33},"1":{"loc":{"start":{"line":37,"column":6},"end":{"line":40,"column":8}},"type":"binary-expr","locations":[{"start":{"line":37,"column":6},"end":{"line":37,"column":19}},{"start":{"line":38,"column":6},"end":{"line":40,"column":8}}],"line":37},"2":{"loc":{"start":{"line":41,"column":6},"end":{"line":48,"column":6}},"type":"binary-expr","locations":[{"start":{"line":41,"column":6},"end":{"line":41,"column":19}},{"start":{"line":42,"column":6},"end":{"line":47,"column":8}}],"line":41},"3":{"loc":{"start":{"line":49,"column":6},"end":{"line":56,"column":6}},"type":"binary-expr","locations":[{"start":{"line":49,"column":6},"end":{"line":49,"column":20}},{"start":{"line":50,"column":6},"end":{"line":55,"column":8}}],"line":49}},"s":{"0":5,"1":16,"2":16,"3":16,"4":16,"5":48,"6":0,"7":0,"8":0},"f":{"0":16,"1":16,"2":48,"3":0,"4":0,"5":0},"b":{"0":[16,16],"1":[16,0],"2":[16,0],"3":[16,16]},"_coverageSchema":"1a1c01bbd47fc00a2c39e90264f33305004495a9","hash":"76b0a9b46dbff7b9b08df60118ef4d7fbab3ae2f"}
,"/home/whoami/frontend/commerce-projects/df_boilerplate/src/lib/components/FiltersClosed/FiltersClosedCards/FiltersClosedCards.jsx": {"path":"/home/whoami/frontend/commerce-projects/df_boilerplate/src/lib/components/FiltersClosed/FiltersClosedCards/FiltersClosedCards.jsx","statementMap":{"0":{"start":{"line":17,"column":27},"end":{"line":41,"column":1}},"1":{"start":{"line":20,"column":1},"end":{"line":40,"column":11}},"2":{"start":{"line":25,"column":5},"end":{"line":29,"column":25}}},"fnMap":{"0":{"name":"(anonymous_0)","decl":{"start":{"line":17,"column":27},"end":{"line":17,"column":28}},"loc":{"start":{"line":20,"column":1},"end":{"line":40,"column":11}},"line":20},"1":{"name":"(anonymous_1)","decl":{"start":{"line":24,"column":25},"end":{"line":24,"column":26}},"loc":{"start":{"line":25,"column":5},"end":{"line":29,"column":25}},"line":25}},"branchMap":{},"s":{"0":5,"1":24,"2":48},"f":{"0":24,"1":48},"b":{},"_coverageSchema":"1a1c01bbd47fc00a2c39e90264f33305004495a9","hash":"fbf070ed2fb60a90002283af75cc22d2a9f00762"}
,"/home/whoami/frontend/commerce-projects/df_boilerplate/src/lib/components/FiltersClosed/FiltersClosedCards/FiltersClosedCards.styles.js": {"path":"/home/whoami/frontend/commerce-projects/df_boilerplate/src/lib/components/FiltersClosed/FiltersClosedCards/FiltersClosedCards.styles.js","statementMap":{"0":{"start":{"line":4,"column":33},"end":{"line":9,"column":1}},"1":{"start":{"line":11,"column":37},"end":{"line":18,"column":1}},"2":{"start":{"line":20,"column":30},"end":{"line":24,"column":1}}},"fnMap":{},"branchMap":{},"s":{"0":5,"1":5,"2":5},"f":{},"b":{},"_coverageSchema":"1a1c01bbd47fc00a2c39e90264f33305004495a9","hash":"1ef72c5e05dd647b6efa417f85d4cfa9056f87c5"}
,"/home/whoami/frontend/commerce-projects/df_boilerplate/src/lib/components/FiltersOpened/FiltersOpened.jsx": {"path":"/home/whoami/frontend/commerce-projects/df_boilerplate/src/lib/components/FiltersOpened/FiltersOpened.jsx","statementMap":{"0":{"start":{"line":14,"column":28},"end":{"line":17,"column":1}},"1":{"start":{"line":24,"column":22},"end":{"line":53,"column":1}},"2":{"start":{"line":28,"column":43},"end":{"line":28,"column":65}},"3":{"start":{"line":30,"column":1},"end":{"line":52,"column":3}},"4":{"start":{"line":41,"column":8},"end":{"line":41,"column":69}}},"fnMap":{"0":{"name":"(anonymous_0)","decl":{"start":{"line":24,"column":22},"end":{"line":24,"column":23}},"loc":{"start":{"line":27,"column":47},"end":{"line":53,"column":1}},"line":27},"1":{"name":"(anonymous_1)","decl":{"start":{"line":40,"column":26},"end":{"line":40,"column":27}},"loc":{"start":{"line":41,"column":8},"end":{"line":41,"column":69}},"line":41}},"branchMap":{"0":{"loc":{"start":{"line":33,"column":5},"end":{"line":48,"column":5}},"type":"cond-expr","locations":[{"start":{"line":34,"column":5},"end":{"line":45,"column":29}},{"start":{"line":47,"column":5},"end":{"line":47,"column":64}}],"line":33}},"s":{"0":2,"1":2,"2":18,"3":18,"4":36},"f":{"0":18,"1":36},"b":{"0":[18,0]},"_coverageSchema":"1a1c01bbd47fc00a2c39e90264f33305004495a9","hash":"bd74709f42a6cba45dca5e542a587ae945e50e4c"}
,"/home/whoami/frontend/commerce-projects/df_boilerplate/src/lib/components/FiltersOpened/FiltersOpenedCards/FiltersOpenedCards.jsx": {"path":"/home/whoami/frontend/commerce-projects/df_boilerplate/src/lib/components/FiltersOpened/FiltersOpenedCards/FiltersOpenedCards.jsx","statementMap":{"0":{"start":{"line":13,"column":27},"end":{"line":30,"column":1}},"1":{"start":{"line":16,"column":1},"end":{"line":29,"column":17}},"2":{"start":{"line":20,"column":5},"end":{"line":24,"column":25}}},"fnMap":{"0":{"name":"(anonymous_0)","decl":{"start":{"line":13,"column":27},"end":{"line":13,"column":28}},"loc":{"start":{"line":16,"column":1},"end":{"line":29,"column":17}},"line":16},"1":{"name":"(anonymous_1)","decl":{"start":{"line":19,"column":18},"end":{"line":19,"column":19}},"loc":{"start":{"line":20,"column":5},"end":{"line":24,"column":25}},"line":20}},"branchMap":{},"s":{"0":5,"1":36,"2":72},"f":{"0":36,"1":72},"b":{},"_coverageSchema":"1a1c01bbd47fc00a2c39e90264f33305004495a9","hash":"c3d575575676a91090f20085708ec5b7d7d7a16f"}
,"/home/whoami/frontend/commerce-projects/df_boilerplate/src/lib/components/FiltersOpened/FiltersOpenedCards/FiltersOpenedCards.styles.js": {"path":"/home/whoami/frontend/commerce-projects/df_boilerplate/src/lib/components/FiltersOpened/FiltersOpenedCards/FiltersOpenedCards.styles.js","statementMap":{"0":{"start":{"line":4,"column":33},"end":{"line":6,"column":1}},"1":{"start":{"line":8,"column":29},"end":{"line":15,"column":1}}},"fnMap":{},"branchMap":{},"s":{"0":5,"1":5},"f":{},"b":{},"_coverageSchema":"1a1c01bbd47fc00a2c39e90264f33305004495a9","hash":"dccfb97d5f37196487239d012e204b1c65f2df98"}
,"/home/whoami/frontend/commerce-projects/df_boilerplate/src/lib/components/FiltersOpened/FiltersOpenedCards/FiltersCardAddItemButton/FiltersCardAddItemButton.jsx": {"path":"/home/whoami/frontend/commerce-projects/df_boilerplate/src/lib/components/FiltersOpened/FiltersOpenedCards/FiltersCardAddItemButton/FiltersCardAddItemButton.jsx","statementMap":{"0":{"start":{"line":7,"column":33},"end":{"line":9,"column":1}},"1":{"start":{"line":8,"column":1},"end":{"line":8,"column":41}}},"fnMap":{"0":{"name":"(anonymous_0)","decl":{"start":{"line":7,"column":33},"end":{"line":7,"column":34}},"loc":{"start":{"line":8,"column":1},"end":{"line":8,"column":41}},"line":8}},"branchMap":{},"s":{"0":5,"1":36},"f":{"0":36},"b":{},"_coverageSchema":"1a1c01bbd47fc00a2c39e90264f33305004495a9","hash":"11df3ade2edaf46b0a3e26e10cdefa0b0947ea03"}
,"/home/whoami/frontend/commerce-projects/df_boilerplate/src/lib/components/FiltersOpened/FiltersOpenedCards/FiltersOpenedCardItem/FiltersOpenedCardItem.jsx": {"path":"/home/whoami/frontend/commerce-projects/df_boilerplate/src/lib/components/FiltersOpened/FiltersOpenedCards/FiltersOpenedCardItem/FiltersOpenedCardItem.jsx","statementMap":{"0":{"start":{"line":11,"column":30},"end":{"line":21,"column":1}},"1":{"start":{"line":14,"column":23},"end":{"line":14,"column":48}},"2":{"start":{"line":16,"column":1},"end":{"line":18,"column":30}},"3":{"start":{"line":17,"column":2},"end":{"line":17,"column":25}},"4":{"start":{"line":20,"column":1},"end":{"line":20,"column":51}}},"fnMap":{"0":{"name":"(anonymous_0)","decl":{"start":{"line":11,"column":30},"end":{"line":11,"column":31}},"loc":{"start":{"line":13,"column":47},"end":{"line":21,"column":1}},"line":13},"1":{"name":"(anonymous_1)","decl":{"start":{"line":16,"column":11},"end":{"line":16,"column":12}},"loc":{"start":{"line":16,"column":17},"end":{"line":18,"column":2}},"line":16}},"branchMap":{},"s":{"0":5,"1":72,"2":72,"3":54,"4":72},"f":{"0":72,"1":54},"b":{},"_coverageSchema":"1a1c01bbd47fc00a2c39e90264f33305004495a9","hash":"24f5a775e62cec5f5d2290303e19e2d0469daee3"}
,"/home/whoami/frontend/commerce-projects/df_boilerplate/src/lib/components/FiltersOpened/FiltersOpenedCards/FiltersOpenedCardItem/FiltersOpenedCardItem.styles.js": {"path":"/home/whoami/frontend/commerce-projects/df_boilerplate/src/lib/components/FiltersOpened/FiltersOpenedCards/FiltersOpenedCardItem/FiltersOpenedCardItem.styles.js","statementMap":{"0":{"start":{"line":3,"column":29},"end":{"line":6,"column":1}}},"fnMap":{},"branchMap":{},"s":{"0":5},"f":{},"b":{},"_coverageSchema":"1a1c01bbd47fc00a2c39e90264f33305004495a9","hash":"19dbca52547dfffe47ca325d32a8e6499b7a9e82"}
,"/home/whoami/frontend/commerce-projects/df_boilerplate/src/lib/components/FiltersOpened/FiltersOpenedCards/FiltersOpenedCardsAddButton/FiltersOpenedCardsAddButton.jsx": {"path":"/home/whoami/frontend/commerce-projects/df_boilerplate/src/lib/components/FiltersOpened/FiltersOpenedCards/FiltersOpenedCardsAddButton/FiltersOpenedCardsAddButton.jsx","statementMap":{"0":{"start":{"line":12,"column":36},"end":{"line":29,"column":1}},"1":{"start":{"line":13,"column":1},"end":{"line":28,"column":4}}},"fnMap":{"0":{"name":"(anonymous_0)","decl":{"start":{"line":12,"column":36},"end":{"line":12,"column":37}},"loc":{"start":{"line":13,"column":1},"end":{"line":28,"column":4}},"line":13}},"branchMap":{},"s":{"0":2,"1":18},"f":{"0":18},"b":{},"_coverageSchema":"1a1c01bbd47fc00a2c39e90264f33305004495a9","hash":"be9e538d6ba60b1beda8bffbffd723df6b8366d5"}
,"/home/whoami/frontend/commerce-projects/df_boilerplate/src/lib/components/FiltersOpened/FiltersOpenedCards/FiltersOpenedCardsAddButton/FiltersOpenedCardsAddButton.styles.js": {"path":"/home/whoami/frontend/commerce-projects/df_boilerplate/src/lib/components/FiltersOpened/FiltersOpenedCards/FiltersOpenedCardsAddButton/FiltersOpenedCardsAddButton.styles.js","statementMap":{"0":{"start":{"line":4,"column":42},"end":{"line":9,"column":1}},"1":{"start":{"line":11,"column":43},"end":{"line":20,"column":1}}},"fnMap":{},"branchMap":{},"s":{"0":2,"1":2},"f":{},"b":{},"_coverageSchema":"1a1c01bbd47fc00a2c39e90264f33305004495a9","hash":"06edb2b7c833a4ed6f253c87739eadec8e0453e6"}
,"/home/whoami/frontend/commerce-projects/df_boilerplate/src/lib/components/FiltersOpened/FiltersOpenedMobile/FiltersOpenedMobile.jsx": {"path":"/home/whoami/frontend/commerce-projects/df_boilerplate/src/lib/components/FiltersOpened/FiltersOpenedMobile/FiltersOpenedMobile.jsx","statementMap":{"0":{"start":{"line":12,"column":28},"end":{"line":34,"column":1}},"1":{"start":{"line":13,"column":43},"end":{"line":13,"column":65}},"2":{"start":{"line":15,"column":1},"end":{"line":33,"column":3}},"3":{"start":{"line":26,"column":7},"end":{"line":26,"column":68}}},"fnMap":{"0":{"name":"(anonymous_0)","decl":{"start":{"line":12,"column":28},"end":{"line":12,"column":29}},"loc":{"start":{"line":12,"column":54},"end":{"line":34,"column":1}},"line":12},"1":{"name":"(anonymous_1)","decl":{"start":{"line":25,"column":25},"end":{"line":25,"column":26}},"loc":{"start":{"line":26,"column":7},"end":{"line":26,"column":68}},"line":26}},"branchMap":{},"s":{"0":2,"1":21,"2":21,"3":42},"f":{"0":21,"1":42},"b":{},"_coverageSchema":"1a1c01bbd47fc00a2c39e90264f33305004495a9","hash":"30aa25cb55466d11909e25087408d5d9cacadf60"}
,"/home/whoami/frontend/commerce-projects/df_boilerplate/src/lib/components/FiltersSearch/FiltersSearch.jsx": {"path":"/home/whoami/frontend/commerce-projects/df_boilerplate/src/lib/components/FiltersSearch/FiltersSearch.jsx","statementMap":{"0":{"start":{"line":12,"column":22},"end":{"line":39,"column":1}},"1":{"start":{"line":15,"column":1},"end":{"line":38,"column":4}}},"fnMap":{"0":{"name":"(anonymous_0)","decl":{"start":{"line":12,"column":22},"end":{"line":12,"column":23}},"loc":{"start":{"line":15,"column":1},"end":{"line":38,"column":4}},"line":15}},"branchMap":{},"s":{"0":1,"1":4},"f":{"0":4},"b":{},"_coverageSchema":"1a1c01bbd47fc00a2c39e90264f33305004495a9","hash":"a63a76ca387befe1b6a9d72724ad5b5471c3f2a5"}
,"/home/whoami/frontend/commerce-projects/df_boilerplate/src/lib/components/FiltersSearch/FiltersSearchContainer/FiltersSearchContainer.jsx": {"path":"/home/whoami/frontend/commerce-projects/df_boilerplate/src/lib/components/FiltersSearch/FiltersSearchContainer/FiltersSearchContainer.jsx","statementMap":{"0":{"start":{"line":7,"column":37},"end":{"line":9,"column":1}},"1":{"start":{"line":15,"column":31},"end":{"line":21,"column":1}},"2":{"start":{"line":18,"column":1},"end":{"line":20,"column":32}}},"fnMap":{"0":{"name":"(anonymous_0)","decl":{"start":{"line":15,"column":31},"end":{"line":15,"column":32}},"loc":{"start":{"line":18,"column":1},"end":{"line":20,"column":32}},"line":18}},"branchMap":{},"s":{"0":1,"1":1,"2":4},"f":{"0":4},"b":{},"_coverageSchema":"1a1c01bbd47fc00a2c39e90264f33305004495a9","hash":"d26a1ee30d7a5cbf01eac7cad251e32b91ed951b"}
,"/home/whoami/frontend/commerce-projects/df_boilerplate/src/lib/components/FiltersSearch/FiltersSearchListItem/FiltersSearchListItem.jsx": {"path":"/home/whoami/frontend/commerce-projects/df_boilerplate/src/lib/components/FiltersSearch/FiltersSearchListItem/FiltersSearchListItem.jsx","statementMap":{"0":{"start":{"line":14,"column":30},"end":{"line":38,"column":1}},"1":{"start":{"line":17,"column":1},"end":{"line":37,"column":4}}},"fnMap":{"0":{"name":"(anonymous_0)","decl":{"start":{"line":14,"column":30},"end":{"line":14,"column":31}},"loc":{"start":{"line":17,"column":1},"end":{"line":37,"column":4}},"line":17}},"branchMap":{"0":{"loc":{"start":{"line":20,"column":5},"end":{"line":27,"column":5}},"type":"binary-expr","locations":[{"start":{"line":20,"column":5},"end":{"line":20,"column":13}},{"start":{"line":21,"column":5},"end":{"line":26,"column":8}}],"line":20},"1":{"loc":{"start":{"line":28,"column":5},"end":{"line":33,"column":5}},"type":"binary-expr","locations":[{"start":{"line":28,"column":5},"end":{"line":28,"column":14}},{"start":{"line":29,"column":5},"end":{"line":32,"column":8}}],"line":28},"2":{"loc":{"start":{"line":36,"column":3},"end":{"line":36,"column":66}},"type":"binary-expr","locations":[{"start":{"line":36,"column":3},"end":{"line":36,"column":11}},{"start":{"line":36,"column":15},"end":{"line":36,"column":66}}],"line":36}},"s":{"0":1,"1":17},"f":{"0":17},"b":{"0":[17,15],"1":[17,2],"2":[17,15]},"_coverageSchema":"1a1c01bbd47fc00a2c39e90264f33305004495a9","hash":"3c69d76a782da090ee3743836de1e0010b3c3bc5"}
,"/home/whoami/frontend/commerce-projects/df_boilerplate/src/lib/components/FiltersSearch/FiltersSearchListItem/FiltersSearchListItemGrids/FiltersSearchListItemGrids.jsx": {"path":"/home/whoami/frontend/commerce-projects/df_boilerplate/src/lib/components/FiltersSearch/FiltersSearchListItem/FiltersSearchListItemGrids/FiltersSearchListItemGrids.jsx","statementMap":{"0":{"start":{"line":12,"column":18},"end":{"line":19,"column":1}},"1":{"start":{"line":21,"column":35},"end":{"line":58,"column":1}},"2":{"start":{"line":24,"column":1},"end":{"line":57,"column":4}}},"fnMap":{"0":{"name":"(anonymous_0)","decl":{"start":{"line":21,"column":35},"end":{"line":21,"column":36}},"loc":{"start":{"line":24,"column":1},"end":{"line":57,"column":4}},"line":24}},"branchMap":{},"s":{"0":1,"1":1,"2":12},"f":{"0":12},"b":{},"_coverageSchema":"1a1c01bbd47fc00a2c39e90264f33305004495a9","hash":"1a33df8ad581f833e946de4686a9a2cdc9357073"}
,"/home/whoami/frontend/commerce-projects/df_boilerplate/src/lib/components/FiltersSearch/FiltersSearchListItem/FiltersSearchListItemMobile/FiltersSearchListItemMobile.jsx": {"path":"/home/whoami/frontend/commerce-projects/df_boilerplate/src/lib/components/FiltersSearch/FiltersSearchListItem/FiltersSearchListItemMobile/FiltersSearchListItemMobile.jsx","statementMap":{"0":{"start":{"line":14,"column":36},"end":{"line":52,"column":1}},"1":{"start":{"line":17,"column":1},"end":{"line":51,"column":14}},"2":{"start":{"line":29,"column":6},"end":{"line":36,"column":12}}},"fnMap":{"0":{"name":"(anonymous_0)","decl":{"start":{"line":14,"column":36},"end":{"line":14,"column":37}},"loc":{"start":{"line":17,"column":1},"end":{"line":51,"column":14}},"line":17},"1":{"name":"(anonymous_1)","decl":{"start":{"line":28,"column":29},"end":{"line":28,"column":30}},"loc":{"start":{"line":29,"column":6},"end":{"line":36,"column":12}},"line":29}},"branchMap":{"0":{"loc":{"start":{"line":27,"column":5},"end":{"line":37,"column":7}},"type":"binary-expr","locations":[{"start":{"line":27,"column":5},"end":{"line":27,"column":13}},{"start":{"line":28,"column":5},"end":{"line":37,"column":7}}],"line":27},"1":{"loc":{"start":{"line":38,"column":5},"end":{"line":42,"column":5}},"type":"binary-expr","locations":[{"start":{"line":38,"column":5},"end":{"line":38,"column":14}},{"start":{"line":39,"column":5},"end":{"line":41,"column":11}}],"line":38},"2":{"loc":{"start":{"line":44,"column":4},"end":{"line":48,"column":4}},"type":"binary-expr","locations":[{"start":{"line":44,"column":4},"end":{"line":44,"column":12}},{"start":{"line":45,"column":4},"end":{"line":47,"column":6}}],"line":44},"3":{"loc":{"start":{"line":49,"column":4},"end":{"line":49,"column":74}},"type":"binary-expr","locations":[{"start":{"line":49,"column":4},"end":{"line":49,"column":13}},{"start":{"line":49,"column":17},"end":{"line":49,"column":74}}],"line":49}},"s":{"0":1,"1":15,"2":10},"f":{"0":15,"1":10},"b":{"0":[15,15],"1":[15,0],"2":[15,15],"3":[15,0]},"_coverageSchema":"1a1c01bbd47fc00a2c39e90264f33305004495a9","hash":"4f90a354952d44d01ba00f016212080ad76fd9d0"}
,"/home/whoami/frontend/commerce-projects/df_boilerplate/src/lib/components/FiltersSearch/FiltersSearchListItem/FiltersSearchListItemMobile/FiltersSearchListItemMobileInfoStatus/FiltersSearchListItemMobileInfoStatus.jsx": {"path":"/home/whoami/frontend/commerce-projects/df_boilerplate/src/lib/components/FiltersSearch/FiltersSearchListItem/FiltersSearchListItemMobile/FiltersSearchListItemMobileInfoStatus/FiltersSearchListItemMobileInfoStatus.jsx","statementMap":{"0":{"start":{"line":10,"column":46},"end":{"line":21,"column":1}},"1":{"start":{"line":13,"column":44},"end":{"line":13,"column":69}},"2":{"start":{"line":15,"column":1},"end":{"line":19,"column":76}},"3":{"start":{"line":16,"column":2},"end":{"line":16,"column":25}},"4":{"start":{"line":17,"column":2},"end":{"line":17,"column":27}},"5":{"start":{"line":18,"column":2},"end":{"line":18,"column":21}},"6":{"start":{"line":20,"column":1},"end":{"line":20,"column":59}}},"fnMap":{"0":{"name":"(anonymous_0)","decl":{"start":{"line":10,"column":46},"end":{"line":10,"column":47}},"loc":{"start":{"line":12,"column":66},"end":{"line":21,"column":1}},"line":12},"1":{"name":"(anonymous_1)","decl":{"start":{"line":15,"column":11},"end":{"line":15,"column":12}},"loc":{"start":{"line":15,"column":17},"end":{"line":19,"column":2}},"line":15}},"branchMap":{},"s":{"0":4,"1":404,"2":404,"3":354,"4":354,"5":354,"6":404},"f":{"0":404,"1":354},"b":{},"_coverageSchema":"1a1c01bbd47fc00a2c39e90264f33305004495a9","hash":"92d7c61a8352598e41a1d464644c3213339a41fb"}
,"/home/whoami/frontend/commerce-projects/df_boilerplate/src/lib/components/FiltersSearch/FiltersSearchListItem/FiltersSearchListItemUsersInfo/FiltersSearchListItemUsersInfo.jsx": {"path":"/home/whoami/frontend/commerce-projects/df_boilerplate/src/lib/components/FiltersSearch/FiltersSearchListItem/FiltersSearchListItemUsersInfo/FiltersSearchListItemUsersInfo.jsx","statementMap":{"0":{"start":{"line":14,"column":39},"end":{"line":60,"column":1}},"1":{"start":{"line":17,"column":1},"end":{"line":59,"column":4}},"2":{"start":{"line":22,"column":6},"end":{"line":26,"column":12}}},"fnMap":{"0":{"name":"(anonymous_0)","decl":{"start":{"line":14,"column":39},"end":{"line":14,"column":40}},"loc":{"start":{"line":17,"column":1},"end":{"line":59,"column":4}},"line":17},"1":{"name":"(anonymous_1)","decl":{"start":{"line":21,"column":25},"end":{"line":21,"column":26}},"loc":{"start":{"line":22,"column":6},"end":{"line":26,"column":12}},"line":22}},"branchMap":{"0":{"loc":{"start":{"line":20,"column":5},"end":{"line":27,"column":7}},"type":"binary-expr","locations":[{"start":{"line":20,"column":5},"end":{"line":20,"column":20}},{"start":{"line":21,"column":5},"end":{"line":27,"column":7}}],"line":20},"1":{"loc":{"start":{"line":28,"column":5},"end":{"line":55,"column":5}},"type":"binary-expr","locations":[{"start":{"line":28,"column":5},"end":{"line":28,"column":21}},{"start":{"line":29,"column":5},"end":{"line":54,"column":8}}],"line":28}},"s":{"0":4,"1":129,"2":333},"f":{"0":129,"1":333},"b":{"0":[129,111],"1":[129,18]},"_coverageSchema":"1a1c01bbd47fc00a2c39e90264f33305004495a9","hash":"01a72c84a549e9aab0b420c3c90acc68b2a46c79"}
,"/home/whoami/frontend/commerce-projects/df_boilerplate/src/lib/components/FiltersSearch/FiltersSearchListItem/FiltersSearchListItemUsersInfo/FiltersSearchListItemUsersInfoMobile/FiltersSearchListItemUsersInfoMobile.jsx": {"path":"/home/whoami/frontend/commerce-projects/df_boilerplate/src/lib/components/FiltersSearch/FiltersSearchListItem/FiltersSearchListItemUsersInfo/FiltersSearchListItemUsersInfoMobile/FiltersSearchListItemUsersInfoMobile.jsx","statementMap":{"0":{"start":{"line":13,"column":45},"end":{"line":29,"column":1}},"1":{"start":{"line":16,"column":1},"end":{"line":28,"column":14}},"2":{"start":{"line":20,"column":5},"end":{"line":24,"column":11}}},"fnMap":{"0":{"name":"(anonymous_0)","decl":{"start":{"line":13,"column":45},"end":{"line":13,"column":46}},"loc":{"start":{"line":16,"column":1},"end":{"line":28,"column":14}},"line":16},"1":{"name":"(anonymous_1)","decl":{"start":{"line":19,"column":24},"end":{"line":19,"column":25}},"loc":{"start":{"line":20,"column":5},"end":{"line":24,"column":11}},"line":20}},"branchMap":{"0":{"loc":{"start":{"line":18,"column":4},"end":{"line":25,"column":6}},"type":"binary-expr","locations":[{"start":{"line":18,"column":4},"end":{"line":18,"column":19}},{"start":{"line":19,"column":4},"end":{"line":25,"column":6}}],"line":18},"1":{"loc":{"start":{"line":26,"column":4},"end":{"line":26,"column":44}},"type":"binary-expr","locations":[{"start":{"line":26,"column":4},"end":{"line":26,"column":20}},{"start":{"line":26,"column":24},"end":{"line":26,"column":44}}],"line":26}},"s":{"0":4,"1":129,"2":333},"f":{"0":129,"1":333},"b":{"0":[129,111],"1":[129,18]},"_coverageSchema":"1a1c01bbd47fc00a2c39e90264f33305004495a9","hash":"7d5524e2462c42829f84ccede0d0e77e803c0c68"}
,"/home/whoami/frontend/commerce-projects/df_boilerplate/src/lib/components/FiltersSearch/FiltersSearchListItem/FiltersSearchListItemUsersInfo/FiltersSearchListItemUsersInfoStatus/FiltersSearchListItemUsersInfoStatus.jsx": {"path":"/home/whoami/frontend/commerce-projects/df_boilerplate/src/lib/components/FiltersSearch/FiltersSearchListItem/FiltersSearchListItemUsersInfo/FiltersSearchListItemUsersInfoStatus/FiltersSearchListItemUsersInfoStatus.jsx","statementMap":{"0":{"start":{"line":11,"column":45},"end":{"line":29,"column":1}},"1":{"start":{"line":14,"column":23},"end":{"line":14,"column":48}},"2":{"start":{"line":16,"column":1},"end":{"line":18,"column":30}},"3":{"start":{"line":17,"column":2},"end":{"line":17,"column":25}},"4":{"start":{"line":20,"column":1},"end":{"line":28,"column":3}}},"fnMap":{"0":{"name":"(anonymous_0)","decl":{"start":{"line":11,"column":45},"end":{"line":11,"column":46}},"loc":{"start":{"line":13,"column":65},"end":{"line":29,"column":1}},"line":13},"1":{"name":"(anonymous_1)","decl":{"start":{"line":16,"column":11},"end":{"line":16,"column":12}},"loc":{"start":{"line":16,"column":17},"end":{"line":18,"column":2}},"line":16}},"branchMap":{},"s":{"0":4,"1":465,"2":465,"3":465,"4":465},"f":{"0":465,"1":465},"b":{},"_coverageSchema":"1a1c01bbd47fc00a2c39e90264f33305004495a9","hash":"b642516d3e4903c4084d2c7809b5a43f729d048b"}
,"/home/whoami/frontend/commerce-projects/df_boilerplate/src/lib/components/FiltersSearch/FiltersSearchListMobile/FiltersSearchListMobile.jsx": {"path":"/home/whoami/frontend/commerce-projects/df_boilerplate/src/lib/components/FiltersSearch/FiltersSearchListMobile/FiltersSearchListMobile.jsx","statementMap":{"0":{"start":{"line":9,"column":32},"end":{"line":39,"column":1}},"1":{"start":{"line":10,"column":39},"end":{"line":10,"column":50}},"2":{"start":{"line":11,"column":20},"end":{"line":11,"column":41}},"3":{"start":{"line":12,"column":22},"end":{"line":12,"column":23}},"4":{"start":{"line":14,"column":20},"end":{"line":14,"column":52}},"5":{"start":{"line":15,"column":18},"end":{"line":15,"column":43}},"6":{"start":{"line":16,"column":22},"end":{"line":16,"column":64}},"7":{"start":{"line":18,"column":1},"end":{"line":38,"column":3}},"8":{"start":{"line":27,"column":5},"end":{"line":27,"column":68}},"9":{"start":{"line":34,"column":39},"end":{"line":34,"column":59}}},"fnMap":{"0":{"name":"(anonymous_0)","decl":{"start":{"line":9,"column":32},"end":{"line":9,"column":33}},"loc":{"start":{"line":9,"column":58},"end":{"line":39,"column":1}},"line":9},"1":{"name":"(anonymous_1)","decl":{"start":{"line":26,"column":22},"end":{"line":26,"column":23}},"loc":{"start":{"line":27,"column":5},"end":{"line":27,"column":68}},"line":27},"2":{"name":"(anonymous_2)","decl":{"start":{"line":34,"column":15},"end":{"line":34,"column":16}},"loc":{"start":{"line":34,"column":39},"end":{"line":34,"column":59}},"line":34}},"branchMap":{},"s":{"0":1,"1":4,"2":4,"3":4,"4":4,"5":4,"6":4,"7":4,"8":20,"9":0},"f":{"0":4,"1":20,"2":0},"b":{},"_coverageSchema":"1a1c01bbd47fc00a2c39e90264f33305004495a9","hash":"84cfdb243d1fec1af779899a10e7098b5d7d8cdc"}
,"/home/whoami/frontend/commerce-projects/df_boilerplate/src/lib/components/FiltersSearchWithPreview/FiltersSearchWithPreview.jsx": {"path":"/home/whoami/frontend/commerce-projects/df_boilerplate/src/lib/components/FiltersSearchWithPreview/FiltersSearchWithPreview.jsx","statementMap":{"0":{"start":{"line":12,"column":33},"end":{"line":55,"column":1}},"1":{"start":{"line":13,"column":1},"end":{"line":54,"column":4}}},"fnMap":{"0":{"name":"(anonymous_0)","decl":{"start":{"line":12,"column":33},"end":{"line":12,"column":34}},"loc":{"start":{"line":13,"column":1},"end":{"line":54,"column":4}},"line":13}},"branchMap":{},"s":{"0":1,"1":8},"f":{"0":8},"b":{},"_coverageSchema":"1a1c01bbd47fc00a2c39e90264f33305004495a9","hash":"0903148d9814ad95e33b70244cd8a4ca9e6fa40a"}
,"/home/whoami/frontend/commerce-projects/df_boilerplate/src/lib/components/FiltersSearchWithPreview/FiltersSearchListWithPreviewMobile/FiltersSearchListWithPreviewMobile.jsx": {"path":"/home/whoami/frontend/commerce-projects/df_boilerplate/src/lib/components/FiltersSearchWithPreview/FiltersSearchListWithPreviewMobile/FiltersSearchListWithPreviewMobile.jsx","statementMap":{"0":{"start":{"line":6,"column":43},"end":{"line":8,"column":1}},"1":{"start":{"line":7,"column":1},"end":{"line":7,"column":30}}},"fnMap":{"0":{"name":"(anonymous_0)","decl":{"start":{"line":6,"column":43},"end":{"line":6,"column":44}},"loc":{"start":{"line":7,"column":1},"end":{"line":7,"column":30}},"line":7}},"branchMap":{},"s":{"0":1,"1":8},"f":{"0":8},"b":{},"_coverageSchema":"1a1c01bbd47fc00a2c39e90264f33305004495a9","hash":"e9b93960af43f7d493c3d1c80a89b7a8321b7718"}
,"/home/whoami/frontend/commerce-projects/df_boilerplate/src/lib/components/FiltersSearchWithPreview/FiltersSearchWithPreviewContainer/FiltersSearchWithPreviewContainer.jsx": {"path":"/home/whoami/frontend/commerce-projects/df_boilerplate/src/lib/components/FiltersSearchWithPreview/FiltersSearchWithPreviewContainer/FiltersSearchWithPreviewContainer.jsx","statementMap":{"0":{"start":{"line":11,"column":48},"end":{"line":25,"column":1}},"1":{"start":{"line":13,"column":32},"end":{"line":13,"column":59}},"2":{"start":{"line":27,"column":42},"end":{"line":34,"column":1}},"3":{"start":{"line":31,"column":1},"end":{"line":33,"column":43}}},"fnMap":{"0":{"name":"(anonymous_0)","decl":{"start":{"line":13,"column":11},"end":{"line":13,"column":12}},"loc":{"start":{"line":13,"column":32},"end":{"line":13,"column":59}},"line":13},"1":{"name":"(anonymous_1)","decl":{"start":{"line":27,"column":42},"end":{"line":27,"column":43}},"loc":{"start":{"line":31,"column":1},"end":{"line":33,"column":43}},"line":31}},"branchMap":{},"s":{"0":3,"1":20,"2":3,"3":20},"f":{"0":20,"1":20},"b":{},"_coverageSchema":"1a1c01bbd47fc00a2c39e90264f33305004495a9","hash":"f04c2579949bd67059977296b439d1099178e30a"}
,"/home/whoami/frontend/commerce-projects/df_boilerplate/src/lib/components/FiltersSearchWithPreview/FiltersSearchWithPreviewGrids/FiltersSearchWithPreviewGrids.jsx": {"path":"/home/whoami/frontend/commerce-projects/df_boilerplate/src/lib/components/FiltersSearchWithPreview/FiltersSearchWithPreviewGrids/FiltersSearchWithPreviewGrids.jsx","statementMap":{"0":{"start":{"line":12,"column":38},"end":{"line":24,"column":1}},"1":{"start":{"line":15,"column":1},"end":{"line":23,"column":4}},"2":{"start":{"line":17,"column":3},"end":{"line":21,"column":9}}},"fnMap":{"0":{"name":"(anonymous_0)","decl":{"start":{"line":12,"column":38},"end":{"line":12,"column":39}},"loc":{"start":{"line":15,"column":1},"end":{"line":23,"column":4}},"line":15},"1":{"name":"(anonymous_1)","decl":{"start":{"line":16,"column":27},"end":{"line":16,"column":28}},"loc":{"start":{"line":17,"column":3},"end":{"line":21,"column":9}},"line":17}},"branchMap":{},"s":{"0":3,"1":96,"2":192},"f":{"0":96,"1":192},"b":{},"_coverageSchema":"1a1c01bbd47fc00a2c39e90264f33305004495a9","hash":"987c54ace13d1130f9919ba1ea9eefa00a963e03"}
,"/home/whoami/frontend/commerce-projects/df_boilerplate/src/lib/components/FiltersSearchWithPreview/FiltersSearchWithPreviewLeft/FiltersSearchWithPreviewLeft.jsx": {"path":"/home/whoami/frontend/commerce-projects/df_boilerplate/src/lib/components/FiltersSearchWithPreview/FiltersSearchWithPreviewLeft/FiltersSearchWithPreviewLeft.jsx","statementMap":{"0":{"start":{"line":9,"column":37},"end":{"line":25,"column":1}},"1":{"start":{"line":12,"column":1},"end":{"line":24,"column":4}}},"fnMap":{"0":{"name":"(anonymous_0)","decl":{"start":{"line":9,"column":37},"end":{"line":9,"column":38}},"loc":{"start":{"line":12,"column":1},"end":{"line":24,"column":4}},"line":12}},"branchMap":{},"s":{"0":3,"1":16},"f":{"0":16},"b":{},"_coverageSchema":"1a1c01bbd47fc00a2c39e90264f33305004495a9","hash":"262e1f975ddecc352edac3e35e5d09426333304b"}
,"/home/whoami/frontend/commerce-projects/df_boilerplate/src/lib/components/FiltersSearchWithPreview/FiltersSearchWithPreviewLeft/FiltersSearchWithPreviewLeftItem/FiltersSearchWithPreviewLeftItem.jsx": {"path":"/home/whoami/frontend/commerce-projects/df_boilerplate/src/lib/components/FiltersSearchWithPreview/FiltersSearchWithPreviewLeft/FiltersSearchWithPreviewLeftItem/FiltersSearchWithPreviewLeftItem.jsx","statementMap":{"0":{"start":{"line":12,"column":41},"end":{"line":45,"column":1}},"1":{"start":{"line":15,"column":1},"end":{"line":44,"column":7}}},"fnMap":{"0":{"name":"(anonymous_0)","decl":{"start":{"line":12,"column":41},"end":{"line":12,"column":42}},"loc":{"start":{"line":15,"column":1},"end":{"line":44,"column":7}},"line":15}},"branchMap":{"0":{"loc":{"start":{"line":16,"column":3},"end":{"line":25,"column":3}},"type":"binary-expr","locations":[{"start":{"line":16,"column":3},"end":{"line":16,"column":11}},{"start":{"line":17,"column":3},"end":{"line":24,"column":6}}],"line":16},"1":{"loc":{"start":{"line":26,"column":3},"end":{"line":43,"column":3}},"type":"binary-expr","locations":[{"start":{"line":26,"column":3},"end":{"line":26,"column":12}},{"start":{"line":27,"column":3},"end":{"line":42,"column":6}}],"line":26}},"s":{"0":3,"1":112},"f":{"0":112},"b":{"0":[112,96],"1":[112,16]},"_coverageSchema":"1a1c01bbd47fc00a2c39e90264f33305004495a9","hash":"1313c4a4db218d116f5789ea2a2b4af744cda2b9"}
,"/home/whoami/frontend/commerce-projects/df_boilerplate/src/lib/components/FiltersSearchWithPreview/FiltersSearchWithPreviewRight/FiltersSearchWithPreviewRight.jsx": {"path":"/home/whoami/frontend/commerce-projects/df_boilerplate/src/lib/components/FiltersSearchWithPreview/FiltersSearchWithPreviewRight/FiltersSearchWithPreviewRight.jsx","statementMap":{"0":{"start":{"line":6,"column":38},"end":{"line":19,"column":1}},"1":{"start":{"line":7,"column":1},"end":{"line":18,"column":8}}},"fnMap":{"0":{"name":"(anonymous_0)","decl":{"start":{"line":6,"column":38},"end":{"line":6,"column":39}},"loc":{"start":{"line":7,"column":1},"end":{"line":18,"column":8}},"line":7}},"branchMap":{},"s":{"0":3,"1":16},"f":{"0":16},"b":{},"_coverageSchema":"1a1c01bbd47fc00a2c39e90264f33305004495a9","hash":"c81b949c04e38a0f9319ce0cb91ef7f540225177"}
,"/home/whoami/frontend/commerce-projects/df_boilerplate/src/lib/components/Footer/Footer.jsx": {"path":"/home/whoami/frontend/commerce-projects/df_boilerplate/src/lib/components/Footer/Footer.jsx","statementMap":{"0":{"start":{"line":6,"column":15},"end":{"line":18,"column":1}},"1":{"start":{"line":7,"column":1},"end":{"line":17,"column":7}}},"fnMap":{"0":{"name":"(anonymous_0)","decl":{"start":{"line":6,"column":15},"end":{"line":6,"column":16}},"loc":{"start":{"line":7,"column":1},"end":{"line":17,"column":7}},"line":7}},"branchMap":{},"s":{"0":2,"1":8},"f":{"0":8},"b":{},"_coverageSchema":"1a1c01bbd47fc00a2c39e90264f33305004495a9","hash":"b4de3f9cffac59158cfbe7a2bc976d3cde12d3eb"}
,"/home/whoami/frontend/commerce-projects/df_boilerplate/src/lib/components/OrderTabs/OrderList.styles.js": {"path":"/home/whoami/frontend/commerce-projects/df_boilerplate/src/lib/components/OrderTabs/OrderList.styles.js","statementMap":{"0":{"start":{"line":4,"column":26},"end":{"line":17,"column":1}}},"fnMap":{},"branchMap":{},"s":{"0":1},"f":{},"b":{},"_coverageSchema":"1a1c01bbd47fc00a2c39e90264f33305004495a9","hash":"2248bebb5353912f2fda165608fb3313b8b71764"}
,"/home/whoami/frontend/commerce-projects/df_boilerplate/src/lib/components/OrderTabs/OrderTabs.jsx": {"path":"/home/whoami/frontend/commerce-projects/df_boilerplate/src/lib/components/OrderTabs/OrderTabs.jsx","statementMap":{"0":{"start":{"line":10,"column":18},"end":{"line":12,"column":1}},"1":{"start":{"line":11,"column":1},"end":{"line":11,"column":61}}},"fnMap":{"0":{"name":"(anonymous_0)","decl":{"start":{"line":10,"column":18},"end":{"line":10,"column":19}},"loc":{"start":{"line":11,"column":1},"end":{"line":11,"column":61}},"line":11}},"branchMap":{},"s":{"0":1,"1":4},"f":{"0":4},"b":{},"_coverageSchema":"1a1c01bbd47fc00a2c39e90264f33305004495a9","hash":"e02e4bcb40e89f1c77540ec2e7dc32ba17b8606e"}
,"/home/whoami/frontend/commerce-projects/df_boilerplate/src/lib/components/OrderTabs/Order/Order.jsx": {"path":"/home/whoami/frontend/commerce-projects/df_boilerplate/src/lib/components/OrderTabs/Order/Order.jsx","statementMap":{"0":{"start":{"line":5,"column":14},"end":{"line":18,"column":1}},"1":{"start":{"line":6,"column":1},"end":{"line":17,"column":8}}},"fnMap":{"0":{"name":"(anonymous_0)","decl":{"start":{"line":5,"column":14},"end":{"line":5,"column":15}},"loc":{"start":{"line":6,"column":1},"end":{"line":17,"column":8}},"line":6}},"branchMap":{},"s":{"0":1,"1":8},"f":{"0":8},"b":{},"_coverageSchema":"1a1c01bbd47fc00a2c39e90264f33305004495a9","hash":"289322b692873678a1ec5cd7b74ccb82f312e571"}
,"/home/whoami/frontend/commerce-projects/df_boilerplate/src/lib/components/OrderTabs/OrderContainer/OrderContainer.jsx": {"path":"/home/whoami/frontend/commerce-projects/df_boilerplate/src/lib/components/OrderTabs/OrderContainer/OrderContainer.jsx","statementMap":{"0":{"start":{"line":6,"column":29},"end":{"line":19,"column":1}},"1":{"start":{"line":25,"column":23},"end":{"line":29,"column":1}},"2":{"start":{"line":28,"column":1},"end":{"line":28,"column":56}}},"fnMap":{"0":{"name":"(anonymous_0)","decl":{"start":{"line":25,"column":23},"end":{"line":25,"column":24}},"loc":{"start":{"line":28,"column":1},"end":{"line":28,"column":56}},"line":28}},"branchMap":{},"s":{"0":1,"1":1,"2":4},"f":{"0":4},"b":{},"_coverageSchema":"1a1c01bbd47fc00a2c39e90264f33305004495a9","hash":"211afe7f57bde775a8739651132224e34af955ad"}
,"/home/whoami/frontend/commerce-projects/df_boilerplate/src/lib/components/OrderTabs/OrderVersion/OrdersVersion.jsx": {"path":"/home/whoami/frontend/commerce-projects/df_boilerplate/src/lib/components/OrderTabs/OrderVersion/OrdersVersion.jsx","statementMap":{"0":{"start":{"line":10,"column":21},"end":{"line":20,"column":1}},"1":{"start":{"line":11,"column":1},"end":{"line":19,"column":7}}},"fnMap":{"0":{"name":"(anonymous_0)","decl":{"start":{"line":10,"column":21},"end":{"line":10,"column":22}},"loc":{"start":{"line":11,"column":1},"end":{"line":19,"column":7}},"line":11}},"branchMap":{},"s":{"0":1,"1":8},"f":{"0":8},"b":{},"_coverageSchema":"1a1c01bbd47fc00a2c39e90264f33305004495a9","hash":"073688576fa3a152d40b0840cc068c61781ac59d"}
,"/home/whoami/frontend/commerce-projects/df_boilerplate/src/lib/components/StatusContainer/StatusContainer.jsx": {"path":"/home/whoami/frontend/commerce-projects/df_boilerplate/src/lib/components/StatusContainer/StatusContainer.jsx","statementMap":{"0":{"start":{"line":16,"column":24},"end":{"line":36,"column":1}},"1":{"start":{"line":19,"column":1},"end":{"line":35,"column":18}},"2":{"start":{"line":22,"column":4},"end":{"line":32,"column":10}}},"fnMap":{"0":{"name":"(anonymous_0)","decl":{"start":{"line":16,"column":24},"end":{"line":16,"column":25}},"loc":{"start":{"line":19,"column":1},"end":{"line":35,"column":18}},"line":19},"1":{"name":"(anonymous_1)","decl":{"start":{"line":21,"column":4},"end":{"line":21,"column":5}},"loc":{"start":{"line":22,"column":4},"end":{"line":32,"column":10}},"line":22}},"branchMap":{"0":{"loc":{"start":{"line":23,"column":6},"end":{"line":25,"column":6}},"type":"binary-expr","locations":[{"start":{"line":23,"column":6},"end":{"line":23,"column":29}},{"start":{"line":24,"column":6},"end":{"line":24,"column":71}}],"line":23},"1":{"loc":{"start":{"line":26,"column":6},"end":{"line":28,"column":6}},"type":"binary-expr","locations":[{"start":{"line":26,"column":6},"end":{"line":26,"column":26}},{"start":{"line":27,"column":6},"end":{"line":27,"column":59}}],"line":26},"2":{"loc":{"start":{"line":29,"column":6},"end":{"line":31,"column":6}},"type":"binary-expr","locations":[{"start":{"line":29,"column":6},"end":{"line":29,"column":26}},{"start":{"line":30,"column":6},"end":{"line":30,"column":65}}],"line":29}},"s":{"0":5,"1":649,"2":1037},"f":{"0":649,"1":1037},"b":{"0":[1037,194],"1":[1037,162],"2":[1037,681]},"_coverageSchema":"1a1c01bbd47fc00a2c39e90264f33305004495a9","hash":"51719795165d928e3db1006170259bded838d317"}
,"/home/whoami/frontend/commerce-projects/df_boilerplate/src/lib/components/StatusContainer/StatusContainer.styles.js": {"path":"/home/whoami/frontend/commerce-projects/df_boilerplate/src/lib/components/StatusContainer/StatusContainer.styles.js","statementMap":{"0":{"start":{"line":4,"column":35},"end":{"line":10,"column":1}},"1":{"start":{"line":12,"column":32},"end":{"line":17,"column":1}},"2":{"start":{"line":19,"column":32},"end":{"line":25,"column":1}},"3":{"start":{"line":27,"column":39},"end":{"line":31,"column":1}},"4":{"start":{"line":33,"column":39},"end":{"line":37,"column":1}}},"fnMap":{},"branchMap":{},"s":{"0":5,"1":5,"2":5,"3":5,"4":5},"f":{},"b":{},"_coverageSchema":"1a1c01bbd47fc00a2c39e90264f33305004495a9","hash":"ca5ed0cfcfa3892023af5ecc3889493b45aeae4a"}
,"/home/whoami/frontend/commerce-projects/df_boilerplate/src/lib/components/StatusContainer/StatusChanged/StatusChanged.jsx": {"path":"/home/whoami/frontend/commerce-projects/df_boilerplate/src/lib/components/StatusContainer/StatusChanged/StatusChanged.jsx","statementMap":{"0":{"start":{"line":13,"column":22},"end":{"line":65,"column":1}},"1":{"start":{"line":17,"column":1},"end":{"line":64,"column":20}}},"fnMap":{"0":{"name":"(anonymous_0)","decl":{"start":{"line":13,"column":22},"end":{"line":13,"column":23}},"loc":{"start":{"line":17,"column":1},"end":{"line":64,"column":20}},"line":17}},"branchMap":{"0":{"loc":{"start":{"line":18,"column":3},"end":{"line":38,"column":3}},"type":"binary-expr","locations":[{"start":{"line":18,"column":3},"end":{"line":18,"column":7}},{"start":{"line":19,"column":3},"end":{"line":37,"column":10}}],"line":18}},"s":{"0":5,"1":162},"f":{"0":162},"b":{"0":[162,51]},"_coverageSchema":"1a1c01bbd47fc00a2c39e90264f33305004495a9","hash":"801acc023ef1f8faa34c7a2499f7cddaa6e83fb4"}
,"/home/whoami/frontend/commerce-projects/df_boilerplate/src/lib/components/StatusContainer/StatusUnmodified/StatusUnmodified.jsx": {"path":"/home/whoami/frontend/commerce-projects/df_boilerplate/src/lib/components/StatusContainer/StatusUnmodified/StatusUnmodified.jsx","statementMap":{"0":{"start":{"line":13,"column":25},"end":{"line":51,"column":1}},"1":{"start":{"line":17,"column":1},"end":{"line":50,"column":23}}},"fnMap":{"0":{"name":"(anonymous_0)","decl":{"start":{"line":13,"column":25},"end":{"line":13,"column":26}},"loc":{"start":{"line":17,"column":1},"end":{"line":50,"column":23}},"line":17}},"branchMap":{"0":{"loc":{"start":{"line":33,"column":4},"end":{"line":39,"column":4}},"type":"binary-expr","locations":[{"start":{"line":33,"column":4},"end":{"line":33,"column":15}},{"start":{"line":34,"column":4},"end":{"line":38,"column":6}}],"line":33}},"s":{"0":5,"1":194},"f":{"0":194},"b":{"0":[194,101]},"_coverageSchema":"1a1c01bbd47fc00a2c39e90264f33305004495a9","hash":"3d809e8fe8ff69399a2ec44bd29951e1ddd93629"}
,"/home/whoami/frontend/commerce-projects/df_boilerplate/src/lib/components/StatusContainer/StatusUpdated/StatusUpdated.jsx": {"path":"/home/whoami/frontend/commerce-projects/df_boilerplate/src/lib/components/StatusContainer/StatusUpdated/StatusUpdated.jsx","statementMap":{"0":{"start":{"line":19,"column":22},"end":{"line":67,"column":1}},"1":{"start":{"line":23,"column":1},"end":{"line":66,"column":20}}},"fnMap":{"0":{"name":"(anonymous_0)","decl":{"start":{"line":19,"column":22},"end":{"line":19,"column":23}},"loc":{"start":{"line":23,"column":1},"end":{"line":66,"column":20}},"line":23}},"branchMap":{"0":{"loc":{"start":{"line":49,"column":4},"end":{"line":55,"column":4}},"type":"binary-expr","locations":[{"start":{"line":49,"column":4},"end":{"line":49,"column":15}},{"start":{"line":50,"column":4},"end":{"line":54,"column":6}}],"line":49}},"s":{"0":5,"1":681},"f":{"0":681},"b":{"0":[681,50]},"_coverageSchema":"1a1c01bbd47fc00a2c39e90264f33305004495a9","hash":"9e8622909a0b10850c5bee5b3489e47a0f024bc8"}
,"/home/whoami/frontend/commerce-projects/df_boilerplate/src/lib/components/TimeWidgetsPanel/TimeWidgetsPanel.jsx": {"path":"/home/whoami/frontend/commerce-projects/df_boilerplate/src/lib/components/TimeWidgetsPanel/TimeWidgetsPanel.jsx","statementMap":{"0":{"start":{"line":19,"column":18},"end":{"line":24,"column":1}},"1":{"start":{"line":26,"column":25},"end":{"line":52,"column":1}},"2":{"start":{"line":27,"column":1},"end":{"line":51,"column":13}}},"fnMap":{"0":{"name":"(anonymous_0)","decl":{"start":{"line":26,"column":25},"end":{"line":26,"column":26}},"loc":{"start":{"line":27,"column":1},"end":{"line":51,"column":13}},"line":27}},"branchMap":{},"s":{"0":1,"1":1,"2":4},"f":{"0":4},"b":{},"_coverageSchema":"1a1c01bbd47fc00a2c39e90264f33305004495a9","hash":"a2dcbf339bb2393654adf36e9323446a21c841a7"}
,"/home/whoami/frontend/commerce-projects/df_boilerplate/src/lib/components/TimeWidgetsPanel/PersonWidget/PersonWidget.jsx": {"path":"/home/whoami/frontend/commerce-projects/df_boilerplate/src/lib/components/TimeWidgetsPanel/PersonWidget/PersonWidget.jsx","statementMap":{"0":{"start":{"line":12,"column":21},"end":{"line":73,"column":1}},"1":{"start":{"line":16,"column":18},"end":{"line":16,"column":28}},"2":{"start":{"line":17,"column":18},"end":{"line":19,"column":3}},"3":{"start":{"line":21,"column":1},"end":{"line":72,"column":3}}},"fnMap":{"0":{"name":"(anonymous_0)","decl":{"start":{"line":12,"column":21},"end":{"line":12,"column":22}},"loc":{"start":{"line":15,"column":46},"end":{"line":73,"column":1}},"line":15}},"branchMap":{"0":{"loc":{"start":{"line":33,"column":9},"end":{"line":33,"column":42}},"type":"binary-expr","locations":[{"start":{"line":33,"column":9},"end":{"line":33,"column":17}},{"start":{"line":33,"column":21},"end":{"line":33,"column":42}}],"line":33}},"s":{"0":1,"1":7,"2":7,"3":7},"f":{"0":7},"b":{"0":[7,2]},"_coverageSchema":"1a1c01bbd47fc00a2c39e90264f33305004495a9","hash":"320cbef28ce10bc55c29c634c8f99a744c7f6ee7"}
,"/home/whoami/frontend/commerce-projects/df_boilerplate/src/lib/components/TimeWidgetsPanel/TextFieldWidget/TextFieldWidget.jsx": {"path":"/home/whoami/frontend/commerce-projects/df_boilerplate/src/lib/components/TimeWidgetsPanel/TextFieldWidget/TextFieldWidget.jsx","statementMap":{"0":{"start":{"line":11,"column":22},"end":{"line":11,"column":32}},"1":{"start":{"line":12,"column":24},"end":{"line":19,"column":1}},"2":{"start":{"line":21,"column":24},"end":{"line":33,"column":1}},"3":{"start":{"line":24,"column":1},"end":{"line":32,"column":7}}},"fnMap":{"0":{"name":"(anonymous_0)","decl":{"start":{"line":21,"column":24},"end":{"line":21,"column":25}},"loc":{"start":{"line":24,"column":1},"end":{"line":32,"column":7}},"line":24}},"branchMap":{},"s":{"0":1,"1":1,"2":1,"3":13},"f":{"0":13},"b":{},"_coverageSchema":"1a1c01bbd47fc00a2c39e90264f33305004495a9","hash":"d9d51ece1f41788ca6469abe49e8b502702645d3"}
,"/home/whoami/frontend/commerce-projects/df_boilerplate/src/lib/components/TimeWidgetsPanel/TimeWidgets1/TimeWidgets1.jsx": {"path":"/home/whoami/frontend/commerce-projects/df_boilerplate/src/lib/components/TimeWidgetsPanel/TimeWidgets1/TimeWidgets1.jsx","statementMap":{"0":{"start":{"line":11,"column":23},"end":{"line":62,"column":1}},"1":{"start":{"line":12,"column":18},"end":{"line":12,"column":28}},"2":{"start":{"line":13,"column":1},"end":{"line":61,"column":3}},"3":{"start":{"line":34,"column":7},"end":{"line":34,"column":36}}},"fnMap":{"0":{"name":"(anonymous_0)","decl":{"start":{"line":11,"column":23},"end":{"line":11,"column":24}},"loc":{"start":{"line":11,"column":77},"end":{"line":62,"column":1}},"line":11},"1":{"name":"(anonymous_1)","decl":{"start":{"line":32,"column":27},"end":{"line":32,"column":28}},"loc":{"start":{"line":34,"column":7},"end":{"line":34,"column":36}},"line":34}},"branchMap":{},"s":{"0":1,"1":4,"2":4,"3":12},"f":{"0":4,"1":12},"b":{},"_coverageSchema":"1a1c01bbd47fc00a2c39e90264f33305004495a9","hash":"0ee5719e0d22985ad6f037a4239a5cd7dc2ee8d1"}
,"/home/whoami/frontend/commerce-projects/df_boilerplate/src/lib/components/TimeWidgetsPanel/TimeWidgets1/TimeWidgets1SM/TimeWidgets1SM.jsx": {"path":"/home/whoami/frontend/commerce-projects/df_boilerplate/src/lib/components/TimeWidgetsPanel/TimeWidgets1/TimeWidgets1SM/TimeWidgets1SM.jsx","statementMap":{"0":{"start":{"line":11,"column":23},"end":{"line":55,"column":1}},"1":{"start":{"line":12,"column":18},"end":{"line":12,"column":28}},"2":{"start":{"line":14,"column":1},"end":{"line":54,"column":3}},"3":{"start":{"line":28,"column":6},"end":{"line":28,"column":35}}},"fnMap":{"0":{"name":"(anonymous_0)","decl":{"start":{"line":11,"column":23},"end":{"line":11,"column":24}},"loc":{"start":{"line":11,"column":79},"end":{"line":55,"column":1}},"line":11},"1":{"name":"(anonymous_1)","decl":{"start":{"line":26,"column":26},"end":{"line":26,"column":27}},"loc":{"start":{"line":28,"column":6},"end":{"line":28,"column":35}},"line":28}},"branchMap":{},"s":{"0":1,"1":4,"2":4,"3":12},"f":{"0":4,"1":12},"b":{},"_coverageSchema":"1a1c01bbd47fc00a2c39e90264f33305004495a9","hash":"c14d8bd414b9905d40797047815c62d3fe0f295b"}
,"/home/whoami/frontend/commerce-projects/df_boilerplate/src/lib/components/TimeWidgetsPanel/TimeWidgets2/TimeWidgets2.jsx": {"path":"/home/whoami/frontend/commerce-projects/df_boilerplate/src/lib/components/TimeWidgetsPanel/TimeWidgets2/TimeWidgets2.jsx","statementMap":{"0":{"start":{"line":17,"column":21},"end":{"line":42,"column":1}},"1":{"start":{"line":18,"column":28},"end":{"line":18,"column":43}},"2":{"start":{"line":19,"column":1},"end":{"line":41,"column":3}}},"fnMap":{"0":{"name":"(anonymous_0)","decl":{"start":{"line":17,"column":21},"end":{"line":17,"column":22}},"loc":{"start":{"line":17,"column":79},"end":{"line":42,"column":1}},"line":17}},"branchMap":{"0":{"loc":{"start":{"line":27,"column":9},"end":{"line":31,"column":9}},"type":"cond-expr","locations":[{"start":{"line":28,"column":9},"end":{"line":28,"column":42}},{"start":{"line":30,"column":9},"end":{"line":30,"column":33}}],"line":27}},"s":{"0":1,"1":4,"2":4},"f":{"0":4},"b":{"0":[0,4]},"_coverageSchema":"1a1c01bbd47fc00a2c39e90264f33305004495a9","hash":"9d6d5c33271f5292a7917620ad1c0a759babaa3a"}
,"/home/whoami/frontend/commerce-projects/df_boilerplate/src/lib/components/TimeWidgetsPanel/TimeWidgets2/TimeWidgets2MD/TimeWidgets2MD.jsx": {"path":"/home/whoami/frontend/commerce-projects/df_boilerplate/src/lib/components/TimeWidgetsPanel/TimeWidgets2/TimeWidgets2MD/TimeWidgets2MD.jsx","statementMap":{"0":{"start":{"line":15,"column":23},"end":{"line":47,"column":1}},"1":{"start":{"line":18,"column":28},"end":{"line":18,"column":43}},"2":{"start":{"line":20,"column":1},"end":{"line":46,"column":3}}},"fnMap":{"0":{"name":"(anonymous_0)","decl":{"start":{"line":15,"column":23},"end":{"line":15,"column":24}},"loc":{"start":{"line":17,"column":48},"end":{"line":47,"column":1}},"line":17}},"branchMap":{"0":{"loc":{"start":{"line":35,"column":8},"end":{"line":39,"column":8}},"type":"cond-expr","locations":[{"start":{"line":36,"column":8},"end":{"line":36,"column":41}},{"start":{"line":38,"column":8},"end":{"line":38,"column":32}}],"line":35}},"s":{"0":1,"1":4,"2":4},"f":{"0":4},"b":{"0":[0,4]},"_coverageSchema":"1a1c01bbd47fc00a2c39e90264f33305004495a9","hash":"fbbf176d9fc8a0cc80902f7136eeebf2ef35d456"}
,"/home/whoami/frontend/commerce-projects/df_boilerplate/src/lib/components/TimeWidgetsPanel/TimeWidgets2/TimeWidgets2SM/TimeWidgets2SM.jsx": {"path":"/home/whoami/frontend/commerce-projects/df_boilerplate/src/lib/components/TimeWidgetsPanel/TimeWidgets2/TimeWidgets2SM/TimeWidgets2SM.jsx","statementMap":{"0":{"start":{"line":9,"column":23},"end":{"line":96,"column":1}},"1":{"start":{"line":10,"column":18},"end":{"line":10,"column":28}},"2":{"start":{"line":11,"column":28},"end":{"line":11,"column":43}},"3":{"start":{"line":13,"column":1},"end":{"line":95,"column":3}}},"fnMap":{"0":{"name":"(anonymous_0)","decl":{"start":{"line":9,"column":23},"end":{"line":9,"column":24}},"loc":{"start":{"line":9,"column":49},"end":{"line":96,"column":1}},"line":9}},"branchMap":{"0":{"loc":{"start":{"line":79,"column":8},"end":{"line":88,"column":8}},"type":"cond-expr","locations":[{"start":{"line":80,"column":8},"end":{"line":80,"column":41}},{"start":{"line":82,"column":8},"end":{"line":87,"column":10}}],"line":79}},"s":{"0":1,"1":4,"2":4,"3":4},"f":{"0":4},"b":{"0":[0,4]},"_coverageSchema":"1a1c01bbd47fc00a2c39e90264f33305004495a9","hash":"dde083182ef98c61c913f10592870123e3c3cde4"}
,"/home/whoami/frontend/commerce-projects/df_boilerplate/src/lib/components/TimeWidgetsPanel/TimeWidgets3/TimeWidgets3.jsx": {"path":"/home/whoami/frontend/commerce-projects/df_boilerplate/src/lib/components/TimeWidgetsPanel/TimeWidgets3/TimeWidgets3.jsx","statementMap":{"0":{"start":{"line":10,"column":21},"end":{"line":14,"column":1}},"1":{"start":{"line":11,"column":1},"end":{"line":13,"column":7}}},"fnMap":{"0":{"name":"(anonymous_0)","decl":{"start":{"line":10,"column":21},"end":{"line":10,"column":22}},"loc":{"start":{"line":11,"column":1},"end":{"line":13,"column":7}},"line":11}},"branchMap":{},"s":{"0":1,"1":4},"f":{"0":4},"b":{},"_coverageSchema":"1a1c01bbd47fc00a2c39e90264f33305004495a9","hash":"c88bc56543d88c5fe8b7d72f8742ec7fd6a70e4d"}
,"/home/whoami/frontend/commerce-projects/df_boilerplate/src/lib/components/TimeWidgetsPanel/TimeWidgets4/TimeWidgets4.jsx": {"path":"/home/whoami/frontend/commerce-projects/df_boilerplate/src/lib/components/TimeWidgetsPanel/TimeWidgets4/TimeWidgets4.jsx","statementMap":{"0":{"start":{"line":14,"column":21},"end":{"line":44,"column":1}},"1":{"start":{"line":15,"column":1},"end":{"line":43,"column":4}}},"fnMap":{"0":{"name":"(anonymous_0)","decl":{"start":{"line":14,"column":21},"end":{"line":14,"column":22}},"loc":{"start":{"line":15,"column":1},"end":{"line":43,"column":4}},"line":15}},"branchMap":{},"s":{"0":1,"1":4},"f":{"0":4},"b":{},"_coverageSchema":"1a1c01bbd47fc00a2c39e90264f33305004495a9","hash":"06c715e39416836a8dfd4a369b0e7fa5fac114f9"}
,"/home/whoami/frontend/commerce-projects/df_boilerplate/src/lib/components/TimeWidgetsPanel/TimeWidgets4/TimeWidgets4SmToLg/TimeWidgets4SmToLg.jsx": {"path":"/home/whoami/frontend/commerce-projects/df_boilerplate/src/lib/components/TimeWidgetsPanel/TimeWidgets4/TimeWidgets4SmToLg/TimeWidgets4SmToLg.jsx","statementMap":{"0":{"start":{"line":12,"column":27},"end":{"line":45,"column":1}},"1":{"start":{"line":15,"column":1},"end":{"line":44,"column":14}}},"fnMap":{"0":{"name":"(anonymous_0)","decl":{"start":{"line":12,"column":27},"end":{"line":12,"column":28}},"loc":{"start":{"line":15,"column":1},"end":{"line":44,"column":14}},"line":15}},"branchMap":{},"s":{"0":1,"1":4},"f":{"0":4},"b":{},"_coverageSchema":"1a1c01bbd47fc00a2c39e90264f33305004495a9","hash":"bfa19a082227e25f3606c55c9c77c42e7b24ae9e"}
,"/home/whoami/frontend/commerce-projects/df_boilerplate/src/lib/components/TimeWidgetsPanel/TimeWidgets5/TimeWidgets5.jsx": {"path":"/home/whoami/frontend/commerce-projects/df_boilerplate/src/lib/components/TimeWidgetsPanel/TimeWidgets5/TimeWidgets5.jsx","statementMap":{"0":{"start":{"line":14,"column":21},"end":{"line":49,"column":1}},"1":{"start":{"line":15,"column":1},"end":{"line":48,"column":4}}},"fnMap":{"0":{"name":"(anonymous_0)","decl":{"start":{"line":14,"column":21},"end":{"line":14,"column":22}},"loc":{"start":{"line":15,"column":1},"end":{"line":48,"column":4}},"line":15}},"branchMap":{},"s":{"0":1,"1":4},"f":{"0":4},"b":{},"_coverageSchema":"1a1c01bbd47fc00a2c39e90264f33305004495a9","hash":"1324026d14ae9f92fbfb817207c2936e0700a3e0"}
,"/home/whoami/frontend/commerce-projects/df_boilerplate/src/lib/components/TimeWidgetsPanel/TimeWidgets5/TimeWidgets5SmToLG/TimeWidgets5SmToLG.jsx": {"path":"/home/whoami/frontend/commerce-projects/df_boilerplate/src/lib/components/TimeWidgetsPanel/TimeWidgets5/TimeWidgets5SmToLG/TimeWidgets5SmToLG.jsx","statementMap":{"0":{"start":{"line":13,"column":27},"end":{"line":43,"column":1}},"1":{"start":{"line":16,"column":1},"end":{"line":42,"column":14}}},"fnMap":{"0":{"name":"(anonymous_0)","decl":{"start":{"line":13,"column":27},"end":{"line":13,"column":28}},"loc":{"start":{"line":16,"column":1},"end":{"line":42,"column":14}},"line":16}},"branchMap":{},"s":{"0":1,"1":4},"f":{"0":4},"b":{},"_coverageSchema":"1a1c01bbd47fc00a2c39e90264f33305004495a9","hash":"9748a62bf37b66be0711b3e795cf883845ceeb7d"}
,"/home/whoami/frontend/commerce-projects/df_boilerplate/src/lib/components/TimeWidgetsPanel/TimeWidgets6/TimeWidgets6.jsx": {"path":"/home/whoami/frontend/commerce-projects/df_boilerplate/src/lib/components/TimeWidgetsPanel/TimeWidgets6/TimeWidgets6.jsx","statementMap":{"0":{"start":{"line":10,"column":23},"end":{"line":12,"column":1}},"1":{"start":{"line":18,"column":21},"end":{"line":66,"column":1}},"2":{"start":{"line":19,"column":1},"end":{"line":65,"column":4}}},"fnMap":{"0":{"name":"(anonymous_0)","decl":{"start":{"line":18,"column":21},"end":{"line":18,"column":22}},"loc":{"start":{"line":19,"column":1},"end":{"line":65,"column":4}},"line":19}},"branchMap":{},"s":{"0":1,"1":1,"2":4},"f":{"0":4},"b":{},"_coverageSchema":"1a1c01bbd47fc00a2c39e90264f33305004495a9","hash":"0a00c0ea931421f28afc8bd666937392e0d263b3"}
,"/home/whoami/frontend/commerce-projects/df_boilerplate/src/lib/components/TimeWidgetsPanel/TimeWidgets6/TimeWidgets6SmToLg/TimeWidgets6SmToLg.jsx": {"path":"/home/whoami/frontend/commerce-projects/df_boilerplate/src/lib/components/TimeWidgetsPanel/TimeWidgets6/TimeWidgets6SmToLg/TimeWidgets6SmToLg.jsx","statementMap":{"0":{"start":{"line":9,"column":23},"end":{"line":11,"column":1}},"1":{"start":{"line":17,"column":27},"end":{"line":64,"column":1}},"2":{"start":{"line":20,"column":1},"end":{"line":63,"column":14}}},"fnMap":{"0":{"name":"(anonymous_0)","decl":{"start":{"line":17,"column":27},"end":{"line":17,"column":28}},"loc":{"start":{"line":20,"column":1},"end":{"line":63,"column":14}},"line":20}},"branchMap":{},"s":{"0":1,"1":1,"2":4},"f":{"0":4},"b":{},"_coverageSchema":"1a1c01bbd47fc00a2c39e90264f33305004495a9","hash":"81f946e590d173e8542f572e29cee478ac672304"}
,"/home/whoami/frontend/commerce-projects/df_boilerplate/src/lib/components/TimeWidgetsPanel/TimeWidgets7/TimeWidgets7.jsx": {"path":"/home/whoami/frontend/commerce-projects/df_boilerplate/src/lib/components/TimeWidgetsPanel/TimeWidgets7/TimeWidgets7.jsx","statementMap":{"0":{"start":{"line":17,"column":21},"end":{"line":62,"column":1}},"1":{"start":{"line":18,"column":1},"end":{"line":61,"column":4}}},"fnMap":{"0":{"name":"(anonymous_0)","decl":{"start":{"line":17,"column":21},"end":{"line":17,"column":22}},"loc":{"start":{"line":18,"column":1},"end":{"line":61,"column":4}},"line":18}},"branchMap":{},"s":{"0":1,"1":4},"f":{"0":4},"b":{},"_coverageSchema":"1a1c01bbd47fc00a2c39e90264f33305004495a9","hash":"01802c44e087f44ff640ef98c9cc907279eed8c3"}
,"/home/whoami/frontend/commerce-projects/df_boilerplate/src/lib/components/TimeWidgetsPanel/TimeWidgets7/TimeWidgets7LG/TimeWidgets7LG.jsx": {"path":"/home/whoami/frontend/commerce-projects/df_boilerplate/src/lib/components/TimeWidgetsPanel/TimeWidgets7/TimeWidgets7LG/TimeWidgets7LG.jsx","statementMap":{"0":{"start":{"line":13,"column":22},"end":{"line":58,"column":1}},"1":{"start":{"line":16,"column":1},"end":{"line":57,"column":14}}},"fnMap":{"0":{"name":"(anonymous_0)","decl":{"start":{"line":13,"column":22},"end":{"line":13,"column":23}},"loc":{"start":{"line":16,"column":1},"end":{"line":57,"column":14}},"line":16}},"branchMap":{},"s":{"0":1,"1":4},"f":{"0":4},"b":{},"_coverageSchema":"1a1c01bbd47fc00a2c39e90264f33305004495a9","hash":"aa90b8dcb1abf7b58c0ca6072aa2ad9375882106"}
,"/home/whoami/frontend/commerce-projects/df_boilerplate/src/lib/components/TimeWidgetsPanel/TimeWidgets7/TimeWidgets7MD/TimeWidgets7MD.jsx": {"path":"/home/whoami/frontend/commerce-projects/df_boilerplate/src/lib/components/TimeWidgetsPanel/TimeWidgets7/TimeWidgets7MD/TimeWidgets7MD.jsx","statementMap":{"0":{"start":{"line":14,"column":23},"end":{"line":37,"column":1}},"1":{"start":{"line":17,"column":1},"end":{"line":36,"column":14}}},"fnMap":{"0":{"name":"(anonymous_0)","decl":{"start":{"line":14,"column":23},"end":{"line":14,"column":24}},"loc":{"start":{"line":17,"column":1},"end":{"line":36,"column":14}},"line":17}},"branchMap":{},"s":{"0":1,"1":4},"f":{"0":4},"b":{},"_coverageSchema":"1a1c01bbd47fc00a2c39e90264f33305004495a9","hash":"7e5e6b30d7a2825b9e763d79030a617815ce9cc5"}
,"/home/whoami/frontend/commerce-projects/df_boilerplate/src/lib/components/TimeWidgetsPanel/TimeWidgets7/TimeWidgets7SM/TimeWidgets7SM.jsx": {"path":"/home/whoami/frontend/commerce-projects/df_boilerplate/src/lib/components/TimeWidgetsPanel/TimeWidgets7/TimeWidgets7SM/TimeWidgets7SM.jsx","statementMap":{"0":{"start":{"line":14,"column":23},"end":{"line":40,"column":1}},"1":{"start":{"line":17,"column":1},"end":{"line":39,"column":14}}},"fnMap":{"0":{"name":"(anonymous_0)","decl":{"start":{"line":14,"column":23},"end":{"line":14,"column":24}},"loc":{"start":{"line":17,"column":1},"end":{"line":39,"column":14}},"line":17}},"branchMap":{},"s":{"0":1,"1":4},"f":{"0":4},"b":{},"_coverageSchema":"1a1c01bbd47fc00a2c39e90264f33305004495a9","hash":"3e013551f14656ca81fe714a7ef0efcbf6623671"}
,"/home/whoami/frontend/commerce-projects/df_boilerplate/src/lib/components/TimeWidgetsPanel/TimeWidgets7/TimeWidgets7XL/TimeWidgets7XL.jsx": {"path":"/home/whoami/frontend/commerce-projects/df_boilerplate/src/lib/components/TimeWidgetsPanel/TimeWidgets7/TimeWidgets7XL/TimeWidgets7XL.jsx","statementMap":{"0":{"start":{"line":12,"column":23},"end":{"line":53,"column":1}},"1":{"start":{"line":15,"column":1},"end":{"line":52,"column":14}}},"fnMap":{"0":{"name":"(anonymous_0)","decl":{"start":{"line":12,"column":23},"end":{"line":12,"column":24}},"loc":{"start":{"line":15,"column":1},"end":{"line":52,"column":14}},"line":15}},"branchMap":{},"s":{"0":1,"1":4},"f":{"0":4},"b":{},"_coverageSchema":"1a1c01bbd47fc00a2c39e90264f33305004495a9","hash":"ee0b4cd878d3f0734c15152b1aa17f674d641bcc"}
,"/home/whoami/frontend/commerce-projects/df_boilerplate/src/lib/components/TimeWidgetsPanel/TimeWidgets8/TimeWidgets8.jsx": {"path":"/home/whoami/frontend/commerce-projects/df_boilerplate/src/lib/components/TimeWidgetsPanel/TimeWidgets8/TimeWidgets8.jsx","statementMap":{"0":{"start":{"line":16,"column":21},"end":{"line":54,"column":1}},"1":{"start":{"line":17,"column":1},"end":{"line":53,"column":4}}},"fnMap":{"0":{"name":"(anonymous_0)","decl":{"start":{"line":16,"column":21},"end":{"line":16,"column":22}},"loc":{"start":{"line":17,"column":1},"end":{"line":53,"column":4}},"line":17}},"branchMap":{},"s":{"0":1,"1":3},"f":{"0":3},"b":{},"_coverageSchema":"1a1c01bbd47fc00a2c39e90264f33305004495a9","hash":"ea6ce10d4b41e8e1731348acdae41dd2a9bb33cd"}
,"/home/whoami/frontend/commerce-projects/df_boilerplate/src/lib/components/TimeWidgetsPanel/TimeWidgets8/TimeWidgets8LG/TimeWidgets8LG.jsx": {"path":"/home/whoami/frontend/commerce-projects/df_boilerplate/src/lib/components/TimeWidgetsPanel/TimeWidgets8/TimeWidgets8LG/TimeWidgets8LG.jsx","statementMap":{"0":{"start":{"line":14,"column":23},"end":{"line":49,"column":1}},"1":{"start":{"line":17,"column":1},"end":{"line":48,"column":14}}},"fnMap":{"0":{"name":"(anonymous_0)","decl":{"start":{"line":14,"column":23},"end":{"line":14,"column":24}},"loc":{"start":{"line":17,"column":1},"end":{"line":48,"column":14}},"line":17}},"branchMap":{},"s":{"0":1,"1":3},"f":{"0":3},"b":{},"_coverageSchema":"1a1c01bbd47fc00a2c39e90264f33305004495a9","hash":"e95a8b6c787181d525cfa34d76ec7892155b5d77"}
,"/home/whoami/frontend/commerce-projects/df_boilerplate/src/lib/components/TimeWidgetsPanel/TimeWidgets8/TimeWidgets8MD/TimeWidgets8MD.jsx": {"path":"/home/whoami/frontend/commerce-projects/df_boilerplate/src/lib/components/TimeWidgetsPanel/TimeWidgets8/TimeWidgets8MD/TimeWidgets8MD.jsx","statementMap":{"0":{"start":{"line":14,"column":23},"end":{"line":36,"column":1}},"1":{"start":{"line":17,"column":1},"end":{"line":35,"column":14}}},"fnMap":{"0":{"name":"(anonymous_0)","decl":{"start":{"line":14,"column":23},"end":{"line":14,"column":24}},"loc":{"start":{"line":17,"column":1},"end":{"line":35,"column":14}},"line":17}},"branchMap":{},"s":{"0":1,"1":3},"f":{"0":3},"b":{},"_coverageSchema":"1a1c01bbd47fc00a2c39e90264f33305004495a9","hash":"9c844be3ec64345869261b7f4d67a29ae52c6df1"}
,"/home/whoami/frontend/commerce-projects/df_boilerplate/src/lib/components/TimeWidgetsPanel/TimeWidgets8/TimeWidgets8SM/TimeWidgets8SM.jsx": {"path":"/home/whoami/frontend/commerce-projects/df_boilerplate/src/lib/components/TimeWidgetsPanel/TimeWidgets8/TimeWidgets8SM/TimeWidgets8SM.jsx","statementMap":{"0":{"start":{"line":14,"column":23},"end":{"line":38,"column":1}},"1":{"start":{"line":17,"column":1},"end":{"line":37,"column":14}}},"fnMap":{"0":{"name":"(anonymous_0)","decl":{"start":{"line":14,"column":23},"end":{"line":14,"column":24}},"loc":{"start":{"line":17,"column":1},"end":{"line":37,"column":14}},"line":17}},"branchMap":{},"s":{"0":1,"1":3},"f":{"0":3},"b":{},"_coverageSchema":"1a1c01bbd47fc00a2c39e90264f33305004495a9","hash":"daf5514be019be464dae464e2e31503cc0cfdea6"}
,"/home/whoami/frontend/commerce-projects/df_boilerplate/src/lib/components/TimeWidgetsPanel/TimeWidgetsCustomClock/TimeWidgetsCustomClock.jsx": {"path":"/home/whoami/frontend/commerce-projects/df_boilerplate/src/lib/components/TimeWidgetsPanel/TimeWidgetsCustomClock/TimeWidgetsCustomClock.jsx","statementMap":{"0":{"start":{"line":7,"column":23},"end":{"line":17,"column":1}},"1":{"start":{"line":19,"column":31},"end":{"line":28,"column":1}},"2":{"start":{"line":20,"column":1},"end":{"line":27,"column":3}}},"fnMap":{"0":{"name":"(anonymous_0)","decl":{"start":{"line":19,"column":31},"end":{"line":19,"column":32}},"loc":{"start":{"line":20,"column":1},"end":{"line":27,"column":3}},"line":20}},"branchMap":{},"s":{"0":1,"1":1,"2":25},"f":{"0":25},"b":{},"_coverageSchema":"1a1c01bbd47fc00a2c39e90264f33305004495a9","hash":"dcbae262235764147c1c9cab0f64afb9bcfd367c"}
[...]
,"/home/whoami/frontend/commerce-projects/df_boilerplate/src/lib/templates/WelcomePages/WelcomePage2/WelcomePage2.jsx": {"path":"/home/whoami/frontend/commerce-projects/df_boilerplate/src/lib/templates/WelcomePages/WelcomePage2/WelcomePage2.jsx","statementMap":{"0":{"start":{"line":15,"column":15},"end":{"line":20,"column":1}},"1":{"start":{"line":22,"column":21},"end":{"line":47,"column":1}},"2":{"start":{"line":23,"column":1},"end":{"line":46,"column":16}}},"fnMap":{"0":{"name":"(anonymous_0)","decl":{"start":{"line":22,"column":21},"end":{"line":22,"column":22}},"loc":{"start":{"line":23,"column":1},"end":{"line":46,"column":16}},"line":23},"1":{"name":"(anonymous_1)","decl":{"start":{"line":27,"column":39},"end":{"line":27,"column":40}},"loc":{"start":{"line":27,"column":50},"end":{"line":27,"column":52}},"line":27},"2":{"name":"(anonymous_2)","decl":{"start":{"line":28,"column":40},"end":{"line":28,"column":41}},"loc":{"start":{"line":28,"column":51},"end":{"line":28,"column":53}},"line":28},"3":{"name":"(anonymous_3)","decl":{"start":{"line":33,"column":39},"end":{"line":33,"column":40}},"loc":{"start":{"line":33,"column":50},"end":{"line":33,"column":52}},"line":33},"4":{"name":"(anonymous_4)","decl":{"start":{"line":34,"column":40},"end":{"line":34,"column":41}},"loc":{"start":{"line":34,"column":51},"end":{"line":34,"column":53}},"line":34},"5":{"name":"(anonymous_5)","decl":{"start":{"line":35,"column":39},"end":{"line":35,"column":40}},"loc":{"start":{"line":35,"column":50},"end":{"line":35,"column":52}},"line":35},"6":{"name":"(anonymous_6)","decl":{"start":{"line":36,"column":40},"end":{"line":36,"column":41}},"loc":{"start":{"line":36,"column":51},"end":{"line":36,"column":53}},"line":36},"7":{"name":"(anonymous_7)","decl":{"start":{"line":37,"column":39},"end":{"line":37,"column":40}},"loc":{"start":{"line":37,"column":50},"end":{"line":37,"column":52}},"line":37},"8":{"name":"(anonymous_8)","decl":{"start":{"line":38,"column":40},"end":{"line":38,"column":41}},"loc":{"start":{"line":38,"column":51},"end":{"line":38,"column":53}},"line":38},"9":{"name":"(anonymous_9)","decl":{"start":{"line":39,"column":39},"end":{"line":39,"column":40}},"loc":{"start":{"line":39,"column":50},"end":{"line":39,"column":52}},"line":39},"10":{"name":"(anonymous_10)","decl":{"start":{"line":40,"column":40},"end":{"line":40,"column":41}},"loc":{"start":{"line":40,"column":51},"end":{"line":40,"column":53}},"line":40},"11":{"name":"(anonymous_11)","decl":{"start":{"line":41,"column":39},"end":{"line":41,"column":40}},"loc":{"start":{"line":41,"column":50},"end":{"line":41,"column":52}},"line":41},"12":{"name":"(anonymous_12)","decl":{"start":{"line":42,"column":40},"end":{"line":42,"column":41}},"loc":{"start":{"line":42,"column":51},"end":{"line":42,"column":53}},"line":42}},"branchMap":{},"s":{"0":1,"1":1,"2":4},"f":{"0":4,"1":0,"2":0,"3":0,"4":0,"5":0,"6":0,"7":0,"8":0,"9":0,"10":0,"11":0,"12":0},"b":{},"_coverageSchema":"1a1c01bbd47fc00a2c39e90264f33305004495a9","hash":"47b788a7db3ddbcc001550a916fd4fafc6fb723d"}
,"/home/whoami/frontend/commerce-projects/df_boilerplate/src/lib/templates/WelcomePages/WelcomePage3/WelcomePage3.jsx": {"path":"/home/whoami/frontend/commerce-projects/df_boilerplate/src/lib/templates/WelcomePages/WelcomePage3/WelcomePage3.jsx","statementMap":{"0":{"start":{"line":15,"column":15},"end":{"line":20,"column":1}},"1":{"start":{"line":22,"column":21},"end":{"line":47,"column":1}},"2":{"start":{"line":23,"column":1},"end":{"line":46,"column":16}}},"fnMap":{"0":{"name":"(anonymous_0)","decl":{"start":{"line":22,"column":21},"end":{"line":22,"column":22}},"loc":{"start":{"line":23,"column":1},"end":{"line":46,"column":16}},"line":23},"1":{"name":"(anonymous_1)","decl":{"start":{"line":27,"column":39},"end":{"line":27,"column":40}},"loc":{"start":{"line":27,"column":50},"end":{"line":27,"column":52}},"line":27},"2":{"name":"(anonymous_2)","decl":{"start":{"line":28,"column":40},"end":{"line":28,"column":41}},"loc":{"start":{"line":28,"column":51},"end":{"line":28,"column":53}},"line":28},"3":{"name":"(anonymous_3)","decl":{"start":{"line":29,"column":39},"end":{"line":29,"column":40}},"loc":{"start":{"line":29,"column":50},"end":{"line":29,"column":52}},"line":29},"4":{"name":"(anonymous_4)","decl":{"start":{"line":30,"column":40},"end":{"line":30,"column":41}},"loc":{"start":{"line":30,"column":51},"end":{"line":30,"column":53}},"line":30},"5":{"name":"(anonymous_5)","decl":{"start":{"line":31,"column":39},"end":{"line":31,"column":40}},"loc":{"start":{"line":31,"column":50},"end":{"line":31,"column":52}},"line":31},"6":{"name":"(anonymous_6)","decl":{"start":{"line":32,"column":40},"end":{"line":32,"column":41}},"loc":{"start":{"line":32,"column":51},"end":{"line":32,"column":53}},"line":32},"7":{"name":"(anonymous_7)","decl":{"start":{"line":33,"column":39},"end":{"line":33,"column":40}},"loc":{"start":{"line":33,"column":50},"end":{"line":33,"column":52}},"line":33},"8":{"name":"(anonymous_8)","decl":{"start":{"line":34,"column":40},"end":{"line":34,"column":41}},"loc":{"start":{"line":34,"column":51},"end":{"line":34,"column":53}},"line":34},"9":{"name":"(anonymous_9)","decl":{"start":{"line":35,"column":39},"end":{"line":35,"column":40}},"loc":{"start":{"line":35,"column":50},"end":{"line":35,"column":52}},"line":35},"10":{"name":"(anonymous_10)","decl":{"start":{"line":36,"column":40},"end":{"line":36,"column":41}},"loc":{"start":{"line":36,"column":51},"end":{"line":36,"column":53}},"line":36},"11":{"name":"(anonymous_11)","decl":{"start":{"line":41,"column":39},"end":{"line":41,"column":40}},"loc":{"start":{"line":41,"column":50},"end":{"line":41,"column":52}},"line":41},"12":{"name":"(anonymous_12)","decl":{"start":{"line":42,"column":40},"end":{"line":42,"column":41}},"loc":{"start":{"line":42,"column":51},"end":{"line":42,"column":53}},"line":42}},"branchMap":{},"s":{"0":1,"1":1,"2":4},"f":{"0":4,"1":0,"2":0,"3":0,"4":0,"5":0,"6":0,"7":0,"8":0,"9":0,"10":0,"11":0,"12":0},"b":{},"_coverageSchema":"1a1c01bbd47fc00a2c39e90264f33305004495a9","hash":"0cdf4f04bd586865a8fa485c2932ce3b21aca237"}
,"/home/whoami/frontend/commerce-projects/df_boilerplate/src/lib/templates/WelcomePages/WelcomePage4/WelcomePage4.jsx": {"path":"/home/whoami/frontend/commerce-projects/df_boilerplate/src/lib/templates/WelcomePages/WelcomePage4/WelcomePage4.jsx","statementMap":{"0":{"start":{"line":14,"column":15},"end":{"line":19,"column":1}},"1":{"start":{"line":21,"column":21},"end":{"line":38,"column":1}},"2":{"start":{"line":22,"column":1},"end":{"line":37,"column":16}}},"fnMap":{"0":{"name":"(anonymous_0)","decl":{"start":{"line":21,"column":21},"end":{"line":21,"column":22}},"loc":{"start":{"line":22,"column":1},"end":{"line":37,"column":16}},"line":22},"1":{"name":"(anonymous_1)","decl":{"start":{"line":25,"column":38},"end":{"line":25,"column":39}},"loc":{"start":{"line":25,"column":49},"end":{"line":25,"column":51}},"line":25},"2":{"name":"(anonymous_2)","decl":{"start":{"line":26,"column":39},"end":{"line":26,"column":40}},"loc":{"start":{"line":26,"column":50},"end":{"line":26,"column":52}},"line":26},"3":{"name":"(anonymous_3)","decl":{"start":{"line":27,"column":38},"end":{"line":27,"column":39}},"loc":{"start":{"line":27,"column":49},"end":{"line":27,"column":51}},"line":27},"4":{"name":"(anonymous_4)","decl":{"start":{"line":28,"column":39},"end":{"line":28,"column":40}},"loc":{"start":{"line":28,"column":50},"end":{"line":28,"column":52}},"line":28},"5":{"name":"(anonymous_5)","decl":{"start":{"line":29,"column":38},"end":{"line":29,"column":39}},"loc":{"start":{"line":29,"column":49},"end":{"line":29,"column":51}},"line":29},"6":{"name":"(anonymous_6)","decl":{"start":{"line":30,"column":39},"end":{"line":30,"column":40}},"loc":{"start":{"line":30,"column":50},"end":{"line":30,"column":52}},"line":30},"7":{"name":"(anonymous_7)","decl":{"start":{"line":31,"column":38},"end":{"line":31,"column":39}},"loc":{"start":{"line":31,"column":49},"end":{"line":31,"column":51}},"line":31},"8":{"name":"(anonymous_8)","decl":{"start":{"line":32,"column":39},"end":{"line":32,"column":40}},"loc":{"start":{"line":32,"column":50},"end":{"line":32,"column":52}},"line":32},"9":{"name":"(anonymous_9)","decl":{"start":{"line":33,"column":38},"end":{"line":33,"column":39}},"loc":{"start":{"line":33,"column":49},"end":{"line":33,"column":51}},"line":33},"10":{"name":"(anonymous_10)","decl":{"start":{"line":34,"column":39},"end":{"line":34,"column":40}},"loc":{"start":{"line":34,"column":50},"end":{"line":34,"column":52}},"line":34}},"branchMap":{},"s":{"0":1,"1":1,"2":4},"f":{"0":4,"1":0,"2":0,"3":0,"4":0,"5":0,"6":0,"7":0,"8":0,"9":0,"10":0},"b":{},"_coverageSchema":"1a1c01bbd47fc00a2c39e90264f33305004495a9","hash":"fbe7d3399cf7018003cff0077743a620926fe0a0"}
,"/home/whoami/frontend/commerce-projects/df_boilerplate/src/lib/templates/WelcomePages/WelcomePage5/WelcomePage5.jsx": {"path":"/home/whoami/frontend/commerce-projects/df_boilerplate/src/lib/templates/WelcomePages/WelcomePage5/WelcomePage5.jsx","statementMap":{"0":{"start":{"line":12,"column":21},"end":{"line":29,"column":1}},"1":{"start":{"line":13,"column":1},"end":{"line":28,"column":17}}},"fnMap":{"0":{"name":"(anonymous_0)","decl":{"start":{"line":12,"column":21},"end":{"line":12,"column":22}},"loc":{"start":{"line":13,"column":1},"end":{"line":28,"column":17}},"line":13},"1":{"name":"(anonymous_1)","decl":{"start":{"line":17,"column":39},"end":{"line":17,"column":40}},"loc":{"start":{"line":17,"column":50},"end":{"line":17,"column":52}},"line":17},"2":{"name":"(anonymous_2)","decl":{"start":{"line":18,"column":40},"end":{"line":18,"column":41}},"loc":{"start":{"line":18,"column":51},"end":{"line":18,"column":53}},"line":18},"3":{"name":"(anonymous_3)","decl":{"start":{"line":23,"column":39},"end":{"line":23,"column":40}},"loc":{"start":{"line":23,"column":50},"end":{"line":23,"column":52}},"line":23},"4":{"name":"(anonymous_4)","decl":{"start":{"line":24,"column":40},"end":{"line":24,"column":41}},"loc":{"start":{"line":24,"column":51},"end":{"line":24,"column":53}},"line":24}},"branchMap":{},"s":{"0":1,"1":4},"f":{"0":4,"1":0,"2":0,"3":0,"4":0},"b":{},"_coverageSchema":"1a1c01bbd47fc00a2c39e90264f33305004495a9","hash":"385c7f5b617eddb2087e4befa24f87941e96483b"}
,"/home/whoami/frontend/commerce-projects/df_boilerplate/src/lib/templates/WelcomePages/WelcomePage6/WelcomePage6.jsx": {"path":"/home/whoami/frontend/commerce-projects/df_boilerplate/src/lib/templates/WelcomePages/WelcomePage6/WelcomePage6.jsx","statementMap":{"0":{"start":{"line":12,"column":21},"end":{"line":37,"column":1}},"1":{"start":{"line":13,"column":1},"end":{"line":36,"column":17}}},"fnMap":{"0":{"name":"(anonymous_0)","decl":{"start":{"line":12,"column":21},"end":{"line":12,"column":22}},"loc":{"start":{"line":13,"column":1},"end":{"line":36,"column":17}},"line":13},"1":{"name":"(anonymous_1)","decl":{"start":{"line":17,"column":39},"end":{"line":17,"column":40}},"loc":{"start":{"line":17,"column":50},"end":{"line":17,"column":52}},"line":17},"2":{"name":"(anonymous_2)","decl":{"start":{"line":18,"column":40},"end":{"line":18,"column":41}},"loc":{"start":{"line":18,"column":51},"end":{"line":18,"column":53}},"line":18},"3":{"name":"(anonymous_3)","decl":{"start":{"line":23,"column":39},"end":{"line":23,"column":40}},"loc":{"start":{"line":23,"column":50},"end":{"line":23,"column":52}},"line":23},"4":{"name":"(anonymous_4)","decl":{"start":{"line":24,"column":40},"end":{"line":24,"column":41}},"loc":{"start":{"line":24,"column":51},"end":{"line":24,"column":53}},"line":24},"5":{"name":"(anonymous_5)","decl":{"start":{"line":25,"column":39},"end":{"line":25,"column":40}},"loc":{"start":{"line":25,"column":50},"end":{"line":25,"column":52}},"line":25},"6":{"name":"(anonymous_6)","decl":{"start":{"line":26,"column":40},"end":{"line":26,"column":41}},"loc":{"start":{"line":26,"column":51},"end":{"line":26,"column":53}},"line":26},"7":{"name":"(anonymous_7)","decl":{"start":{"line":27,"column":39},"end":{"line":27,"column":40}},"loc":{"start":{"line":27,"column":50},"end":{"line":27,"column":52}},"line":27},"8":{"name":"(anonymous_8)","decl":{"start":{"line":28,"column":40},"end":{"line":28,"column":41}},"loc":{"start":{"line":28,"column":51},"end":{"line":28,"column":53}},"line":28},"9":{"name":"(anonymous_9)","decl":{"start":{"line":29,"column":39},"end":{"line":29,"column":40}},"loc":{"start":{"line":29,"column":50},"end":{"line":29,"column":52}},"line":29},"10":{"name":"(anonymous_10)","decl":{"start":{"line":30,"column":40},"end":{"line":30,"column":41}},"loc":{"start":{"line":30,"column":51},"end":{"line":30,"column":53}},"line":30},"11":{"name":"(anonymous_11)","decl":{"start":{"line":31,"column":39},"end":{"line":31,"column":40}},"loc":{"start":{"line":31,"column":50},"end":{"line":31,"column":52}},"line":31},"12":{"name":"(anonymous_12)","decl":{"start":{"line":32,"column":40},"end":{"line":32,"column":41}},"loc":{"start":{"line":32,"column":51},"end":{"line":32,"column":53}},"line":32}},"branchMap":{},"s":{"0":1,"1":4},"f":{"0":4,"1":0,"2":0,"3":0,"4":0,"5":0,"6":0,"7":0,"8":0,"9":0,"10":0,"11":0,"12":0},"b":{},"_coverageSchema":"1a1c01bbd47fc00a2c39e90264f33305004495a9","hash":"057149879b69f4ee9eba1a806fa8c7ae7261a67d"}
,"/home/whoami/frontend/commerce-projects/df_boilerplate/src/lib/templates/WelcomePages/WelcomePage7/WelcomePage7.jsx": {"path":"/home/whoami/frontend/commerce-projects/df_boilerplate/src/lib/templates/WelcomePages/WelcomePage7/WelcomePage7.jsx","statementMap":{"0":{"start":{"line":12,"column":21},"end":{"line":37,"column":1}},"1":{"start":{"line":13,"column":1},"end":{"line":36,"column":17}}},"fnMap":{"0":{"name":"(anonymous_0)","decl":{"start":{"line":12,"column":21},"end":{"line":12,"column":22}},"loc":{"start":{"line":13,"column":1},"end":{"line":36,"column":17}},"line":13},"1":{"name":"(anonymous_1)","decl":{"start":{"line":17,"column":39},"end":{"line":17,"column":40}},"loc":{"start":{"line":17,"column":50},"end":{"line":17,"column":52}},"line":17},"2":{"name":"(anonymous_2)","decl":{"start":{"line":18,"column":40},"end":{"line":18,"column":41}},"loc":{"start":{"line":18,"column":51},"end":{"line":18,"column":53}},"line":18},"3":{"name":"(anonymous_3)","decl":{"start":{"line":19,"column":39},"end":{"line":19,"column":40}},"loc":{"start":{"line":19,"column":50},"end":{"line":19,"column":52}},"line":19},"4":{"name":"(anonymous_4)","decl":{"start":{"line":20,"column":40},"end":{"line":20,"column":41}},"loc":{"start":{"line":20,"column":51},"end":{"line":20,"column":53}},"line":20},"5":{"name":"(anonymous_5)","decl":{"start":{"line":21,"column":39},"end":{"line":21,"column":40}},"loc":{"start":{"line":21,"column":50},"end":{"line":21,"column":52}},"line":21},"6":{"name":"(anonymous_6)","decl":{"start":{"line":22,"column":40},"end":{"line":22,"column":41}},"loc":{"start":{"line":22,"column":51},"end":{"line":22,"column":53}},"line":22},"7":{"name":"(anonymous_7)","decl":{"start":{"line":23,"column":39},"end":{"line":23,"column":40}},"loc":{"start":{"line":23,"column":50},"end":{"line":23,"column":52}},"line":23},"8":{"name":"(anonymous_8)","decl":{"start":{"line":24,"column":40},"end":{"line":24,"column":41}},"loc":{"start":{"line":24,"column":51},"end":{"line":24,"column":53}},"line":24},"9":{"name":"(anonymous_9)","decl":{"start":{"line":25,"column":39},"end":{"line":25,"column":40}},"loc":{"start":{"line":25,"column":50},"end":{"line":25,"column":52}},"line":25},"10":{"name":"(anonymous_10)","decl":{"start":{"line":26,"column":40},"end":{"line":26,"column":41}},"loc":{"start":{"line":26,"column":51},"end":{"line":26,"column":53}},"line":26},"11":{"name":"(anonymous_11)","decl":{"start":{"line":31,"column":39},"end":{"line":31,"column":40}},"loc":{"start":{"line":31,"column":50},"end":{"line":31,"column":52}},"line":31},"12":{"name":"(anonymous_12)","decl":{"start":{"line":32,"column":40},"end":{"line":32,"column":41}},"loc":{"start":{"line":32,"column":51},"end":{"line":32,"column":53}},"line":32}},"branchMap":{},"s":{"0":1,"1":4},"f":{"0":4,"1":0,"2":0,"3":0,"4":0,"5":0,"6":0,"7":0,"8":0,"9":0,"10":0,"11":0,"12":0},"b":{},"_coverageSchema":"1a1c01bbd47fc00a2c39e90264f33305004495a9","hash":"0f8e05df3574892c8c813d4789cd86a2f834290c"}
,"/home/whoami/frontend/commerce-projects/df_boilerplate/src/lib/templates/WelcomePages/WelcomePage8/WelcomePage8.jsx": {"path":"/home/whoami/frontend/commerce-projects/df_boilerplate/src/lib/templates/WelcomePages/WelcomePage8/WelcomePage8.jsx","statementMap":{"0":{"start":{"line":11,"column":21},"end":{"line":28,"column":1}},"1":{"start":{"line":12,"column":1},"end":{"line":27,"column":17}}},"fnMap":{"0":{"name":"(anonymous_0)","decl":{"start":{"line":11,"column":21},"end":{"line":11,"column":22}},"loc":{"start":{"line":12,"column":1},"end":{"line":27,"column":17}},"line":12},"1":{"name":"(anonymous_1)","decl":{"start":{"line":15,"column":38},"end":{"line":15,"column":39}},"loc":{"start":{"line":15,"column":49},"end":{"line":15,"column":51}},"line":15},"2":{"name":"(anonymous_2)","decl":{"start":{"line":16,"column":39},"end":{"line":16,"column":40}},"loc":{"start":{"line":16,"column":50},"end":{"line":16,"column":52}},"line":16},"3":{"name":"(anonymous_3)","decl":{"start":{"line":17,"column":38},"end":{"line":17,"column":39}},"loc":{"start":{"line":17,"column":49},"end":{"line":17,"column":51}},"line":17},"4":{"name":"(anonymous_4)","decl":{"start":{"line":18,"column":39},"end":{"line":18,"column":40}},"loc":{"start":{"line":18,"column":50},"end":{"line":18,"column":52}},"line":18},"5":{"name":"(anonymous_5)","decl":{"start":{"line":19,"column":38},"end":{"line":19,"column":39}},"loc":{"start":{"line":19,"column":49},"end":{"line":19,"column":51}},"line":19},"6":{"name":"(anonymous_6)","decl":{"start":{"line":20,"column":39},"end":{"line":20,"column":40}},"loc":{"start":{"line":20,"column":50},"end":{"line":20,"column":52}},"line":20},"7":{"name":"(anonymous_7)","decl":{"start":{"line":21,"column":38},"end":{"line":21,"column":39}},"loc":{"start":{"line":21,"column":49},"end":{"line":21,"column":51}},"line":21},"8":{"name":"(anonymous_8)","decl":{"start":{"line":22,"column":39},"end":{"line":22,"column":40}},"loc":{"start":{"line":22,"column":50},"end":{"line":22,"column":52}},"line":22},"9":{"name":"(anonymous_9)","decl":{"start":{"line":23,"column":38},"end":{"line":23,"column":39}},"loc":{"start":{"line":23,"column":49},"end":{"line":23,"column":51}},"line":23},"10":{"name":"(anonymous_10)","decl":{"start":{"line":24,"column":39},"end":{"line":24,"column":40}},"loc":{"start":{"line":24,"column":50},"end":{"line":24,"column":52}},"line":24}},"branchMap":{},"s":{"0":1,"1":4},"f":{"0":4,"1":0,"2":0,"3":0,"4":0,"5":0,"6":0,"7":0,"8":0,"9":0,"10":0},"b":{},"_coverageSchema":"1a1c01bbd47fc00a2c39e90264f33305004495a9","hash":"f5c7d1ef2b389d49af8610d0bce01465bca72d8f"}
}
