TN:
SF:src/components/Container/Container.jsx
FN:17,(anonymous_0)
FNF:1
FNH:1
FNDA:24,(anonymous_0)
DA:17,8
DA:24,24
LF:2
LH:2
BRF:0
BRH:0
end_of_record
TN:
SF:src/components/Container/Container.styles.js
FNF:0
FNH:0
DA:4,8
DA:6,8
DA:10,8
DA:15,8
DA:19,8
LF:5
LH:5
BRF:0
BRH:0
end_of_record
TN:
SF:src/components/Container/buttons.js
FN:4,(anonymous_0)
FN:8,(anonymous_1)
FN:12,(anonymous_2)
FNF:3
FNH:0
FNDA:0,(anonymous_0)
FNDA:0,(anonymous_1)
FNDA:0,(anonymous_2)
DA:1,8
LF:1
LH:1
BRF:0
BRH:0
end_of_record
TN:
SF:src/components/Container/HomeHeader/HomeHeader.jsx
FN:22,(anonymous_0)
FN:29,(anonymous_1)
FN:33,(anonymous_2)
FNF:3
FNH:2
FNDA:24,(anonymous_0)
FNDA:24,(anonymous_1)
FNDA:0,(anonymous_2)
DA:12,8
DA:22,8
DA:27,24
DA:29,24
DA:30,24
DA:33,24
DA:34,0
DA:35,0
DA:38,24
LF:9
LH:7
BRDA:34,0,0,0
BRDA:34,0,1,0
BRF:2
BRH:0
end_of_record
TN:
SF:src/components/Container/HomeHeader/BurgerMenu/BurgerMenu.jsx
FN:7,(anonymous_0)
FNF:1
FNH:1
FNDA:8,(anonymous_0)
DA:7,8
DA:8,8
LF:2
LH:2
BRF:0
BRH:0
end_of_record
TN:
SF:src/components/Container/HomeHeader/HomeHeaderMobile/HomeHeaderMobile.jsx
FN:15,(anonymous_0)
FNF:1
FNH:1
FNDA:24,(anonymous_0)
DA:15,8
DA:16,24
LF:2
LH:2
BRF:0
BRH:0
end_of_record
TN:
SF:src/components/Container/HomeHeader/HomeHeaderMobile/HomeHeaderMobile.styles.js
FNF:0
FNH:0
DA:4,8
DA:6,8
LF:2
LH:2
BRF:0
BRH:0
end_of_record
TN:
SF:src/components/Container/HomeHeader/Logo/Logo.jsx
FN:10,(anonymous_0)
FNF:1
FNH:1
FNDA:24,(anonymous_0)
DA:10,8
DA:11,24
LF:2
LH:2
BRF:0
BRH:0
end_of_record
TN:
SF:src/components/Container/HomeSidebar/HomeSidebar.jsx
FN:13,(anonymous_0)
FN:17,(anonymous_1)
FN:21,(anonymous_2)
FN:25,(anonymous_3)
FN:30,(anonymous_4)
FNF:5
FNH:3
FNDA:24,(anonymous_0)
FNDA:0,(anonymous_1)
FNDA:0,(anonymous_2)
FNDA:24,(anonymous_3)
FNDA:16,(anonymous_4)
DA:13,8
DA:14,24
DA:15,24
DA:17,24
DA:18,0
DA:21,24
DA:22,0
DA:25,24
DA:26,24
DA:27,24
DA:28,16
DA:29,16
DA:30,16
DA:31,16
DA:32,16
DA:37,24
LF:16
LH:14
BRDA:27,0,0,16
BRDA:27,0,1,8
BRDA:41,1,0,24
BRDA:41,1,1,0
BRF:4
BRH:3
end_of_record
TN:
SF:src/components/Container/HomeSidebar/HomeSidebarNavigation/HomeSidebarNavigation.jsx
FN:13,(anonymous_0)
FN:19,(anonymous_1)
FNF:2
FNH:2
FNDA:16,(anonymous_0)
FNDA:48,(anonymous_1)
DA:13,8
DA:17,16
DA:21,48
LF:3
LH:3
BRDA:28,0,0,48
BRDA:28,0,1,0
BRF:2
BRH:1
end_of_record
TN:
SF:src/components/FiltersCardsContainer/FiltersCardsContainer.jsx
FN:11,(anonymous_0)
FNF:1
FNH:1
FNDA:26,(anonymous_0)
DA:11,5
DA:14,26
LF:2
LH:2
BRF:0
BRH:0
end_of_record
TN:
SF:src/components/FiltersClosed/FiltersClosed.jsx
FN:17,(anonymous_0)
FN:25,(anonymous_1)
FN:34,(anonymous_2)
FN:38,(anonymous_3)
FN:45,(anonymous_4)
FN:53,(anonymous_5)
FNF:6
FNH:3
FNDA:12,(anonymous_0)
FNDA:12,(anonymous_1)
FNDA:36,(anonymous_2)
FNDA:0,(anonymous_3)
FNDA:0,(anonymous_4)
FNDA:0,(anonymous_5)
DA:17,3
DA:21,12
DA:25,12
DA:26,12
DA:29,12
DA:35,36
DA:39,0
DA:45,0
DA:53,0
LF:9
LH:6
BRDA:33,0,0,12
BRDA:33,0,1,12
BRDA:37,1,0,12
BRDA:37,1,1,0
BRDA:41,2,0,12
BRDA:41,2,1,0
BRDA:49,3,0,12
BRDA:49,3,1,12
BRF:8
BRH:6
end_of_record
TN:
SF:src/components/FiltersClosed/FiltersClosedCards/FiltersClosedCards.jsx
FN:16,(anonymous_0)
FN:23,(anonymous_1)
FNF:2
FNH:2
FNDA:24,(anonymous_0)
FNDA:48,(anonymous_1)
DA:16,3
DA:19,24
DA:24,48
LF:3
LH:3
BRF:0
BRH:0
end_of_record
TN:
SF:src/components/FiltersClosed/FiltersClosedCards/FiltersClosedCards.styles.js
FNF:0
FNH:0
DA:4,3
DA:11,3
DA:19,3
LF:3
LH:3
BRF:0
BRH:0
end_of_record
TN:
SF:src/components/FiltersOpened/FiltersOpened.jsx
FN:18,(anonymous_0)
FN:30,(anonymous_1)
FNF:2
FNH:2
FNDA:15,(anonymous_0)
FNDA:30,(anonymous_1)
DA:13,2
DA:18,2
DA:19,15
DA:21,15
DA:31,30
LF:5
LH:5
BRF:0
BRH:0
end_of_record
TN:
SF:src/components/FiltersOpened/FiltersOpenedCards/FiltersOpenedCards.jsx
FN:13,(anonymous_0)
FN:19,(anonymous_1)
FNF:2
FNH:2
FNDA:36,(anonymous_0)
FNDA:72,(anonymous_1)
DA:13,5
DA:16,36
DA:20,72
LF:3
LH:3
BRF:0
BRH:0
end_of_record
TN:
SF:src/components/FiltersOpened/FiltersOpenedCards/FiltersOpenedCards.styles.js
FNF:0
FNH:0
DA:4,5
DA:11,5
LF:2
LH:2
BRF:0
BRH:0
end_of_record
TN:
SF:src/components/FiltersOpened/FiltersOpenedCards/FiltersCardAddItemButton/FiltersCardAddItemButton.jsx
FN:7,(anonymous_0)
FNF:1
FNH:1
FNDA:36,(anonymous_0)
DA:7,5
DA:8,36
LF:2
LH:2
BRF:0
BRH:0
end_of_record
TN:
SF:src/components/FiltersOpened/FiltersOpenedCards/FiltersOpenedCardItem/FiltersOpenedCardItem.jsx
FN:11,(anonymous_0)
FN:16,(anonymous_1)
FNF:2
FNH:2
FNDA:72,(anonymous_0)
FNDA:54,(anonymous_1)
DA:11,5
DA:14,72
DA:16,72
DA:17,54
DA:20,72
LF:5
LH:5
BRF:0
BRH:0
end_of_record
TN:
SF:src/components/FiltersOpened/FiltersOpenedCards/FiltersOpenedCardItem/FiltersOpenedCardItem.styles.js
FNF:0
FNH:0
DA:3,5
LF:1
LH:1
BRF:0
BRH:0
end_of_record
TN:
SF:src/components/FiltersOpened/FiltersOpenedCards/FiltersOpenedCardsAddButton/FiltersOpenedCardsAddButton.jsx
FN:12,(anonymous_0)
FNF:1
FNH:1
FNDA:18,(anonymous_0)
DA:12,2
DA:13,18
LF:2
LH:2
BRF:0
BRH:0
end_of_record
TN:
SF:src/components/FiltersOpened/FiltersOpenedCards/FiltersOpenedCardsAddButton/FiltersOpenedCardsAddButton.styles.js
FNF:0
FNH:0
DA:4,2
DA:11,2
LF:2
LH:2
BRF:0
BRH:0
end_of_record
TN:
SF:src/components/FiltersOpened/FiltersOpenedMobile/FiltersOpenedMobile.jsx
FN:12,(anonymous_0)
FN:25,(anonymous_1)
FNF:2
FNH:2
FNDA:18,(anonymous_0)
FNDA:36,(anonymous_1)
DA:12,2
DA:13,18
DA:15,18
DA:26,36
LF:4
LH:4
BRF:0
BRH:0
end_of_record
TN:
SF:src/components/FiltersSearch/FiltersSearch.jsx
FN:14,(anonymous_0)
FN:42,(anonymous_1)
FN:51,(anonymous_2)
FNF:3
FNH:2
FNDA:8,(anonymous_0)
FNDA:40,(anonymous_1)
FNDA:0,(anonymous_2)
DA:14,4
DA:17,8
DA:18,8
DA:20,8
DA:21,8
DA:22,8
DA:24,8
DA:43,40
DA:51,0
LF:9
LH:8
BRF:0
BRH:0
end_of_record
TN:
SF:src/components/FiltersSearch/FiltersSearchContainer/FiltersSearchContainer.jsx
FN:14,(anonymous_0)
FNF:1
FNH:1
FNDA:3,(anonymous_0)
DA:6,1
DA:14,1
DA:17,3
LF:3
LH:3
BRF:0
BRH:0
end_of_record
TN:
SF:src/components/FiltersSearch/FiltersSearchListItem/FiltersSearchListItem.jsx
FN:14,(anonymous_0)
FNF:1
FNH:1
FNDA:40,(anonymous_0)
DA:14,4
DA:17,40
LF:2
LH:2
BRF:0
BRH:0
end_of_record
TN:
SF:src/components/FiltersSearch/FiltersSearchListItem/FiltersSearchListItemGrids/FiltersSearchListItemGrids.jsx
FN:17,(anonymous_0)
FNF:1
FNH:1
FNDA:10,(anonymous_0)
DA:8,4
DA:17,4
DA:18,10
LF:3
LH:3
BRF:0
BRH:0
end_of_record
TN:
SF:src/components/FiltersSearch/FiltersSearchListItem/FiltersSearchListItemMobile/FiltersSearchListItemMobile.jsx
FN:14,(anonymous_0)
FN:27,(anonymous_1)
FNF:2
FNH:2
FNDA:40,(anonymous_0)
FNDA:80,(anonymous_1)
DA:14,4
DA:17,40
DA:28,80
LF:3
LH:3
BRF:0
BRH:0
end_of_record
TN:
SF:src/components/FiltersSearch/FiltersSearchListItem/FiltersSearchListItemMobile/FiltersSearchListItemMobileInfoStatus/FiltersSearchListItemMobileInfoStatus.jsx
FN:10,(anonymous_0)
FN:15,(anonymous_1)
FNF:2
FNH:2
FNDA:320,(anonymous_0)
FNDA:288,(anonymous_1)
DA:10,4
DA:13,320
DA:15,320
DA:16,288
DA:17,288
DA:18,288
DA:20,320
LF:7
LH:7
BRF:0
BRH:0
end_of_record
TN:
SF:src/components/FiltersSearch/FiltersSearchListItem/FiltersSearchListItemUsersInfo/FiltersSearchListItemUsersInfo.jsx
FN:14,(anonymous_0)
FN:20,(anonymous_1)
FNF:2
FNH:2
FNDA:90,(anonymous_0)
FNDA:270,(anonymous_1)
DA:14,4
DA:17,90
DA:21,270
LF:3
LH:3
BRF:0
BRH:0
end_of_record
TN:
SF:src/components/FiltersSearch/FiltersSearchListItem/FiltersSearchListItemUsersInfo/FiltersSearchListItemUsersInfoMobile/FiltersSearchListItemUsersInfoMobile.jsx
FN:13,(anonymous_0)
FN:18,(anonymous_1)
FNF:2
FNH:2
FNDA:90,(anonymous_0)
FNDA:270,(anonymous_1)
DA:13,4
DA:16,90
DA:19,270
LF:3
LH:3
BRF:0
BRH:0
end_of_record
TN:
SF:src/components/FiltersSearch/FiltersSearchListItem/FiltersSearchListItemUsersInfo/FiltersSearchListItemUsersInfoStatus/FiltersSearchListItemUsersInfoStatus.jsx
FN:11,(anonymous_0)
FN:16,(anonymous_1)
FNF:2
FNH:2
FNDA:450,(anonymous_0)
FNDA:450,(anonymous_1)
DA:11,4
DA:14,450
DA:16,450
DA:17,450
DA:20,450
LF:5
LH:5
BRF:0
BRH:0
end_of_record
TN:
SF:src/components/FiltersSearch/FiltersSearchListMobile/FiltersSearchListMobile.jsx
FN:10,(anonymous_0)
FN:27,(anonymous_1)
FN:35,(anonymous_2)
FNF:3
FNH:2
FNDA:8,(anonymous_0)
FNDA:40,(anonymous_1)
FNDA:0,(anonymous_2)
DA:10,4
DA:11,8
DA:12,8
DA:13,8
DA:15,8
DA:16,8
DA:17,8
DA:19,8
DA:28,40
DA:35,0
LF:10
LH:9
BRF:0
BRH:0
end_of_record
TN:
SF:src/components/FiltersSearch/FiltersSearchPagination/FiltersSearchPagination.jsx
FN:14,(anonymous_0)
FNF:1
FNH:1
FNDA:18,(anonymous_0)
DA:14,4
DA:21,18
LF:2
LH:2
BRF:0
BRH:0
end_of_record
TN:
SF:src/components/FiltersSearchWithPreview/FiltersSearchWithPreview.jsx
FN:11,(anonymous_0)
FNF:1
FNH:1
FNDA:15,(anonymous_0)
DA:11,3
DA:12,15
LF:2
LH:2
BRF:0
BRH:0
end_of_record
TN:
SF:src/components/FiltersSearchWithPreview/FiltersSearchListWithPreviewMobile/FiltersSearchListWithPreviewMobile.jsx
FN:8,(anonymous_0)
FNF:1
FNH:1
FNDA:15,(anonymous_0)
DA:8,3
DA:9,15
LF:2
LH:2
BRF:0
BRH:0
end_of_record
TN:
SF:src/components/FiltersSearchWithPreview/FiltersSearchWithPreviewContainer/FiltersSearchWithPreviewContainer.jsx
FN:13,(anonymous_0)
FN:27,(anonymous_1)
FNF:2
FNH:2
FNDA:15,(anonymous_0)
FNDA:15,(anonymous_1)
DA:11,3
DA:13,15
DA:27,3
DA:31,15
LF:4
LH:4
BRF:0
BRH:0
end_of_record
TN:
SF:src/components/FiltersSearchWithPreview/FiltersSearchWithPreviewGrids/FiltersSearchWithPreviewGrids.jsx
FN:12,(anonymous_0)
FN:16,(anonymous_1)
FNF:2
FNH:2
FNDA:50,(anonymous_0)
FNDA:100,(anonymous_1)
DA:12,3
DA:15,50
DA:17,100
LF:3
LH:3
BRF:0
BRH:0
end_of_record
TN:
SF:src/components/FiltersSearchWithPreview/FiltersSearchWithPreviewLeft/FiltersSearchWithPreviewLeft.jsx
FN:12,(anonymous_0)
FN:32,(anonymous_1)
FN:48,(anonymous_2)
FNF:3
FNH:2
FNDA:10,(anonymous_0)
FNDA:50,(anonymous_1)
FNDA:0,(anonymous_2)
DA:12,3
DA:15,10
DA:16,10
DA:17,10
DA:18,10
DA:19,10
DA:20,10
DA:22,10
DA:33,50
DA:48,0
LF:10
LH:9
BRF:0
BRH:0
end_of_record
TN:
SF:src/components/FiltersSearchWithPreview/FiltersSearchWithPreviewRight/FiltersSearchWithPreviewRight.jsx
FN:6,(anonymous_0)
FNF:1
FNH:1
FNDA:10,(anonymous_0)
DA:6,3
DA:7,10
LF:2
LH:2
BRF:0
BRH:0
end_of_record
TN:
SF:src/components/Footer/Footer.jsx
FN:6,(anonymous_0)
FNF:1
FNH:1
FNDA:6,(anonymous_0)
DA:6,2
DA:7,6
LF:2
LH:2
BRF:0
BRH:0
end_of_record
TN:
SF:src/components/OrderTabs/OrderList.styles.js
FNF:0
FNH:0
DA:4,1
LF:1
LH:1
BRF:0
BRH:0
end_of_record
TN:
SF:src/components/OrderTabs/OrderTabs.jsx
FN:11,(anonymous_0)
FN:13,(anonymous_1)
FNF:2
FNH:2
FNDA:3,(anonymous_0)
FNDA:15,(anonymous_1)
DA:11,1
DA:12,3
DA:14,15
LF:3
LH:3
BRF:0
BRH:0
end_of_record
TN:
SF:src/components/OrderTabs/Order/Order.jsx
FN:5,(anonymous_0)
FNF:1
FNH:1
FNDA:6,(anonymous_0)
DA:5,1
DA:6,6
LF:2
LH:2
BRF:0
BRH:0
end_of_record
TN:
SF:src/components/OrderTabs/OrderContainer/OrderContainer.jsx
FN:25,(anonymous_0)
FNF:1
FNH:1
FNDA:3,(anonymous_0)
DA:6,1
DA:25,1
DA:28,3
LF:3
LH:3
BRF:0
BRH:0
end_of_record
TN:
SF:src/components/OrderTabs/OrderDiffHistory/OrderDiffHistory.jsx
FN:13,(anonymous_0)
FNF:1
FNH:1
FNDA:3,(anonymous_0)
DA:13,1
DA:16,3
LF:2
LH:2
BRF:0
BRH:0
end_of_record
TN:
SF:src/components/OrderTabs/OrderTabsItems/OrderTabsItems.js
FNF:0
FNH:0
DA:4,1
DA:31,1
LF:2
LH:2
BRF:0
BRH:0
end_of_record
TN:
SF:src/components/OrderTabs/OrderVersion/OrdersVersion.jsx
FN:10,(anonymous_0)
FNF:1
FNH:1
FNDA:6,(anonymous_0)
DA:10,1
DA:11,6
LF:2
LH:2
BRF:0
BRH:0
end_of_record
TN:
SF:src/components/StatusContainer/StatusContainer.jsx
FN:16,(anonymous_0)
FN:21,(anonymous_1)
FNF:2
FNH:2
FNDA:582,(anonymous_0)
FNDA:922,(anonymous_1)
DA:16,5
DA:19,582
DA:22,922
LF:3
LH:3
BRDA:23,0,0,922
BRDA:23,0,1,170
BRDA:26,1,0,922
BRDA:26,1,1,156
BRDA:29,2,0,922
BRDA:29,2,1,596
BRF:6
BRH:6
end_of_record
TN:
SF:src/components/StatusContainer/StatusContainer.styles.js
FNF:0
FNH:0
DA:4,5
DA:12,5
DA:19,5
DA:27,5
DA:33,5
LF:5
LH:5
BRF:0
BRH:0
end_of_record
TN:
SF:src/components/StatusContainer/StatusChanged/StatusChanged.jsx
FN:13,(anonymous_0)
FNF:1
FNH:1
FNDA:156,(anonymous_0)
DA:13,5
DA:17,156
LF:2
LH:2
BRDA:18,0,0,156
BRDA:18,0,1,48
BRF:2
BRH:2
end_of_record
TN:
SF:src/components/StatusContainer/StatusUnmodified/StatusUnmodified.jsx
FN:13,(anonymous_0)
FNF:1
FNH:1
FNDA:170,(anonymous_0)
DA:13,5
DA:17,170
LF:2
LH:2
BRDA:33,0,0,170
BRDA:33,0,1,80
BRF:2
BRH:2
end_of_record
TN:
SF:src/components/StatusContainer/StatusUpdated/StatusUpdated.jsx
FN:19,(anonymous_0)
FNF:1
FNH:1
FNDA:596,(anonymous_0)
DA:19,5
DA:23,596
LF:2
LH:2
BRDA:49,0,0,596
BRDA:49,0,1,32
BRF:2
BRH:2
end_of_record
TN:
SF:src/components/TimeWidgetsPanel/TimeWidgetsPanel.jsx
FN:26,(anonymous_0)
FNF:1
FNH:1
FNDA:3,(anonymous_0)
DA:19,1
DA:26,1
DA:27,3
LF:3
LH:3
BRF:0
BRH:0
end_of_record
TN:
SF:src/components/TimeWidgetsPanel/PersonWidget/PersonWidget.jsx
FN:12,(anonymous_0)
FNF:1
FNH:1
FNDA:6,(anonymous_0)
DA:12,1
DA:16,6
DA:17,6
DA:21,6
LF:4
LH:4
BRDA:33,0,0,6
BRDA:33,0,1,2
BRF:2
BRH:2
end_of_record
TN:
SF:src/components/TimeWidgetsPanel/TextFieldWidget/TextFieldWidget.jsx
FN:21,(anonymous_0)
FNF:1
FNH:1
FNDA:12,(anonymous_0)
DA:11,1
DA:12,1
DA:21,1
DA:24,12
LF:4
LH:4
BRF:0
BRH:0
end_of_record
TN:
SF:src/components/TimeWidgetsPanel/TimeWidgets1/TimeWidgets1.jsx
FN:11,(anonymous_0)
FN:32,(anonymous_1)
FNF:2
FNH:2
FNDA:3,(anonymous_0)
FNDA:9,(anonymous_1)
DA:11,1
DA:12,3
DA:13,3
DA:34,9
LF:4
LH:4
BRF:0
BRH:0
end_of_record
TN:
SF:src/components/TimeWidgetsPanel/TimeWidgets1/TimeWidgets1SM/TimeWidgets1SM.jsx
FN:11,(anonymous_0)
FN:26,(anonymous_1)
FNF:2
FNH:2
FNDA:3,(anonymous_0)
FNDA:9,(anonymous_1)
DA:11,1
DA:12,3
DA:14,3
DA:28,9
LF:4
LH:4
BRF:0
BRH:0
end_of_record
TN:
SF:src/components/TimeWidgetsPanel/TimeWidgets2/TimeWidgets2.jsx
FN:17,(anonymous_0)
FNF:1
FNH:1
FNDA:3,(anonymous_0)
DA:17,1
DA:18,3
DA:19,3
LF:3
LH:3
BRDA:27,0,0,0
BRDA:27,0,1,3
BRF:2
BRH:1
end_of_record
TN:
SF:src/components/TimeWidgetsPanel/TimeWidgets2/TimeWidgets2MD/TimeWidgets2MD.jsx
FN:15,(anonymous_0)
FNF:1
FNH:1
FNDA:3,(anonymous_0)
DA:15,1
DA:18,3
DA:20,3
LF:3
LH:3
BRDA:35,0,0,0
BRDA:35,0,1,3
BRF:2
BRH:1
end_of_record
TN:
SF:src/components/TimeWidgetsPanel/TimeWidgets2/TimeWidgets2SM/TimeWidgets2SM.jsx
FN:9,(anonymous_0)
FNF:1
FNH:1
FNDA:3,(anonymous_0)
DA:9,1
DA:10,3
DA:11,3
DA:13,3
LF:4
LH:4
BRDA:79,0,0,0
BRDA:79,0,1,3
BRF:2
BRH:1
end_of_record
TN:
SF:src/components/TimeWidgetsPanel/TimeWidgets3/TimeWidgets3.jsx
FN:10,(anonymous_0)
FNF:1
FNH:1
FNDA:3,(anonymous_0)
DA:10,1
DA:11,3
LF:2
LH:2
BRF:0
BRH:0
end_of_record
TN:
SF:src/components/TimeWidgetsPanel/TimeWidgets4/TimeWidgets4.jsx
FN:14,(anonymous_0)
FNF:1
FNH:1
FNDA:3,(anonymous_0)
DA:14,1
DA:15,3
LF:2
LH:2
BRF:0
BRH:0
end_of_record
TN:
SF:src/components/TimeWidgetsPanel/TimeWidgets4/TimeWidgets4SmToLg/TimeWidgets4SmToLg.jsx
FN:12,(anonymous_0)
FNF:1
FNH:1
FNDA:3,(anonymous_0)
DA:12,1
DA:15,3
LF:2
LH:2
BRF:0
BRH:0
end_of_record
TN:
SF:src/components/TimeWidgetsPanel/TimeWidgets5/TimeWidgets5.jsx
FN:14,(anonymous_0)
FNF:1
FNH:1
FNDA:3,(anonymous_0)
DA:14,1
DA:15,3
LF:2
LH:2
BRF:0
BRH:0
end_of_record
TN:
SF:src/components/TimeWidgetsPanel/TimeWidgets5/TimeWidgets5SmToLG/TimeWidgets5SmToLG.jsx
FN:13,(anonymous_0)
FNF:1
FNH:1
FNDA:3,(anonymous_0)
DA:13,1
DA:16,3
LF:2
LH:2
BRF:0
BRH:0
end_of_record
TN:
SF:src/components/TimeWidgetsPanel/TimeWidgets6/TimeWidgets6.jsx
FN:18,(anonymous_0)
FNF:1
FNH:1
FNDA:3,(anonymous_0)
DA:10,1
DA:18,1
DA:19,3
LF:3
LH:3
BRF:0
BRH:0
end_of_record
TN:
SF:src/components/TimeWidgetsPanel/TimeWidgets6/TimeWidgets6SmToLg/TimeWidgets6SmToLg.jsx
FN:17,(anonymous_0)
FNF:1
FNH:1
FNDA:3,(anonymous_0)
DA:9,1
DA:17,1
DA:20,3
LF:3
LH:3
BRF:0
BRH:0
end_of_record
TN:
SF:src/components/TimeWidgetsPanel/TimeWidgets7/TimeWidgets7.jsx
FN:17,(anonymous_0)
FNF:1
FNH:1
FNDA:3,(anonymous_0)
DA:17,1
DA:18,3
LF:2
LH:2
BRF:0
BRH:0
end_of_record
TN:
SF:src/components/TimeWidgetsPanel/TimeWidgets7/TimeWidgets7LG/TimeWidgets7LG.jsx
FN:13,(anonymous_0)
FNF:1
FNH:1
FNDA:3,(anonymous_0)
DA:13,1
DA:16,3
LF:2
LH:2
BRF:0
BRH:0
end_of_record
TN:
SF:src/components/TimeWidgetsPanel/TimeWidgets7/TimeWidgets7MD/TimeWidgets7MD.jsx
FN:14,(anonymous_0)
FNF:1
FNH:1
FNDA:3,(anonymous_0)
DA:14,1
DA:17,3
LF:2
LH:2
BRF:0
BRH:0
end_of_record
TN:
SF:src/components/TimeWidgetsPanel/TimeWidgets7/TimeWidgets7SM/TimeWidgets7SM.jsx
FN:14,(anonymous_0)
FNF:1
FNH:1
FNDA:3,(anonymous_0)
DA:14,1
DA:17,3
LF:2
LH:2
BRF:0
BRH:0
end_of_record
TN:
SF:src/components/TimeWidgetsPanel/TimeWidgets7/TimeWidgets7XL/TimeWidgets7XL.jsx
FN:12,(anonymous_0)
FNF:1
FNH:1
FNDA:3,(anonymous_0)
DA:12,1
DA:15,3
LF:2
LH:2
BRF:0
BRH:0
end_of_record
TN:
SF:src/components/TimeWidgetsPanel/TimeWidgets8/TimeWidgets8.jsx
FN:16,(anonymous_0)
FNF:1
FNH:1
FNDA:3,(anonymous_0)
DA:16,1
DA:17,3
LF:2
LH:2
BRF:0
BRH:0
end_of_record
TN:
SF:src/components/TimeWidgetsPanel/TimeWidgets8/TimeWidgets8LG/TimeWidgets8LG.jsx
FN:14,(anonymous_0)
FNF:1
FNH:1
FNDA:3,(anonymous_0)
DA:14,1
DA:17,3
LF:2
LH:2
BRF:0
BRH:0
end_of_record
TN:
SF:src/components/TimeWidgetsPanel/TimeWidgets8/TimeWidgets8MD/TimeWidgets8MD.jsx
FN:14,(anonymous_0)
FNF:1
FNH:1
FNDA:3,(anonymous_0)
DA:14,1
DA:17,3
LF:2
LH:2
BRF:0
BRH:0
end_of_record
TN:
SF:src/components/TimeWidgetsPanel/TimeWidgets8/TimeWidgets8SM/TimeWidgets8SM.jsx
FN:14,(anonymous_0)
FNF:1
FNH:1
FNDA:3,(anonymous_0)
DA:14,1
DA:17,3
LF:2
LH:2
BRF:0
BRH:0
end_of_record
TN:
SF:src/components/TimeWidgetsPanel/TimeWidgetsCustomClock/TimeWidgetsCustomClock.jsx
FN:19,(anonymous_0)
FNF:1
FNH:1
FNDA:25,(anonymous_0)
DA:7,1
DA:19,1
DA:20,25
LF:3
LH:3
BRF:0
BRH:0
end_of_record
TN:
SF:src/components/TimeWidgetsPanel/TimeWidgetsDateWithTimeBlock/TimeWidgetsDateWithTimeBlock.jsx
FN:10,(anonymous_0)
FN:18,(anonymous_1)
FN:32,(anonymous_2)
FNF:3
FNH:3
FNDA:45,(anonymous_0)
FNDA:135,(anonymous_1)
FNDA:135,(anonymous_2)
DA:10,1
DA:13,45
DA:14,45
DA:15,45
DA:19,135
DA:33,135
LF:6
LH:6
BRF:0
BRH:0
end_of_record
TN:
SF:src/components/TimeWidgetsPanel/TimeWidgetsDaysPanel/TimeWidgetsDaysPanel.jsx
FN:6,(anonymous_0)
FNF:1
FNH:1
FNDA:2,(anonymous_0)
DA:6,1
DA:7,2
LF:2
LH:2
BRF:0
BRH:0
end_of_record
TN:
SF:src/components/TimeWidgetsPanel/TimeWidgetsWeeksAndYearsPanel/TimeWidgetsWeeksAndYearsPanel.jsx
FN:15,(anonymous_0)
FNF:1
FNH:1
FNDA:30,(anonymous_0)
DA:7,1
DA:11,1
DA:15,1
DA:16,30
LF:4
LH:4
BRF:0
BRH:0
end_of_record
TN:
SF:src/components/TimeWidgetsPanel/TimeWidgetsWithPerson/TimeWidgetsWithPerson.jsx
FN:20,(anonymous_0)
FNF:1
FNH:1
FNDA:3,(anonymous_0)
DA:20,1
DA:25,3
LF:2
LH:2
BRF:0
BRH:0
end_of_record
TN:
SF:src/components/TimeWidgetsPanel/TimeWidgetsWithPerson/TimeWidgetsWithPersonLG/TimeWidgetsWithPersonLG.jsx
FN:17,(anonymous_0)
FNF:1
FNH:1
FNDA:3,(anonymous_0)
DA:17,1
DA:22,3
LF:2
LH:2
BRF:0
BRH:0
end_of_record
TN:
SF:src/components/TimeWidgetsPanel/TimeWidgetsWithPerson/TimeWidgetsWithPersonMD/TimeWidgetsWithPersonMD.jsx
FN:17,(anonymous_0)
FNF:1
FNH:1
FNDA:3,(anonymous_0)
DA:17,1
DA:22,3
LF:2
LH:2
BRF:0
BRH:0
end_of_record
TN:
SF:src/components/TimeWidgetsPanel/TimeWidgetsWithPerson/TimeWidgetsWithPersonSM/TimeWidgetsWithPersonSM.jsx
FN:17,(anonymous_0)
FNF:1
FNH:1
FNDA:3,(anonymous_0)
DA:17,1
DA:22,3
LF:2
LH:2
BRF:0
BRH:0
end_of_record
TN:
SF:src/components/TimeWidgetsPanel/TimeWidgetsWithTextField1/TimeWidgetsWithTextField1.jsx
FN:18,(anonymous_0)
FNF:1
FNH:1
FNDA:3,(anonymous_0)
DA:18,1
DA:21,3
LF:2
LH:2
BRF:0
BRH:0
end_of_record
TN:
SF:src/components/TimeWidgetsPanel/TimeWidgetsWithTextField1/TimeWidgetsWithTextField1LG/TimeWidgetsWithTextField1LG.jsx
FN:15,(anonymous_0)
FNF:1
FNH:1
FNDA:3,(anonymous_0)
DA:15,1
DA:18,3
LF:2
LH:2
BRF:0
BRH:0
end_of_record
TN:
SF:src/components/TimeWidgetsPanel/TimeWidgetsWithTextField1/TimeWidgetsWithTextField1MD/TimeWidgetsWithTextField1MD.jsx
FN:15,(anonymous_0)
FNF:1
FNH:1
FNDA:3,(anonymous_0)
DA:15,1
DA:18,3
LF:2
LH:2
BRF:0
BRH:0
end_of_record
TN:
SF:src/components/TimeWidgetsPanel/TimeWidgetsWithTextField1/TimeWidgetsWithTextField1SM/TimeWidgetsWithTextField1SM.jsx
FN:15,(anonymous_0)
FNF:1
FNH:1
FNDA:3,(anonymous_0)
DA:15,1
DA:18,3
LF:2
LH:2
BRF:0
BRH:0
end_of_record
TN:
SF:src/components/TimeWidgetsPanel/TimeWidgetsWithTextField2/TimeWidgetsWithTextField2.jsx
FN:18,(anonymous_0)
FNF:1
FNH:1
FNDA:3,(anonymous_0)
DA:18,1
DA:21,3
LF:2
LH:2
BRF:0
BRH:0
end_of_record
TN:
SF:src/components/TimeWidgetsPanel/TimeWidgetsWithTextField2/TimeWidgetsWithTextField2LG/TimeWidgetsWithTextField2LG.jsx
FN:15,(anonymous_0)
FNF:1
FNH:1
FNDA:3,(anonymous_0)
DA:15,1
DA:18,3
LF:2
LH:2
BRF:0
BRH:0
end_of_record
TN:
SF:src/components/TimeWidgetsPanel/TimeWidgetsWithTextField2/TimeWidgetsWithTextField2MD/TimeWidgetsWithTextField2MD.jsx
FN:15,(anonymous_0)
FNF:1
FNH:1
FNDA:3,(anonymous_0)
DA:15,1
DA:18,3
LF:2
LH:2
BRF:0
BRH:0
end_of_record
TN:
SF:src/components/TimeWidgetsPanel/TimeWidgetsWithTextField2/TimeWidgetsWithTextField2SM/TimeWidgetsWithTextField2SM.jsx
FN:15,(anonymous_0)
FNF:1
FNH:1
FNDA:3,(anonymous_0)
DA:15,1
DA:18,3
LF:2
LH:2
BRF:0
BRH:0
end_of_record
TN:
SF:src/components/TimeWidgetsPanel/TimeWidgetsWithTextField3/TimeWidgetsWithTextField3.jsx
FN:15,(anonymous_0)
FNF:1
FNH:1
FNDA:3,(anonymous_0)
DA:15,1
DA:18,3
LF:2
LH:2
BRF:0
BRH:0
end_of_record
TN:
SF:src/components/TimeWidgetsPanel/TimeWidgetsWithTextField3/TimeWidgetsWithTextField3LG/TimeWidgetsWithTextField3LG.jsx
FN:13,(anonymous_0)
FNF:1
FNH:1
FNDA:3,(anonymous_0)
DA:13,1
DA:16,3
LF:2
LH:2
BRF:0
BRH:0
end_of_record
TN:
SF:src/components/TimeWidgetsPanel/TimeWidgetsWithTextField3/TimeWidgetsWithTextField3MD/TimeWidgetsWithTextField3MD.jsx
FN:13,(anonymous_0)
FNF:1
FNH:1
FNDA:3,(anonymous_0)
DA:13,1
DA:16,3
LF:2
LH:2
BRF:0
BRH:0
end_of_record
TN:
SF:src/components/Welcome/Welcome.jsx
FN:23,(anonymous_0)
FN:32,(anonymous_1)
FNF:2
FNH:2
FNDA:24,(anonymous_0)
FNDA:72,(anonymous_1)
DA:6,8
DA:12,8
DA:23,8
DA:24,24
DA:26,24
DA:34,72
LF:6
LH:6
BRF:0
BRH:0
end_of_record
TN:
SF:src/components/Welcome/buttons.js
FN:4,(anonymous_0)
FN:8,(anonymous_1)
FN:12,(anonymous_2)
FNF:3
FNH:0
FNDA:0,(anonymous_0)
FNDA:0,(anonymous_1)
FNDA:0,(anonymous_2)
DA:1,8
LF:1
LH:1
BRF:0
BRH:0
end_of_record
TN:
SF:src/components/Welcome/FourImagesBg/FourImagesBg.jsx
FN:15,(anonymous_0)
FNF:1
FNH:1
FNDA:12,(anonymous_0)
DA:15,4
DA:18,12
LF:2
LH:2
BRF:0
BRH:0
end_of_record
TN:
SF:src/components/Welcome/FourImagesBg/FourImagesBg.styles.js
FNF:0
FNH:0
DA:3,4
DA:8,4
LF:2
LH:2
BRF:0
BRH:0
end_of_record
TN:
SF:src/components/Welcome/SingleImageBg/SingleImageBg.jsx
FN:11,(anonymous_0)
FNF:1
FNH:1
FNDA:12,(anonymous_0)
DA:11,4
DA:14,12
LF:2
LH:2
BRF:0
BRH:0
end_of_record
TN:
SF:src/components/Welcome/SingleImageBg/SingleImageBg.styles.js
FNF:0
FNH:0
DA:3,4
DA:8,4
LF:2
LH:2
BRF:0
BRH:0
end_of_record
TN:
SF:src/components/Welcome/WelcomeAuthButtons/WelcomeAuthButtons.jsx
FN:9,(anonymous_0)
FNF:1
FNH:1
FNDA:24,(anonymous_0)
DA:9,8
DA:12,24
LF:2
LH:2
BRF:0
BRH:0
end_of_record
TN:
SF:src/components/Welcome/WelcomeAuthButtons/WelcomeButton/WelcomeButton.jsx
FN:11,(anonymous_0)
FNF:1
FNH:1
FNDA:144,(anonymous_0)
DA:11,8
DA:15,144
LF:2
LH:2
BRF:0
BRH:0
end_of_record
TN:
SF:src/context/FiltersClosedListContext/FiltersClosedListContext.jsx
FN:17,(anonymous_0)
FN:20,(anonymous_1)
FN:26,(anonymous_2)
FNF:3
FNH:2
FNDA:0,(anonymous_0)
FNDA:9,(anonymous_1)
FNDA:9,(anonymous_2)
DA:15,3
DA:20,3
DA:23,9
DA:25,9
DA:26,9
DA:30,9
LF:6
LH:6
BRF:0
BRH:0
end_of_record
TN:
SF:src/context/StatusContainerContext/StatusContainerContext.jsx
FN:20,(anonymous_0)
FN:22,(anonymous_1)
FN:24,(anonymous_2)
FN:27,(anonymous_3)
FNF:4
FNH:1
FNDA:0,(anonymous_0)
FNDA:0,(anonymous_1)
FNDA:0,(anonymous_2)
FNDA:1248,(anonymous_3)
DA:18,5
DA:27,5
DA:30,1248
DA:31,1248
DA:32,1248
DA:34,1248
LF:6
LH:6
BRF:0
BRH:0
end_of_record
TN:
SF:src/context/theme/ThemeContext.jsx
FN:16,(anonymous_0)
FN:19,(anonymous_1)
FN:26,(anonymous_2)
FN:30,(anonymous_3)
FNF:4
FNH:1
FNDA:24,(anonymous_0)
FNDA:0,(anonymous_1)
FNDA:0,(anonymous_2)
FNDA:0,(anonymous_3)
DA:14,8
DA:19,8
DA:22,0
DA:25,0
DA:26,0
DA:30,0
DA:31,0
DA:34,0
LF:8
LH:2
BRDA:23,0,0,0
BRDA:23,0,1,0
BRF:2
BRH:0
end_of_record
TN:
SF:src/data/filters.cards.data.js
FNF:0
FNH:0
DA:1,5
DA:27,5
DA:115,5
LF:3
LH:3
BRF:0
BRH:0
end_of_record
TN:
SF:src/data/search.list.data.js
FNF:0
FNH:0
DA:1,4
LF:1
LH:1
BRF:0
BRH:0
end_of_record
TN:
SF:src/templates/DiffClosedCardsPage/DiffClosedCardsPage.jsx
FN:14,(anonymous_0)
FNF:1
FNH:1
FNDA:3,(anonymous_0)
DA:14,1
DA:15,3
LF:2
LH:2
BRF:0
BRH:0
end_of_record
TN:
SF:src/templates/DiffOpenedCardsPage/DiffOpenedCardsPage.jsx
FN:12,(anonymous_0)
FNF:1
FNH:1
FNDA:3,(anonymous_0)
DA:12,1
DA:13,3
LF:2
LH:2
BRF:0
BRH:0
end_of_record
TN:
SF:src/templates/FiltersClosedPage/FiltersClosedPage.jsx
FN:13,(anonymous_0)
FNF:1
FNH:1
FNDA:3,(anonymous_0)
DA:13,1
DA:14,3
LF:2
LH:2
BRF:0
BRH:0
end_of_record
TN:
SF:src/templates/FiltersClosedPreviewPage/FiltersClosedPreviewPage.jsx
FN:12,(anonymous_0)
FNF:1
FNH:1
FNDA:3,(anonymous_0)
DA:12,1
DA:13,3
LF:2
LH:2
BRF:0
BRH:0
end_of_record
TN:
SF:src/templates/FiltersOpenedPage/FiltersOpenedPage.jsx
FN:8,(anonymous_0)
FNF:1
FNH:1
FNDA:3,(anonymous_0)
DA:8,1
DA:9,3
LF:2
LH:2
BRF:0
BRH:0
end_of_record
TN:
SF:src/templates/HomePage/HomePage.jsx
FN:7,(anonymous_0)
FNF:1
FNH:1
FNDA:3,(anonymous_0)
DA:7,1
DA:8,3
LF:2
LH:2
BRF:0
BRH:0
end_of_record
TN:
SF:src/templates/OrderPage/OrderPage.jsx
FN:9,(anonymous_0)
FNF:1
FNH:1
FNDA:3,(anonymous_0)
DA:9,1
DA:10,3
LF:2
LH:2
BRF:0
BRH:0
end_of_record
TN:
SF:src/templates/TimeWidgetsPage/TimeWidgetsPage.jsx
FN:8,(anonymous_0)
FNF:1
FNH:1
FNDA:3,(anonymous_0)
DA:8,1
DA:9,3
LF:2
LH:2
BRF:0
BRH:0
end_of_record
TN:
SF:src/templates/WelcomePages/WelcomePage1/WelcomePage1.jsx
FN:10,(anonymous_0)
FN:14,(anonymous_1)
FN:15,(anonymous_2)
FNF:3
FNH:1
FNDA:3,(anonymous_0)
FNDA:0,(anonymous_1)
FNDA:0,(anonymous_2)
DA:10,1
DA:11,3
LF:2
LH:2
BRF:0
BRH:0
end_of_record
TN:
SF:src/templates/WelcomePages/WelcomePage2/WelcomePage2.jsx
FN:11,(anonymous_0)
FN:16,(anonymous_1)
FN:17,(anonymous_2)
FN:22,(anonymous_3)
FN:23,(anonymous_4)
FN:24,(anonymous_5)
FN:25,(anonymous_6)
FN:26,(anonymous_7)
FN:27,(anonymous_8)
FN:28,(anonymous_9)
FN:29,(anonymous_10)
FN:30,(anonymous_11)
FN:31,(anonymous_12)
FNF:13
FNH:1
FNDA:3,(anonymous_0)
FNDA:0,(anonymous_1)
FNDA:0,(anonymous_2)
FNDA:0,(anonymous_3)
FNDA:0,(anonymous_4)
FNDA:0,(anonymous_5)
FNDA:0,(anonymous_6)
FNDA:0,(anonymous_7)
FNDA:0,(anonymous_8)
FNDA:0,(anonymous_9)
FNDA:0,(anonymous_10)
FNDA:0,(anonymous_11)
FNDA:0,(anonymous_12)
DA:11,1
DA:12,3
LF:2
LH:2
BRF:0
BRH:0
end_of_record
TN:
SF:src/templates/WelcomePages/WelcomePage3/WelcomePage3.jsx
FN:11,(anonymous_0)
FN:16,(anonymous_1)
FN:17,(anonymous_2)
FN:18,(anonymous_3)
FN:19,(anonymous_4)
FN:20,(anonymous_5)
FN:21,(anonymous_6)
FN:22,(anonymous_7)
FN:23,(anonymous_8)
FN:24,(anonymous_9)
FN:25,(anonymous_10)
FN:30,(anonymous_11)
FN:31,(anonymous_12)
FNF:13
FNH:1
FNDA:3,(anonymous_0)
FNDA:0,(anonymous_1)
FNDA:0,(anonymous_2)
FNDA:0,(anonymous_3)
FNDA:0,(anonymous_4)
FNDA:0,(anonymous_5)
FNDA:0,(anonymous_6)
FNDA:0,(anonymous_7)
FNDA:0,(anonymous_8)
FNDA:0,(anonymous_9)
FNDA:0,(anonymous_10)
FNDA:0,(anonymous_11)
FNDA:0,(anonymous_12)
DA:11,1
DA:12,3
LF:2
LH:2
BRF:0
BRH:0
end_of_record
TN:
SF:src/templates/WelcomePages/WelcomePage4/WelcomePage4.jsx
FN:10,(anonymous_0)
FN:14,(anonymous_1)
FN:15,(anonymous_2)
FN:16,(anonymous_3)
FN:17,(anonymous_4)
FN:18,(anonymous_5)
FN:19,(anonymous_6)
FN:20,(anonymous_7)
FN:21,(anonymous_8)
FN:22,(anonymous_9)
FN:23,(anonymous_10)
FNF:11
FNH:1
FNDA:3,(anonymous_0)
FNDA:0,(anonymous_1)
FNDA:0,(anonymous_2)
FNDA:0,(anonymous_3)
FNDA:0,(anonymous_4)
FNDA:0,(anonymous_5)
FNDA:0,(anonymous_6)
FNDA:0,(anonymous_7)
FNDA:0,(anonymous_8)
FNDA:0,(anonymous_9)
FNDA:0,(anonymous_10)
DA:10,1
DA:11,3
LF:2
LH:2
BRF:0
BRH:0
end_of_record
TN:
SF:src/templates/WelcomePages/WelcomePage5/WelcomePage5.jsx
FN:11,(anonymous_0)
FN:16,(anonymous_1)
FN:17,(anonymous_2)
FN:22,(anonymous_3)
FN:23,(anonymous_4)
FNF:5
FNH:1
FNDA:3,(anonymous_0)
FNDA:0,(anonymous_1)
FNDA:0,(anonymous_2)
FNDA:0,(anonymous_3)
FNDA:0,(anonymous_4)
DA:11,1
DA:12,3
LF:2
LH:2
BRF:0
BRH:0
end_of_record
TN:
SF:src/templates/WelcomePages/WelcomePage6/WelcomePage6.jsx
FN:11,(anonymous_0)
FN:16,(anonymous_1)
FN:17,(anonymous_2)
FN:22,(anonymous_3)
FN:23,(anonymous_4)
FN:24,(anonymous_5)
FN:25,(anonymous_6)
FN:26,(anonymous_7)
FN:27,(anonymous_8)
FN:28,(anonymous_9)
FN:29,(anonymous_10)
FN:30,(anonymous_11)
FN:31,(anonymous_12)
FNF:13
FNH:1
FNDA:3,(anonymous_0)
FNDA:0,(anonymous_1)
FNDA:0,(anonymous_2)
FNDA:0,(anonymous_3)
FNDA:0,(anonymous_4)
FNDA:0,(anonymous_5)
FNDA:0,(anonymous_6)
FNDA:0,(anonymous_7)
FNDA:0,(anonymous_8)
FNDA:0,(anonymous_9)
FNDA:0,(anonymous_10)
FNDA:0,(anonymous_11)
FNDA:0,(anonymous_12)
DA:11,1
DA:12,3
LF:2
LH:2
BRF:0
BRH:0
end_of_record
TN:
SF:src/templates/WelcomePages/WelcomePage7/WelcomePage7.jsx
FN:11,(anonymous_0)
FN:16,(anonymous_1)
FN:17,(anonymous_2)
FN:18,(anonymous_3)
FN:19,(anonymous_4)
FN:20,(anonymous_5)
FN:21,(anonymous_6)
FN:22,(anonymous_7)
FN:23,(anonymous_8)
FN:24,(anonymous_9)
FN:25,(anonymous_10)
FN:30,(anonymous_11)
FN:31,(anonymous_12)
FNF:13
FNH:1
FNDA:3,(anonymous_0)
FNDA:0,(anonymous_1)
FNDA:0,(anonymous_2)
FNDA:0,(anonymous_3)
FNDA:0,(anonymous_4)
FNDA:0,(anonymous_5)
FNDA:0,(anonymous_6)
FNDA:0,(anonymous_7)
FNDA:0,(anonymous_8)
FNDA:0,(anonymous_9)
FNDA:0,(anonymous_10)
FNDA:0,(anonymous_11)
FNDA:0,(anonymous_12)
DA:11,1
DA:12,3
LF:2
LH:2
BRF:0
BRH:0
end_of_record
TN:
SF:src/templates/WelcomePages/WelcomePage8/WelcomePage8.jsx
FN:10,(anonymous_0)
FN:14,(anonymous_1)
FN:15,(anonymous_2)
FN:16,(anonymous_3)
FN:17,(anonymous_4)
FN:18,(anonymous_5)
FN:19,(anonymous_6)
FN:20,(anonymous_7)
FN:21,(anonymous_8)
FN:22,(anonymous_9)
FN:23,(anonymous_10)
FNF:11
FNH:1
FNDA:3,(anonymous_0)
FNDA:0,(anonymous_1)
FNDA:0,(anonymous_2)
FNDA:0,(anonymous_3)
FNDA:0,(anonymous_4)
FNDA:0,(anonymous_5)
FNDA:0,(anonymous_6)
FNDA:0,(anonymous_7)
FNDA:0,(anonymous_8)
FNDA:0,(anonymous_9)
FNDA:0,(anonymous_10)
DA:10,1
DA:11,3
LF:2
LH:2
BRF:0
BRH:0
end_of_record
