TN:
SF:src\components\Container\Container.jsx
FN:17,(anonymous_0)
FNF:1
FNH:1
FNDA:32,(anonymous_0)
DA:17,8
DA:24,32
LF:2
LH:2
BRF:0
BRH:0
end_of_record
TN:
SF:src\components\Container\Container.styles.js
FNF:0
FNH:0
DA:4,8
DA:6,8
DA:10,8
DA:15,8
DA:19,8
LF:5
LH:5
BRF:0
BRH:0
end_of_record
TN:
SF:src\components\Container\buttons.js
FN:4,(anonymous_0)
FN:8,(anonymous_1)
FN:12,(anonymous_2)
FNF:3
FNH:0
FNDA:0,(anonymous_0)
FNDA:0,(anonymous_1)
FNDA:0,(anonymous_2)
DA:1,7
LF:1
LH:1
BRF:0
BRH:0
end_of_record
TN:
SF:src\components\Container\HomeHeader\HomeHeader.jsx
FN:22,(anonymous_0)
FN:29,(anonymous_1)
FN:35,(anonymous_2)
FNF:3
FNH:2
FNDA:32,(anonymous_0)
FNDA:32,(anonymous_1)
FNDA:0,(anonymous_2)
DA:12,8
DA:22,8
DA:27,32
DA:29,32
DA:30,32
DA:31,4
DA:35,32
DA:36,0
DA:37,0
DA:40,32
LF:10
LH:8
BRDA:30,0,0,4
BRDA:30,0,1,28
BRDA:36,1,0,0
BRDA:36,1,1,0
BRF:4
BRH:2
end_of_record
TN:
SF:src\components\Container\HomeHeader\BurgerMenu\BurgerMenu.jsx
FN:7,(anonymous_0)
FNF:1
FNH:1
FNDA:8,(anonymous_0)
DA:7,8
DA:8,8
LF:2
LH:2
BRF:0
BRH:0
end_of_record
TN:
SF:src\components\Container\HomeHeader\HomeHeaderMobile\HomeHeaderMobile.jsx
FN:15,(anonymous_0)
FNF:1
FNH:1
FNDA:32,(anonymous_0)
DA:15,8
DA:16,32
LF:2
LH:2
BRF:0
BRH:0
end_of_record
TN:
SF:src\components\Container\HomeHeader\HomeHeaderMobile\HomeHeaderMobile.styles.js
FNF:0
FNH:0
DA:4,8
DA:6,8
LF:2
LH:2
BRF:0
BRH:0
end_of_record
TN:
SF:src\components\Container\HomeHeader\Logo\Logo.jsx
FN:10,(anonymous_0)
FNF:1
FNH:1
FNDA:24,(anonymous_0)
DA:10,8
DA:11,24
LF:2
LH:2
BRF:0
BRH:0
end_of_record
TN:
SF:src\components\Container\HomeSidebar\HomeSidebar.jsx
FN:13,(anonymous_0)
FN:17,(anonymous_1)
FN:21,(anonymous_2)
FN:25,(anonymous_3)
FN:30,(anonymous_4)
FNF:5
FNH:3
FNDA:32,(anonymous_0)
FNDA:0,(anonymous_1)
FNDA:0,(anonymous_2)
FNDA:32,(anonymous_3)
FNDA:16,(anonymous_4)
DA:13,8
DA:14,32
DA:15,32
DA:17,32
DA:18,0
DA:21,32
DA:22,0
DA:25,32
DA:26,32
DA:27,32
DA:28,16
DA:29,16
DA:30,16
DA:31,16
DA:32,16
DA:37,32
LF:16
LH:14
BRDA:27,0,0,16
BRDA:27,0,1,16
BRDA:41,1,0,32
BRDA:41,1,1,0
BRF:4
BRH:3
end_of_record
TN:
SF:src\components\Container\HomeSidebar\HomeSidebarNavigation\HomeSidebarNavigation.jsx
FN:13,(anonymous_0)
FN:19,(anonymous_1)
FNF:2
FNH:2
FNDA:16,(anonymous_0)
FNDA:48,(anonymous_1)
DA:13,8
DA:17,16
DA:21,48
LF:3
LH:3
BRDA:28,0,0,48
BRDA:28,0,1,0
BRF:2
BRH:1
end_of_record
TN:
SF:src\components\FiltersCardsContainer\FiltersCardsContainer.jsx
FN:11,(anonymous_0)
FNF:1
FNH:1
FNDA:26,(anonymous_0)
DA:11,5
DA:14,26
LF:2
LH:2
BRF:0
BRH:0
end_of_record
TN:
SF:src\components\FiltersClosed\FiltersClosed.jsx
FN:17,(anonymous_0)
FN:25,(anonymous_1)
FN:34,(anonymous_2)
FN:38,(anonymous_3)
FN:45,(anonymous_4)
FN:53,(anonymous_5)
FNF:6
FNH:3
FNDA:16,(anonymous_0)
FNDA:16,(anonymous_1)
FNDA:48,(anonymous_2)
FNDA:0,(anonymous_3)
FNDA:0,(anonymous_4)
FNDA:0,(anonymous_5)
DA:17,5
DA:21,16
DA:25,16
DA:26,16
DA:29,16
DA:35,48
DA:39,0
DA:45,0
DA:53,0
LF:9
LH:6
BRDA:33,0,0,16
BRDA:33,0,1,16
BRDA:37,1,0,16
BRDA:37,1,1,0
BRDA:41,2,0,16
BRDA:41,2,1,0
BRDA:49,3,0,16
BRDA:49,3,1,16
BRF:8
BRH:6
end_of_record
TN:
SF:src\components\FiltersClosed\FiltersClosedCards\FiltersClosedCards.jsx
FN:17,(anonymous_0)
FN:24,(anonymous_1)
FNF:2
FNH:2
FNDA:24,(anonymous_0)
FNDA:48,(anonymous_1)
DA:17,5
DA:20,24
DA:25,48
LF:3
LH:3
BRF:0
BRH:0
end_of_record
TN:
SF:src\components\FiltersClosed\FiltersClosedCards\FiltersClosedCards.styles.js
FNF:0
FNH:0
DA:4,5
DA:11,5
DA:20,5
LF:3
LH:3
BRF:0
BRH:0
end_of_record
TN:
SF:src\components\FiltersOpened\FiltersOpened.jsx
FN:24,(anonymous_0)
FN:40,(anonymous_1)
FNF:2
FNH:2
FNDA:18,(anonymous_0)
FNDA:36,(anonymous_1)
DA:14,2
DA:24,2
DA:28,18
DA:30,18
DA:41,36
LF:5
LH:5
BRDA:33,0,0,18
BRDA:33,0,1,0
BRF:2
BRH:1
end_of_record
TN:
SF:src\components\FiltersOpened\FiltersOpenedCards\FiltersOpenedCards.jsx
FN:13,(anonymous_0)
FN:19,(anonymous_1)
FNF:2
FNH:2
FNDA:36,(anonymous_0)
FNDA:72,(anonymous_1)
DA:13,5
DA:16,36
DA:20,72
LF:3
LH:3
BRF:0
BRH:0
end_of_record
TN:
SF:src\components\FiltersOpened\FiltersOpenedCards\FiltersOpenedCards.styles.js
FNF:0
FNH:0
DA:4,5
DA:8,5
LF:2
LH:2
BRF:0
BRH:0
end_of_record
TN:
SF:src\components\FiltersOpened\FiltersOpenedCards\FiltersCardAddItemButton\FiltersCardAddItemButton.jsx
FN:7,(anonymous_0)
FNF:1
FNH:1
FNDA:36,(anonymous_0)
DA:7,5
DA:8,36
LF:2
LH:2
BRF:0
BRH:0
end_of_record
TN:
SF:src\components\FiltersOpened\FiltersOpenedCards\FiltersOpenedCardItem\FiltersOpenedCardItem.jsx
FN:11,(anonymous_0)
FN:16,(anonymous_1)
FNF:2
FNH:2
FNDA:72,(anonymous_0)
FNDA:54,(anonymous_1)
DA:11,5
DA:14,72
DA:16,72
DA:17,54
DA:20,72
LF:5
LH:5
BRF:0
BRH:0
end_of_record
TN:
SF:src\components\FiltersOpened\FiltersOpenedCards\FiltersOpenedCardItem\FiltersOpenedCardItem.styles.js
FNF:0
FNH:0
DA:3,5
LF:1
LH:1
BRF:0
BRH:0
end_of_record
TN:
SF:src\components\FiltersOpened\FiltersOpenedCards\FiltersOpenedCardsAddButton\FiltersOpenedCardsAddButton.jsx
FN:12,(anonymous_0)
FNF:1
FNH:1
FNDA:18,(anonymous_0)
DA:12,2
DA:13,18
LF:2
LH:2
BRF:0
BRH:0
end_of_record
TN:
SF:src\components\FiltersOpened\FiltersOpenedCards\FiltersOpenedCardsAddButton\FiltersOpenedCardsAddButton.styles.js
FNF:0
FNH:0
DA:4,2
DA:11,2
LF:2
LH:2
BRF:0
BRH:0
end_of_record
TN:
SF:src\components\FiltersOpened\FiltersOpenedMobile\FiltersOpenedMobile.jsx
FN:12,(anonymous_0)
FN:25,(anonymous_1)
FNF:2
FNH:2
FNDA:21,(anonymous_0)
FNDA:42,(anonymous_1)
DA:12,2
DA:13,21
DA:15,21
DA:26,42
LF:4
LH:4
BRF:0
BRH:0
end_of_record
TN:
SF:src\components\FiltersSearch\FiltersSearch.jsx
FN:12,(anonymous_0)
FNF:1
FNH:1
FNDA:4,(anonymous_0)
DA:12,1
DA:15,4
LF:2
LH:2
BRF:0
BRH:0
end_of_record
TN:
SF:src\components\FiltersSearch\FiltersSearchContainer\FiltersSearchContainer.jsx
FN:15,(anonymous_0)
FNF:1
FNH:1
FNDA:4,(anonymous_0)
DA:7,1
DA:15,1
DA:18,4
LF:3
LH:3
BRF:0
BRH:0
end_of_record
TN:
SF:src\components\FiltersSearch\FiltersSearchListItem\FiltersSearchListItem.jsx
FN:14,(anonymous_0)
FNF:1
FNH:1
FNDA:17,(anonymous_0)
DA:14,1
DA:17,17
LF:2
LH:2
BRDA:20,0,0,17
BRDA:20,0,1,15
BRDA:28,1,0,17
BRDA:28,1,1,2
BRDA:36,2,0,17
BRDA:36,2,1,15
BRF:6
BRH:6
end_of_record
TN:
SF:src\components\FiltersSearch\FiltersSearchListItem\FiltersSearchListItemGrids\FiltersSearchListItemGrids.jsx
FN:21,(anonymous_0)
FNF:1
FNH:1
FNDA:12,(anonymous_0)
DA:12,1
DA:21,1
DA:24,12
LF:3
LH:3
BRF:0
BRH:0
end_of_record
TN:
SF:src\components\FiltersSearch\FiltersSearchListItem\FiltersSearchListItemMobile\FiltersSearchListItemMobile.jsx
FN:14,(anonymous_0)
FN:28,(anonymous_1)
FNF:2
FNH:2
FNDA:15,(anonymous_0)
FNDA:10,(anonymous_1)
DA:14,1
DA:17,15
DA:29,10
LF:3
LH:3
BRDA:27,0,0,15
BRDA:27,0,1,15
BRDA:38,1,0,15
BRDA:38,1,1,0
BRDA:44,2,0,15
BRDA:44,2,1,15
BRDA:49,3,0,15
BRDA:49,3,1,0
BRF:8
BRH:6
end_of_record
TN:
SF:src\components\FiltersSearch\FiltersSearchListItem\FiltersSearchListItemMobile\FiltersSearchListItemMobileInfoStatus\FiltersSearchListItemMobileInfoStatus.jsx
FN:10,(anonymous_0)
FN:15,(anonymous_1)
FNF:2
FNH:2
FNDA:404,(anonymous_0)
FNDA:354,(anonymous_1)
DA:10,4
DA:13,404
DA:15,404
DA:16,354
DA:17,354
DA:18,354
DA:20,404
LF:7
LH:7
BRF:0
BRH:0
end_of_record
TN:
SF:src\components\FiltersSearch\FiltersSearchListItem\FiltersSearchListItemUsersInfo\FiltersSearchListItemUsersInfo.jsx
FN:14,(anonymous_0)
FN:21,(anonymous_1)
FNF:2
FNH:2
FNDA:129,(anonymous_0)
FNDA:333,(anonymous_1)
DA:14,4
DA:17,129
DA:22,333
LF:3
LH:3
BRDA:20,0,0,129
BRDA:20,0,1,111
BRDA:28,1,0,129
BRDA:28,1,1,18
BRF:4
BRH:4
end_of_record
TN:
SF:src\components\FiltersSearch\FiltersSearchListItem\FiltersSearchListItemUsersInfo\FiltersSearchListItemUsersInfoMobile\FiltersSearchListItemUsersInfoMobile.jsx
FN:13,(anonymous_0)
FN:19,(anonymous_1)
FNF:2
FNH:2
FNDA:129,(anonymous_0)
FNDA:333,(anonymous_1)
DA:13,4
DA:16,129
DA:20,333
LF:3
LH:3
BRDA:18,0,0,129
BRDA:18,0,1,111
BRDA:26,1,0,129
BRDA:26,1,1,18
BRF:4
BRH:4
end_of_record
TN:
SF:src\components\FiltersSearch\FiltersSearchListItem\FiltersSearchListItemUsersInfo\FiltersSearchListItemUsersInfoStatus\FiltersSearchListItemUsersInfoStatus.jsx
FN:11,(anonymous_0)
FN:16,(anonymous_1)
FNF:2
FNH:2
FNDA:465,(anonymous_0)
FNDA:465,(anonymous_1)
DA:11,4
DA:14,465
DA:16,465
DA:17,465
DA:20,465
LF:5
LH:5
BRF:0
BRH:0
end_of_record
TN:
SF:src\components\FiltersSearch\FiltersSearchListMobile\FiltersSearchListMobile.jsx
FN:9,(anonymous_0)
FN:26,(anonymous_1)
FN:34,(anonymous_2)
FNF:3
FNH:2
FNDA:4,(anonymous_0)
FNDA:20,(anonymous_1)
FNDA:0,(anonymous_2)
DA:9,1
DA:10,4
DA:11,4
DA:12,4
DA:14,4
DA:15,4
DA:16,4
DA:18,4
DA:27,20
DA:34,0
LF:10
LH:9
BRF:0
BRH:0
end_of_record
TN:
SF:src\components\FiltersSearchWithPreview\FiltersSearchWithPreview.jsx
FN:12,(anonymous_0)
FNF:1
FNH:1
FNDA:8,(anonymous_0)
DA:12,1
DA:13,8
LF:2
LH:2
BRF:0
BRH:0
end_of_record
TN:
SF:src\components\FiltersSearchWithPreview\FiltersSearchListWithPreviewMobile\FiltersSearchListWithPreviewMobile.jsx
FN:6,(anonymous_0)
FNF:1
FNH:1
FNDA:8,(anonymous_0)
DA:6,1
DA:7,8
LF:2
LH:2
BRF:0
BRH:0
end_of_record
TN:
SF:src\components\FiltersSearchWithPreview\FiltersSearchWithPreviewContainer\FiltersSearchWithPreviewContainer.jsx
FN:13,(anonymous_0)
FN:27,(anonymous_1)
FNF:2
FNH:2
FNDA:20,(anonymous_0)
FNDA:20,(anonymous_1)
DA:11,3
DA:13,20
DA:27,3
DA:31,20
LF:4
LH:4
BRF:0
BRH:0
end_of_record
TN:
SF:src\components\FiltersSearchWithPreview\FiltersSearchWithPreviewGrids\FiltersSearchWithPreviewGrids.jsx
FN:12,(anonymous_0)
FN:16,(anonymous_1)
FNF:2
FNH:2
FNDA:96,(anonymous_0)
FNDA:192,(anonymous_1)
DA:12,3
DA:15,96
DA:17,192
LF:3
LH:3
BRF:0
BRH:0
end_of_record
TN:
SF:src\components\FiltersSearchWithPreview\FiltersSearchWithPreviewLeft\FiltersSearchWithPreviewLeft.jsx
FN:9,(anonymous_0)
FNF:1
FNH:1
FNDA:16,(anonymous_0)
DA:9,3
DA:12,16
LF:2
LH:2
BRF:0
BRH:0
end_of_record
TN:
SF:src\components\FiltersSearchWithPreview\FiltersSearchWithPreviewLeft\FiltersSearchWithPreviewLeftItem\FiltersSearchWithPreviewLeftItem.jsx
FN:12,(anonymous_0)
FNF:1
FNH:1
FNDA:112,(anonymous_0)
DA:12,3
DA:15,112
LF:2
LH:2
BRDA:16,0,0,112
BRDA:16,0,1,96
BRDA:26,1,0,112
BRDA:26,1,1,16
BRF:4
BRH:4
end_of_record
TN:
SF:src\components\FiltersSearchWithPreview\FiltersSearchWithPreviewRight\FiltersSearchWithPreviewRight.jsx
FN:6,(anonymous_0)
FNF:1
FNH:1
FNDA:16,(anonymous_0)
DA:6,3
DA:7,16
LF:2
LH:2
BRF:0
BRH:0
end_of_record
TN:
SF:src\components\Footer\Footer.jsx
FN:6,(anonymous_0)
FNF:1
FNH:1
FNDA:8,(anonymous_0)
DA:6,2
DA:7,8
LF:2
LH:2
BRF:0
BRH:0
end_of_record
TN:
SF:src\components\OrderTabs\OrderList.styles.js
FNF:0
FNH:0
DA:4,1
LF:1
LH:1
BRF:0
BRH:0
end_of_record
TN:
SF:src\components\OrderTabs\OrderTabs.jsx
FN:10,(anonymous_0)
FNF:1
FNH:1
FNDA:4,(anonymous_0)
DA:10,1
DA:11,4
LF:2
LH:2
BRF:0
BRH:0
end_of_record
TN:
SF:src\components\OrderTabs\Order\Order.jsx
FN:5,(anonymous_0)
FNF:1
FNH:1
FNDA:8,(anonymous_0)
DA:5,1
DA:6,8
LF:2
LH:2
BRF:0
BRH:0
end_of_record
TN:
SF:src\components\OrderTabs\OrderContainer\OrderContainer.jsx
FN:25,(anonymous_0)
FNF:1
FNH:1
FNDA:4,(anonymous_0)
DA:6,1
DA:25,1
DA:28,4
LF:3
LH:3
BRF:0
BRH:0
end_of_record
TN:
SF:src\components\OrderTabs\OrderVersion\OrdersVersion.jsx
FN:10,(anonymous_0)
FNF:1
FNH:1
FNDA:8,(anonymous_0)
DA:10,1
DA:11,8
LF:2
LH:2
BRF:0
BRH:0
end_of_record
TN:
SF:src\components\StatusContainer\StatusContainer.jsx
FN:16,(anonymous_0)
FN:21,(anonymous_1)
FNF:2
FNH:2
FNDA:649,(anonymous_0)
FNDA:1037,(anonymous_1)
DA:16,5
DA:19,649
DA:22,1037
LF:3
LH:3
BRDA:23,0,0,1037
BRDA:23,0,1,194
BRDA:26,1,0,1037
BRDA:26,1,1,162
BRDA:29,2,0,1037
BRDA:29,2,1,681
BRF:6
BRH:6
end_of_record
TN:
SF:src\components\StatusContainer\StatusContainer.styles.js
FNF:0
FNH:0
DA:4,5
DA:12,5
DA:19,5
DA:27,5
DA:33,5
LF:5
LH:5
BRF:0
BRH:0
end_of_record
TN:
SF:src\components\StatusContainer\StatusChanged\StatusChanged.jsx
FN:13,(anonymous_0)
FNF:1
FNH:1
FNDA:162,(anonymous_0)
DA:13,5
DA:17,162
LF:2
LH:2
BRDA:18,0,0,162
BRDA:18,0,1,51
BRF:2
BRH:2
end_of_record
TN:
SF:src\components\StatusContainer\StatusUnmodified\StatusUnmodified.jsx
FN:13,(anonymous_0)
FNF:1
FNH:1
FNDA:194,(anonymous_0)
DA:13,5
DA:17,194
LF:2
LH:2
BRDA:33,0,0,194
BRDA:33,0,1,101
BRF:2
BRH:2
end_of_record
TN:
SF:src\components\StatusContainer\StatusUpdated\StatusUpdated.jsx
FN:19,(anonymous_0)
FNF:1
FNH:1
FNDA:681,(anonymous_0)
DA:19,5
DA:23,681
LF:2
LH:2
BRDA:49,0,0,681
BRDA:49,0,1,50
BRF:2
BRH:2
end_of_record
TN:
SF:src\components\TimeWidgetsPanel\TimeWidgetsPanel.jsx
FN:26,(anonymous_0)
FNF:1
FNH:1
FNDA:4,(anonymous_0)
DA:19,1
DA:26,1
DA:27,4
LF:3
LH:3
BRF:0
BRH:0
end_of_record
TN:
SF:src\components\TimeWidgetsPanel\PersonWidget\PersonWidget.jsx
FN:12,(anonymous_0)
FNF:1
FNH:1
FNDA:7,(anonymous_0)
DA:12,1
DA:16,7
DA:17,7
DA:21,7
LF:4
LH:4
BRDA:33,0,0,7
BRDA:33,0,1,2
BRF:2
BRH:2
end_of_record
TN:
SF:src\components\TimeWidgetsPanel\TextFieldWidget\TextFieldWidget.jsx
FN:21,(anonymous_0)
FNF:1
FNH:1
FNDA:13,(anonymous_0)
DA:11,1
DA:12,1
DA:21,1
DA:24,13
LF:4
LH:4
BRF:0
BRH:0
end_of_record
TN:
SF:src\components\TimeWidgetsPanel\TimeWidgets1\TimeWidgets1.jsx
FN:11,(anonymous_0)
FN:32,(anonymous_1)
FNF:2
FNH:2
FNDA:4,(anonymous_0)
FNDA:12,(anonymous_1)
DA:11,1
DA:12,4
DA:13,4
DA:34,12
LF:4
LH:4
BRF:0
BRH:0
end_of_record
TN:
SF:src\components\TimeWidgetsPanel\TimeWidgets1\TimeWidgets1SM\TimeWidgets1SM.jsx
FN:11,(anonymous_0)
FN:26,(anonymous_1)
FNF:2
FNH:2
FNDA:4,(anonymous_0)
FNDA:12,(anonymous_1)
DA:11,1
DA:12,4
DA:14,4
DA:28,12
LF:4
LH:4
BRF:0
BRH:0
end_of_record
TN:
SF:src\components\TimeWidgetsPanel\TimeWidgets2\TimeWidgets2.jsx
FN:17,(anonymous_0)
FNF:1
FNH:1
FNDA:4,(anonymous_0)
DA:17,1
DA:18,4
DA:19,4
LF:3
LH:3
BRDA:27,0,0,0
BRDA:27,0,1,4
BRF:2
BRH:1
end_of_record
TN:
SF:src\components\TimeWidgetsPanel\TimeWidgets2\TimeWidgets2MD\TimeWidgets2MD.jsx
FN:15,(anonymous_0)
FNF:1
FNH:1
FNDA:4,(anonymous_0)
DA:15,1
DA:18,4
DA:20,4
LF:3
LH:3
BRDA:35,0,0,0
BRDA:35,0,1,4
BRF:2
BRH:1
end_of_record
TN:
SF:src\components\TimeWidgetsPanel\TimeWidgets2\TimeWidgets2SM\TimeWidgets2SM.jsx
FN:9,(anonymous_0)
FNF:1
FNH:1
FNDA:4,(anonymous_0)
DA:9,1
DA:10,4
DA:11,4
DA:13,4
LF:4
LH:4
BRDA:79,0,0,0
BRDA:79,0,1,4
BRF:2
BRH:1
end_of_record
TN:
SF:src\components\TimeWidgetsPanel\TimeWidgets3\TimeWidgets3.jsx
FN:10,(anonymous_0)
FNF:1
FNH:1
FNDA:4,(anonymous_0)
DA:10,1
DA:11,4
LF:2
LH:2
BRF:0
BRH:0
end_of_record
TN:
SF:src\components\TimeWidgetsPanel\TimeWidgets4\TimeWidgets4.jsx
FN:14,(anonymous_0)
FNF:1
FNH:1
FNDA:4,(anonymous_0)
DA:14,1
DA:15,4
LF:2
LH:2
BRF:0
BRH:0
end_of_record
TN:
SF:src\components\TimeWidgetsPanel\TimeWidgets4\TimeWidgets4SmToLg\TimeWidgets4SmToLg.jsx
FN:12,(anonymous_0)
FNF:1
FNH:1
FNDA:4,(anonymous_0)
DA:12,1
DA:15,4
LF:2
LH:2
BRF:0
BRH:0
end_of_record
TN:
SF:src\components\TimeWidgetsPanel\TimeWidgets5\TimeWidgets5.jsx
FN:14,(anonymous_0)
FNF:1
FNH:1
FNDA:4,(anonymous_0)
DA:14,1
DA:15,4
LF:2
LH:2
BRF:0
BRH:0
end_of_record
TN:
SF:src\components\TimeWidgetsPanel\TimeWidgets5\TimeWidgets5SmToLG\TimeWidgets5SmToLG.jsx
FN:13,(anonymous_0)
FNF:1
FNH:1
FNDA:4,(anonymous_0)
DA:13,1
DA:16,4
LF:2
LH:2
BRF:0
BRH:0
end_of_record
TN:
SF:src\components\TimeWidgetsPanel\TimeWidgets6\TimeWidgets6.jsx
FN:18,(anonymous_0)
FNF:1
FNH:1
FNDA:4,(anonymous_0)
DA:10,1
DA:18,1
DA:19,4
LF:3
LH:3
BRF:0
BRH:0
end_of_record
TN:
SF:src\components\TimeWidgetsPanel\TimeWidgets6\TimeWidgets6SmToLg\TimeWidgets6SmToLg.jsx
FN:17,(anonymous_0)
FNF:1
FNH:1
FNDA:4,(anonymous_0)
DA:9,1
DA:17,1
DA:20,4
LF:3
LH:3
BRF:0
BRH:0
end_of_record
TN:
SF:src\components\TimeWidgetsPanel\TimeWidgets7\TimeWidgets7.jsx
FN:17,(anonymous_0)
FNF:1
FNH:1
FNDA:4,(anonymous_0)
DA:17,1
DA:18,4
LF:2
LH:2
BRF:0
BRH:0
end_of_record
TN:
SF:src\components\TimeWidgetsPanel\TimeWidgets7\TimeWidgets7LG\TimeWidgets7LG.jsx
FN:13,(anonymous_0)
FNF:1
FNH:1
FNDA:4,(anonymous_0)
DA:13,1
DA:16,4
LF:2
LH:2
BRF:0
BRH:0
end_of_record
TN:
SF:src\components\TimeWidgetsPanel\TimeWidgets7\TimeWidgets7MD\TimeWidgets7MD.jsx
FN:14,(anonymous_0)
FNF:1
FNH:1
FNDA:4,(anonymous_0)
DA:14,1
DA:17,4
LF:2
LH:2
BRF:0
BRH:0
end_of_record
TN:
SF:src\components\TimeWidgetsPanel\TimeWidgets7\TimeWidgets7SM\TimeWidgets7SM.jsx
FN:14,(anonymous_0)
FNF:1
FNH:1
FNDA:4,(anonymous_0)
DA:14,1
DA:17,4
LF:2
LH:2
BRF:0
BRH:0
end_of_record
TN:
SF:src\components\TimeWidgetsPanel\TimeWidgets7\TimeWidgets7XL\TimeWidgets7XL.jsx
FN:12,(anonymous_0)
FNF:1
FNH:1
FNDA:4,(anonymous_0)
DA:12,1
DA:15,4
LF:2
LH:2
BRF:0
BRH:0
end_of_record
TN:
SF:src\components\TimeWidgetsPanel\TimeWidgets8\TimeWidgets8.jsx
FN:16,(anonymous_0)
FNF:1
FNH:1
FNDA:3,(anonymous_0)
DA:16,1
DA:17,3
LF:2
LH:2
BRF:0
BRH:0
end_of_record
TN:
SF:src\components\TimeWidgetsPanel\TimeWidgets8\TimeWidgets8LG\TimeWidgets8LG.jsx
FN:14,(anonymous_0)
FNF:1
FNH:1
FNDA:3,(anonymous_0)
DA:14,1
DA:17,3
LF:2
LH:2
BRF:0
BRH:0
end_of_record
TN:
SF:src\components\TimeWidgetsPanel\TimeWidgets8\TimeWidgets8MD\TimeWidgets8MD.jsx
FN:14,(anonymous_0)
FNF:1
FNH:1
FNDA:3,(anonymous_0)
DA:14,1
DA:17,3
LF:2
LH:2
BRF:0
BRH:0
end_of_record
TN:
SF:src\components\TimeWidgetsPanel\TimeWidgets8\TimeWidgets8SM\TimeWidgets8SM.jsx
FN:14,(anonymous_0)
FNF:1
FNH:1
FNDA:3,(anonymous_0)
DA:14,1
DA:17,3
LF:2
LH:2
BRF:0
BRH:0
end_of_record
TN:
SF:src\components\TimeWidgetsPanel\TimeWidgetsCustomClock\TimeWidgetsCustomClock.jsx
FN:19,(anonymous_0)
FNF:1
FNH:1
FNDA:25,(anonymous_0)
DA:7,1
DA:19,1
DA:20,25
LF:3
LH:3
BRF:0
BRH:0
end_of_record
TN:
SF:src\components\TimeWidgetsPanel\TimeWidgetsDateWithTimeBlock\TimeWidgetsDateWithTimeBlock.jsx
FN:10,(anonymous_0)
FN:18,(anonymous_1)
FN:32,(anonymous_2)
FNF:3
FNH:3
FNDA:46,(anonymous_0)
FNDA:138,(anonymous_1)
FNDA:138,(anonymous_2)
DA:10,1
DA:13,46
DA:14,46
DA:15,46
DA:19,138
DA:33,138
LF:6
LH:6
BRF:0
BRH:0
end_of_record
TN:
SF:src\components\TimeWidgetsPanel\TimeWidgetsDaysPanel\TimeWidgetsDaysPanel.jsx
FN:6,(anonymous_0)
FNF:1
FNH:1
FNDA:2,(anonymous_0)
DA:6,1
DA:7,2
LF:2
LH:2
BRF:0
BRH:0
end_of_record
TN:
SF:src\components\TimeWidgetsPanel\TimeWidgetsWeeksAndYearsPanel\TimeWidgetsWeeksAndYearsPanel.jsx
FN:15,(anonymous_0)
FNF:1
FNH:1
FNDA:30,(anonymous_0)
DA:7,1
DA:11,1
DA:15,1
DA:16,30
LF:4
LH:4
BRF:0
BRH:0
end_of_record
TN:
SF:src\components\TimeWidgetsPanel\TimeWidgetsWithPerson\TimeWidgetsWithPerson.jsx
FN:20,(anonymous_0)
FNF:1
FNH:1
FNDA:4,(anonymous_0)
DA:20,1
DA:25,4
LF:2
LH:2
BRF:0
BRH:0
end_of_record
TN:
SF:src\components\TimeWidgetsPanel\TimeWidgetsWithPerson\TimeWidgetsWithPersonLG\TimeWidgetsWithPersonLG.jsx
FN:17,(anonymous_0)
FNF:1
FNH:1
FNDA:4,(anonymous_0)
DA:17,1
DA:22,4
LF:2
LH:2
BRF:0
BRH:0
end_of_record
TN:
SF:src\components\TimeWidgetsPanel\TimeWidgetsWithPerson\TimeWidgetsWithPersonMD\TimeWidgetsWithPersonMD.jsx
FN:17,(anonymous_0)
FNF:1
FNH:1
FNDA:4,(anonymous_0)
DA:17,1
DA:22,4
LF:2
LH:2
BRF:0
BRH:0
end_of_record
TN:
SF:src\components\TimeWidgetsPanel\TimeWidgetsWithPerson\TimeWidgetsWithPersonSM\TimeWidgetsWithPersonSM.jsx
FN:17,(anonymous_0)
FNF:1
FNH:1
FNDA:4,(anonymous_0)
DA:17,1
DA:22,4
LF:2
LH:2
BRF:0
BRH:0
end_of_record
TN:
SF:src\components\TimeWidgetsPanel\TimeWidgetsWithTextField1\TimeWidgetsWithTextField1.jsx
FN:18,(anonymous_0)
FNF:1
FNH:1
FNDA:4,(anonymous_0)
DA:18,1
DA:21,4
LF:2
LH:2
BRF:0
BRH:0
end_of_record
TN:
SF:src\components\TimeWidgetsPanel\TimeWidgetsWithTextField1\TimeWidgetsWithTextField1LG\TimeWidgetsWithTextField1LG.jsx
FN:15,(anonymous_0)
FNF:1
FNH:1
FNDA:4,(anonymous_0)
DA:15,1
DA:18,4
LF:2
LH:2
BRF:0
BRH:0
end_of_record
TN:
SF:src\components\TimeWidgetsPanel\TimeWidgetsWithTextField1\TimeWidgetsWithTextField1MD\TimeWidgetsWithTextField1MD.jsx
FN:15,(anonymous_0)
FNF:1
FNH:1
FNDA:4,(anonymous_0)
DA:15,1
DA:18,4
LF:2
LH:2
BRF:0
BRH:0
end_of_record
TN:
SF:src\components\TimeWidgetsPanel\TimeWidgetsWithTextField1\TimeWidgetsWithTextField1SM\TimeWidgetsWithTextField1SM.jsx
FN:15,(anonymous_0)
FNF:1
FNH:1
FNDA:4,(anonymous_0)
DA:15,1
DA:18,4
LF:2
LH:2
BRF:0
BRH:0
end_of_record
TN:
SF:src\components\TimeWidgetsPanel\TimeWidgetsWithTextField2\TimeWidgetsWithTextField2.jsx
FN:18,(anonymous_0)
FNF:1
FNH:1
FNDA:4,(anonymous_0)
DA:18,1
DA:21,4
LF:2
LH:2
BRF:0
BRH:0
end_of_record
TN:
SF:src\components\TimeWidgetsPanel\TimeWidgetsWithTextField2\TimeWidgetsWithTextField2LG\TimeWidgetsWithTextField2LG.jsx
FN:15,(anonymous_0)
FNF:1
FNH:1
FNDA:4,(anonymous_0)
DA:15,1
DA:18,4
LF:2
LH:2
BRF:0
BRH:0
end_of_record
TN:
SF:src\components\TimeWidgetsPanel\TimeWidgetsWithTextField2\TimeWidgetsWithTextField2MD\TimeWidgetsWithTextField2MD.jsx
FN:15,(anonymous_0)
FNF:1
FNH:1
FNDA:4,(anonymous_0)
DA:15,1
DA:18,4
LF:2
LH:2
BRF:0
BRH:0
end_of_record
TN:
SF:src\components\TimeWidgetsPanel\TimeWidgetsWithTextField2\TimeWidgetsWithTextField2SM\TimeWidgetsWithTextField2SM.jsx
FN:15,(anonymous_0)
FNF:1
FNH:1
FNDA:4,(anonymous_0)
DA:15,1
DA:18,4
LF:2
LH:2
BRF:0
BRH:0
end_of_record
TN:
SF:src\components\TimeWidgetsPanel\TimeWidgetsWithTextField3\TimeWidgetsWithTextField3.jsx
FN:15,(anonymous_0)
FNF:1
FNH:1
FNDA:4,(anonymous_0)
DA:15,1
DA:18,4
LF:2
LH:2
BRF:0
BRH:0
end_of_record
TN:
SF:src\components\TimeWidgetsPanel\TimeWidgetsWithTextField3\TimeWidgetsWithTextField3LG\TimeWidgetsWithTextField3LG.jsx
FN:13,(anonymous_0)
FNF:1
FNH:1
FNDA:4,(anonymous_0)
DA:13,1
DA:16,4
LF:2
LH:2
BRF:0
BRH:0
end_of_record
TN:
SF:src\components\TimeWidgetsPanel\TimeWidgetsWithTextField3\TimeWidgetsWithTextField3MD\TimeWidgetsWithTextField3MD.jsx
FN:13,(anonymous_0)
FNF:1
FNH:1
FNDA:4,(anonymous_0)
DA:13,1
DA:16,4
LF:2
LH:2
BRF:0
BRH:0
end_of_record
TN:
SF:src\components\Welcome\Welcome.jsx
FN:23,(anonymous_0)
FN:32,(anonymous_1)
FNF:2
FNH:2
FNDA:32,(anonymous_0)
FNDA:96,(anonymous_1)
DA:6,8
DA:12,8
DA:23,8
DA:24,32
DA:26,32
DA:34,96
LF:6
LH:6
BRF:0
BRH:0
end_of_record
TN:
SF:src\components\Welcome\buttons.js
FN:4,(anonymous_0)
FN:8,(anonymous_1)
FN:12,(anonymous_2)
FNF:3
FNH:0
FNDA:0,(anonymous_0)
FNDA:0,(anonymous_1)
FNDA:0,(anonymous_2)
DA:1,8
LF:1
LH:1
BRF:0
BRH:0
end_of_record
TN:
SF:src\components\Welcome\FourImagesBg\FourImagesBg.jsx
FN:15,(anonymous_0)
FNF:1
FNH:1
FNDA:16,(anonymous_0)
DA:15,4
DA:18,16
LF:2
LH:2
BRF:0
BRH:0
end_of_record
TN:
SF:src\components\Welcome\FourImagesBg\FourImagesBg.styles.js
FNF:0
FNH:0
DA:3,4
DA:8,4
LF:2
LH:2
BRF:0
BRH:0
end_of_record
TN:
SF:src\components\Welcome\SingleImageBg\SingleImageBg.jsx
FN:11,(anonymous_0)
FNF:1
FNH:1
FNDA:16,(anonymous_0)
DA:11,4
DA:14,16
LF:2
LH:2
BRF:0
BRH:0
end_of_record
TN:
SF:src\components\Welcome\SingleImageBg\SingleImageBg.styles.js
FNF:0
FNH:0
DA:3,4
DA:8,4
LF:2
LH:2
BRF:0
BRH:0
end_of_record
TN:
SF:src\components\Welcome\WelcomeAuthButtons\WelcomeAuthButtons.jsx
FN:9,(anonymous_0)
FNF:1
FNH:1
FNDA:27,(anonymous_0)
DA:9,8
DA:12,27
LF:2
LH:2
BRF:0
BRH:0
end_of_record
TN:
SF:src\components\Welcome\WelcomeAuthButtons\WelcomeButton\WelcomeButton.jsx
FN:11,(anonymous_0)
FNF:1
FNH:1
FNDA:166,(anonymous_0)
DA:11,8
DA:15,166
LF:2
LH:2
BRF:0
BRH:0
end_of_record
TN:
SF:src\context\FiltersClosedListContext\FiltersClosedListContext.jsx
FN:17,(anonymous_0)
FN:20,(anonymous_1)
FN:26,(anonymous_2)
FNF:3
FNH:2
FNDA:0,(anonymous_0)
FNDA:16,(anonymous_1)
FNDA:16,(anonymous_2)
DA:15,5
DA:20,5
DA:23,16
DA:25,16
DA:26,16
DA:30,16
LF:6
LH:6
BRF:0
BRH:0
end_of_record
TN:
SF:src\context\StatusContainerContext\StatusContainerContext.jsx
FN:20,(anonymous_0)
FN:22,(anonymous_1)
FN:24,(anonymous_2)
FN:27,(anonymous_3)
FNF:4
FNH:1
FNDA:0,(anonymous_0)
FNDA:0,(anonymous_1)
FNDA:0,(anonymous_2)
FNDA:1393,(anonymous_3)
DA:18,5
DA:27,5
DA:30,1393
DA:31,1393
DA:32,1393
DA:34,1393
LF:6
LH:6
BRF:0
BRH:0
end_of_record
TN:
SF:src\context\theme\ThemeContext.jsx
FN:16,(anonymous_0)
FN:19,(anonymous_1)
FN:26,(anonymous_2)
FNF:3
FNH:3
FNDA:4,(anonymous_0)
FNDA:6,(anonymous_1)
FNDA:6,(anonymous_2)
DA:14,9
DA:19,9
DA:22,6
DA:26,6
DA:27,6
DA:30,6
LF:6
LH:6
BRDA:23,0,0,6
BRDA:23,0,1,0
BRF:2
BRH:1
end_of_record
TN:
SF:src\data\filters.cards.data.js
FNF:0
FNH:0
DA:1,2
DA:27,2
DA:115,2
LF:3
LH:3
BRF:0
BRH:0
end_of_record
TN:
SF:src\data\search.list.data.js
FNF:0
FNH:0
DA:1,2
LF:1
LH:1
BRF:0
BRH:0
end_of_record
TN:
SF:src\templates\DiffClosedCardsPage\DiffClosedCardsPage.jsx
FN:15,(anonymous_0)
FNF:1
FNH:1
FNDA:4,(anonymous_0)
DA:15,1
DA:16,4
DA:331,4
DA:357,4
LF:4
LH:4
BRF:0
BRH:0
end_of_record
TN:
SF:src\templates\DiffOpenedCardsPage\DiffOpenedCardsPage.jsx
FN:13,(anonymous_0)
FNF:1
FNH:1
FNDA:4,(anonymous_0)
DA:13,1
DA:14,4
LF:2
LH:2
BRF:0
BRH:0
end_of_record
TN:
SF:src\templates\FiltersClosedPage\FiltersClosedPage.jsx
FN:11,(anonymous_0)
FNF:1
FNH:1
FNDA:4,(anonymous_0)
DA:11,1
DA:12,4
DA:159,4
DA:185,4
LF:4
LH:4
BRF:0
BRH:0
end_of_record
TN:
SF:src\templates\FiltersClosedPreviewPage\FiltersClosedPreviewPage.jsx
FN:14,(anonymous_0)
FNF:1
FNH:1
FNDA:4,(anonymous_0)
DA:14,1
DA:15,4
DA:330,4
DA:356,4
LF:4
LH:4
BRF:0
BRH:0
end_of_record
TN:
SF:src\templates\FiltersOpenedPage\FiltersOpenedPage.jsx
FN:9,(anonymous_0)
FNF:1
FNH:1
FNDA:4,(anonymous_0)
DA:9,1
DA:10,4
DA:26,4
LF:3
LH:3
BRF:0
BRH:0
end_of_record
TN:
SF:src\templates\HomePage\HomePage.jsx
FN:6,(anonymous_0)
FN:10,(anonymous_1)
FN:14,(anonymous_2)
FN:18,(anonymous_3)
FNF:4
FNH:1
FNDA:4,(anonymous_0)
FNDA:0,(anonymous_1)
FNDA:0,(anonymous_2)
FNDA:0,(anonymous_3)
DA:6,1
DA:7,4
DA:22,4
LF:3
LH:3
BRF:0
BRH:0
end_of_record
TN:
SF:src\templates\OrderPage\OrderPage.jsx
FN:12,(anonymous_0)
FNF:1
FNH:1
FNDA:4,(anonymous_0)
DA:12,1
DA:13,4
DA:40,4
DA:119,4
LF:4
LH:4
BRF:0
BRH:0
end_of_record
TN:
SF:src\templates\TimeWidgetsPage\TimeWidgetsPage.jsx
FN:8,(anonymous_0)
FNF:1
FNH:1
FNDA:4,(anonymous_0)
DA:8,1
DA:9,4
LF:2
LH:2
BRF:0
BRH:0
end_of_record
TN:
SF:src\templates\WelcomePages\WelcomePage1\WelcomePage1.jsx
FN:10,(anonymous_0)
FN:14,(anonymous_1)
FN:15,(anonymous_2)
FNF:3
FNH:1
FNDA:4,(anonymous_0)
FNDA:0,(anonymous_1)
FNDA:0,(anonymous_2)
DA:10,1
DA:11,4
LF:2
LH:2
BRF:0
BRH:0
end_of_record
TN:
SF:src\templates\WelcomePages\WelcomePage2\WelcomePage2.jsx
FN:11,(anonymous_0)
FN:16,(anonymous_1)
FN:17,(anonymous_2)
FN:22,(anonymous_3)
FN:23,(anonymous_4)
FN:24,(anonymous_5)
FN:25,(anonymous_6)
FN:26,(anonymous_7)
FN:27,(anonymous_8)
FN:28,(anonymous_9)
FN:29,(anonymous_10)
FN:30,(anonymous_11)
FN:31,(anonymous_12)
FNF:13
FNH:1
FNDA:4,(anonymous_0)
FNDA:0,(anonymous_1)
FNDA:0,(anonymous_2)
FNDA:0,(anonymous_3)
FNDA:0,(anonymous_4)
FNDA:0,(anonymous_5)
FNDA:0,(anonymous_6)
FNDA:0,(anonymous_7)
FNDA:0,(anonymous_8)
FNDA:0,(anonymous_9)
FNDA:0,(anonymous_10)
FNDA:0,(anonymous_11)
FNDA:0,(anonymous_12)
DA:11,1
DA:12,4
LF:2
LH:2
BRF:0
BRH:0
end_of_record
TN:
SF:src\templates\WelcomePages\WelcomePage3\WelcomePage3.jsx
FN:11,(anonymous_0)
FN:16,(anonymous_1)
FN:17,(anonymous_2)
FN:18,(anonymous_3)
FN:19,(anonymous_4)
FN:20,(anonymous_5)
FN:21,(anonymous_6)
FN:22,(anonymous_7)
FN:23,(anonymous_8)
FN:24,(anonymous_9)
FN:25,(anonymous_10)
FN:30,(anonymous_11)
FN:31,(anonymous_12)
FNF:13
FNH:1
FNDA:4,(anonymous_0)
FNDA:0,(anonymous_1)
FNDA:0,(anonymous_2)
FNDA:0,(anonymous_3)
FNDA:0,(anonymous_4)
FNDA:0,(anonymous_5)
FNDA:0,(anonymous_6)
FNDA:0,(anonymous_7)
FNDA:0,(anonymous_8)
FNDA:0,(anonymous_9)
FNDA:0,(anonymous_10)
FNDA:0,(anonymous_11)
FNDA:0,(anonymous_12)
DA:11,1
DA:12,4
LF:2
LH:2
BRF:0
BRH:0
end_of_record
TN:
SF:src\templates\WelcomePages\WelcomePage4\WelcomePage4.jsx
FN:10,(anonymous_0)
FN:14,(anonymous_1)
FN:15,(anonymous_2)
FN:16,(anonymous_3)
FN:17,(anonymous_4)
FN:18,(anonymous_5)
FN:19,(anonymous_6)
FN:20,(anonymous_7)
FN:21,(anonymous_8)
FN:22,(anonymous_9)
FN:23,(anonymous_10)
FNF:11
FNH:1
FNDA:4,(anonymous_0)
FNDA:0,(anonymous_1)
FNDA:0,(anonymous_2)
FNDA:0,(anonymous_3)
FNDA:0,(anonymous_4)
FNDA:0,(anonymous_5)
FNDA:0,(anonymous_6)
FNDA:0,(anonymous_7)
FNDA:0,(anonymous_8)
FNDA:0,(anonymous_9)
FNDA:0,(anonymous_10)
DA:10,1
DA:11,4
LF:2
LH:2
BRF:0
BRH:0
end_of_record
TN:
SF:src\templates\WelcomePages\WelcomePage5\WelcomePage5.jsx
FN:11,(anonymous_0)
FN:16,(anonymous_1)
FN:17,(anonymous_2)
FN:22,(anonymous_3)
FN:23,(anonymous_4)
FNF:5
FNH:1
FNDA:4,(anonymous_0)
FNDA:0,(anonymous_1)
FNDA:0,(anonymous_2)
FNDA:0,(anonymous_3)
FNDA:0,(anonymous_4)
DA:11,1
DA:12,4
LF:2
LH:2
BRF:0
BRH:0
end_of_record
TN:
SF:src\templates\WelcomePages\WelcomePage6\WelcomePage6.jsx
FN:11,(anonymous_0)
FN:16,(anonymous_1)
FN:17,(anonymous_2)
FN:22,(anonymous_3)
FN:23,(anonymous_4)
FN:24,(anonymous_5)
FN:25,(anonymous_6)
FN:26,(anonymous_7)
FN:27,(anonymous_8)
FN:28,(anonymous_9)
FN:29,(anonymous_10)
FN:30,(anonymous_11)
FN:31,(anonymous_12)
FNF:13
FNH:1
FNDA:4,(anonymous_0)
FNDA:0,(anonymous_1)
FNDA:0,(anonymous_2)
FNDA:0,(anonymous_3)
FNDA:0,(anonymous_4)
FNDA:0,(anonymous_5)
FNDA:0,(anonymous_6)
FNDA:0,(anonymous_7)
FNDA:0,(anonymous_8)
FNDA:0,(anonymous_9)
FNDA:0,(anonymous_10)
FNDA:0,(anonymous_11)
FNDA:0,(anonymous_12)
DA:11,1
DA:12,4
LF:2
LH:2
BRF:0
BRH:0
end_of_record
TN:
SF:src\templates\WelcomePages\WelcomePage7\WelcomePage7.jsx
FN:11,(anonymous_0)
FN:16,(anonymous_1)
FN:17,(anonymous_2)
FN:18,(anonymous_3)
FN:19,(anonymous_4)
FN:20,(anonymous_5)
FN:21,(anonymous_6)
FN:22,(anonymous_7)
FN:23,(anonymous_8)
FN:24,(anonymous_9)
FN:25,(anonymous_10)
FN:30,(anonymous_11)
FN:31,(anonymous_12)
FNF:13
FNH:1
FNDA:4,(anonymous_0)
FNDA:0,(anonymous_1)
FNDA:0,(anonymous_2)
FNDA:0,(anonymous_3)
FNDA:0,(anonymous_4)
FNDA:0,(anonymous_5)
FNDA:0,(anonymous_6)
FNDA:0,(anonymous_7)
FNDA:0,(anonymous_8)
FNDA:0,(anonymous_9)
FNDA:0,(anonymous_10)
FNDA:0,(anonymous_11)
FNDA:0,(anonymous_12)
DA:11,1
DA:12,4
LF:2
LH:2
BRF:0
BRH:0
end_of_record
TN:
SF:src\templates\WelcomePages\WelcomePage8\WelcomePage8.jsx
FN:10,(anonymous_0)
FN:14,(anonymous_1)
FN:15,(anonymous_2)
FN:16,(anonymous_3)
FN:17,(anonymous_4)
FN:18,(anonymous_5)
FN:19,(anonymous_6)
FN:20,(anonymous_7)
FN:21,(anonymous_8)
FN:22,(anonymous_9)
FN:23,(anonymous_10)
FNF:11
FNH:1
FNDA:4,(anonymous_0)
FNDA:0,(anonymous_1)
FNDA:0,(anonymous_2)
FNDA:0,(anonymous_3)
FNDA:0,(anonymous_4)
FNDA:0,(anonymous_5)
FNDA:0,(anonymous_6)
FNDA:0,(anonymous_7)
FNDA:0,(anonymous_8)
FNDA:0,(anonymous_9)
FNDA:0,(anonymous_10)
DA:10,1
DA:11,4
LF:2
LH:2
BRF:0
BRH:0
end_of_record
